r1165521.fit is not a target (BIAS)
r1165522.fit is not a target (BIAS)
r1165523.fit is not a target (BIAS)
r1165524.fit is not a target (BIAS)
r1165525.fit is not a target (BIAS)
r1165526.fit is not a target (BIAS)
r1165527.fit is not a target (BIAS)
r1165528.fit is not a target (BIAS)
r1165529.fit is not a target (BIAS)
r1165530.fit is not a target (BIAS)
r1165531.fit is not a target (BIAS)
r1165532.fit is not a target (BIAS)
r1165533.fit is not a target (BIAS)
r1165534.fit is not a target (BIAS)
r1165535.fit is not a target (BIAS)
r1165536.fit is not a target (BIAS)
r1165537.fit is not a target (BIAS)
r1165538.fit is not a target (BIAS)
r1165539.fit is not a target (BIAS)
r1165540.fit is not a target (BIAS)
r1165541.fit is not a target (BIAS)
r1165542.fit is not a target (BIAS)
r1165543.fit is not a target (BIAS)
r1165544.fit is not a target (BIAS)
r1165545.fit is not a target (BIAS)
r1165546.fit is not a target (BIAS)
r1165547.fit is not a target (BIAS)
r1165548.fit is not a target (BIAS)
r1165549.fit is not a target (BIAS)
r1165550.fit is not a target (BIAS)
r1165551.fit is not a target (BIAS)
r1165552.fit is not a target (BIAS)
r1165553.fit is not a target (BIAS)
r1165554.fit is not a target (BIAS)
r1165555.fit is not a target (BIAS)
r1165556.fit is not a target (BIAS)
r1165557.fit is not a target (BIAS)
r1165558.fit is not a target (BIAS)
r1165559.fit is not a target (BIAS)
r1165560.fit is not a target (BIAS)
r1165561.fit is not a target (SKY)
r1165562.fit is not a target (SKY)
r1165563.fit is not a target (SKY)
r1165564.fit is not a target (SKY)
r1165565.fit is not a target (SKY)
r1165566.fit is not a target (SKY)
r1165567.fit is not a target (FOCUS)
r1165568.fit  7.42  2.45 0.095    43.5 from   6 sources of BD+284211
r1165569.fit  6.76  2.23 0.059    44.4 from   6 sources of BD+284211
r1165570.fit  4.50  1.49 0.014   156.5 from   1 sources of BD+284211
r1165571.fit no objects found
r1165572.fit  8.25  2.72 0.079    42.7 from   4 sources of BD+284211
r1165573.fit  7.69  2.54 0.037    41.3 from   6 sources of BD+284211
r1165574.fit  7.27  2.40 0.034    60.9 from  20 sources of BD+284211
r1165575.fit  5.11  1.69 0.020    59.2 from  32 sources of BD+284211
r1165576.fit  9.68  3.19 0.087    92.6 from   3 sources of BD+284211
r1165577.fit  6.88  2.27 0.053    92.4 from   3 sources of BD+284211
r1165578.fit  7.66  2.53 0.050    50.6 from  12 sources of BD+284211
r1165579.fit  6.14  2.03 0.048    53.3 from  22 sources of BD+284211
r1165580.fit  6.78  2.24 0.085    48.8 from   6 sources of BD+284211
r1165581.fit  5.97  1.97 0.048    50.2 from   9 sources of BD+284211
r1165582.fit  6.65  2.19 0.071    40.4 from   4 sources of BD+284211
r1165584.fit  5.81  1.92 0.022    56.1 from  27 sources of BD+284211
r1165585.fit  6.06  2.00 0.033    57.2 from  21 sources of BD+284211
r1165586.fit  5.98  1.97 0.038    68.0 from  35 sources of BD+284211
r1165587.fit  5.47  1.81 0.035    67.7 from  39 sources of BD+284211
r1165588.fit  7.17  2.37 0.020   390.7 from  68 sources of 2010HG20
r1165589.fit  6.51  2.15 0.030   391.6 from  77 sources of 2010HG20
r1165590.fit  7.15  2.36 0.057   391.3 from  69 sources of 2010HG20
r1165591.fit  6.56  2.16 0.047   388.4 from  79 sources of 2010HG20
r1165592.fit  6.75  2.23 0.035   385.3 from  69 sources of 2010HG20
r1165593.fit  7.68  2.53 0.042   384.4 from  63 sources of 2010HG20
r1165594.fit  6.94  2.29 0.057   346.6 from  80 sources of 2005QF88_L
r1165595.fit  5.53  1.82 0.029   346.3 from  87 sources of 2005QF88_L
r1165596.fit  6.72  2.22 0.037   349.2 from  75 sources of 2005QF88_L
r1165597.fit  7.37  2.43 0.030   351.7 from  67 sources of 2005QF88_L
r1165598.fit  7.26  2.40 0.048   350.0 from  70 sources of 2005QF88_L
r1165599.fit  7.42  2.45 0.043   354.4 from  66 sources of 2005QF88_L
r1165600.fit  6.58  2.17 0.024   348.0 from  77 sources of 2005QF88_L
r1165601.fit  6.97  2.30 0.055   352.0 from  72 sources of 2005QF88_L
r1165602.fit  7.00  2.31 0.030   362.0 from  58 sources of 2005QF88_R
r1165603.fit  6.13  2.02 0.044   361.7 from  78 sources of 2005QF88_R
r1165604.fit  7.26  2.40 0.047   363.0 from  57 sources of 2005QF88_R
r1165605.fit  7.11  2.35 0.043   359.4 from  60 sources of 2005QF88_R
r1165606.fit  6.56  2.16 0.025   359.2 from  71 sources of 2005QF88_R
r1165607.fit  6.56  2.16 0.026   357.3 from  67 sources of 2005QF88_R
r1165608.fit  5.47  1.81 0.029   240.7 from 318 sources of 2008ON_B
r1165609.fit  6.47  2.14 0.041   230.3 from 265 sources of 2008ON_B
r1165610.fit  6.60  2.18 0.036   230.0 from 265 sources of 2008ON_B
r1165611.fit  6.72  2.22 0.033   228.0 from 238 sources of 2008ON_B
r1165612.fit  7.71  2.54 0.024   226.2 from 203 sources of 2008ON_B
r1165613.fit  6.69  2.21 0.024   226.3 from 257 sources of 2008ON_B
r1165614.fit  6.24  2.06 0.024   211.8 from 156 sources of EUHV005
r1165615.fit  6.01  1.98 0.023   212.0 from 158 sources of EUHV005
r1165616.fit  5.79  1.91 0.023   215.5 from 171 sources of EUHV005
r1165617.fit  6.13  2.02 0.032   215.1 from 158 sources of EUHV005
r1165618.fit  8.94  2.95 0.017    96.8 from  18 sources of FEIGE22
r1165619.fit  8.91  2.94 0.017    95.1 from  20 sources of FEIGE22
r1165620.fit  4.25  1.40 0.021    44.3 from   3 sources of FEIGE22
r1165621.fit -17.35 -5.73 0.014    45.3 from   3 sources of FEIGE22
r1165622.fit  4.26  1.41 0.033    24.7 from   7 sources of FEIGE22
r1165623.fit  4.26  1.41 0.018    25.1 from   6 sources of FEIGE22
r1165624.fit  8.97  2.96 0.050    68.9 from   9 sources of FEIGE22
r1165625.fit  8.90  2.94 0.026    70.2 from  10 sources of FEIGE22
r1165626.fit  9.46  3.12 0.030   338.2 from  28 sources of FEIGE22
r1165627.fit  8.68  2.86 0.027   332.0 from  33 sources of FEIGE22
r1165628.fit  8.34  2.75 0.029    45.4 from  19 sources of FEIGE22
r1165629.fit  7.91  2.61 0.023    41.8 from  20 sources of FEIGE22
r1165630.fit  8.55  2.82 0.045    45.5 from  23 sources of FEIGE22
r1165631.fit  9.04  2.98 0.036    45.5 from  21 sources of FEIGE22
r1165632.fit  0.84  0.28 0.086   129.8 from   1 sources of G191B2B
r1165633.fit  9.45  3.12 0.040    52.2 from  51 sources of G191B2B
r1165634.fit  9.84  3.25 0.045    85.9 from  65 sources of G191B2B
r1165635.fit  8.88  2.93 0.025    85.0 from  96 sources of G191B2B
r1165636.fit -3.07 -1.01 0.020    36.1 from   3 sources of G191B2B
r1165637.fit  4.23  1.40 0.020    36.4 from   4 sources of G191B2B
r1165638.fit  4.79  1.58 0.086    98.7 from   2 sources of G191B2B
r1165639.fit  4.51  1.49 0.107    99.1 from   2 sources of G191B2B
r1165640.fit  9.62  3.17 0.045   119.8 from  92 sources of G191B2B
r1165641.fit  0.85  0.28 0.083   220.0 from   4 sources of G191B2B
r1165642.fit  4.25  1.40 0.023    61.2 from   8 sources of G191B2B
r1165643.fit  1.19  0.39 0.042    59.3 from   8 sources of G191B2B
r1165644.fit  1.06  0.35 0.047    25.8 from   7 sources of HZ4
r1165645.fit  4.24  1.40 0.045    58.9 from   7 sources of HZ4
r1165646.fit  4.33  1.43 0.020   160.1 from   9 sources of HZ4
r1165647.fit  9.36  3.09 0.016   160.1 from  67 sources of HZ4
r1165648.fit  9.55  3.15 0.020   390.7 from  78 sources of HZ4
r1165649.fit  9.80  3.23 0.038   380.2 from  61 sources of HZ4
r1165650.fit  8.91  2.94 0.038   525.5 from  84 sources of HZ4
r1165651.fit  9.49  3.13 0.037   521.2 from  69 sources of HZ4
r1165652.fit  4.21  1.39 0.073    66.5 from   8 sources of HZ4
r1165653.fit  4.26  1.41 0.040    65.3 from   8 sources of HZ4
r1165654.fit  4.37  1.44 0.031    63.0 from   7 sources of SA95-271
r1165655.fit  4.21  1.39 0.027    60.7 from   7 sources of SA95-271
r1165656.fit  9.06  2.99 0.017   230.3 from  44 sources of SA95-271
r1165657.fit  8.90  2.94 0.017   222.1 from  47 sources of SA95-271
r1165658.fit  8.18  2.70 0.012   335.0 from  58 sources of SA95-271
r1165659.fit  7.63  2.52 0.034   330.4 from  67 sources of SA95-271
r1165660.fit  5.65  1.86 0.029   498.4 from  97 sources of SA95-271
r1165661.fit  5.93  1.96 0.026   498.8 from  91 sources of SA95-271
r1165662.fit  5.35  1.77 0.031    58.8 from  43 sources of SA95-271
r1165663.fit  5.22  1.72 0.025    57.7 from  45 sources of SA95-271
r1165664.fit  6.49  2.14 0.033   102.2 from 292 sources of uvex_3594 r
r1165665.fit  7.32  2.42 0.041    26.7 from  64 sources of uvex_3594 U
r1165666.fit  6.02  1.99 0.038    48.1 from 250 sources of uvex_3594 g
r1165667.fit  5.43  1.79 0.040    97.6 from 412 sources of uvex_3594o r
r1165668.fit  6.63  2.19 0.036    29.4 from  74 sources of uvex_3594o U
r1165669.fit  6.47  2.14 0.051    50.3 from 218 sources of uvex_3594o g
r1165670.fit  5.23  1.73 0.045   102.5 from 265 sources of uvex_3595 r
r1165671.fit  5.97  1.97 0.056    28.2 from  46 sources of uvex_3595 U
r1165672.fit  5.02  1.66 0.061    44.7 from 166 sources of uvex_3595 g
r1165673.fit  5.15  1.70 0.037    98.5 from 328 sources of uvex_3595o r
r1165674.fit  5.97  1.97 0.045    28.5 from  58 sources of uvex_3595o U
r1165675.fit  5.58  1.84 0.109    49.0 from 188 sources of uvex_3595o g
r1165676.fit  4.79  1.58 0.050    88.0 from 554 sources of uvex_3597 r
r1165677.fit  5.60  1.85 0.085    31.7 from 121 sources of uvex_3597 U
r1165678.fit  5.44  1.80 0.052    41.1 from 334 sources of uvex_3597 g
r1165679.fit  5.57  1.84 0.042    98.8 from 420 sources of uvex_3597o r
r1165680.fit  6.83  2.25 0.043    35.5 from  86 sources of uvex_3597o U
r1165681.fit  6.63  2.19 0.035    54.5 from 248 sources of uvex_3597o g
r1165682.fit  5.74  1.89 0.054    93.6 from 241 sources of uvex_3599 r
r1165683.fit  6.52  2.15 0.027    28.4 from  39 sources of uvex_3599 U
r1165684.fit  6.08  2.01 0.046    49.8 from 123 sources of uvex_3599 g
r1165685.fit  6.20  2.05 0.034    78.7 from 247 sources of uvex_3599o r
r1165686.fit  7.22  2.38 0.028    28.4 from  40 sources of uvex_3599o U
r1165687.fit  5.96  1.97 0.040    37.8 from 159 sources of uvex_3599o g
r1165688.fit  5.11  1.69 0.057    91.8 from 345 sources of uvex_3600 r
r1165689.fit  6.30  2.08 0.028    28.4 from  55 sources of uvex_3600 U
r1165690.fit  5.87  1.94 0.049    47.6 from 166 sources of uvex_3600 g
r1165691.fit  5.35  1.77 0.039    92.4 from 310 sources of uvex_3600o r
r1165692.fit  5.58  1.84 0.073    28.4 from  58 sources of uvex_3600o U
r1165693.fit  4.51  1.49 0.063    48.4 from 256 sources of uvex_3600o g
r1165694.fit  4.53  1.49 0.055    84.4 from 567 sources of uvex_3601 r
r1165695.fit  5.51  1.82 0.061    25.2 from  88 sources of uvex_3601 U
r1165696.fit  5.02  1.66 0.058    45.6 from 375 sources of uvex_3601 g
r1165697.fit  4.74  1.56 0.048    85.4 from 474 sources of uvex_3601o r
r1165698.fit  5.68  1.87 0.038    29.8 from  81 sources of uvex_3601o U
r1165699.fit  4.53  1.49 0.052    38.7 from 402 sources of uvex_3601o g
r1165700.fit  7.94  2.62 0.107    91.5 from  36 sources of uvex_3608 r
r1165701.fit  4.22  1.39 0.046    34.3 from  11 sources of uvex_3608 U
r1165702.fit  7.54  2.49 0.126    42.0 from  60 sources of uvex_3608 g
r1165703.fit  7.55  2.49 0.126    97.7 from 116 sources of uvex_3608o r
r1165704.fit  7.92  2.61 0.132    34.1 from  33 sources of uvex_3608o U
r1165705.fit  7.83  2.58 0.134    44.8 from 128 sources of uvex_3608o g
r1165706.fit  4.82  1.59 0.073    90.3 from 136 sources of uvex_3609 r
r1165707.fit  5.90  1.95 0.039    29.4 from  37 sources of uvex_3609 U
r1165708.fit  5.61  1.85 0.035    47.3 from  68 sources of uvex_3609 g
r1165709.fit  5.04  1.66 0.057    90.6 from 170 sources of uvex_3609o r
r1165710.fit  6.46  2.13 0.035    33.2 from  38 sources of uvex_3609o U
r1165711.fit  6.52  2.15 0.055    52.7 from  59 sources of uvex_3609o g
r1165712.fit  8.38  2.77 0.122    94.2 from 216 sources of uvex_3610 r
r1165713.fit  7.70  2.54 0.029    34.5 from  92 sources of uvex_3610 U
r1165714.fit  7.68  2.53 0.041    43.3 from 227 sources of uvex_3610 g
r1165715.fit  5.97  1.97 0.062    88.4 from 383 sources of uvex_3610o r
r1165716.fit  6.87  2.27 0.032    33.6 from 101 sources of uvex_3610o U
r1165717.fit  5.79  1.91 0.050    52.3 from 338 sources of uvex_3610o g
r1165718.fit is not a target (FOCUS)
r1165719.fit  4.54  1.50 0.043   106.6 from  64 sources of HZ4
r1165720.fit  4.82  1.59 0.019   106.8 from  62 sources of HZ4
r1165721.fit  5.64  1.86 0.035    91.4 from  63 sources of HZ4
r1165722.fit  5.57  1.84 0.031    91.4 from  62 sources of HZ4
r1165723.fit  6.08  2.01 0.029    80.1 from  28 sources of HZ4
r1165724.fit  6.43  2.12 0.024    80.3 from  27 sources of HZ4
r1165725.fit  5.82  1.92 0.037   136.3 from 359 sources of uvex_3612 r
r1165726.fit  6.50  2.15 0.045    87.5 from  90 sources of uvex_3612 U
r1165727.fit  5.80  1.91 0.058    93.6 from 285 sources of uvex_3612 g
r1165728.fit  5.11  1.69 0.051   123.0 from 456 sources of uvex_3612o r
r1165729.fit  6.58  2.17 0.042    85.2 from  83 sources of uvex_3612o U
r1165730.fit  5.32  1.76 0.040    97.8 from 332 sources of uvex_3612o g
r1165731.fit  4.77  1.57 0.050   125.4 from 424 sources of uvex_3613 r
r1165732.fit  5.44  1.80 0.046    85.6 from  76 sources of uvex_3613 U
r1165733.fit  4.72  1.56 0.036    97.7 from 291 sources of uvex_3613 g
r1165734.fit  5.28  1.74 0.053    87.1 from 367 sources of uvex_3613o r
r1165735.fit  6.07  2.00 0.042    86.0 from  63 sources of uvex_3613o U
r1165736.fit  5.37  1.77 0.042    98.2 from 251 sources of uvex_3613o g
r1165737.fit  4.93  1.63 0.042   132.9 from 319 sources of uvex_3614 r
r1165738.fit  5.82  1.92 0.043    86.0 from  40 sources of uvex_3614 U
r1165739.fit  6.27  2.07 0.034    94.6 from 163 sources of uvex_3614 g
r1165740.fit  5.13  1.69 0.041   120.5 from 334 sources of uvex_3614o r
r1165741.fit  5.80  1.91 0.054    86.0 from  45 sources of uvex_3614o U
r1165742.fit  5.58  1.84 0.055    94.4 from 202 sources of uvex_3614o g
r1165743.fit  5.39  1.78 0.051   137.9 from 339 sources of uvex_3615 r
r1165744.fit  6.42  2.12 0.032    82.7 from  49 sources of uvex_3615 U
r1165745.fit  5.35  1.77 0.047    98.2 from 260 sources of uvex_3615 g
r1165746.fit  5.26  1.74 0.044   136.0 from 334 sources of uvex_3615o r
r1165747.fit  5.72  1.89 0.032    85.9 from  62 sources of uvex_3615o U
r1165748.fit  5.55  1.83 0.048   101.6 from 241 sources of uvex_3615o g
r1165749.fit  5.13  1.69 0.053   129.4 from 388 sources of uvex_3616 r
r1165750.fit  5.88  1.94 0.042    75.6 from  66 sources of uvex_3616 U
r1165751.fit  5.89  1.94 0.036   101.0 from 225 sources of uvex_3616 g
r1165752.fit  5.59  1.84 0.033   137.7 from 319 sources of uvex_3616o r
r1165753.fit  6.02  1.99 0.048    89.5 from  57 sources of uvex_3616o U
r1165754.fit  5.65  1.86 0.056    96.7 from 220 sources of uvex_3616o g
r1165755.fit  5.03  1.66 0.038   141.3 from 526 sources of uvex_3617 r
r1165756.fit  6.68  2.20 0.056    87.9 from  95 sources of uvex_3617 U
r1165757.fit  5.07  1.67 0.056   102.4 from 427 sources of uvex_3617 g
r1165758.fit  5.24  1.73 0.034   142.7 from 472 sources of uvex_3617o r
r1165759.fit  6.33  2.09 0.034    87.2 from  94 sources of uvex_3617o U
r1165760.fit  6.13  2.02 0.078   101.8 from 294 sources of uvex_3617o g
r1165761.fit  5.94  1.96 0.079   131.9 from 276 sources of uvex_3622 r
r1165762.fit  6.65  2.19 0.036    88.5 from  70 sources of uvex_3622 U
r1165763.fit  5.89  1.94 0.042   103.6 from 180 sources of uvex_3622 g
r1165764.fit  7.60  2.51 0.040   142.7 from 183 sources of uvex_3622o r
r1165765.fit  7.34  2.42 0.051    91.3 from  63 sources of uvex_3622o U
r1165766.fit  6.56  2.16 0.035   100.9 from 157 sources of uvex_3622o g
r1165767.fit  5.18  1.71 0.111   144.5 from 448 sources of uvex_3623 r
r1165768.fit  6.08  2.01 0.042    82.4 from 113 sources of uvex_3623 U
r1165769.fit  5.04  1.66 0.042    98.8 from 395 sources of uvex_3623 g
r1165770.fit  5.06  1.67 0.033   141.6 from 515 sources of uvex_3623o r
r1165771.fit  6.36  2.10 0.040    90.5 from 114 sources of uvex_3623o U
r1165772.fit  5.42  1.79 0.063   100.5 from 359 sources of uvex_3623o g
r1165773.fit  5.59  1.84 0.045   142.5 from 244 sources of uvex_3627 r
r1165774.fit  5.34  1.76 0.039    86.6 from  53 sources of uvex_3627 U
r1165775.fit  5.70  1.88 0.038    96.8 from 168 sources of uvex_3627 g
r1165776.fit  5.69  1.88 0.027   142.1 from 250 sources of uvex_3627o r
r1165777.fit  7.48  2.47 0.026    85.2 from  37 sources of uvex_3627o U
r1165778.fit  6.33  2.09 0.054    99.7 from 145 sources of uvex_3627o g
r1165779.fit  6.07  2.00 0.053   131.1 from 324 sources of uvex_3628 r
r1165780.fit  7.20  2.38 0.028    85.5 from  55 sources of uvex_3628 U
r1165781.fit  7.66  2.53 0.036   102.4 from 147 sources of uvex_3628 g
r1165782.fit  6.80  2.24 0.040   133.8 from 272 sources of uvex_3628o r
r1165783.fit  7.42  2.45 0.021    85.3 from  62 sources of uvex_3628o U
r1165784.fit  6.91  2.28 0.035    99.6 from 190 sources of uvex_3628o g
r1165785.fit  5.97  1.97 0.030   139.2 from 279 sources of uvex_3629 r
r1165786.fit  7.23  2.39 0.029    85.3 from  37 sources of uvex_3629 U
r1165787.fit  6.79  2.24 0.044    94.2 from 175 sources of uvex_3629 g
r1165788.fit  6.85  2.26 0.052   145.1 from 242 sources of uvex_3629o r
r1165789.fit  6.65  2.19 0.029    84.8 from  55 sources of uvex_3629o U
r1165790.fit  5.48  1.81 0.046   100.3 from 237 sources of uvex_3629o g
r1165791.fit  4.60  1.52 0.050   139.5 from 467 sources of uvex_3630 r
r1165792.fit  6.07  2.00 0.021    84.8 from  53 sources of uvex_3630 U
r1165793.fit  6.58  2.17 0.045    94.4 from 179 sources of uvex_3630 g
r1165794.fit  3.99  1.32 0.060   139.5 from 539 sources of uvex_3630o r
r1165795.fit  5.57  1.84 0.041    83.8 from  70 sources of uvex_3630o U
r1165796.fit  5.15  1.70 0.095   103.6 from  11 sources of uvex_3630o g
r1165797.fit  4.58  1.51 0.079    88.3 from 223 sources of RUBIN149B
r1165798.fit  5.45  1.80 0.043    65.9 from  92 sources of RUBIN149B
r1165799.fit  4.29  1.42 0.050    62.2 from 150 sources of RUBIN149B
r1165800.fit  5.78  1.91 0.058    50.2 from  80 sources of RUBIN149B
r1165801.fit  5.84  1.93 0.053    50.8 from  77 sources of RUBIN149B
r1165802.fit  6.82  2.25 0.035    64.7 from  45 sources of RUBIN149B
r1165803.fit  6.08  2.01 0.048    79.5 from  95 sources of RUBIN149B
r1165804.fit  6.88  2.27 0.040    83.4 from  80 sources of RUBIN149B
r1165805.fit  5.48  1.81 0.031   153.9 from 337 sources of uvex_3630o r
r1165806.fit  6.13  2.02 0.056    84.3 from  58 sources of uvex_3630o U
r1165807.fit  5.51  1.82 0.037    97.7 from 243 sources of uvex_3630o g
r1165808.fit  4.56  1.50 0.034   150.5 from 462 sources of uvex_3631 r
r1165809.fit  5.92  1.95 0.045    87.9 from  67 sources of uvex_3631 U
r1165810.fit  5.39  1.78 0.027    99.5 from 263 sources of uvex_3631 g
r1165811.fit  4.84  1.60 0.038   151.5 from 424 sources of uvex_3631o r
r1165812.fit  5.83  1.92 0.032    76.0 from  67 sources of uvex_3631o U
r1165813.fit  6.44  2.13 0.030    92.8 from 202 sources of uvex_3631o g
r1165814.fit  5.01  1.65 0.040    82.0 from 465 sources of uvex_3632 r
r1165815.fit  6.38  2.11 0.021    81.4 from  84 sources of uvex_3632 U
r1165816.fit  5.43  1.79 0.045   100.3 from 346 sources of uvex_3632 g
r1165817.fit  5.72  1.89 0.026   139.5 from 344 sources of uvex_3632o r
r1165818.fit  6.82  2.25 0.025    88.3 from  63 sources of uvex_3632o U
r1165819.fit  5.40  1.78 0.048    89.8 from 321 sources of uvex_3632o g
r1165820.fit  6.36  2.10 0.054   142.7 from 274 sources of uvex_3637 r
r1165821.fit  7.46  2.46 0.035    89.0 from  50 sources of uvex_3637 U
r1165822.fit  6.06  2.00 0.043   102.9 from 216 sources of uvex_3637 g
r1165823.fit  5.53  1.82 0.049   156.4 from 375 sources of uvex_3637o r
r1165824.fit  7.62  2.51 0.029    93.0 from  50 sources of uvex_3637o U
r1165825.fit  6.85  2.26 0.029   102.0 from 191 sources of uvex_3637o g
r1165826.fit  6.52  2.15 0.042   145.7 from 284 sources of uvex_3638 r
r1165827.fit  6.77  2.23 0.017    93.4 from  75 sources of uvex_3638 U
r1165828.fit  6.15  2.03 0.044   105.2 from 234 sources of uvex_3638 g
r1165829.fit  7.13  2.35 0.115   153.3 from 285 sources of uvex_3638o r
r1165830.fit  7.95  2.62 0.019    92.8 from  69 sources of uvex_3638o U
r1165831.fit  7.47  2.47 0.021   103.4 from 175 sources of uvex_3638o g
r1165832.fit  7.67  2.53 0.034   153.4 from  81 sources of uvex_3639 r
r1165833.fit  7.21  2.38 0.026    90.4 from  27 sources of uvex_3639 U
r1165834.fit  6.84  2.26 0.025   104.1 from  60 sources of uvex_3639 g
r1165835.fit  6.02  1.99 0.017   154.9 from 121 sources of uvex_3639o r
r1165836.fit  7.10  2.34 0.018    88.7 from  27 sources of uvex_3639o U
r1165837.fit  5.48  1.81 0.031    99.3 from  76 sources of uvex_3639o g
r1165838.fit  4.89  1.61 0.037   159.5 from 380 sources of uvex_3642 r
r1165839.fit  5.82  1.92 0.026    89.5 from  61 sources of uvex_3642 U
r1165840.fit  4.99  1.65 0.032   101.3 from 253 sources of uvex_3642 g
r1165841.fit  5.36  1.77 0.046   159.5 from 361 sources of uvex_3642o r
r1165842.fit  5.56  1.83 0.021    89.6 from  64 sources of uvex_3642o U
r1165843.fit  5.58  1.84 0.031   102.4 from 227 sources of uvex_3642o g
r1165844.fit  5.32  1.76 0.030   150.1 from 361 sources of uvex_3643 r
r1165845.fit  5.80  1.91 0.030    87.0 from  54 sources of uvex_3643 U
r1165846.fit  5.99  1.98 0.040   102.8 from 196 sources of uvex_3643 g
r1165847.fit  5.36  1.77 0.036   150.2 from 343 sources of uvex_3643o r
r1165848.fit  5.95  1.96 0.027    85.1 from  72 sources of uvex_3643o U
r1165849.fit  5.40  1.78 0.042    92.6 from 244 sources of uvex_3643o g
r1165850.fit  4.09  1.35 0.048   150.5 from 587 sources of uvex_3644 r
r1165851.fit  6.40  2.11 0.032    85.6 from  56 sources of uvex_3644 U
r1165852.fit  5.13  1.69 0.030    93.7 from 320 sources of uvex_3644 g
r1165853.fit  5.83  1.92 0.042   160.0 from 350 sources of uvex_3644o r
r1165854.fit  7.42  2.45 0.041    87.5 from  60 sources of uvex_3644o U
r1165855.fit  5.68  1.87 0.034   101.2 from 275 sources of uvex_3644o g
r1165856.fit  5.37  1.77 0.065   159.8 from 276 sources of uvex_3645 r
r1165857.fit  7.26  2.40 0.041    86.7 from  37 sources of uvex_3645 U
r1165858.fit  7.31  2.41 0.025   102.8 from 100 sources of uvex_3645 g
r1165859.fit  5.06  1.67 0.037   155.1 from 297 sources of uvex_3645o r
r1165860.fit  6.88  2.27 0.026    88.6 from  29 sources of uvex_3645o U
r1165861.fit  7.82  2.58 0.078   103.4 from 108 sources of uvex_3645o g
r1165862.fit  5.54  1.83 0.028   147.4 from 368 sources of uvex_3646 r
r1165863.fit  6.81  2.25 0.028    87.3 from  60 sources of uvex_3646 U
r1165864.fit  5.12  1.69 0.038    85.4 from 318 sources of uvex_3646 g
r1165865.fit  4.44  1.47 0.043   160.4 from 510 sources of uvex_3646o r
r1165866.fit  5.53  1.82 0.034    86.3 from  88 sources of uvex_3646o U
r1165867.fit  5.09  1.68 0.052   101.5 from 333 sources of uvex_3646o g
r1165868.fit  5.56  1.83 0.039   153.1 from 159 sources of uvex_3651 r
r1165869.fit  7.27  2.40 0.074    85.1 from  46 sources of uvex_3651 U
r1165870.fit  5.92  1.95 0.044    91.5 from 116 sources of uvex_3651 g
r1165871.fit  5.37  1.77 0.076   148.4 from 159 sources of uvex_3651o r
r1165872.fit  7.52  2.48 0.025    73.0 from  42 sources of uvex_3651o U
r1165873.fit  6.66  2.20 0.031    88.1 from 111 sources of uvex_3651o g
r1165874.fit  5.02  1.66 0.053   139.6 from 336 sources of uvex_3660 r
r1165875.fit  6.39  2.11 0.046    87.7 from  45 sources of uvex_3660 U
r1165876.fit  6.25  2.06 0.080   102.3 from 174 sources of uvex_3660 g
r1165877.fit  5.16  1.70 0.047   157.3 from 333 sources of uvex_3660o r
r1165878.fit  6.67  2.20 0.054    85.5 from  49 sources of uvex_3660o U
r1165879.fit  6.42  2.12 0.041   102.3 from 167 sources of uvex_3660o g
r1165880.fit  6.16  2.03 0.036   162.1 from 299 sources of uvex_3661 r
r1165881.fit  6.46  2.13 0.040    81.9 from  63 sources of uvex_3661 U
r1165882.fit  4.79  1.58 0.033    96.3 from 347 sources of uvex_3661 g
r1165883.fit  5.37  1.77 0.029   137.9 from 367 sources of uvex_3661o r
r1165884.fit  6.77  2.23 0.035    82.1 from  60 sources of uvex_3661o U
r1165885.fit  6.73  2.22 0.051    94.2 from 202 sources of uvex_3661o g
r1165886.fit  5.64  1.86 0.044   133.7 from 285 sources of uvex_3676 r
r1165887.fit  7.65  2.52 0.024    83.3 from  29 sources of uvex_3676 U
r1165888.fit  7.67  2.53 0.054   102.0 from 111 sources of uvex_3676 g
r1165889.fit  7.26  2.40 0.058   165.3 from 168 sources of uvex_3676o r
r1165890.fit  7.93  2.62 0.074    82.7 from  24 sources of uvex_3676o U
r1165891.fit  6.92  2.28 0.044   101.2 from 144 sources of uvex_3676o g
r1165892.fit  6.37  2.10 0.049     1.9 from  10 sources of FEIGE67
r1165893.fit  5.27  1.74 0.055     8.2 from  15 sources of FEIGE67
r1165894.fit  5.12  1.69 0.017     7.8 from  16 sources of FEIGE67
r1165895.fit  5.94  1.96 0.056    -2.0 from   4 sources of FEIGE67
r1165896.fit  6.10  2.01 0.049    -1.0 from   3 sources of FEIGE67
r1165897.fit  4.91  1.62 0.050     4.8 from  17 sources of FEIGE67
r1165898.fit  4.95  1.63 0.059    -0.9 from  14 sources of FEIGE67
r1165899.fit  4.76  1.57 0.056    -0.8 from  14 sources of FEIGE67
r1165900.fit  4.83  1.59 0.047    65.7 from 128 sources of RUBIN149B
r1165901.fit  5.36  1.77 0.036    66.5 from  97 sources of RUBIN149B
r1165902.fit  8.04  2.65 0.045    80.3 from  59 sources of RUBIN149B
r1165903.fit  6.68  2.20 0.030    78.4 from  76 sources of RUBIN149B
r1165904.fit  5.85  1.93 0.051    46.5 from  72 sources of RUBIN149B
r1165905.fit  6.12  2.02 0.040    51.7 from  67 sources of RUBIN149B
r1165906.fit  5.21  1.72 0.064     6.2 from   7 sources of HZ44
r1165907.fit  5.76  1.90 0.067     4.5 from   6 sources of HZ44
r1165908.fit  7.54  2.49 0.130    -2.8 from   4 sources of HZ44
r1165909.fit  5.91  1.95 0.054    -2.5 from   3 sources of HZ44
r1165910.fit  4.98  1.64 0.059    -6.1 from   5 sources of HZ44
r1165911.fit  5.10  1.68 0.070    -4.0 from   4 sources of HZ44
r1165912.fit  6.04  1.99 0.048  1588.1 from 110 sources of NGC4632
r1165913.fit  5.39  1.78 0.062  1589.6 from 135 sources of NGC4632
r1165914.fit  5.77  1.90 0.081   405.4 from  88 sources of NGC4632
r1165915.fit  5.82  1.92 0.056   401.2 from  87 sources of NGC4632
r1165916.fit  4.89  1.61 0.049    86.9 from  44 sources of NGC4632
r1165917.fit  4.58  1.51 0.042    89.4 from  45 sources of NGC4632
r1165918.fit  5.91  1.95 0.067   795.5 from  91 sources of NGC4632
r1165919.fit  5.60  1.85 0.094  1174.5 from 100 sources of NGC4632
r1165920.fit  5.34  1.76 0.129  2457.1 from  66 sources of NGC4632
r1165921.fit  4.93  1.63 0.116  4254.1 from 140 sources of NGC4632
r1165922.fit is not a target (BIAS)
r1165923.fit is not a target (BIAS)
r1165924.fit is not a target (BIAS)
r1165925.fit is not a target (BIAS)
r1165926.fit is not a target (BIAS)
r1165927.fit is not a target (BIAS)
r1165928.fit is not a target (BIAS)
r1165929.fit is not a target (BIAS)
r1165930.fit is not a target (BIAS)
r1165931.fit is not a target (BIAS)
r1165932.fit is not a target (SKY)
r1165933.fit is not a target (SKY)
r1165934.fit is not a target (SKY)
r1165935.fit is not a target (SKY)
r1165936.fit is not a target (SKY)
r1165937.fit is not a target (SKY)
r1165938.fit is not a target (SKY)
r1165939.fit is not a target (SKY)
r1165940.fit is not a target (SKY)
r1165941.fit is not a target (SKY)
r1165942.fit is not a target (SKY)
r1165943.fit is not a target (SKY)
r1165944.fit is not a target (SKY)
r1165945.fit is not a target (SKY)
r1165946.fit is not a target (SKY)
r1165947.fit is not a target (SKY)
r1165948.fit is not a target (SKY)
r1165949.fit is not a target (SKY)
r1165950.fit is not a target (SKY)
r1165951.fit is not a target (SKY)
r1165952.fit is not a target (SKY)
r1165953.fit is not a target (SKY)
r1165954.fit is not a target (SKY)
r1165955.fit is not a target (SKY)
r1165956.fit is not a target (SKY)
r1165957.fit is not a target (BIAS)
r1165958.fit is not a target (BIAS)
r1165959.fit is not a target (BIAS)
r1165960.fit is not a target (BIAS)
r1165961.fit is not a target (BIAS)
r1165962.fit is not a target (BIAS)
r1165963.fit is not a target (BIAS)
r1165964.fit is not a target (BIAS)
r1165965.fit is not a target (BIAS)
r1165966.fit is not a target (BIAS)
r1165967.fit is not a target (BIAS)
r1165968.fit is not a target (BIAS)
r1165969.fit is not a target (BIAS)
r1165970.fit is not a target (BIAS)
r1165971.fit is not a target (BIAS)
r1165972.fit is not a target (BIAS)
r1165973.fit is not a target (BIAS)
r1165974.fit is not a target (BIAS)
r1165975.fit is not a target (BIAS)
r1165976.fit is not a target (BIAS)
