r1095540.fit is not a target (BIAS)
r1095541.fit is not a target (BIAS)
r1095542.fit is not a target (BIAS)
r1095543.fit is not a target (BIAS)
r1095544.fit is not a target (BIAS)
r1095545.fit is not a target (BIAS)
r1095546.fit is not a target (BIAS)
r1095547.fit is not a target (BIAS)
r1095548.fit is not a target (SKY)
r1095549.fit is not a target (SKY)
r1095550.fit is not a target (SKY)
r1095551.fit is not a target (SKY)
r1095552.fit is not a target (SKY)
r1095553.fit is not a target (SKY)
r1095554.fit is not a target (SKY)
r1095555.fit is not a target (SKY)
r1095556.fit is not a target (SKY)
r1095557.fit is not a target (SKY)
r1095558.fit is not a target (SKY)
r1095559.fit is not a target (SKY)
r1095560.fit is not a target (SKY)
r1095561.fit is not a target (SKY)
r1095562.fit is not a target (SKY)
r1095563.fit is not a target (SKY)
r1095564.fit is not a target (SKY)
r1095565.fit is not a target (SKY)
r1095566.fit is not a target (SKY)
r1095567.fit is not a target (SKY)
r1095568.fit is not a target (SKY)
r1095569.fit is not a target (SKY)
r1095570.fit is not a target (SKY)
r1095571.fit is not a target (SKY)
r1095572.fit is not a target (SKY)
r1095573.fit is not a target (SKY)
r1095574.fit is not a target (SKY)
r1095575.fit is not a target (SKY)
r1095576.fit is not a target (SKY)
r1095577.fit is not a target (SKY)
r1095578.fit  4.70  1.55 0.067 12725.2 from  41 sources of C2013A1
r1095579.fit  7.08  2.34 0.042  7998.5 from  39 sources of C2013A1
r1095580.fit  4.56  1.50 0.046  1140.5 from   9 sources of C2013A1
r1095581.fit  4.89  1.61 0.067  9040.6 from  77 sources of C2013A1
r1095582.fit  6.03  1.99 0.058  6048.3 from 123 sources of C2013A1
r1095583.fit  4.17  1.38 0.067   470.5 from   7 sources of C2013A1
r1095584.fit is not a target (FOCUS)
r1095585.fit  4.33  1.43 0.034   -28.5 from  22 sources of SA113-260 Ha
r1095586.fit  4.45  1.47 0.123    62.1 from  46 sources of SA113-260 r
r1095587.fit  4.21  1.39 0.089     7.8 from  48 sources of SA113-260 i
r1095588.fit  3.90  1.29 0.083    27.0 from 368 sources of intphas_4420 Ha
r1095589.fit  5.03  1.66 0.092   224.7 from 711 sources of intphas_4420 r
r1095590.fit  3.21  1.06 0.076    92.0 from 1534 sources of intphas_4420 i
r1095591.fit  5.10  1.68 0.111    11.2 from 209 sources of intphas_4556 Ha
r1095592.fit  3.28  1.08 0.067   172.4 from 1280 sources of intphas_4556 r
r1095593.fit  3.55  1.17 0.073    66.2 from 944 sources of intphas_4556 i
r1095594.fit  3.77  1.24 0.064   -19.0 from 343 sources of intphas_4557 Ha
r1095595.fit  3.72  1.23 0.077   157.7 from 946 sources of intphas_4557 r
r1095596.fit  3.01  0.99 0.076    28.2 from 1356 sources of intphas_4557 i
r1095597.fit  6.89  2.27 0.112   154.4 from  80 sources of uvex_4467o r
r1095598.fit  4.96  1.64 0.039   -45.5 from  50 sources of uvex_4467o U
r1095599.fit  3.83  1.26 0.067    14.8 from 414 sources of uvex_4467o g
r1095600.fit  4.69  1.55 0.053   145.3 from 450 sources of uvex_4468 r
r1095601.fit  5.78  1.91 0.021   -43.9 from  49 sources of uvex_4468 U
r1095602.fit  3.81  1.26 0.070    10.7 from 269 sources of uvex_4468 g
r1095603.fit  5.52  1.82 0.057   143.5 from 280 sources of uvex_4468o r
r1095604.fit  6.00  1.98 0.048   -51.8 from  41 sources of uvex_4468o U
r1095605.fit  3.16  1.04 0.069     2.0 from 346 sources of uvex_4468o g
r1095606.fit  3.90  1.29 0.062    94.4 from 775 sources of uvex_5010o r
r1095607.fit  3.98  1.31 0.055   -58.8 from  70 sources of uvex_5010o U
r1095608.fit  3.35  1.11 0.068    -2.8 from 468 sources of uvex_5010o g
r1095609.fit  3.00  0.99 0.056   138.0 from 1060 sources of uvex_5042o r
r1095610.fit  4.24  1.40 0.078   -56.8 from  44 sources of uvex_5042o U
r1095611.fit  3.95  1.30 0.055     4.9 from 305 sources of uvex_5042o g
r1095612.fit  4.38  1.45 0.048   -57.4 from  42 sources of SA112-250 r
r1095613.fit  5.07  1.67 0.078   -84.8 from  13 sources of SA112-250 U
r1095614.fit  6.35  2.10 0.055   -80.9 from  13 sources of SA112-250 g
r1095615.fit  3.79  1.25 0.067   102.0 from 1751 sources of uvex_5141o r
r1095616.fit  5.31  1.75 0.066   -50.3 from 129 sources of uvex_5141o U
r1095617.fit  3.78  1.25 0.062    -6.0 from 1061 sources of uvex_5141o g
r1095618.fit  4.47  1.48 0.053   160.0 from 502 sources of uvex_5153 r
r1095619.fit  5.66  1.87 0.043   -58.8 from  32 sources of uvex_5153 U
r1095620.fit  4.24  1.40 0.052    -6.2 from 293 sources of uvex_5153 g
r1095621.fit  4.40  1.45 0.053   149.6 from 415 sources of uvex_5207o r
r1095622.fit  5.30  1.75 0.027   -62.3 from  46 sources of uvex_5207o U
r1095623.fit  5.72  1.89 0.029   -16.7 from 177 sources of uvex_5207o g
r1095624.fit  5.51  1.82 0.074   109.0 from 342 sources of uvex_5222o r
r1095625.fit  6.12  2.02 0.040   -68.9 from  38 sources of uvex_5222o U
r1095626.fit  3.83  1.26 0.074    -7.6 from 266 sources of uvex_5222o g
r1095627.fit  6.69  2.21 0.069   168.1 from 381 sources of uvex_5333o r
r1095628.fit  5.49  1.81 0.048   -60.9 from  65 sources of uvex_5333o U
r1095629.fit  3.83  1.26 0.063    -7.5 from 744 sources of uvex_5333o g
r1095630.fit  4.35  1.44 0.041   139.4 from 296 sources of uvex_5340o r
r1095631.fit  5.62  1.85 0.054   -60.3 from  40 sources of uvex_5340o U
r1095632.fit  5.24  1.73 0.033   -18.4 from 134 sources of uvex_5340o g
r1095633.fit  5.78  1.91 0.127   152.4 from 161 sources of uvex_5354o r
r1095634.fit  5.12  1.69 0.052   -55.7 from  63 sources of uvex_5354o U
r1095635.fit  3.85  1.27 0.060    -4.5 from 604 sources of uvex_5354o g
r1095636.fit  4.20  1.39 0.071   -54.8 from 140 sources of intphas_5970 Ha
r1095637.fit  4.39  1.45 0.046   128.6 from 318 sources of intphas_5970 r
r1095638.fit  3.58  1.18 0.085     3.8 from 516 sources of intphas_5970 i
r1095639.fit  4.61  1.52 0.067   -57.5 from 183 sources of intphas_6048 Ha
r1095640.fit  3.48  1.15 0.057    80.6 from 772 sources of intphas_6048 r
r1095641.fit  3.19  1.05 0.068   -14.3 from 823 sources of intphas_6048 i
r1095642.fit  4.66  1.54 0.083   111.5 from 712 sources of uvex_6314 r
r1095643.fit  5.90  1.95 0.045   -56.8 from  66 sources of uvex_6314 U
r1095644.fit  5.90  1.95 0.055   -28.0 from 281 sources of uvex_6314 g
r1095645.fit  5.89  1.94 0.046    93.0 from 128 sources of uvex_6315 r
r1095646.fit  5.69  1.88 0.047   -63.3 from  14 sources of uvex_6315 U
r1095647.fit  5.76  1.90 0.023   -28.5 from  58 sources of uvex_6315 g
r1095648.fit  6.70  2.21 0.035   115.1 from 171 sources of uvex_6316 r
r1095649.fit  7.29  2.41 0.022   -58.3 from  28 sources of uvex_6316 U
r1095650.fit  0.86  0.28 0.100    28.5 from   5 sources of uvex_6316 g
r1095651.fit is not a target (BIAS)
r1095652.fit is not a target (BIAS)
r1095653.fit is not a target (BIAS)
r1095654.fit is not a target (BIAS)
r1095655.fit is not a target (BIAS)
