r1090518.fit is not a target (BIAS)
r1090519.fit is not a target (BIAS)
r1090520.fit is not a target (BIAS)
r1090521.fit is not a target (BIAS)
r1090522.fit is not a target (BIAS)
r1090523.fit is not a target (BIAS)
r1090524.fit is not a target (BIAS)
r1090525.fit is not a target (BIAS)
r1090526.fit is not a target (BIAS)
r1090527.fit is not a target (BIAS)
r1090528.fit is not a target (BIAS)
r1090529.fit is not a target (BIAS)
r1090530.fit is not a target (BIAS)
r1090531.fit is not a target (BIAS)
r1090532.fit is not a target (BIAS)
r1090533.fit is not a target (BIAS)
r1090534.fit is not a target (BIAS)
r1090535.fit is not a target (BIAS)
r1090536.fit is not a target (BIAS)
r1090537.fit is not a target (BIAS)
r1090538.fit is not a target (BIAS)
r1090539.fit is not a target (BIAS)
r1090540.fit is not a target (BIAS)
r1090541.fit is not a target (BIAS)
r1090542.fit is not a target (BIAS)
r1090543.fit  8.43  2.78 0.042    55.6 from  17 sources of wolf1346 r
r1090544.fit  4.76  1.57 0.123    52.0 from   4 sources of wolf1346 U
r1090545.fit  9.18  3.03 0.049    48.8 from   9 sources of wolf1346 g
r1090546.fit is not a target (FOCUS)
r1090547.fit  5.63  1.86 0.086    52.2 from  56 sources of wolf1346 r
r1090548.fit  5.81  1.92 0.089    42.7 from   8 sources of wolf1346 U
r1090549.fit  4.06  1.34 0.068    42.1 from  57 sources of wolf1346 g
r1090550.fit  6.52  2.15 0.107    50.1 from  14 sources of sa112-250 r
r1090551.fit  0.66  0.22 0.084    86.7 from   3 sources of sa112-250 U
r1090552.fit  6.55  2.16 0.031    42.6 from  10 sources of sa112-250 g
r1090553.fit  5.13  1.69 0.071   155.3 from 205 sources of uvex_5908 r
r1090554.fit  6.03  1.99 0.078    67.4 from  55 sources of uvex_5908 U
r1090555.fit  4.44  1.47 0.058    95.9 from 115 sources of uvex_5908 g
r1090556.fit  4.41  1.46 0.125   114.2 from  64 sources of gd248 r
r1090557.fit  6.15  2.03 0.104    59.9 from  11 sources of gd248 U
r1090558.fit  4.83  1.59 0.097    60.2 from  37 sources of gd248 g
r1090559.fit  4.13  1.36 0.060   138.2 from 353 sources of uvex_7030 r
r1090560.fit  5.42  1.79 0.052    80.1 from  27 sources of uvex_7030 U
r1090561.fit  4.82  1.59 0.051    98.5 from 106 sources of uvex_7030 g
r1090562.fit  4.59  1.51 0.078   151.4 from 156 sources of uvex_7038 r
r1090563.fit  6.24  2.06 0.051    84.9 from  36 sources of uvex_7038 U
r1090564.fit  5.85  1.93 0.039    89.0 from  77 sources of uvex_7038 g
r1090565.fit  4.31  1.42 0.060   140.5 from 285 sources of uvex_7041 r
r1090566.fit  4.91  1.62 0.039    82.7 from  29 sources of uvex_7041 U
r1090567.fit  4.25  1.40 0.054    87.3 from 169 sources of uvex_7041 g
r1090568.fit  3.70  1.22 0.094   129.5 from 811 sources of uvex_7047 r
r1090569.fit  5.36  1.77 0.048    82.0 from  85 sources of uvex_7047 U
r1090570.fit  4.26  1.41 0.066    87.8 from 426 sources of uvex_7047 g
r1090571.fit  4.14  1.37 0.102   139.7 from 232 sources of uvex_7048o r
r1090572.fit  5.07  1.67 0.064    86.0 from  26 sources of uvex_7048o U
r1090573.fit  3.99  1.32 0.047    94.5 from 117 sources of uvex_7048o g
r1090574.fit  4.02  1.33 0.078   146.8 from 1261 sources of uvex_7050o r
r1090575.fit  4.63  1.53 0.053    76.3 from 167 sources of uvex_7050o U
r1090576.fit  3.71  1.22 0.064    94.0 from 1028 sources of uvex_7050o g
r1090577.fit  3.84  1.27 0.085   153.6 from 1170 sources of uvex_7051 r
r1090578.fit  4.98  1.64 0.065    82.5 from 179 sources of uvex_7051 U
r1090579.fit  4.08  1.35 0.051    90.7 from 733 sources of uvex_7051 g
r1090580.fit  4.28  1.41 0.095   155.5 from 899 sources of uvex_7051o r
r1090581.fit  4.81  1.59 0.052    85.6 from 176 sources of uvex_7051o U
r1090582.fit  3.67  1.21 0.066    96.3 from 900 sources of uvex_7051o g
r1090583.fit  3.62  1.19 0.099   131.6 from 1141 sources of uvex_7052 r
r1090584.fit  5.28  1.74 0.072    82.8 from 146 sources of uvex_7052 U
r1090585.fit  3.97  1.31 0.073    80.4 from 909 sources of uvex_7052 g
r1090586.fit  3.91  1.29 0.111   138.9 from 784 sources of uvex_7052o r
r1090587.fit  4.98  1.64 0.078    82.7 from 167 sources of uvex_7052o U
r1090588.fit  3.78  1.25 0.072    87.8 from 1017 sources of uvex_7052o g
r1090589.fit  4.31  1.42 0.111   130.4 from 337 sources of uvex_0255 r
r1090590.fit  5.38  1.78 0.061    80.0 from  46 sources of uvex_0255 U
r1090591.fit  4.57  1.51 0.089    83.1 from 267 sources of uvex_0255 g
r1090592.fit  4.21  1.39 0.104   151.8 from 428 sources of uvex_0255o r
r1090593.fit  5.62  1.85 0.074    86.3 from  49 sources of uvex_0255o U
r1090594.fit  4.58  1.51 0.075   102.8 from 147 sources of uvex_0255o g
r1090595.fit  4.20  1.39 0.101   146.2 from 481 sources of uvex_0260o r
r1090596.fit  5.21  1.72 0.076    87.3 from  37 sources of uvex_0260o U
r1090597.fit  4.33  1.43 0.099    84.2 from 245 sources of uvex_0260o g
r1090598.fit  4.17  1.38 0.116   131.7 from 400 sources of uvex_0264o r
r1090599.fit  5.13  1.69 0.078    97.0 from  72 sources of uvex_0264o U
r1090600.fit  4.15  1.37 0.106   104.0 from 303 sources of uvex_0264o g
r1090601.fit  3.92  1.29 0.111   127.7 from 304 sources of uvex_0265 r
r1090602.fit  5.58  1.84 0.059    87.4 from  32 sources of uvex_0265 U
r1090603.fit  4.72  1.56 0.069    78.6 from 210 sources of uvex_0265 g
r1090604.fit  4.70  1.55 0.062   127.1 from 396 sources of uvex_0265o r
r1090605.fit  5.78  1.91 0.077    86.4 from  41 sources of uvex_0265o U
r1090606.fit  4.76  1.57 0.079    84.7 from 224 sources of uvex_0265o g
r1090607.fit  3.95  1.30 0.105    90.5 from 327 sources of uvex_0266 r
r1090608.fit  5.30  1.75 0.066    86.1 from  53 sources of uvex_0266 U
r1090609.fit  4.35  1.44 0.076    93.7 from 222 sources of uvex_0266 g
r1090610.fit  3.79  1.25 0.102   146.5 from 699 sources of uvex_0268o r
r1090611.fit  5.17  1.71 0.087    74.6 from  77 sources of uvex_0268o U
r1090612.fit  4.31  1.42 0.092    89.2 from 453 sources of uvex_0268o g
r1090613.fit  3.96  1.31 0.092   137.6 from 350 sources of uvex_0269 r
r1090614.fit  4.93  1.63 0.059    85.0 from  22 sources of uvex_0269 U
r1090615.fit  4.17  1.38 0.073    93.8 from 169 sources of uvex_0269 g
r1090616.fit  4.04  1.33 0.094   162.5 from 265 sources of uvex_0269o r
r1090617.fit  5.16  1.70 0.062    85.5 from  22 sources of uvex_0269o U
r1090618.fit  4.26  1.41 0.076    94.8 from 104 sources of uvex_0269o g
r1090619.fit  4.06  1.34 0.077   145.0 from 483 sources of uvex_0284o r
r1090620.fit  4.96  1.64 0.085    91.3 from  16 sources of uvex_0284o U
r1090621.fit  4.29  1.42 0.068   109.0 from  28 sources of uvex_0284o g
r1090622.fit  4.28  1.41 0.068   196.0 from   7 sources of uvex_0285 r
r1090623.fit  4.55  1.50 0.044    89.7 from  10 sources of uvex_0285 U
r1090624.fit  4.67  1.54 0.051   105.4 from  26 sources of uvex_0285 g
r1090625.fit  3.54  1.17 0.086    59.7 from  15 sources of feige22 r
r1090626.fit  5.48  1.81 0.126    46.2 from   4 sources of feige22 U
r1090627.fit  3.74  1.23 0.053    45.9 from  13 sources of feige22 g
r1090628.fit  4.13  1.36 0.110   138.9 from 507 sources of uvex_2394o r
r1090629.fit  5.80  1.91 0.114    77.4 from  61 sources of uvex_2394o U
r1090630.fit  5.15  1.70 0.122    86.4 from 327 sources of uvex_2394o g
r1090631.fit  4.54  1.50 0.120   141.7 from 300 sources of uvex_2395 r
r1090632.fit  6.34  2.09 0.118    80.8 from  27 sources of uvex_2395 U
r1090633.fit  4.98  1.64 0.113    87.3 from 274 sources of uvex_2395 g
r1090634.fit  4.60  1.52 0.108   133.7 from 334 sources of uvex_2395o r
r1090635.fit  5.60  1.85 0.104    76.5 from  73 sources of uvex_2395o U
r1090636.fit  4.81  1.59 0.102    91.4 from 231 sources of uvex_2395o g
r1090637.fit  4.28  1.41 0.124   154.4 from 263 sources of uvex_2396 r
r1090638.fit  5.50  1.82 0.102    76.8 from  47 sources of uvex_2396 U
r1090639.fit  4.86  1.60 0.106    95.6 from 235 sources of uvex_2396 g
r1090640.fit  4.42  1.46 0.119   150.6 from 168 sources of uvex_2396o r
r1090641.fit  5.62  1.85 0.114    78.6 from  40 sources of uvex_2396o U
r1090642.fit  4.69  1.55 0.109    85.3 from 198 sources of uvex_2396o g
r1090643.fit  4.31  1.42 0.104   132.2 from 396 sources of uvex_2399 r
r1090644.fit  5.95  1.96 0.117    69.9 from  57 sources of uvex_2399 U
r1090645.fit  5.20  1.72 0.100    87.0 from 234 sources of uvex_2399 g
r1090646.fit  5.28  1.74 0.096   120.5 from 425 sources of uvex_2399o r
r1090647.fit  6.17  2.04 0.082    79.9 from  56 sources of uvex_2399o U
r1090648.fit  5.53  1.82 0.076    97.4 from 229 sources of uvex_2399o g
r1090649.fit  4.91  1.62 0.108   143.7 from 348 sources of uvex_2400 r
r1090650.fit  5.76  1.90 0.102    70.6 from  52 sources of uvex_2400 U
r1090651.fit  5.15  1.70 0.107    95.5 from 241 sources of uvex_2400 g
r1090652.fit  4.81  1.59 0.103   148.5 from 346 sources of uvex_2400o r
r1090653.fit  5.76  1.90 0.101    79.6 from  56 sources of uvex_2400o U
r1090654.fit  4.96  1.64 0.098    90.7 from 265 sources of uvex_2400o g
r1090655.fit  4.23  1.40 0.109   148.6 from 447 sources of uvex_2401 r
r1090656.fit  5.41  1.79 0.098    70.4 from  68 sources of uvex_2401 U
r1090657.fit  5.45  1.80 0.079    93.9 from 276 sources of uvex_2401 g
r1090658.fit  4.69  1.55 0.101   136.5 from 446 sources of uvex_2401o r
r1090659.fit  5.90  1.95 0.109    78.1 from  58 sources of uvex_2401o U
r1090660.fit  4.96  1.64 0.097    83.5 from 313 sources of uvex_2401o g
r1090661.fit  4.39  1.45 0.088   109.4 from 231 sources of uvex_2403 r
r1090662.fit  5.61  1.85 0.091    76.1 from  38 sources of uvex_2403 U
r1090663.fit  4.71  1.55 0.113    93.6 from 179 sources of uvex_2403 g
r1090664.fit  5.49  1.81 0.042    86.9 from  40 sources of hz4 r
r1090665.fit  7.56  2.49 0.042    90.3 from  14 sources of hz4 U
r1090666.fit  6.70  2.21 0.021    67.6 from  27 sources of hz4 g
r1090667.fit  6.07  2.00 0.036    88.5 from  35 sources of hz4 r
r1090668.fit  6.12  2.02 0.042    90.6 from  22 sources of hz4 U
r1090669.fit  4.66  1.54 0.085    66.2 from  41 sources of hz4 g
r1090670.fit  4.06  1.34 0.116   140.7 from 227 sources of uvex_3092o r
r1090671.fit  5.50  1.82 0.117    87.5 from  31 sources of uvex_3092o U
r1090672.fit  4.18  1.38 0.061   109.7 from 154 sources of uvex_3092o g
r1090673.fit  4.00  1.32 0.077   175.1 from 420 sources of uvex_3100 r
r1090674.fit  5.39  1.78 0.086    89.9 from  81 sources of uvex_3100 U
r1090675.fit  4.13  1.36 0.089   121.2 from 293 sources of uvex_3100 g
r1090676.fit  4.39  1.45 0.108   140.6 from 344 sources of uvex_3100o r
r1090677.fit  5.19  1.71 0.118    91.2 from  55 sources of uvex_3100o U
r1090678.fit  4.39  1.45 0.072   121.5 from 250 sources of uvex_3100o g
r1090679.fit  4.44  1.47 0.115   181.3 from 240 sources of uvex_3105 r
r1090680.fit  5.41  1.79 0.084    91.7 from  45 sources of uvex_3105 U
r1090681.fit  4.70  1.55 0.079   129.2 from 152 sources of uvex_3105 g
r1090682.fit  4.35  1.44 0.102   194.7 from 280 sources of uvex_3105o r
r1090683.fit  4.46  1.47 0.058   126.3 from  15 sources of uvex_3105o U
r1090684.fit  5.32  1.76 0.063   195.2 from  24 sources of uvex_3105o g
r1090685.fit  5.44  1.80 0.078   197.4 from 124 sources of uvex_3115 r
r1090686.fit  6.22  2.05 0.065   145.7 from  20 sources of uvex_3115 U
r1090687.fit  5.41  1.79 0.057   276.2 from  80 sources of uvex_3115 g
r1090688.fit  5.04  1.66 0.065   308.1 from 102 sources of uvex_3115o r
r1090689.fit  6.74  2.22 0.048   247.3 from  17 sources of uvex_3115o U
r1090690.fit  6.25  2.06 0.052   493.5 from  42 sources of uvex_3115o g
r1090691.fit  5.76  1.90 0.115   450.6 from  43 sources of uvex_3146 r
r1090692.fit  6.63  2.19 0.076   413.0 from  32 sources of uvex_3146 U
r1090693.fit  6.02  1.99 0.056   916.8 from  83 sources of uvex_3146 g
r1090694.fit is not a target (SKY)
r1090695.fit is not a target (SKY)
r1090696.fit is not a target (SKY)
r1090697.fit is not a target (SKY)
r1090698.fit is not a target (SKY)
r1090699.fit is not a target (SKY)
r1090700.fit is not a target (SKY)
r1090701.fit is not a target (SKY)
r1090702.fit is not a target (SKY)
r1090703.fit is not a target (SKY)
r1090704.fit is not a target (SKY)
r1090705.fit is not a target (SKY)
