r1167941.fit is not a target (ARC)
r1167942.fit is not a target (BIAS)
r1167943.fit is not a target (BIAS)
r1167944.fit is not a target (BIAS)
r1167945.fit is not a target (BIAS)
r1167946.fit is not a target (BIAS)
r1167947.fit is not a target (BIAS)
r1167948.fit is not a target (BIAS)
r1167949.fit is not a target (BIAS)
r1167950.fit is not a target (BIAS)
r1167951.fit is not a target (BIAS)
r1167952.fit is not a target (BIAS)
r1167953.fit is not a target (BIAS)
r1167954.fit is not a target (BIAS)
r1167955.fit is not a target (BIAS)
r1167956.fit is not a target (BIAS)
r1167957.fit is not a target (BIAS)
r1167958.fit is not a target (BIAS)
r1167959.fit is not a target (BIAS)
r1167960.fit is not a target (BIAS)
r1167961.fit is not a target (BIAS)
r1167962.fit is not a target (BIAS)
r1167963.fit is not a target (BIAS)
r1167964.fit is not a target (BIAS)
r1167965.fit is not a target (BIAS)
r1167966.fit is not a target (BIAS)
r1167967.fit is not a target (BIAS)
r1167968.fit is not a target (BIAS)
r1167969.fit is not a target (BIAS)
r1167970.fit is not a target (BIAS)
r1167971.fit is not a target (BIAS)
r1167972.fit is not a target (BIAS)
r1167973.fit is not a target (BIAS)
r1167974.fit is not a target (BIAS)
r1167975.fit is not a target (BIAS)
r1167976.fit is not a target (BIAS)
r1167977.fit is not a target (BIAS)
r1167978.fit is not a target (BIAS)
r1167979.fit is not a target (BIAS)
r1167980.fit is not a target (BIAS)
r1167981.fit is not a target (BIAS)
r1167982.fit is not a target (BIAS)
r1167983.fit is not a target (BIAS)
r1167984.fit is not a target (BIAS)
r1167986.fit is not a target (SKY)
r1167987.fit is not a target (SKY)
r1167988.fit is not a target (SKY)
r1167989.fit is not a target (SKY)
r1167990.fit is not a target (SKY)
r1167991.fit is not a target (SKY)
r1167992.fit is not a target (SKY)
r1167993.fit is not a target (SKY)
r1167994.fit is not a target (SKY)
r1167995.fit is not a target (SKY)
r1167996.fit is not a target (SKY)
r1167997.fit is not a target (SKY)
r1167998.fit is not a target (SKY)
r1167999.fit is not a target (SKY)
r1168000.fit is not a target (SKY)
r1168001.fit is not a target (FOCUS)
r1168002.fit is not a target (FOCUS)
r1168003.fit  3.29  1.09 0.059   246.8 from 132 sources of GD248 r
r1168004.fit  3.95  1.30 0.064   113.7 from  54 sources of GD248 U
r1168005.fit  3.31  1.09 0.053   165.0 from 101 sources of GD248 g
r1168006.fit  3.56  1.17 0.047   284.0 from 115 sources of GD248 i
r1168007.fit  3.07  1.01 0.063   107.7 from  92 sources of GD248 Ha
r1168008.fit  4.22  1.39 0.075    37.1 from  21 sources of FEIGE22 r
r1168009.fit  5.20  1.72 0.093    22.4 from  15 sources of FEIGE22 U
r1168010.fit  4.70  1.55 0.085    19.3 from  18 sources of FEIGE22 g
r1168011.fit  4.30  1.42 0.065    55.9 from  22 sources of FEIGE22 i
r1168012.fit  4.32  1.43 0.065    29.0 from  28 sources of FEIGE22 Ha
r1168013.fit  4.23  1.40 0.095    58.3 from  76 sources of intphas_1411 Ha
r1168014.fit  3.75  1.24 0.126   168.0 from 102 sources of intphas_1411 r
r1168015.fit  3.56  1.17 0.124   109.9 from 102 sources of intphas_1411 i
r1168016.fit  3.94  1.30 0.085    50.7 from  80 sources of intphas_1411o Ha
r1168017.fit  4.13  1.36 0.115   155.6 from 153 sources of intphas_1411o r
r1168018.fit  4.58  1.51 0.102   150.5 from  96 sources of intphas_1411o i
r1168019.fit  4.89  1.61 0.073    65.4 from  62 sources of intphas_1412 Ha
r1168020.fit  4.95  1.63 0.092   219.8 from 106 sources of intphas_1412 r
r1168021.fit  5.76  1.90 0.060   185.3 from  74 sources of intphas_1412 i
r1168022.fit  4.19  1.38 0.087    75.2 from  42 sources of intphas_1412o Ha
r1168023.fit  5.23  1.73 0.068   231.6 from  95 sources of intphas_1412o r
r1168024.fit  5.35  1.77 0.086   167.5 from  88 sources of intphas_1412o i
r1168025.fit  4.82  1.59 0.049    59.9 from  31 sources of intphas_1413 Ha
r1168026.fit  3.90  1.29 0.102   228.3 from 101 sources of intphas_1413 r
r1168027.fit  4.12  1.36 0.082   175.1 from  70 sources of intphas_1413 i
r1168028.fit  4.98  1.64 0.058    58.7 from  22 sources of intphas_1413o Ha
r1168029.fit  5.14  1.70 0.071   214.7 from  80 sources of intphas_1413o r
r1168030.fit  4.93  1.63 0.116   155.3 from  96 sources of intphas_1413o i
r1168031.fit  4.37  1.44 0.102    59.8 from  55 sources of intphas_1416 Ha
r1168032.fit  4.48  1.48 0.092   185.5 from 140 sources of intphas_1416 r
r1168033.fit  4.82  1.59 0.112   155.3 from  54 sources of intphas_1416 i
r1168034.fit  5.90  1.95 0.070    75.1 from  14 sources of intphas_1416o Ha
r1168035.fit  6.66  2.20 0.047   229.2 from  37 sources of intphas_1416o r
r1168036.fit  5.97  1.97 0.099   168.2 from  32 sources of intphas_1416o i
r1168037.fit  4.67  1.54 0.101    67.4 from  29 sources of intphas_1425 Ha
r1168038.fit  4.33  1.43 0.096   236.1 from  75 sources of intphas_1425 r
r1168039.fit  4.06  1.34 0.093   160.1 from  74 sources of intphas_1425 i
r1168040.fit  6.49  2.14 0.039    65.5 from  23 sources of intphas_1425o Ha
r1168041.fit  5.95  1.96 0.076   227.8 from  36 sources of intphas_1425o r
r1168042.fit  6.63  2.19 0.076   184.2 from  23 sources of intphas_1425o i
r1168043.fit  5.01  1.65 0.099    68.9 from  18 sources of intphas_1440 Ha
r1168044.fit  4.72  1.56 0.079   211.3 from  47 sources of intphas_1440 r
r1168045.fit  4.05  1.34 0.067   153.1 from  34 sources of intphas_1440 i
r1168046.fit  4.29  1.42 0.063    58.3 from  31 sources of intphas_1440o Ha
r1168047.fit  4.45  1.47 0.043   188.5 from 109 sources of intphas_1440o r
r1168048.fit  4.25  1.40 0.097   143.5 from  93 sources of intphas_1440o i
r1168049.fit  3.90  1.29 0.086    75.8 from  53 sources of intphas_1440 Ha
r1168050.fit  4.37  1.44 0.094   153.2 from 170 sources of intphas_1440 r
r1168051.fit  4.02  1.33 0.103   116.7 from 120 sources of intphas_1440 i
r1168052.fit  3.89  1.28 0.068    72.2 from  56 sources of intphas_1440o Ha
r1168053.fit  3.62  1.19 0.098   167.1 from 159 sources of intphas_1440o r
r1168054.fit  3.40  1.12 0.090   131.0 from 196 sources of intphas_1440o i
r1168055.fit  3.32  1.10 0.083    75.9 from 118 sources of intphas_1443 Ha
r1168056.fit  3.21  1.06 0.095   143.1 from 307 sources of intphas_1443 r
r1168057.fit  3.00  0.99 0.102   110.6 from 246 sources of intphas_1443 i
r1168058.fit  3.79  1.25 0.073    74.3 from 121 sources of intphas_1443o Ha
r1168059.fit  5.49  1.81 0.041   148.4 from 180 sources of intphas_1443o r
r1168060.fit  5.27  1.74 0.044   126.9 from 128 sources of intphas_1443o i
r1168061.fit  5.86  1.93 0.047    74.1 from  50 sources of intphas_1448 Ha
r1168062.fit  5.13  1.69 0.047   147.7 from 180 sources of intphas_1448 r
r1168063.fit  5.08  1.68 0.078   129.9 from 188 sources of intphas_1448 i
r1168064.fit  4.09  1.35 0.064    76.2 from 101 sources of intphas_1448o Ha
r1168065.fit  4.78  1.58 0.052   148.2 from 250 sources of intphas_1448o r
r1168066.fit  5.56  1.83 0.048   120.7 from 114 sources of intphas_1448o i
r1168067.fit  4.15  1.37 0.055    75.6 from 124 sources of intphas_1449o Ha
r1168068.fit  3.98  1.31 0.074   137.6 from 350 sources of intphas_1449o r
r1168069.fit  4.05  1.34 0.087   134.0 from 207 sources of intphas_1449o i
r1168070.fit  4.89  1.61 0.076    76.7 from  51 sources of intphas_1453 Ha
r1168071.fit  6.60  2.18 0.065   165.8 from  91 sources of intphas_1453 r
r1168072.fit  4.28  1.41 0.057   137.8 from 159 sources of intphas_1453 i
r1168073.fit  4.64  1.53 0.049    78.7 from  41 sources of intphas_1453o Ha
r1168074.fit  4.53  1.49 0.053   185.8 from  90 sources of intphas_1453o r
r1168075.fit  5.17  1.71 0.074   140.3 from  82 sources of intphas_1453o i
r1168076.fit  4.84  1.60 0.047    75.8 from  27 sources of intphas_1266 Ha
r1168077.fit  4.30  1.42 0.041   170.4 from 109 sources of intphas_1266 r
r1168078.fit  4.51  1.49 0.069   136.8 from  76 sources of intphas_1266 i
r1168079.fit  5.06  1.67 0.043    77.8 from  24 sources of intphas_1300 Ha
r1168080.fit  4.63  1.53 0.048   183.8 from  49 sources of intphas_1300 r
r1168081.fit  4.12  1.36 0.057   137.7 from  64 sources of intphas_1300 i
r1168082.fit  4.06  1.34 0.101    74.8 from  21 sources of intphas_1300o Ha
r1168083.fit  4.35  1.44 0.053   183.8 from  51 sources of intphas_1300o r
r1168084.fit  5.27  1.74 0.025   128.2 from  17 sources of intphas_1300o i
r1168085.fit  4.29  1.42 0.034    70.7 from  18 sources of intphas_1302 Ha
r1168086.fit  4.32  1.43 0.050   185.9 from  54 sources of intphas_1302 r
r1168087.fit  4.19  1.38 0.050   121.5 from 102 sources of intphas_1302 i
r1168088.fit  5.97  1.97 0.045    77.6 from  18 sources of intphas_1302o Ha
r1168089.fit  4.59  1.51 0.045   150.9 from 133 sources of intphas_1302o r
r1168090.fit  4.49  1.48 0.067   126.6 from  71 sources of intphas_1302o i
r1168091.fit  4.56  1.50 0.028    75.1 from  32 sources of intphas_1303 Ha
r1168092.fit  5.47  1.81 0.026   179.6 from  43 sources of intphas_1303 r
r1168093.fit  4.63  1.53 0.051   132.3 from  55 sources of intphas_1303 i
r1168094.fit  4.58  1.51 0.054    74.8 from  41 sources of intphas_1305 Ha
r1168095.fit  4.10  1.35 0.063   169.8 from  87 sources of intphas_1305 r
r1168096.fit  3.62  1.19 0.081   133.5 from 115 sources of intphas_1305 i
r1168097.fit  4.15  1.37 0.053    76.4 from  44 sources of intphas_1305o Ha
r1168098.fit  3.90  1.29 0.076   164.7 from 141 sources of intphas_1305o r
r1168099.fit  4.30  1.42 0.057   130.6 from  99 sources of intphas_1305o i
r1168100.fit  4.19  1.38 0.063    75.9 from  49 sources of intphas_1321 Ha
r1168101.fit  5.50  1.82 0.029   166.8 from  88 sources of intphas_1321 r
r1168102.fit  3.79  1.25 0.050   129.8 from 130 sources of intphas_1321 i
r1168103.fit  4.77  1.57 0.036    73.4 from  45 sources of intphas_1321o Ha
r1168104.fit  6.03  1.99 0.033   168.1 from  60 sources of intphas_1321o r
r1168105.fit  3.77  1.24 0.044   124.1 from 127 sources of intphas_1321o i
r1168106.fit  4.59  1.51 0.023    82.6 from   7 sources of FEIGE22 r
r1168107.fit  4.25  1.40 0.023    73.3 from   4 sources of FEIGE22 U
r1168108.fit  4.94  1.63 0.041    56.9 from   7 sources of FEIGE22 g
r1168109.fit  8.62  2.84 0.065    69.8 from  49 sources of SA98-650 r
r1168110.fit  8.25  2.72 0.033    65.7 from  33 sources of SA98-650 U
r1168111.fit  0.84  0.28 0.041   102.7 from   1 sources of SA98-650 g
r1168112.fit  7.03  2.32 0.072   197.0 from 138 sources of uvex_3867o r
r1168113.fit  6.76  2.23 0.066    86.9 from  25 sources of uvex_3867o U
r1168114.fit  6.24  2.06 0.081   110.2 from 136 sources of uvex_3867o g
r1168115.fit  4.54  1.50 0.051   145.7 from 242 sources of uvex_3017 r
r1168116.fit  6.71  2.21 0.016    85.4 from  24 sources of uvex_3017 U
r1168117.fit  9.44  3.12 0.018   114.4 from  48 sources of uvex_3017 g
r1168118.fit  5.90  1.95 0.072   156.8 from 155 sources of uvex_3017o r
r1168119.fit  6.01  1.98 0.022    87.1 from  31 sources of uvex_3017o U
r1168120.fit  5.40  1.78 0.028   109.0 from 104 sources of uvex_3017o g
r1168121.fit  4.30  1.42 0.047   184.4 from 198 sources of uvex_3019 r
r1168122.fit  4.72  1.56 0.083    88.0 from  37 sources of uvex_3019 U
r1168123.fit  4.71  1.55 0.029   111.7 from  16 sources of uvex_3019 g
r1168124.fit  4.42  1.46 0.043   195.7 from 107 sources of uvex_3019o r
r1168125.fit  6.08  2.01 0.024    90.2 from  29 sources of uvex_3019o U
r1168126.fit  5.20  1.72 0.042   117.2 from 122 sources of uvex_3019o g
r1168127.fit  7.02  2.32 0.027   167.9 from 137 sources of uvex_3022 r
r1168128.fit  6.02  1.99 0.020    87.4 from  53 sources of uvex_3022 U
r1168129.fit  5.45  1.80 0.036   108.4 from 264 sources of uvex_3022 g
r1168130.fit  4.76  1.57 0.061   150.0 from 482 sources of uvex_3022o r
r1168131.fit  5.25  1.73 0.036    89.8 from 102 sources of uvex_3022o U
r1168132.fit  4.56  1.50 0.039   112.1 from 409 sources of uvex_3022o g
r1168133.fit  3.79  1.25 0.055   178.5 from 165 sources of uvex_3023 r
r1168134.fit  4.49  1.48 0.044    80.9 from  54 sources of uvex_3023 U
r1168135.fit  4.49  1.48 0.041   103.0 from 162 sources of uvex_3023 g
r1168136.fit  3.78  1.25 0.045   165.7 from 290 sources of uvex_3023o r
r1168137.fit  6.65  2.19 0.026    91.0 from  34 sources of uvex_3023o U
r1168138.fit  4.98  1.64 0.029   115.5 from 134 sources of uvex_3023o g
r1168139.fit  4.13  1.36 0.047   171.4 from 262 sources of uvex_3026 r
r1168140.fit  4.78  1.58 0.072    91.2 from  63 sources of uvex_3026 U
r1168141.fit  4.78  1.58 0.029   105.1 from  73 sources of uvex_3026 g
r1168142.fit  3.88  1.28 0.045   181.3 from 111 sources of uvex_3026o r
r1168143.fit  5.01  1.65 0.050    91.7 from  57 sources of uvex_3026o U
r1168144.fit  4.84  1.60 0.031   123.4 from  73 sources of uvex_3026o g
r1168145.fit  3.85  1.27 0.038   196.4 from 159 sources of uvex_3027 r
r1168146.fit  5.35  1.77 0.049    93.8 from  26 sources of uvex_3027 U
r1168147.fit  4.25  1.40 0.029   119.2 from 136 sources of uvex_3027 g
r1168148.fit  3.74  1.23 0.034   186.2 from 207 sources of uvex_3027o r
r1168149.fit  5.04  1.66 0.042    96.7 from  20 sources of uvex_3027o U
r1168150.fit  4.08  1.35 0.053   120.7 from 120 sources of uvex_3027o g
r1168151.fit  4.79  1.58 0.044   155.4 from 133 sources of uvex_3030 r
r1168152.fit  4.71  1.55 0.041    93.7 from  34 sources of uvex_3030 U
r1168153.fit  4.48  1.48 0.042    97.2 from 118 sources of uvex_3030 g
r1168154.fit  3.89  1.28 0.048   130.8 from 276 sources of uvex_3030o r
r1168155.fit  4.86  1.60 0.054    81.9 from  53 sources of uvex_3030o U
r1168156.fit  4.17  1.38 0.069   100.2 from 167 sources of uvex_3030o g
r1168157.fit  3.42  1.13 0.049    84.9 from 132 sources of SA98-650 r
r1168158.fit  4.73  1.56 0.039    72.0 from  34 sources of SA98-650 U
r1168159.fit  4.17  1.38 0.039    59.2 from  50 sources of SA98-650 g
r1168160.fit  5.79  1.91 0.073    69.0 from  10 sources of GD108 r
r1168161.fit  5.41  1.79 0.060    23.7 from   8 sources of GD108 U
r1168162.fit  5.72  1.89 0.081    22.5 from   9 sources of GD108 g
r1168163.fit  4.09  1.35 0.103   203.6 from 256 sources of uvex_3868 r
r1168164.fit  4.84  1.60 0.088    90.8 from  23 sources of uvex_3868 U
r1168165.fit  4.14  1.37 0.037   116.6 from  50 sources of uvex_3868 g
r1168166.fit  3.74  1.23 0.066   229.2 from 157 sources of uvex_3868o r
r1168167.fit  4.50  1.49 0.035    83.8 from  12 sources of uvex_3868o U
r1168168.fit  4.28  1.41 0.033   110.5 from  14 sources of uvex_3868o g
r1168169.fit  3.27  1.08 0.042   237.7 from 112 sources of uvex_3869 r
r1168170.fit  4.27  1.41 0.044    82.7 from  10 sources of uvex_3869 U
r1168171.fit  3.30  1.09 0.034   117.5 from  93 sources of uvex_3869 g
r1168172.fit  3.45  1.14 0.038   240.2 from 135 sources of uvex_3869o r
r1168173.fit  4.84  1.60 0.115    92.8 from  21 sources of uvex_3869o U
r1168174.fit  4.14  1.37 0.075   117.4 from  80 sources of uvex_3869o g
r1168175.fit  3.58  1.18 0.042   248.1 from  77 sources of uvex_3870 r
r1168176.fit  4.29  1.42 0.033    90.7 from  20 sources of uvex_3870 U
r1168177.fit  4.37  1.44 0.049   115.5 from  36 sources of uvex_3870 g
r1168178.fit  3.55  1.17 0.046   253.1 from  65 sources of uvex_3870o r
r1168179.fit  4.26  1.41 0.037    89.5 from  17 sources of uvex_3870o U
r1168180.fit  3.92  1.29 0.031   112.6 from  16 sources of uvex_3870o g
r1168181.fit  4.19  1.38 0.040   287.2 from   6 sources of uvex_3871 r
r1168182.fit  3.91  1.29 0.036    91.0 from  22 sources of uvex_3871 U
r1168183.fit  3.73  1.23 0.030   118.8 from  65 sources of uvex_3871 g
r1168184.fit  3.46  1.14 0.046   227.1 from 165 sources of uvex_3871o r
r1168185.fit  4.42  1.46 0.027    93.5 from  22 sources of uvex_3871o U
r1168186.fit  4.23  1.40 0.036   116.9 from  36 sources of uvex_3871o g
r1168187.fit  4.91  1.62 0.088   654.0 from  33 sources of 67P
r1168188.fit  4.19  1.38 0.055  1848.3 from  11 sources of 67P
r1168189.fit  4.21  1.39 0.042  1427.7 from  17 sources of 67P
r1168190.fit  4.19  1.38 0.096  1390.7 from  14 sources of 67P
r1168191.fit  0.95  0.31 0.083  1375.2 from  22 sources of 67P
r1168192.fit  4.19  1.38 0.068  1406.8 from  18 sources of 67P
r1168193.fit  1.29  0.43 0.085  4577.4 from  23 sources of 67P
r1168194.fit  0.85  0.28 0.096  4332.8 from  22 sources of 67P
