r1089269.fit is not a target (BIAS)
r1089270.fit is not a target (BIAS)
r1089271.fit is not a target (BIAS)
r1089272.fit is not a target (BIAS)
r1089273.fit is not a target (BIAS)
r1089274.fit is not a target (BIAS)
r1089275.fit is not a target (BIAS)
r1089276.fit is not a target (BIAS)
r1089277.fit is not a target (BIAS)
r1089278.fit is not a target (BIAS)
r1089279.fit is not a target (BIAS)
r1089280.fit is not a target (BIAS)
r1089281.fit is not a target (BIAS)
r1089282.fit is not a target (BIAS)
r1089283.fit is not a target (BIAS)
r1089284.fit is not a target (BIAS)
r1089285.fit is not a target (BIAS)
r1089286.fit is not a target (BIAS)
r1089287.fit is not a target (BIAS)
r1089288.fit is not a target (BIAS)
r1089289.fit is not a target (BIAS)
r1089290.fit is not a target (BIAS)
r1089291.fit is not a target (BIAS)
r1089292.fit is not a target (BIAS)
r1089293.fit is not a target (BIAS)
r1089294.fit is not a target (BIAS)
r1089295.fit is not a target (BIAS)
r1089296.fit is not a target (BIAS)
r1089297.fit is not a target (BIAS)
r1089298.fit is not a target (BIAS)
r1089299.fit is not a target (BIAS)
r1089300.fit is not a target (BIAS)
r1089301.fit is not a target (BIAS)
r1089302.fit is not a target (BIAS)
r1089303.fit is not a target (BIAS)
r1089304.fit is not a target (BIAS)
r1089305.fit is not a target (BIAS)
r1089306.fit is not a target (BIAS)
r1089307.fit is not a target (BIAS)
r1089308.fit is not a target (BIAS)
r1089309.fit is not a target (BIAS)
r1089310.fit is not a target (BIAS)
r1089311.fit is not a target (BIAS)
r1089312.fit is not a target (BIAS)
r1089313.fit is not a target (BIAS)
r1089314.fit is not a target (BIAS)
r1089315.fit is not a target (BIAS)
r1089316.fit is not a target (BIAS)
r1089317.fit is not a target (BIAS)
r1089318.fit is not a target (BIAS)
r1089319.fit is not a target (SKY)
r1089320.fit is not a target (SKY)
r1089321.fit is not a target (SKY)
r1089322.fit is not a target (SKY)
r1089323.fit is not a target (SKY)
r1089324.fit is not a target (SKY)
r1089325.fit is not a target (SKY)
r1089326.fit is not a target (SKY)
r1089327.fit is not a target (SKY)
r1089328.fit is not a target (SKY)
r1089329.fit is not a target (SKY)
r1089330.fit is not a target (SKY)
r1089331.fit is not a target (SKY)
r1089332.fit is not a target (SKY)
r1089333.fit is not a target (SKY)
r1089334.fit is not a target (SKY)
r1089335.fit is not a target (SKY)
r1089336.fit is not a target (SKY)
r1089337.fit is not a target (FOCUS)
r1089338.fit  3.92  1.29 0.094    70.8 from  91 sources of wolf1346 r
r1089339.fit  4.77  1.57 0.086    65.1 from   8 sources of wolf1346 U
r1089340.fit  3.61  1.19 0.095    67.5 from  64 sources of wolf1346 g
r1089341.fit  3.33  1.10 0.090   198.2 from 863 sources of uvex_4409 r
r1089342.fit  4.29  1.42 0.071    98.1 from  52 sources of uvex_4409 U
r1089343.fit  3.27  1.08 0.071   118.1 from 346 sources of uvex_4409 g
r1089344.fit  3.49  1.15 0.093   166.0 from 852 sources of uvex_4409o r
r1089345.fit  4.00  1.32 0.072    95.3 from  62 sources of uvex_4409o U
r1089346.fit  3.30  1.09 0.068   104.8 from 385 sources of uvex_4409o g
r1089347.fit  3.33  1.10 0.094   163.0 from 1316 sources of uvex_4410 r
r1089348.fit  4.07  1.34 0.080    97.9 from  93 sources of uvex_4410 U
r1089349.fit  3.04  1.00 0.068   118.4 from 752 sources of uvex_4410 g
r1089350.fit  3.02  1.00 0.080   185.9 from 1633 sources of uvex_4410o r
r1089351.fit  4.47  1.48 0.089    92.2 from  98 sources of uvex_4410o U
r1089352.fit  3.36  1.11 0.082   114.7 from 656 sources of uvex_4410o g
r1089353.fit  3.11  1.03 0.082   187.4 from 940 sources of uvex_4411 r
r1089354.fit  4.38  1.45 0.082    89.5 from  46 sources of uvex_4411 U
r1089355.fit  3.28  1.08 0.059   110.9 from 334 sources of uvex_4411 g
r1089356.fit  3.05  1.01 0.066   187.7 from 624 sources of uvex_4419 r
r1089357.fit  4.21  1.39 0.054    91.1 from  38 sources of uvex_4419 U
r1089358.fit  3.26  1.08 0.053   103.3 from 304 sources of uvex_4419 g
r1089359.fit  2.92  0.96 0.068   162.4 from 1479 sources of uvex_4423 r
r1089360.fit  3.84  1.27 0.064    88.9 from  75 sources of uvex_4423 U
r1089361.fit  3.36  1.11 0.065   107.4 from 545 sources of uvex_4423 g
r1089362.fit  3.06  1.01 0.068   168.7 from 1407 sources of uvex_4423o r
r1089363.fit  3.89  1.28 0.063    88.7 from  67 sources of uvex_4423o U
r1089364.fit  3.27  1.08 0.056   103.0 from 581 sources of uvex_4423o g
r1089365.fit  3.00  0.99 0.076   174.4 from 1625 sources of uvex_4424 r
r1089366.fit  3.95  1.30 0.056    88.1 from  98 sources of uvex_4424 U
r1089367.fit  3.46  1.14 0.066   107.6 from 633 sources of uvex_4424 g
r1089368.fit  3.13  1.03 0.072   185.7 from 1080 sources of uvex_4425 r
r1089369.fit  3.97  1.31 0.055    89.3 from  73 sources of uvex_4425 U
r1089370.fit  3.46  1.14 0.104   107.4 from 342 sources of uvex_4425 g
r1089371.fit  2.87  0.95 0.075   198.3 from 1261 sources of uvex_4425o r
r1089372.fit  3.96  1.31 0.052    89.3 from  73 sources of uvex_4425o U
r1089373.fit  3.12  1.03 0.064   102.4 from 430 sources of uvex_4425o g
r1089374.fit  3.66  1.21 0.129   172.6 from 532 sources of uvex_6676o r
r1089375.fit  4.57  1.51 0.083    86.7 from 274 sources of uvex_6676o U
r1089376.fit  3.68  1.21 0.090    95.3 from 1337 sources of uvex_6676o g
r1089377.fit  3.39  1.12 0.091   186.2 from 1282 sources of uvex_6677 r
r1089378.fit  4.41  1.46 0.089    82.6 from 181 sources of uvex_6677 U
r1089379.fit  3.51  1.16 0.087    88.7 from 816 sources of uvex_6677 g
r1089380.fit  4.02  1.33 0.126   181.0 from 284 sources of uvex_6677o r
r1089381.fit  4.38  1.45 0.082    84.5 from 213 sources of uvex_6677o U
r1089382.fit  3.63  1.20 0.081    95.4 from 803 sources of uvex_6677o g
r1089383.fit  3.48  1.15 0.071   189.1 from 1367 sources of uvex_6679 r
r1089384.fit  4.70  1.55 0.066    83.7 from 181 sources of uvex_6679 U
r1089385.fit  3.92  1.29 0.074   100.0 from 837 sources of uvex_6679 g
r1089386.fit  3.74  1.23 0.097    61.9 from 1262 sources of uvex_6680 r
r1089387.fit  4.70  1.55 0.084    82.3 from 148 sources of uvex_6680 U
r1089388.fit  4.34  1.43 0.076    57.3 from 707 sources of uvex_6680 g
r1089389.fit  4.55  1.50 0.107   180.3 from 799 sources of uvex_6680o r
r1089390.fit  5.29  1.75 0.093    87.1 from 113 sources of uvex_6680o U
r1089391.fit  3.82  1.26 0.089    97.0 from 849 sources of uvex_6680o g
r1089392.fit  3.60  1.19 0.094   175.3 from 1174 sources of uvex_6683 r
r1089393.fit  4.74  1.56 0.090    87.9 from 125 sources of uvex_6683 U
r1089394.fit  3.84  1.27 0.086    98.4 from 757 sources of uvex_6683 g
r1089395.fit  4.24  1.40 0.119   173.0 from 732 sources of uvex_6683o r
r1089396.fit  5.42  1.79 0.057    87.2 from 106 sources of uvex_6683o U
r1089397.fit  7.15  2.36 0.063    97.9 from 279 sources of uvex_6683o g
r1089398.fit  8.30  2.74 0.125   171.9 from 217 sources of uvex_6684 r
r1089399.fit  8.95  2.95 0.051    86.8 from  27 sources of uvex_6684 U
r1089400.fit  8.23  2.72 0.078   102.2 from 169 sources of uvex_6684 g
r1089401.fit  4.86  1.60 0.065   177.6 from 630 sources of uvex_6684o r
r1089402.fit  6.57  2.17 0.063    88.9 from  49 sources of uvex_6684o U
r1089403.fit  6.18  2.04 0.058   100.5 from 307 sources of uvex_6684o g
r1089404.fit  4.83  1.59 0.060   148.5 from 713 sources of uvex_6685 r
r1089405.fit  5.93  1.96 0.057    78.2 from 102 sources of uvex_6685 U
r1089406.fit  4.72  1.56 0.068    91.8 from 484 sources of uvex_6685 g
r1089407.fit  4.16  1.37 0.074    60.3 from  19 sources of bd+284211 r
r1089408.fit  5.15  1.70 0.047    58.9 from   2 sources of bd+284211 U
r1089409.fit  4.11  1.36 0.090    58.7 from  10 sources of bd+284211 g
r1089410.fit  4.16  1.37 0.050    61.6 from  21 sources of bd+284211 r
r1089411.fit  5.17  1.71 0.020    58.9 from   2 sources of bd+284211 U
r1089412.fit  3.69  1.22 0.033    60.3 from  27 sources of bd+284211 g
r1089413.fit  3.87  1.28 0.067    55.3 from 759 sources of uvex_6694o r
r1089414.fit  4.80  1.58 0.035    82.8 from  74 sources of uvex_6694o U
r1089415.fit  4.13  1.36 0.063    97.2 from 354 sources of uvex_6694o g
r1089416.fit  3.95  1.30 0.106   150.2 from 598 sources of uvex_6719 r
r1089417.fit  4.85  1.60 0.094    83.2 from  58 sources of uvex_6719 U
r1089418.fit  3.87  1.28 0.065    94.1 from 359 sources of uvex_6719 g
r1089419.fit  3.82  1.26 0.074   141.3 from 594 sources of uvex_6719o r
r1089420.fit  5.03  1.66 0.053    85.5 from  51 sources of uvex_6719o U
r1089421.fit  4.08  1.35 0.056    94.6 from 310 sources of uvex_6719o g
r1089422.fit  3.98  1.31 0.092   143.2 from 896 sources of uvex_6767o r
r1089423.fit  4.36  1.44 0.060    85.6 from 101 sources of uvex_6767o U
r1089424.fit  3.98  1.31 0.081    92.3 from 559 sources of uvex_6767o g
r1089425.fit  3.43  1.13 0.096   132.8 from 521 sources of uvex_6771 r
r1089426.fit  4.49  1.48 0.059    85.1 from  70 sources of uvex_6771 U
r1089427.fit  3.48  1.15 0.064    86.5 from 289 sources of uvex_6771 g
r1089428.fit  3.65  1.20 0.089   138.0 from 545 sources of uvex_6771o r
r1089429.fit  4.82  1.59 0.054    86.6 from  70 sources of uvex_6771o U
r1089430.fit  3.63  1.20 0.072    86.3 from 298 sources of uvex_6771o g
r1089431.fit  4.01  1.32 0.075   143.0 from 713 sources of uvex_6796 r
r1089432.fit  5.11  1.69 0.063    85.6 from  71 sources of uvex_6796 U
r1089433.fit  4.05  1.34 0.059    90.0 from 425 sources of uvex_6796 g
r1089434.fit  4.12  1.36 0.125   135.8 from 476 sources of uvex_6796o r
r1089435.fit  4.93  1.63 0.059    85.2 from  73 sources of uvex_6796o U
r1089436.fit  3.95  1.30 0.053    84.9 from 465 sources of uvex_6796o g
r1089437.fit  4.24  1.40 0.120   179.3 from 420 sources of uvex_6809 r
r1089438.fit  4.55  1.50 0.076    85.8 from  55 sources of uvex_6809 U
r1089439.fit  3.56  1.17 0.082   101.7 from 377 sources of uvex_6809 g
r1089440.fit  4.11  1.36 0.126   185.1 from 308 sources of uvex_6809o r
r1089441.fit  4.51  1.49 0.048    89.7 from  56 sources of uvex_6809o U
r1089442.fit  3.65  1.20 0.063    97.1 from 381 sources of uvex_6809o g
r1089443.fit  3.18  1.05 0.063   149.8 from 1368 sources of uvex_6810 r
r1089444.fit  4.57  1.51 0.057    84.7 from 137 sources of uvex_6810 U
r1089445.fit  3.74  1.23 0.075    97.8 from 707 sources of uvex_6810 g
r1089446.fit  3.34  1.10 0.053   148.2 from 1361 sources of uvex_6810o r
r1089447.fit  4.29  1.42 0.032    84.5 from 178 sources of uvex_6810o U
r1089448.fit  3.44  1.14 0.070    86.9 from 833 sources of uvex_6810o g
r1089449.fit  3.30  1.09 0.067   160.4 from 1431 sources of uvex_6811 r
r1089450.fit  3.98  1.31 0.044    81.5 from 161 sources of uvex_6811 U
r1089451.fit  3.62  1.19 0.057    94.7 from 762 sources of uvex_6811 g
r1089452.fit  3.69  1.22 0.089   145.4 from 1544 sources of uvex_6812o r
r1089453.fit  4.48  1.48 0.052    83.7 from 173 sources of uvex_6812o U
r1089454.fit  3.61  1.19 0.063    90.7 from 1177 sources of uvex_6812o g
r1089455.fit  3.25  1.07 0.054   147.5 from 837 sources of uvex_6813o r
r1089456.fit  4.04  1.33 0.044    87.5 from  70 sources of uvex_6813o U
r1089457.fit  3.51  1.16 0.054    97.2 from 414 sources of uvex_6813o g
r1089458.fit  3.14  1.04 0.064   162.6 from 696 sources of uvex_6814 r
r1089459.fit  4.12  1.36 0.034    85.8 from  65 sources of uvex_6814 U
r1089460.fit  3.32  1.10 0.043    90.8 from 309 sources of uvex_6814 g
r1089461.fit  3.47  1.15 0.063   164.2 from 538 sources of uvex_6815 r
r1089462.fit  4.04  1.33 0.040    87.8 from  44 sources of uvex_6815 U
r1089463.fit  3.75  1.24 0.070    91.1 from 279 sources of uvex_6815 g
r1089464.fit  4.15  1.37 0.105   143.5 from 432 sources of uvex_6815o r
r1089465.fit  4.13  1.36 0.042    86.5 from  40 sources of uvex_6815o U
r1089466.fit  3.47  1.15 0.039    93.3 from 290 sources of uvex_6815o g
r1089467.fit  3.20  1.06 0.055   140.3 from 1531 sources of uvex_6816 r
r1089468.fit  4.11  1.36 0.050    87.9 from 186 sources of uvex_6816 U
r1089469.fit  3.27  1.08 0.054    96.9 from 1044 sources of uvex_6816 g
r1089470.fit  3.41  1.13 0.072   145.3 from 993 sources of uvex_7317 r
r1089471.fit  4.38  1.45 0.069    85.3 from 121 sources of uvex_7317 U
r1089472.fit  3.79  1.25 0.064    96.9 from 564 sources of uvex_7317 g
r1089473.fit  3.58  1.18 0.058   159.6 from 314 sources of uvex_7321 r
r1089474.fit  4.57  1.51 0.051    90.6 from  34 sources of uvex_7321 U
r1089475.fit  3.70  1.22 0.054    99.0 from 129 sources of uvex_7321 g
r1089476.fit  4.16  1.37 0.129   136.6 from 403 sources of uvex_7323o r
r1089477.fit  4.52  1.49 0.064    87.1 from 112 sources of uvex_7323o U
r1089478.fit  3.89  1.28 0.045    96.2 from 638 sources of uvex_7323o g
r1089479.fit  4.16  1.37 0.113   142.9 from 599 sources of uvex_7329 r
r1089480.fit  4.45  1.47 0.055    86.8 from 108 sources of uvex_7329 U
r1089481.fit  3.80  1.25 0.073    96.4 from 554 sources of uvex_7329 g
r1089482.fit  3.34  1.10 0.069   139.1 from 425 sources of uvex_7330 r
r1089483.fit  4.39  1.45 0.061    80.5 from  55 sources of uvex_7330 U
r1089484.fit  3.64  1.20 0.074    99.7 from 176 sources of uvex_7330 g
r1089485.fit  3.74  1.23 0.083   132.8 from 550 sources of uvex_7331o r
r1089486.fit  4.40  1.45 0.051    86.5 from  76 sources of uvex_7331o U
r1089487.fit  3.70  1.22 0.075    86.4 from 363 sources of uvex_7331o g
r1089488.fit  3.69  1.22 0.105   161.4 from 355 sources of uvex_7342 r
r1089489.fit  4.32  1.43 0.036    93.2 from  49 sources of uvex_7342 U
r1089490.fit  3.90  1.29 0.062    99.9 from 175 sources of uvex_7342 g
r1089491.fit  3.57  1.18 0.063   157.7 from 697 sources of uvex_7343 r
r1089492.fit  4.32  1.43 0.046    87.7 from  90 sources of uvex_7343 U
r1089493.fit  3.73  1.23 0.062    95.0 from 440 sources of uvex_7343 g
r1089494.fit  2.74  0.90 0.076    58.1 from  29 sources of bd+284211 r
r1089495.fit  3.58  1.18 0.006    86.9 from   1 sources of bd+284211 U
r1089496.fit  3.25  1.07 0.060    59.5 from  32 sources of bd+284211 g
r1089497.fit  3.69  1.22 0.050   140.0 from 739 sources of uvex_7343o r
r1089498.fit  4.33  1.43 0.052    85.7 from 100 sources of uvex_7343o U
r1089499.fit  3.53  1.16 0.063    89.4 from 505 sources of uvex_7343o g
r1089500.fit  3.41  1.13 0.084   159.9 from 866 sources of uvex_7345 r
r1089501.fit  4.23  1.40 0.044    86.0 from 151 sources of uvex_7345 U
r1089502.fit  3.90  1.29 0.035    96.8 from 520 sources of uvex_7345 g
r1089503.fit  3.25  1.07 0.049   138.8 from 959 sources of uvex_7347 r
r1089504.fit  4.37  1.44 0.044    75.4 from 113 sources of uvex_7347 U
r1089505.fit  3.44  1.14 0.053    83.6 from 580 sources of uvex_7347 g
r1089506.fit  3.24  1.07 0.073   142.2 from 1070 sources of uvex_7357o r
r1089507.fit  4.26  1.41 0.052    79.0 from 146 sources of uvex_7357o U
r1089508.fit  3.39  1.12 0.061    88.7 from 685 sources of uvex_7357o g
r1089509.fit  3.34  1.10 0.077   123.8 from 889 sources of uvex_0099o r
r1089510.fit  4.46  1.47 0.051    81.5 from 116 sources of uvex_0099o U
r1089511.fit  3.73  1.23 0.062    82.8 from 489 sources of uvex_0099o g
r1089512.fit  3.69  1.22 0.090   133.4 from 669 sources of uvex_0102 r
r1089513.fit  4.51  1.49 0.058    84.3 from  42 sources of uvex_0102 U
r1089514.fit  3.58  1.18 0.069    80.7 from 350 sources of uvex_0102 g
r1089515.fit  3.64  1.20 0.070   148.8 from 676 sources of uvex_0102o r
r1089516.fit  4.31  1.42 0.063    85.6 from  47 sources of uvex_0102o U
r1089517.fit  3.55  1.17 0.074    92.1 from 401 sources of uvex_0102o g
r1089518.fit  3.44  1.14 0.095   132.0 from 819 sources of uvex_0104o r
r1089519.fit  4.24  1.40 0.054    81.6 from 107 sources of uvex_0104o U
r1089520.fit  3.48  1.15 0.070    95.2 from 524 sources of uvex_0104o g
r1089521.fit  3.53  1.16 0.095   131.9 from 263 sources of uvex_0114o r
r1089522.fit  4.09  1.35 0.066    83.4 from  52 sources of uvex_0114o U
r1089523.fit  3.70  1.22 0.068    85.7 from 131 sources of uvex_0114o g
r1089524.fit  3.29  1.09 0.070   137.8 from 508 sources of uvex_0116 r
r1089525.fit  4.14  1.37 0.064    85.8 from  54 sources of uvex_0116 U
r1089526.fit  3.62  1.19 0.071    94.3 from 232 sources of uvex_0116 g
r1089527.fit  3.45  1.14 0.113   131.1 from 392 sources of uvex_0116o r
r1089528.fit  4.25  1.40 0.064    86.0 from  45 sources of uvex_0116o U
r1089529.fit  3.55  1.17 0.071    85.1 from 215 sources of uvex_0116o g
r1089530.fit  3.50  1.16 0.080   149.4 from 256 sources of uvex_0129o r
r1089531.fit  4.43  1.46 0.054    87.0 from  39 sources of uvex_0129o U
r1089532.fit  3.71  1.22 0.058    93.5 from 122 sources of uvex_0129o g
r1089533.fit  3.41  1.13 0.048   137.7 from 1003 sources of uvex_0130 r
r1089534.fit  4.33  1.43 0.056    78.4 from 153 sources of uvex_0130 U
r1089535.fit  3.40  1.12 0.059    91.4 from 669 sources of uvex_0130 g
r1089536.fit  3.65  1.20 0.122   130.4 from 848 sources of uvex_0130o r
r1089537.fit  4.26  1.41 0.064    82.2 from 166 sources of uvex_0130o U
r1089538.fit  3.40  1.12 0.059    87.0 from 763 sources of uvex_0130o g
r1089539.fit  3.24  1.07 0.066   125.2 from 938 sources of uvex_0131o r
r1089540.fit  4.06  1.34 0.056    78.8 from  92 sources of uvex_0131o U
r1089541.fit  3.62  1.19 0.076    91.3 from 460 sources of uvex_0131o g
r1089542.fit  3.28  1.08 0.057   124.9 from 304 sources of uvex_0134 r
r1089543.fit  4.32  1.43 0.053    84.2 from  26 sources of uvex_0134 U
r1089544.fit  3.59  1.18 0.066    81.7 from 123 sources of uvex_0134 g
r1089545.fit  3.63  1.20 0.082   114.1 from 277 sources of uvex_0134o r
r1089546.fit  4.26  1.41 0.043    88.8 from  26 sources of uvex_0134o U
r1089547.fit  3.57  1.18 0.062    92.9 from 116 sources of uvex_0134o g
r1089548.fit  3.58  1.18 0.076   127.5 from 261 sources of uvex_0140o r
r1089549.fit  4.24  1.40 0.036    88.0 from  30 sources of uvex_0140o U
r1089550.fit  3.51  1.16 0.048    83.7 from 133 sources of uvex_0140o g
r1089551.fit  3.88  1.28 0.092   139.4 from 329 sources of uvex_0849o r
r1089552.fit  4.39  1.45 0.074    86.7 from  17 sources of uvex_0849o U
r1089553.fit  3.84  1.27 0.072    94.1 from 134 sources of uvex_0849o g
r1089554.fit  3.77  1.24 0.073   146.8 from 562 sources of uvex_0859 r
r1089555.fit  4.86  1.60 0.101    88.0 from  60 sources of uvex_0859 U
r1089556.fit  3.90  1.29 0.072    95.8 from 314 sources of uvex_0859 g
r1089557.fit  3.62  1.19 0.076   123.0 from 597 sources of uvex_0897o r
r1089558.fit  4.63  1.53 0.058    84.3 from  59 sources of uvex_0897o U
r1089559.fit  3.96  1.31 0.058    93.3 from 268 sources of uvex_0897o g
r1089560.fit  3.83  1.26 0.076   139.0 from 453 sources of uvex_0906 r
r1089561.fit  4.49  1.48 0.070    87.9 from  13 sources of uvex_0906 U
r1089562.fit  4.07  1.34 0.074    89.3 from 210 sources of uvex_0906 g
r1089563.fit  3.68  1.21 0.076   137.2 from 663 sources of uvex_0910 r
r1089564.fit  4.91  1.62 0.062    90.2 from  61 sources of uvex_0910 U
r1089565.fit  4.03  1.33 0.079    88.8 from 390 sources of uvex_0910 g
r1089566.fit  3.93  1.30 0.082   150.5 from 499 sources of uvex_0916 r
r1089567.fit  4.89  1.61 0.058    89.2 from  65 sources of uvex_0916 U
r1089568.fit  3.96  1.31 0.064    92.0 from 349 sources of uvex_0916 g
r1089569.fit  3.69  1.22 0.073   145.6 from 587 sources of uvex_0916o r
r1089570.fit  4.60  1.52 0.060    88.8 from  60 sources of uvex_0916o U
r1089571.fit  4.12  1.36 0.057    99.3 from 308 sources of uvex_0916o g
r1089572.fit  3.89  1.28 0.114   141.4 from 366 sources of uvex_0917o r
r1089573.fit  4.45  1.47 0.082    86.4 from  39 sources of uvex_0917o U
r1089574.fit  3.78  1.25 0.082    93.4 from 191 sources of uvex_0917o g
r1089575.fit  3.63  1.20 0.079   122.9 from 459 sources of uvex_0919 r
r1089576.fit  4.39  1.45 0.053    88.9 from  62 sources of uvex_0919 U
r1089577.fit  3.86  1.27 0.062    89.0 from 219 sources of uvex_0919 g
r1089578.fit  3.73  1.23 0.095   126.4 from 460 sources of uvex_0919o r
r1089579.fit  4.54  1.50 0.065    89.0 from  78 sources of uvex_0919o U
r1089580.fit  3.74  1.23 0.075    88.9 from 267 sources of uvex_0919o g
r1089581.fit  4.12  1.36 0.123    67.5 from  49 sources of hz4 r
r1089582.fit  5.02  1.66 0.089    59.0 from  32 sources of hz4 U
r1089583.fit  4.26  1.41 0.086    35.8 from  42 sources of hz4 g
r1089584.fit  3.36  1.11 0.073   130.9 from 630 sources of uvex_0920 r
r1089585.fit  4.28  1.41 0.075    85.3 from  67 sources of uvex_0920 U
r1089586.fit  3.79  1.25 0.052    86.6 from 339 sources of uvex_0920 g
r1089587.fit  3.61  1.19 0.098   130.5 from 587 sources of uvex_0931 r
r1089588.fit  5.03  1.66 0.076    85.8 from  50 sources of uvex_0931 U
r1089589.fit  3.77  1.24 0.059    87.9 from 339 sources of uvex_0931 g
r1089590.fit  3.93  1.30 0.107   134.7 from 418 sources of uvex_0931o r
r1089591.fit  4.38  1.45 0.052    83.6 from  41 sources of uvex_0931o U
r1089592.fit  3.58  1.18 0.059    89.8 from 335 sources of uvex_0931o g
r1089593.fit  3.62  1.19 0.054   135.9 from 501 sources of uvex_0933o r
r1089594.fit  4.42  1.46 0.046    85.3 from  55 sources of uvex_0933o U
r1089595.fit  3.97  1.31 0.058    87.3 from 246 sources of uvex_0933o g
r1089596.fit  3.45  1.14 0.072   125.9 from 527 sources of uvex_0937 r
r1089597.fit  4.28  1.41 0.060    84.5 from  38 sources of uvex_0937 U
r1089598.fit  3.35  1.11 0.052    88.7 from 306 sources of uvex_0937 g
r1089599.fit  4.38  1.45 0.132   140.8 from  82 sources of uvex_0937o r
r1089600.fit  4.01  1.32 0.059    81.6 from  35 sources of uvex_0937o U
r1089601.fit  3.61  1.19 0.051    88.0 from 273 sources of uvex_0937o g
r1089602.fit  3.38  1.12 0.064   119.6 from 839 sources of uvex_0939 r
r1089603.fit  4.08  1.35 0.069    79.3 from  88 sources of uvex_0939 U
r1089604.fit  3.51  1.16 0.070    87.9 from 512 sources of uvex_0939 g
r1089605.fit  4.36  1.44 0.089   109.9 from 495 sources of uvex_2302o r
r1089606.fit  4.93  1.63 0.086    69.8 from  87 sources of uvex_2302o U
r1089607.fit  4.17  1.38 0.079    73.6 from 353 sources of uvex_2302o g
r1089608.fit  4.05  1.34 0.056   125.7 from 637 sources of uvex_2311 r
r1089609.fit  5.15  1.70 0.075    65.0 from  99 sources of uvex_2311 U
r1089610.fit  4.32  1.43 0.063    80.5 from 376 sources of uvex_2311 g
r1089611.fit  4.07  1.34 0.091   120.8 from 579 sources of uvex_2311o r
r1089612.fit  5.34  1.76 0.077    68.8 from  83 sources of uvex_2311o U
r1089613.fit  5.01  1.65 0.082    74.8 from 281 sources of uvex_2311o g
r1089614.fit  4.17  1.38 0.099   124.4 from 529 sources of uvex_2316 r
r1089615.fit  5.62  1.85 0.077    69.0 from  85 sources of uvex_2316 U
r1089616.fit  4.85  1.60 0.079    82.5 from 301 sources of uvex_2316 g
r1089617.fit  4.34  1.43 0.078   130.6 from 470 sources of uvex_2316o r
r1089618.fit  5.56  1.83 0.098    65.4 from  67 sources of uvex_2316o U
r1089619.fit  4.39  1.45 0.085    76.6 from 317 sources of uvex_2316o g
r1089620.fit  3.97  1.31 0.098   145.3 from 655 sources of uvex_2317 r
r1089621.fit  5.78  1.91 0.096    94.2 from  81 sources of uvex_2317 U
r1089622.fit  4.44  1.47 0.079   112.2 from 456 sources of uvex_2317 g
r1089623.fit  4.27  1.41 0.104   142.0 from 555 sources of uvex_2317o r
r1089624.fit  5.74  1.89 0.095    91.1 from  88 sources of uvex_2317o U
r1089625.fit  4.46  1.47 0.090   111.1 from 461 sources of uvex_2317o g
r1089626.fit  4.39  1.45 0.071   135.9 from 592 sources of uvex_2319 r
r1089627.fit  5.49  1.81 0.080    89.4 from 103 sources of uvex_2319 U
r1089628.fit  4.44  1.47 0.076    91.1 from 394 sources of uvex_2319 g
r1089629.fit  4.29  1.42 0.099   134.6 from 561 sources of uvex_2319o r
r1089630.fit  5.55  1.83 0.070    86.6 from  98 sources of uvex_2319o U
r1089631.fit  4.47  1.48 0.067    91.8 from 412 sources of uvex_2319o g
r1089632.fit  4.14  1.37 0.098   123.5 from 494 sources of uvex_2320 r
r1089633.fit  5.56  1.83 0.099    62.0 from  84 sources of uvex_2320 U
r1089634.fit  4.49  1.48 0.084    70.8 from 329 sources of uvex_2320 g
r1089635.fit  4.47  1.48 0.077   135.2 from 502 sources of uvex_2320o r
r1089636.fit  5.22  1.72 0.082    62.4 from  89 sources of uvex_2320o U
r1089637.fit  4.36  1.44 0.091    83.7 from 344 sources of uvex_2320o g
r1089638.fit  4.02  1.33 0.087   148.9 from 686 sources of uvex_2322 r
r1089639.fit  5.53  1.82 0.076    92.6 from  89 sources of uvex_2322 U
r1089640.fit  4.34  1.43 0.072    98.6 from 437 sources of uvex_2322 g
r1089641.fit  4.55  1.50 0.125   159.0 from 362 sources of uvex_2322o r
r1089642.fit  5.52  1.82 0.074    82.1 from  95 sources of uvex_2322o U
r1089643.fit  4.45  1.47 0.087    97.4 from 435 sources of uvex_2322o g
r1089644.fit  4.22  1.39 0.072   169.3 from 560 sources of uvex_2324 r
r1089645.fit  5.34  1.76 0.086    93.0 from 112 sources of uvex_2324 U
r1089646.fit  4.43  1.46 0.071   113.7 from 367 sources of uvex_2324 g
r1089647.fit  3.75  1.24 0.060    70.7 from  70 sources of hz4 r
r1089648.fit  4.91  1.62 0.084    64.1 from  34 sources of hz4 U
r1089649.fit  3.83  1.26 0.056    42.6 from  54 sources of hz4 g
r1089650.fit  4.06  1.34 0.074   300.5 from 132 sources of 2001HW7
r1089652.fit  3.41  1.13 0.126   790.9 from 133 sources of 2001HW7
r1089653.fit  4.18  1.38 0.063   883.8 from  15 sources of 2001HW7
r1089654.fit  3.91  1.29 0.083   870.6 from  19 sources of 2001HW7
r1089655.fit  3.71  1.22 0.127   869.9 from  24 sources of 2001HW7
r1089656.fit  3.74  1.23 0.121   853.4 from 161 sources of 2001HW7
r1089657.fit  4.03  1.33 0.133   855.6 from  50 sources of 2001HW7
r1089658.fit  4.02  1.33 0.135   862.3 from 103 sources of 2001HW7
r1089659.fit  3.77  1.24 0.111   862.6 from 155 sources of 2001HW7
r1089660.fit  4.10  1.35 0.103   837.5 from 431 sources of 2001NJ6
r1089661.fit  3.93  1.30 0.097   842.6 from 466 sources of 2001NJ6
r1089662.fit  3.86  1.27 0.086   841.6 from 484 sources of 2001NJ6
r1089663.fit  3.68  1.21 0.074   844.0 from 496 sources of 2001NJ6
r1089664.fit  3.91  1.29 0.088   845.9 from 474 sources of 2001NJ6
r1089665.fit  4.04  1.33 0.069   847.7 from 463 sources of 2001NJ6
r1089666.fit  4.02  1.33 0.060   850.5 from 464 sources of 2001NJ6
r1089667.fit  4.02  1.33 0.066   825.2 from 464 sources of 2001NJ6
r1089668.fit  4.25  1.40 0.090   228.2 from 335 sources of 2005UP64
r1089669.fit  5.03  1.66 0.138   757.0 from  48 sources of 2005UP64
r1089670.fit  4.37  1.44 0.080   723.1 from 326 sources of 2005UP64
r1089671.fit  3.94  1.30 0.052   726.1 from 356 sources of 2005UP64
r1089672.fit  4.24  1.40 0.074   730.9 from 341 sources of 2005UP64
r1089673.fit  4.65  1.53 0.069   664.2 from 305 sources of 2005UP64
r1089674.fit  4.97  1.64 0.115  1039.0 from 238 sources of 2007TG15
r1089675.fit  4.87  1.61 0.117   985.2 from 253 sources of 2007TG15
r1089676.fit  5.38  1.78 0.127  1090.5 from 221 sources of 2007TG15
r1089677.fit  5.33  1.76 0.134  1078.7 from 157 sources of 2007TG15
r1089678.fit  5.24  1.73 0.093  1176.0 from 254 sources of 2007TG15
r1089679.fit  5.30  1.75 0.086  1237.1 from 249 sources of 2007TG15
r1089680.fit  4.65  1.53 0.123   691.2 from  44 sources of uvex_3041o r
r1089681.fit  5.26  1.74 0.090   459.3 from 133 sources of uvex_3041o U
r1089682.fit  4.32  1.43 0.068  1060.3 from 483 sources of uvex_3041o g
r1089684.fit  3.86  1.27 0.100   947.9 from 602 sources of uvex_3048 r
r1089686.fit  4.84  1.60 0.086  1201.5 from 109 sources of uvex_3048 U
r1089687.fit  4.03  1.33 0.081  2665.8 from 423 sources of uvex_3048 g
r1089688.fit is not a target (SKY)
r1089689.fit is not a target (SKY)
r1089690.fit is not a target (SKY)
r1089691.fit is not a target (SKY)
r1089692.fit is not a target (SKY)
r1089693.fit is not a target (SKY)
r1089694.fit is not a target (SKY)
r1089695.fit is not a target (SKY)
r1089696.fit is not a target (SKY)
r1089697.fit is not a target (SKY)
r1089698.fit is not a target (SKY)
r1089699.fit is not a target (SKY)
r1089700.fit is not a target (SKY)
r1089701.fit is not a target (SKY)
r1089702.fit is not a target (SKY)
r1089703.fit is not a target (SKY)
r1089704.fit is not a target (SKY)
r1089705.fit is not a target (SKY)
r1089706.fit is not a target (SKY)
