r1156575.fit is not a target (BIAS)
r1156576.fit is not a target (BIAS)
r1156577.fit is not a target (BIAS)
r1156578.fit is not a target (BIAS)
r1156579.fit is not a target (BIAS)
r1156580.fit is not a target (BIAS)
r1156581.fit is not a target (BIAS)
r1156582.fit is not a target (BIAS)
r1156583.fit is not a target (BIAS)
r1156584.fit is not a target (BIAS)
r1156585.fit is not a target (BIAS)
r1156586.fit is not a target (SKY)
r1156587.fit is not a target (SKY)
r1156588.fit is not a target (SKY)
r1156589.fit is not a target (SKY)
r1156590.fit is not a target (SKY)
r1156591.fit is not a target (SKY)
r1156592.fit is not a target (SKY)
r1156593.fit is not a target (SKY)
r1156594.fit is not a target (SKY)
r1156595.fit is not a target (SKY)
r1156596.fit is not a target (SKY)
r1156597.fit is not a target (SKY)
r1156598.fit is not a target (SKY)
r1156599.fit is not a target (SKY)
r1156600.fit is not a target (SKY)
r1156601.fit is not a target (SKY)
r1156602.fit  3.38  1.12 0.031   601.7 from  49 sources of SA112-250 r
r1156603.fit  4.18  1.38 0.044   687.4 from  23 sources of SA112-250 U
r1156604.fit  4.20  1.39 0.075   500.2 from  29 sources of SA112-250 g
r1156605.fit  3.65  1.20 0.087  1811.8 from 820 sources of uvex_5719o r
r1156606.fit  4.06  1.34 0.070   946.5 from 107 sources of uvex_5719o U
r1156607.fit  3.46  1.14 0.086  1213.9 from 447 sources of uvex_5719o g
r1156608.fit  3.08  1.02 0.083   900.9 from 435 sources of uvex_5720 r
r1156609.fit  3.92  1.29 0.083   458.8 from  82 sources of uvex_5720 U
r1156610.fit  3.64  1.20 0.087   514.6 from 220 sources of uvex_5720 g
r1156611.fit  3.28  1.08 0.077   460.8 from 442 sources of uvex_5720o r
r1156612.fit  4.19  1.38 0.107   254.4 from  80 sources of uvex_5720o U
r1156613.fit  3.62  1.19 0.117   278.8 from 190 sources of uvex_5720o g
r1156614.fit  3.37  1.11 0.108   281.9 from 505 sources of uvex_5723 r
r1156615.fit  4.42  1.46 0.070   165.7 from 107 sources of uvex_5723 U
r1156616.fit  4.06  1.34 0.060   167.6 from 230 sources of uvex_5723 g
r1156617.fit  3.34  1.10 0.053   217.0 from 527 sources of uvex_5725 r
r1156618.fit  4.01  1.32 0.092   130.0 from 119 sources of uvex_5725 U
r1156619.fit  3.19  1.05 0.082   137.0 from 334 sources of uvex_5725 g
r1156620.fit  3.12  1.03 0.114   183.7 from 531 sources of uvex_5751 r
r1156621.fit  3.66  1.21 0.096   101.4 from 110 sources of uvex_5751 U
r1156622.fit  3.20  1.06 0.057   119.6 from 295 sources of uvex_5751 g
r1156623.fit  2.91  0.96 0.106   161.0 from 846 sources of uvex_5857o r
r1156624.fit  3.37  1.11 0.060   101.2 from 170 sources of uvex_5857o U
r1156625.fit  3.11  1.03 0.058   114.1 from 485 sources of uvex_5857o g
r1156626.fit  3.01  0.99 0.072   159.5 from 554 sources of uvex_5932 r
r1156627.fit  3.75  1.24 0.081    98.2 from 124 sources of uvex_5932 U
r1156628.fit  3.64  1.20 0.088   107.8 from 280 sources of uvex_5932 g
r1156629.fit  3.21  1.06 0.069   144.0 from 393 sources of uvex_5933 r
r1156630.fit  3.83  1.26 0.052    92.7 from 138 sources of uvex_5933 U
r1156631.fit  3.25  1.07 0.072    97.0 from 253 sources of uvex_5933 g
r1156632.fit  3.23  1.07 0.096   157.5 from 363 sources of uvex_5933o r
r1156633.fit  3.94  1.30 0.107    95.3 from 115 sources of uvex_5933o U
r1156634.fit  3.36  1.11 0.084    99.3 from 239 sources of uvex_5933o g
r1156635.fit  3.28  1.08 0.103   163.0 from 900 sources of uvex_5960o r
r1156636.fit  3.31  1.09 0.068    88.6 from 219 sources of uvex_5960o U
r1156637.fit  3.04  1.00 0.083    99.2 from 656 sources of uvex_5960o g
r1156638.fit  3.02  1.00 0.085   142.4 from 1068 sources of uvex_5995o r
r1156639.fit  3.71  1.22 0.079    95.7 from 163 sources of uvex_5995o U
r1156640.fit  3.66  1.21 0.064    98.2 from 561 sources of uvex_5995o g
r1156641.fit  3.10  1.02 0.079   159.8 from 518 sources of uvex_5999 r
r1156642.fit  3.61  1.19 0.083    94.2 from 148 sources of uvex_5999 U
r1156643.fit  3.20  1.06 0.051    98.1 from 312 sources of uvex_5999 g
r1156644.fit  2.89  0.95 0.045   156.3 from 385 sources of uvex_6004o r
r1156645.fit  3.48  1.15 0.054    86.2 from 105 sources of uvex_6004o U
r1156646.fit  2.95  0.97 0.071    99.1 from 208 sources of uvex_6004o g
r1156647.fit  3.11  1.03 0.054   152.5 from 1185 sources of uvex_6005 r
r1156648.fit  3.60  1.19 0.049    90.1 from 248 sources of uvex_6005 U
r1156649.fit  3.47  1.15 0.056    98.3 from 697 sources of uvex_6005 g
r1156650.fit  3.27  1.08 0.058   161.7 from 1130 sources of uvex_6005o r
r1156651.fit  3.87  1.28 0.095    91.1 from 221 sources of uvex_6005o U
r1156652.fit  2.85  0.94 0.065    99.5 from 889 sources of uvex_6005o g
r1156653.fit  2.89  0.95 0.107   150.3 from 1049 sources of uvex_6026o r
r1156654.fit  3.53  1.16 0.091    91.2 from 210 sources of uvex_6026o U
r1156655.fit  3.15  1.04 0.074    96.8 from 660 sources of uvex_6026o g
r1156656.fit  3.04  1.00 0.096   149.7 from 1083 sources of uvex_6034 r
r1156657.fit  3.77  1.24 0.102    89.2 from 230 sources of uvex_6034 U
r1156658.fit  3.22  1.06 0.075    88.1 from 768 sources of uvex_6034 g
r1156659.fit  3.57  1.18 0.121   155.2 from 587 sources of uvex_6040 r
r1156660.fit  3.52  1.16 0.072    90.3 from 206 sources of uvex_6040 U
r1156661.fit  3.33  1.10 0.079    97.1 from 553 sources of uvex_6040 g
r1156662.fit  3.07  1.01 0.070   145.6 from 903 sources of uvex_6040o r
r1156663.fit  3.44  1.14 0.074    89.5 from 195 sources of uvex_6040o U
r1156664.fit  3.37  1.11 0.064    96.7 from 531 sources of uvex_6040o g
r1156665.fit  3.02  1.00 0.057   161.2 from 302 sources of uvex_6047 r
r1156666.fit  3.54  1.17 0.103    83.6 from  89 sources of uvex_6047 U
r1156667.fit  3.08  1.02 0.075    92.1 from 194 sources of uvex_6047 g
r1156668.fit  3.77  1.24 0.101   151.8 from 653 sources of uvex_7561 r
r1156669.fit  4.09  1.35 0.061    96.2 from 144 sources of uvex_7561 U
r1156670.fit  3.43  1.13 0.054   109.1 from 441 sources of uvex_7561 g
r1156671.fit  3.66  1.21 0.128   148.0 from 502 sources of uvex_7561o r
r1156672.fit  3.86  1.27 0.068    96.6 from 133 sources of uvex_7561o U
r1156673.fit  3.67  1.21 0.070    99.2 from 404 sources of uvex_7561o g
r1156674.fit  3.03  1.00 0.078   140.6 from 1212 sources of uvex_7323 r
r1156675.fit  3.80  1.25 0.040    95.6 from 200 sources of uvex_7323 U
r1156676.fit  3.25  1.07 0.054    98.5 from 801 sources of uvex_7323 g
r1156677.fit  3.36  1.11 0.057   143.7 from 354 sources of uvex_7350o r
r1156678.fit  3.81  1.26 0.068    95.8 from  74 sources of uvex_7350o U
r1156679.fit  3.32  1.10 0.062   107.2 from 208 sources of uvex_7350o g
r1156680.fit  3.35  1.11 0.062   137.1 from 779 sources of uvex_7438o r
r1156681.fit  3.58  1.18 0.064    96.8 from 169 sources of uvex_7438o U
r1156682.fit  3.54  1.17 0.058   106.8 from 455 sources of uvex_7438o g
r1156683.fit  3.32  1.10 0.077   140.0 from 501 sources of uvex_7439 r
r1156684.fit  3.70  1.22 0.061    94.4 from  83 sources of uvex_7439 U
r1156685.fit  3.51  1.16 0.073   103.2 from 248 sources of uvex_7439 g
r1156686.fit  3.31  1.09 0.066   149.5 from 475 sources of uvex_7439o r
r1156687.fit  3.70  1.22 0.049    97.9 from  78 sources of uvex_7439o U
r1156688.fit  3.31  1.09 0.045   105.4 from 220 sources of uvex_7439o g
r1156689.fit  3.47  1.15 0.051   137.7 from 277 sources of uvex_7560 r
r1156690.fit  4.10  1.35 0.058    98.4 from  45 sources of uvex_7560 U
r1156691.fit  3.79  1.25 0.053   100.3 from 115 sources of uvex_7560 g
r1156692.fit  3.68  1.21 0.083   150.0 from 269 sources of uvex_7560o r
r1156693.fit  4.08  1.35 0.046    88.1 from  50 sources of uvex_7560o U
r1156694.fit  3.73  1.23 0.057   106.4 from 127 sources of uvex_7560o g
r1156695.fit  3.47  1.15 0.057   144.9 from 656 sources of uvex_7562 r
r1156696.fit  3.89  1.28 0.044    94.8 from 100 sources of uvex_7562 U
r1156697.fit  3.57  1.18 0.059   106.9 from 319 sources of uvex_7562 g
r1156698.fit  3.80  1.25 0.063   142.8 from 335 sources of uvex_7565 r
r1156699.fit  4.10  1.35 0.035    87.9 from  59 sources of uvex_7565 U
r1156700.fit  3.57  1.18 0.047    94.3 from 161 sources of uvex_7565 g
r1156701.fit  3.85  1.27 0.074   146.2 from 292 sources of uvex_7565o r
r1156702.fit  4.25  1.40 0.048    97.7 from  47 sources of uvex_7565o U
r1156703.fit  3.68  1.21 0.045    96.6 from 148 sources of uvex_7565o g
r1156704.fit  3.85  1.27 0.068   155.0 from 436 sources of uvex_7567o r
r1156705.fit  4.21  1.39 0.052    95.2 from  68 sources of uvex_7567o U
r1156706.fit  3.46  1.14 0.069   104.2 from 277 sources of uvex_7567o g
r1156707.fit  3.43  1.13 0.091   161.5 from 161 sources of uvex_0343o r
r1156708.fit  4.26  1.41 0.083    96.4 from  33 sources of uvex_0343o U
r1156709.fit  3.80  1.25 0.058   104.7 from  68 sources of uvex_0343o g
r1156710.fit  3.40  1.12 0.064   149.1 from 869 sources of uvex_0344 r
r1156711.fit  3.83  1.26 0.056    97.7 from 155 sources of uvex_0344 U
r1156712.fit  3.43  1.13 0.070   107.7 from 570 sources of uvex_0344 g
r1156713.fit  4.00  1.32 0.096   145.2 from 691 sources of uvex_0344o r
r1156714.fit  3.65  1.20 0.066    96.1 from 148 sources of uvex_0344o U
r1156715.fit  3.77  1.24 0.067    98.1 from 467 sources of uvex_0344o g
r1156716.fit  3.18  1.05 0.074   135.7 from 638 sources of uvex_0345 r
r1156717.fit  3.94  1.30 0.076   100.1 from  97 sources of uvex_0345 U
r1156718.fit  3.49  1.15 0.083   107.2 from 320 sources of uvex_0345 g
r1156719.fit  3.27  1.08 0.080   141.0 from 872 sources of uvex_0329 r
r1156720.fit  3.76  1.24 0.065    79.5 from 162 sources of uvex_0329 U
r1156721.fit  3.50  1.16 0.064    97.4 from 506 sources of uvex_0329 g
r1156722.fit  3.38  1.12 0.068   141.2 from 866 sources of uvex_0330 r
r1156723.fit  4.03  1.33 0.078    97.7 from 142 sources of uvex_0330 U
r1156724.fit  3.41  1.13 0.048   102.1 from 595 sources of uvex_0330 g
r1156725.fit  3.32  1.10 0.109   151.7 from 482 sources of uvex_0338 r
r1156726.fit  4.02  1.33 0.085    96.5 from  66 sources of uvex_0338 U
r1156727.fit  3.64  1.20 0.103   106.0 from 227 sources of uvex_0338 g
r1156728.fit  3.58  1.18 0.128   155.1 from 323 sources of uvex_0338o r
r1156729.fit  3.94  1.30 0.074    96.9 from  70 sources of uvex_0338o U
r1156730.fit  3.80  1.25 0.124   106.0 from 177 sources of uvex_0338o g
r1156731.fit  3.51  1.16 0.103   146.5 from 701 sources of uvex_0351 r
r1156732.fit  3.79  1.25 0.059    97.9 from  91 sources of uvex_0351 U
r1156733.fit  3.43  1.13 0.045   100.0 from 422 sources of uvex_0351 g
r1156734.fit  3.77  1.24 0.110   142.6 from 540 sources of uvex_0351o r
r1156735.fit  3.85  1.27 0.064    95.6 from  79 sources of uvex_0351o U
r1156736.fit  3.63  1.20 0.038    98.5 from 326 sources of uvex_0351o g
r1156737.fit  3.54  1.17 0.039   156.0 from 401 sources of uvex_0352 r
r1156738.fit  4.09  1.35 0.060    98.4 from  33 sources of uvex_0352 U
r1156739.fit  3.61  1.19 0.059   105.5 from 134 sources of uvex_0352 g
r1156740.fit  3.72  1.23 0.064   162.2 from 364 sources of uvex_0352o r
r1156741.fit  4.03  1.33 0.040    97.8 from  34 sources of uvex_0352o U
r1156742.fit  3.60  1.19 0.056   105.1 from 149 sources of uvex_0352o g
r1156743.fit  3.37  1.11 0.078   143.0 from 861 sources of uvex_0354 r
r1156744.fit  4.30  1.42 0.055    98.6 from 124 sources of uvex_0354 U
r1156745.fit  3.79  1.25 0.062   104.0 from 557 sources of uvex_0354 g
r1156746.fit  3.49  1.15 0.065    26.3 from  20 sources of FEIGE22 r
r1156747.fit  3.73  1.23 0.084    16.4 from  10 sources of FEIGE22 U
r1156748.fit  3.37  1.11 0.027    17.4 from  15 sources of FEIGE22 g
r1156749.fit  3.61  1.19 0.089   142.7 from 719 sources of uvex_0354o r
r1156750.fit  3.84  1.27 0.045    90.8 from 140 sources of uvex_0354o U
r1156751.fit  3.75  1.24 0.070    99.0 from 486 sources of uvex_0354o g
r1156752.fit  3.52  1.16 0.059   157.2 from 664 sources of uvex_0355o r
r1156753.fit  3.90  1.29 0.034    93.8 from 126 sources of uvex_0355o U
r1156754.fit  3.35  1.11 0.040    96.7 from 437 sources of uvex_0355o g
r1156755.fit  3.49  1.15 0.059   152.0 from 744 sources of uvex_0356 r
r1156756.fit  3.77  1.24 0.036    91.1 from 161 sources of uvex_0356 U
r1156757.fit  3.49  1.15 0.045   108.1 from 497 sources of uvex_0356 g
r1156758.fit  3.35  1.11 0.067   142.7 from 802 sources of uvex_0356o r
r1156759.fit  3.92  1.29 0.041    98.2 from 145 sources of uvex_0356o U
r1156760.fit  3.53  1.16 0.048    99.8 from 500 sources of uvex_0356o g
r1156761.fit  3.07  1.01 0.050   148.5 from 963 sources of uvex_0357 r
r1156762.fit  3.82  1.26 0.058   100.9 from 116 sources of uvex_0357 U
r1156763.fit  3.62  1.19 0.055    94.8 from 491 sources of uvex_0357 g
r1156764.fit  3.37  1.11 0.084   142.4 from 868 sources of uvex_0357o r
r1156765.fit  3.72  1.23 0.055    98.6 from 147 sources of uvex_0357o U
r1156766.fit  3.33  1.10 0.063   103.3 from 597 sources of uvex_0357o g
r1156767.fit  3.19  1.05 0.052   155.4 from 396 sources of uvex_0358 r
r1156768.fit  3.79  1.25 0.050    88.4 from  58 sources of uvex_0358 U
r1156769.fit  3.57  1.18 0.055   104.0 from 172 sources of uvex_0358 g
r1156770.fit  3.09  1.02 0.065   133.6 from 351 sources of uvex_0358o r
r1156771.fit  3.89  1.28 0.037    96.9 from  55 sources of uvex_0358o U
r1156772.fit  3.37  1.11 0.049   101.9 from 150 sources of uvex_0358o g
r1156773.fit  3.20  1.06 0.050   154.0 from 953 sources of uvex_0360o r
r1156774.fit  4.03  1.33 0.037   103.5 from 149 sources of uvex_0360o U
r1156775.fit  3.39  1.12 0.054   108.6 from 539 sources of uvex_0360o g
r1156776.fit  3.28  1.08 0.054   152.9 from 862 sources of uvex_0477o r
r1156777.fit  4.01  1.32 0.047   102.1 from 133 sources of uvex_0477o U
r1156778.fit  3.53  1.16 0.068   111.7 from 482 sources of uvex_0477o g
r1156779.fit  3.59  1.18 0.055   148.8 from 571 sources of uvex_0478 r
r1156780.fit  4.18  1.38 0.040    97.4 from  76 sources of uvex_0478 U
r1156781.fit  4.40  1.45 0.048    99.3 from 219 sources of uvex_0478 g
r1156782.fit  3.24  1.07 0.069   136.9 from 600 sources of uvex_0486o r
r1156783.fit  3.96  1.31 0.062    92.8 from  49 sources of uvex_0486o U
r1156784.fit  3.45  1.14 0.059   103.5 from 280 sources of uvex_0486o g
r1156785.fit  3.08  1.02 0.054   148.0 from 503 sources of uvex_0495 r
r1156786.fit  3.80  1.25 0.047    94.6 from  32 sources of uvex_0495 U
r1156787.fit  3.31  1.09 0.049    99.1 from 189 sources of uvex_0495 g
r1156788.fit  3.05  1.01 0.061   144.7 from 568 sources of uvex_0562 r
r1156789.fit  3.92  1.29 0.035    97.4 from  84 sources of uvex_0562 U
r1156790.fit  3.32  1.10 0.050   104.1 from 303 sources of uvex_0562 g
r1156791.fit  3.05  1.01 0.057   141.4 from 443 sources of uvex_0579o r
r1156792.fit  3.84  1.27 0.049    96.9 from  31 sources of uvex_0579o U
r1156793.fit  3.79  1.25 0.036    98.8 from 125 sources of uvex_0579o g
r1156794.fit  3.35  1.11 0.053   139.7 from 758 sources of uvex_0582o r
r1156795.fit  3.84  1.27 0.056    89.0 from 105 sources of uvex_0582o U
r1156796.fit  3.30  1.09 0.053    96.2 from 461 sources of uvex_0582o g
r1156797.fit  2.88  0.95 0.058   137.0 from 962 sources of uvex_0587o r
r1156798.fit  4.07  1.34 0.057    92.1 from 121 sources of uvex_0587o U
r1156799.fit  3.47  1.15 0.045   104.9 from 481 sources of uvex_0587o g
r1156800.fit  3.34  1.10 0.056   150.0 from 369 sources of uvex_0689 r
r1156801.fit  4.11  1.36 0.048    97.8 from  27 sources of uvex_0689 U
r1156802.fit  3.36  1.11 0.058    99.4 from 149 sources of uvex_0689 g
r1156803.fit  3.42  1.13 0.060   148.2 from 423 sources of uvex_0744 r
r1156804.fit  3.85  1.27 0.052    98.5 from  56 sources of uvex_0744 U
r1156805.fit  3.53  1.16 0.054   104.4 from 194 sources of uvex_0744 g
r1156806.fit  3.28  1.08 0.057   139.8 from 446 sources of uvex_0744o r
r1156807.fit  4.06  1.34 0.054    98.6 from  56 sources of uvex_0744o U
r1156808.fit  3.46  1.14 0.054    95.0 from 214 sources of uvex_0744o g
r1156809.fit  3.43  1.13 0.069   131.7 from 417 sources of uvex_0816o r
r1156810.fit  4.15  1.37 0.042    99.2 from  47 sources of uvex_0816o U
r1156811.fit  4.02  1.33 0.083   103.6 from 133 sources of uvex_0816o g
r1156812.fit  4.15  1.37 0.122   249.0 from  68 sources of 2004RW10L
r1156813.fit  3.65  1.20 0.090   236.2 from  78 sources of 2004RW10L
r1156814.fit  3.64  1.20 0.107   250.7 from  77 sources of 2004RW10L
r1156815.fit  3.55  1.17 0.099   253.4 from  85 sources of 2004RW10L
r1156816.fit  3.83  1.26 0.122   256.0 from  73 sources of 2004RW10L
r1156817.fit  3.76  1.24 0.121   255.8 from  78 sources of 2004RW10L
r1156818.fit  3.61  1.19 0.063   255.3 from  82 sources of 2004RW10L
r1156819.fit  4.27  1.41 0.133   255.9 from  55 sources of 2004RW10L
r1156820.fit  3.48  1.15 0.066   257.3 from  86 sources of 2004RW10L
r1156821.fit  3.44  1.14 0.097   257.2 from  82 sources of 2004RW10L
r1156822.fit  4.07  1.34 0.124   140.8 from 196 sources of uvex_3147o r
r1156823.fit  4.28  1.41 0.026    70.4 from  10 sources of uvex_3147o U
r1156824.fit  4.17  1.38 0.122    83.0 from 124 sources of uvex_3147o g
r1156825.fit  4.08  1.35 0.123   143.5 from 332 sources of uvex_3168o r
r1156826.fit  5.11  1.69 0.118    70.5 from  28 sources of uvex_3168o U
r1156827.fit  4.26  1.41 0.131    78.5 from 271 sources of uvex_3168o g
r1156828.fit  4.23  1.40 0.114   136.4 from 514 sources of uvex_3212 r
r1156829.fit  4.70  1.55 0.128    66.0 from  61 sources of uvex_3212 U
r1156830.fit  3.91  1.29 0.108    76.8 from 428 sources of uvex_3212 g
r1156831.fit  4.54  1.50 0.127   143.0 from 118 sources of uvex_3212o r
r1156832.fit  4.55  1.50 0.122    65.6 from  75 sources of uvex_3212o U
r1156833.fit  3.91  1.29 0.105    82.2 from 397 sources of uvex_3212o g
r1156834.fit  3.93  1.30 0.084   135.5 from 393 sources of uvex_3214 r
r1156835.fit  5.34  1.76 0.120    68.6 from  64 sources of uvex_3214 U
r1156836.fit  4.31  1.42 0.092    82.3 from 255 sources of uvex_3214 g
r1156837.fit  4.35  1.44 0.134   134.8 from 181 sources of uvex_3214o r
r1156838.fit  5.23  1.73 0.125    68.3 from  45 sources of uvex_3214o U
r1156839.fit  4.24  1.40 0.127    83.3 from 203 sources of uvex_3214o g
r1156840.fit  4.73  1.56 0.130   143.1 from  43 sources of uvex_3248 r
r1156841.fit  4.68  1.54 0.126    73.2 from 100 sources of uvex_3248 U
r1156842.fit  4.04  1.33 0.108    82.2 from 372 sources of uvex_3248 g
r1156843.fit  3.97  1.31 0.126   134.8 from 448 sources of uvex_3248o r
r1156844.fit  4.81  1.59 0.130    73.0 from  68 sources of uvex_3248o U
r1156845.fit  4.49  1.48 0.125    82.5 from 121 sources of uvex_3248o g
r1156846.fit  3.83  1.26 0.122   134.5 from 349 sources of uvex_3256 r
r1156847.fit  4.40  1.45 0.114    71.5 from  76 sources of uvex_3256 U
r1156848.fit  4.19  1.38 0.118    83.7 from 218 sources of uvex_3256 g
r1156849.fit  3.77  1.24 0.120   135.5 from 387 sources of uvex_3256o r
r1156850.fit  4.74  1.56 0.114    73.5 from  76 sources of uvex_3256o U
r1156851.fit  4.29  1.42 0.077    81.8 from 269 sources of uvex_3256o g
r1156852.fit  4.36  1.44 0.099   130.3 from 565 sources of uvex_3282 r
r1156853.fit  5.07  1.67 0.114    75.0 from  83 sources of uvex_3282 U
r1156854.fit  4.70  1.55 0.096    79.7 from 371 sources of uvex_3282 g
r1156855.fit  4.43  1.46 0.114   134.4 from 487 sources of uvex_3282o r
r1156856.fit  5.24  1.73 0.074    65.1 from  92 sources of uvex_3282o U
r1156857.fit  4.48  1.48 0.089    82.2 from 420 sources of uvex_3282o g
r1156858.fit  4.30  1.42 0.096   108.7 from 552 sources of uvex_3288 r
r1156859.fit  5.07  1.67 0.086    68.0 from 102 sources of uvex_3288 U
r1156860.fit  4.57  1.51 0.091    69.8 from 338 sources of uvex_3288 g
r1156861.fit  4.83  1.59 0.108   131.6 from 399 sources of uvex_3288o r
r1156862.fit  5.62  1.85 0.114    70.9 from  80 sources of uvex_3288o U
r1156863.fit  4.50  1.49 0.101    81.3 from 362 sources of uvex_3288o g
r1156864.fit  4.26  1.41 0.098   133.1 from 534 sources of uvex_3291 r
r1156865.fit  5.15  1.70 0.068    64.8 from  90 sources of uvex_3291 U
r1156866.fit  4.68  1.54 0.060    72.7 from 341 sources of uvex_3291 g
r1156867.fit  4.72  1.56 0.100   137.5 from 470 sources of uvex_3291o r
r1156868.fit  5.24  1.73 0.092    71.5 from  99 sources of uvex_3291o U
r1156869.fit  4.31  1.42 0.096    77.0 from 378 sources of uvex_3291o g
r1156870.fit  4.30  1.42 0.101   126.0 from 619 sources of uvex_3323 r
r1156871.fit  5.20  1.72 0.091    60.3 from 122 sources of uvex_3323 U
r1156872.fit  4.57  1.51 0.094    66.6 from 468 sources of uvex_3323 g
r1156873.fit  5.07  1.67 0.122   125.1 from 312 sources of uvex_3323o r
r1156874.fit  5.21  1.72 0.081    72.4 from 120 sources of uvex_3323o U
r1156875.fit  4.42  1.46 0.096    68.5 from 487 sources of uvex_3323o g
r1156876.fit  4.00  1.32 0.090   133.9 from 600 sources of uvex_3325 r
r1156877.fit  5.17  1.71 0.083    70.6 from 102 sources of uvex_3325 U
r1156878.fit  4.15  1.37 0.081    70.2 from 440 sources of uvex_3325 g
r1156879.fit  4.08  1.35 0.076   119.0 from 628 sources of uvex_3325o r
r1156880.fit  4.83  1.59 0.087    72.3 from 107 sources of uvex_3325o U
r1156881.fit  4.25  1.40 0.096    67.8 from 427 sources of uvex_3325o g
r1156882.fit  4.00  1.32 0.098   138.0 from 432 sources of uvex_3331 r
r1156883.fit  5.36  1.77 0.118    73.1 from  55 sources of uvex_3331 U
r1156884.fit  4.70  1.55 0.108    83.5 from 209 sources of uvex_3331 g
r1156885.fit  4.24  1.40 0.095   135.8 from 410 sources of uvex_3331o r
r1156886.fit  5.05  1.67 0.101    73.6 from  78 sources of uvex_3331o U
r1156887.fit  4.55  1.50 0.117    78.5 from 178 sources of uvex_3331o g
r1156888.fit  4.14  1.37 0.073   132.2 from 553 sources of uvex_3342 r
r1156889.fit  5.21  1.72 0.092    71.3 from  79 sources of uvex_3342 U
r1156890.fit  4.40  1.45 0.128    71.7 from 188 sources of uvex_3342 g
r1156891.fit  3.45  1.14 0.112    66.3 from  63 sources of G191B2B r
r1156892.fit  5.05  1.67 0.073    80.1 from   5 sources of G191B2B U
r1156893.fit  3.91  1.29 0.089    62.0 from  39 sources of G191B2B g
r1156894.fit  4.00  1.32 0.112   127.7 from 298 sources of uvex_3342o r
r1156895.fit  5.19  1.71 0.113    74.1 from  61 sources of uvex_3342o U
r1156896.fit  4.08  1.35 0.104    71.6 from 335 sources of uvex_3342o g
r1156897.fit  4.27  1.41 0.106   130.9 from 454 sources of uvex_3343 r
r1156898.fit  5.11  1.69 0.105    75.4 from  66 sources of uvex_3343 U
r1156899.fit  4.49  1.48 0.121    80.7 from  99 sources of uvex_3343 g
r1156900.fit  4.15  1.37 0.113   134.5 from 385 sources of uvex_3343o r
r1156901.fit  5.24  1.73 0.112    68.5 from  44 sources of uvex_3343o U
r1156902.fit  4.21  1.39 0.104    74.3 from 280 sources of uvex_3343o g
r1156903.fit  3.92  1.29 0.108   131.6 from 379 sources of uvex_3345 r
r1156904.fit  4.91  1.62 0.103    66.7 from 102 sources of uvex_3345 U
r1156905.fit  3.91  1.29 0.101    76.1 from 304 sources of uvex_3345 g
r1156906.fit  3.62  1.19 0.093    22.1 from 525 sources of uvex_3345o r
r1156907.fit  5.26  1.74 0.128    77.0 from  46 sources of uvex_3345o U
r1156908.fit  4.09  1.35 0.104    82.2 from 344 sources of uvex_3345o g
r1156909.fit  3.95  1.30 0.114    90.4 from 384 sources of uvex_3347 r
r1156910.fit  5.65  1.86 0.112    72.1 from  44 sources of uvex_3347 U
r1156911.fit  3.78  1.25 0.109    69.2 from 303 sources of uvex_3347 g
r1156912.fit  4.01  1.32 0.121   114.8 from 187 sources of uvex_3347o r
r1156913.fit  4.78  1.58 0.104    76.5 from  96 sources of uvex_3347o U
r1156914.fit  4.59  1.51 0.121    71.6 from 178 sources of uvex_3347o g
r1156915.fit  4.34  1.43 0.110   112.2 from 475 sources of uvex_3348 r
r1156916.fit  5.07  1.67 0.111    76.9 from 136 sources of uvex_3348 U
r1156917.fit  3.84  1.27 0.104    79.8 from 406 sources of uvex_3348 g
r1156918.fit  4.31  1.42 0.107   126.4 from 503 sources of uvex_3348o r
r1156919.fit  4.83  1.59 0.119    64.7 from 126 sources of uvex_3348o U
r1156920.fit  4.19  1.38 0.111    80.7 from 390 sources of uvex_3348o g
r1156921.fit  3.61  1.19 0.106   122.2 from 703 sources of uvex_3350 r
r1156922.fit  4.93  1.63 0.112    71.4 from 163 sources of uvex_3350 U
r1156923.fit  4.07  1.34 0.104    74.4 from 556 sources of uvex_3350 g
r1156924.fit  3.80  1.25 0.110   126.4 from 686 sources of uvex_3350o r
r1156925.fit  4.79  1.58 0.100    72.8 from 153 sources of uvex_3350o U
r1156926.fit  4.10  1.35 0.091    79.6 from 563 sources of uvex_3350o g
r1156927.fit  3.98  1.31 0.110   115.4 from 621 sources of uvex_3351 r
r1156928.fit  4.63  1.53 0.103    63.6 from 138 sources of uvex_3351 U
r1156929.fit  3.72  1.23 0.092    72.9 from 642 sources of uvex_3351 g
r1156930.fit  3.96  1.31 0.117   119.1 from 451 sources of uvex_3351o r
r1156931.fit  4.80  1.58 0.099    75.5 from 138 sources of uvex_3351o U
r1156932.fit  3.89  1.28 0.092    65.4 from 595 sources of uvex_3351o g
r1156933.fit  3.47  1.15 0.095   124.6 from 797 sources of uvex_3352 r
r1156934.fit  4.61  1.52 0.097    53.2 from 128 sources of uvex_3352 U
r1156935.fit  3.74  1.23 0.089    73.6 from 572 sources of uvex_3352 g
r1156936.fit  3.55  1.17 0.101   125.8 from 729 sources of uvex_3352o r
r1156937.fit  4.80  1.58 0.100    71.5 from 119 sources of uvex_3352o U
r1156938.fit  3.73  1.23 0.063    12.9 from 609 sources of uvex_3352o g
r1156939.fit  3.62  1.19 0.113   124.5 from 658 sources of uvex_3353 r
r1156940.fit  5.20  1.72 0.123    76.2 from  40 sources of uvex_3353 U
r1156941.fit  3.97  1.31 0.120    75.5 from 321 sources of uvex_3353 g
r1156942.fit  3.43  1.13 0.085   129.7 from 737 sources of uvex_3353o r
r1156943.fit  4.43  1.46 0.070    66.7 from 128 sources of uvex_3353o U
r1156944.fit  4.21  1.39 0.121    81.9 from 291 sources of uvex_3353o g
r1156945.fit  3.81  1.26 0.088   130.7 from 545 sources of uvex_3354 r
r1156946.fit  4.69  1.55 0.092    73.7 from 101 sources of uvex_3354 U
r1156947.fit  3.98  1.31 0.108   117.4 from 329 sources of uvex_3354 g
r1156948.fit  3.61  1.19 0.112   147.0 from 382 sources of uvex_3354o r
r1156949.fit  4.54  1.50 0.072    95.9 from 122 sources of uvex_3354o U
r1156950.fit  4.06  1.34 0.116   108.8 from 342 sources of uvex_3354o g
r1156951.fit  3.64  1.20 0.116   181.1 from 309 sources of uvex_3355 r
r1156952.fit  4.77  1.57 0.113   108.0 from 106 sources of uvex_3355 U
r1156953.fit  5.29  1.75 0.123   128.8 from  48 sources of uvex_3355 g
r1156954.fit  3.87  1.28 0.122   183.2 from 294 sources of uvex_3355o r
r1156955.fit  4.81  1.59 0.094   116.4 from 117 sources of uvex_3355o U
r1156956.fit  4.06  1.34 0.106   127.9 from 292 sources of uvex_3355o g
r1156957.fit  3.99  1.32 0.120   103.0 from 351 sources of uvex_3356 r
r1156958.fit  4.55  1.50 0.069   112.1 from  71 sources of uvex_3356 U
r1156959.fit  4.02  1.33 0.100   118.2 from 308 sources of uvex_3356 g
r1156960.fit  3.82  1.26 0.104   175.7 from 390 sources of uvex_3356o r
r1156961.fit  4.51  1.49 0.075   112.7 from  79 sources of uvex_3356o U
r1156962.fit  3.90  1.29 0.081   126.5 from 327 sources of uvex_3356o g
r1156963.fit  3.63  1.20 0.109   176.2 from 511 sources of uvex_3357 r
r1156964.fit  4.98  1.64 0.091   115.2 from  64 sources of uvex_3357 U
r1156965.fit  4.50  1.49 0.103   126.4 from 242 sources of uvex_3357 g
r1156966.fit  4.05  1.34 0.082   172.8 from 524 sources of uvex_3357o r
r1156967.fit  5.18  1.71 0.067   116.5 from  82 sources of uvex_3357o U
r1156968.fit  4.52  1.49 0.104   124.2 from 267 sources of uvex_3357o g
r1156969.fit  4.59  1.51 0.116   183.6 from 303 sources of uvex_3358 r
r1156970.fit  5.12  1.69 0.054   113.2 from  58 sources of uvex_3358 U
r1156971.fit  4.33  1.43 0.094   128.8 from 223 sources of uvex_3358 g
r1156972.fit  4.17  1.38 0.081   175.4 from 386 sources of uvex_3358o r
r1156973.fit  5.37  1.77 0.106   106.9 from  46 sources of uvex_3358o U
r1156974.fit  3.96  1.31 0.066   128.2 from 252 sources of uvex_3358o g
r1156975.fit  4.01  1.32 0.109   147.3 from 513 sources of uvex_3359 r
r1156976.fit  4.76  1.57 0.080   115.8 from 121 sources of uvex_3359 U
r1156977.fit  3.62  1.19 0.048   125.7 from 500 sources of uvex_3359 g
r1156978.fit  3.85  1.27 0.096   167.9 from 670 sources of uvex_3359o r
r1156979.fit  4.50  1.49 0.083   111.8 from 118 sources of uvex_3359o U
r1156980.fit  3.95  1.30 0.050   111.6 from 462 sources of uvex_3359o g
r1156981.fit  3.72  1.23 0.069   165.1 from 602 sources of uvex_3360 r
r1156982.fit  4.51  1.49 0.068   103.1 from 119 sources of uvex_3360 U
r1156983.fit  3.83  1.26 0.092   113.4 from 388 sources of uvex_3360 g
r1156984.fit  3.69  1.22 0.069   179.5 from 669 sources of uvex_3360o r
r1156985.fit  4.42  1.46 0.085   117.3 from 132 sources of uvex_3360o U
r1156986.fit  3.54  1.17 0.053   126.8 from 474 sources of uvex_3360o g
r1156987.fit  3.66  1.21 0.080   178.1 from 668 sources of uvex_3361 r
r1156988.fit  4.45  1.47 0.058   116.5 from 129 sources of uvex_3361 U
r1156989.fit  3.74  1.23 0.052   130.4 from 446 sources of uvex_3361 g
r1156990.fit  3.70  1.22 0.062   163.2 from 665 sources of uvex_3361o r
r1156991.fit  4.36  1.44 0.059   118.2 from 125 sources of uvex_3361o U
r1156992.fit  3.82  1.26 0.090   123.3 from 394 sources of uvex_3361o g
r1156993.fit  3.49  1.15 0.104   180.2 from 710 sources of uvex_3362 r
r1156994.fit  4.27  1.41 0.057   109.2 from 130 sources of uvex_3362 U
r1156995.fit  3.73  1.23 0.085   122.2 from 534 sources of uvex_3362 g
r1156996.fit  3.98  1.31 0.122   168.4 from 464 sources of uvex_3362o r
r1156997.fit  4.49  1.48 0.089   112.9 from 120 sources of uvex_3362o U
r1156998.fit  3.63  1.20 0.069   124.4 from 578 sources of uvex_3362o g
r1156999.fit  3.52  1.16 0.110   186.5 from 808 sources of uvex_3363 r
r1157000.fit  4.19  1.38 0.089   104.8 from 192 sources of uvex_3363 U
r1157001.fit  3.39  1.12 0.074   128.5 from 763 sources of uvex_3363 g
r1157002.fit  3.64  1.20 0.111   174.0 from 860 sources of uvex_3363o r
r1157003.fit  4.21  1.39 0.109   117.1 from 184 sources of uvex_3363o U
r1157004.fit  3.28  1.08 0.056   118.7 from 796 sources of uvex_3363o g
r1157005.fit  3.30  1.09 0.076   179.4 from 945 sources of uvex_3364 r
r1157006.fit  4.20  1.39 0.067    99.5 from 176 sources of uvex_3364 U
r1157007.fit  3.31  1.09 0.067   127.9 from 684 sources of uvex_3364 g
r1157008.fit  3.04  1.00 0.065   160.9 from 1139 sources of uvex_3364o r
r1157009.fit  3.97  1.31 0.055   111.6 from 215 sources of uvex_3364o U
r1157010.fit  3.22  1.06 0.057   125.5 from 773 sources of uvex_3364o g
r1157011.fit  3.48  1.15 0.091   186.1 from 942 sources of uvex_3365 r
r1157012.fit  3.79  1.25 0.063   121.2 from 213 sources of uvex_3365 U
r1157013.fit  3.29  1.09 0.053   130.3 from 817 sources of uvex_3365 g
r1157014.fit  3.10  1.02 0.079   188.5 from 1039 sources of uvex_3365o r
r1157015.fit  4.35  1.44 0.128   125.7 from 118 sources of uvex_3365o U
r1157016.fit  3.30  1.09 0.048   123.7 from 803 sources of uvex_3365o g
r1157017.fit  3.09  1.02 0.063   208.3 from 836 sources of uvex_3367 r
r1157018.fit  4.33  1.43 0.098   138.8 from 109 sources of uvex_3367 U
r1157019.fit  3.46  1.14 0.097   163.5 from 554 sources of uvex_3367 g
r1157020.fit  3.29  1.09 0.088    96.9 from 218 sources of RUBIN149B r
r1157021.fit  4.57  1.51 0.107   124.9 from  71 sources of RUBIN149B U
r1157022.fit  3.37  1.11 0.052    93.2 from 190 sources of RUBIN149B g
r1157023.fit  3.55  1.17 0.121   282.0 from 638 sources of uvex_3367o r
r1157024.fit  4.55  1.50 0.125   241.3 from  86 sources of uvex_3367o U
r1157025.fit  3.46  1.14 0.097   401.7 from 562 sources of uvex_3367o g
r1157026.fit  3.00  0.99 0.054   467.9 from 705 sources of uvex_3372 r
r1157027.fit  3.52  1.16 0.052   346.4 from  12 sources of uvex_3372 r
