r1095294.fit is not a target (BIAS)
r1095295.fit is not a target (BIAS)
r1095296.fit is not a target (BIAS)
r1095297.fit is not a target (BIAS)
r1095298.fit is not a target (BIAS)
r1095299.fit is not a target (BIAS)
r1095300.fit is not a target (FLAT)
r1095301.fit is not a target (FLAT)
r1095302.fit is not a target (FLAT)
r1095303.fit is not a target (FLAT)
r1095304.fit is not a target (FOCUS)
r1095305.fit  4.34  1.43 0.078   -60.5 from 309 sources of intphas_0510 Ha
r1095306.fit  5.37  1.77 0.068    20.9 from 589 sources of intphas_0510 r
r1095307.fit  4.39  1.45 0.103    -8.2 from 417 sources of intphas_0510 i
r1095308.fit  4.55  1.50 0.075   -61.3 from 108 sources of intphas_0520o Ha
r1095309.fit  4.56  1.50 0.059    18.0 from 261 sources of intphas_0520o r
r1095310.fit  4.22  1.39 0.080    -1.8 from 301 sources of intphas_0520o i
r1095311.fit  4.21  1.39 0.073   -69.8 from 203 sources of intphas_0523 Ha
r1095312.fit  4.10  1.35 0.065     2.5 from 494 sources of intphas_0523 r
r1095313.fit  3.75  1.24 0.081   -18.1 from 481 sources of intphas_0523 i
r1095314.fit  4.20  1.39 0.087   -61.4 from 216 sources of intphas_0523o Ha
r1095315.fit  4.04  1.33 0.090    -3.3 from 586 sources of intphas_0523o r
r1095316.fit  3.89  1.28 0.073   -24.0 from 493 sources of intphas_0523o i
r1095317.fit  4.67  1.54 0.119    13.9 from 174 sources of uvex_1714o r
r1095318.fit  6.01  1.98 0.120   -41.7 from  29 sources of uvex_1714o U
r1095319.fit  4.70  1.55 0.088   -36.5 from 282 sources of uvex_1714o g
r1095320.fit  5.45  1.80 0.113    23.7 from 323 sources of uvex_1719o r
r1095321.fit  7.41  2.45 0.073   -40.5 from  31 sources of uvex_1719o U
r1095322.fit  7.82  2.58 0.091   -40.0 from 121 sources of uvex_1719o g
r1095323.fit  6.63  2.19 0.082    24.2 from 191 sources of uvex_1722o r
r1095324.fit  8.06  2.66 0.070   -40.9 from  24 sources of uvex_1722o U
r1095325.fit  6.26  2.07 0.071   -35.8 from 149 sources of uvex_1722o g
r1095326.fit  5.52  1.82 0.065    16.9 from 264 sources of uvex_1368 r
r1095327.fit  7.18  2.37 0.083   -40.1 from  31 sources of uvex_1368 U
r1095328.fit  5.99  1.98 0.085   -38.2 from 151 sources of uvex_1368 g
r1095329.fit  5.54  1.83 0.094    13.8 from 204 sources of uvex_1370 r
r1095330.fit  6.81  2.25 0.070   -41.5 from  21 sources of uvex_1370 U
r1095331.fit  6.13  2.02 0.081   -37.2 from  94 sources of uvex_1370 g
r1095332.fit  4.06  1.34 0.066   -85.6 from  18 sources of FEIGE22 r
r1095333.fit  5.55  1.83 0.095   -95.1 from   7 sources of FEIGE22 U
r1095334.fit  6.29  2.08 0.079   -96.2 from  12 sources of FEIGE22 g
r1095335.fit  4.62  1.52 0.118     8.4 from 339 sources of uvex_1414 r
r1095336.fit  6.85  2.26 0.074   -44.9 from  39 sources of uvex_1414 U
r1095337.fit  5.98  1.97 0.061   -42.9 from 156 sources of uvex_1414 g
r1095338.fit  6.07  2.00 0.103    30.1 from 200 sources of uvex_1759o r
r1095339.fit  7.22  2.38 0.076   -43.6 from  41 sources of uvex_1759o U
r1095340.fit  5.33  1.76 0.082   -38.7 from 158 sources of uvex_1759o g
r1095341.fit  5.38  1.78 0.101     0.7 from 326 sources of uvex_1760 r
r1095342.fit  6.54  2.16 0.081   -48.1 from  48 sources of uvex_1760 U
r1095343.fit  4.81  1.59 0.103   -39.7 from 222 sources of uvex_1760 g
r1095344.fit  5.06  1.67 0.103    26.4 from 310 sources of uvex_1760o r
r1095345.fit  6.77  2.23 0.090   -51.7 from  39 sources of uvex_1760o U
r1095346.fit  5.43  1.79 0.090   -39.8 from 206 sources of uvex_1760o g
r1095347.fit  5.31  1.75 0.081    27.2 from 342 sources of uvex_1762 r
r1095348.fit  6.65  2.19 0.085   -63.2 from  49 sources of uvex_1762 U
r1095349.fit  5.17  1.71 0.078   -40.2 from 249 sources of uvex_1762 g
r1095350.fit  4.91  1.62 0.116     7.3 from 325 sources of uvex_1762o r
r1095351.fit  6.11  2.02 0.069   -54.5 from  45 sources of uvex_1762o U
r1095352.fit  5.20  1.72 0.086   -44.5 from 228 sources of uvex_1762o g
r1095353.fit  4.39  1.45 0.115    25.4 from 282 sources of uvex_1764 r
r1095354.fit  6.00  1.98 0.089   -51.3 from  45 sources of uvex_1764 U
r1095355.fit  5.87  1.94 0.057   -41.6 from 200 sources of uvex_1764 g
r1095356.fit  4.46  1.47 0.114     2.2 from 203 sources of uvex_1764o r
r1095357.fit  5.99  1.98 0.103   -55.8 from  32 sources of uvex_1764o U
r1095358.fit  5.32  1.76 0.080   -47.7 from 228 sources of uvex_1764o g
r1095359.fit  4.45  1.47 0.103    -4.6 from 449 sources of uvex_1765 r
r1095360.fit  5.92  1.95 0.100   -51.8 from  56 sources of uvex_1765 U
r1095361.fit  4.95  1.63 0.103   -38.9 from 202 sources of uvex_1765 g
r1095362.fit  5.07  1.67 0.119    11.5 from 182 sources of uvex_1765o r
r1095363.fit  6.01  1.98 0.088   -46.1 from  45 sources of uvex_1765o U
r1095364.fit  4.41  1.46 0.107   -48.6 from 268 sources of uvex_1765o g
r1095365.fit  4.33  1.43 0.110    13.7 from 233 sources of uvex_1766 r
r1095366.fit  5.68  1.87 0.080   -46.4 from  21 sources of uvex_1766 U
r1095367.fit  4.45  1.47 0.095   -41.8 from 130 sources of uvex_1766 g
r1095368.fit  4.59  1.51 0.114    32.1 from 161 sources of uvex_1766o r
r1095369.fit  5.94  1.96 0.091   -41.6 from  23 sources of uvex_1766o U
r1095370.fit  4.73  1.56 0.093   -31.3 from 141 sources of uvex_1766o g
r1095371.fit  4.55  1.50 0.117     9.8 from 352 sources of uvex_2403o r
r1095372.fit  6.31  2.08 0.097   -31.1 from  52 sources of uvex_2403o U
r1095373.fit  5.54  1.83 0.080   -19.2 from 227 sources of uvex_2403o g
r1095374.fit  4.52  1.49 0.114    34.5 from 437 sources of uvex_2405 r
r1095375.fit  5.71  1.88 0.093   -29.5 from  70 sources of uvex_2405 U
r1095376.fit  4.35  1.44 0.112   -22.2 from 390 sources of uvex_2405 g
r1095377.fit  4.40  1.45 0.101    12.9 from 588 sources of uvex_2405o r
r1095378.fit  6.81  2.25 0.093   -38.0 from  51 sources of uvex_2405o U
r1095379.fit  5.80  1.91 0.078    -8.3 from 278 sources of uvex_2405o g
r1095380.fit  6.38  2.11 0.069    52.8 from 212 sources of uvex_2407 r
r1095381.fit  7.50  2.48 0.074   -27.3 from  50 sources of uvex_2407 U
r1095382.fit  8.17  2.70 0.056    -7.2 from 126 sources of uvex_2407 g
r1095383.fit  7.21  2.38 0.118    76.1 from 169 sources of uvex_2407o r
r1095384.fit  7.56  2.49 0.052   -10.3 from  32 sources of uvex_2407o U
r1095385.fit  7.26  2.40 0.050    11.1 from 125 sources of uvex_2407o g
r1095386.fit  6.27  2.07 0.098    75.1 from 279 sources of uvex_2408 r
r1095387.fit  7.45  2.46 0.086   -18.2 from  46 sources of uvex_2408 U
r1095388.fit  6.07  2.00 0.071    22.2 from 176 sources of uvex_2408 g
r1095389.fit  6.49  2.14 0.076   117.8 from 167 sources of uvex_2408o r
r1095390.fit  7.25  2.39 0.082     1.6 from  37 sources of uvex_2408o U
r1095391.fit  4.90  1.62 0.090    34.1 from 246 sources of uvex_2408o g
r1095392.fit  5.30  1.75 0.090   124.8 from 131 sources of uvex_2409 r
r1095393.fit  7.06  2.33 0.075     4.2 from  21 sources of uvex_2409 U
r1095394.fit  4.94  1.63 0.097    20.8 from 123 sources of uvex_2409 g
r1095395.fit  4.86  1.60 0.108   103.2 from 119 sources of uvex_2409o r
r1095396.fit  6.94  2.29 0.075     3.8 from  53 sources of uvex_2409o U
r1095397.fit  4.97  1.64 0.099    34.0 from 183 sources of uvex_2409o g
r1095398.fit  4.50  1.49 0.070   -35.4 from  30 sources of SA95-271 r
r1095399.fit  5.64  1.86 0.068    -0.3 from  16 sources of SA95-271 U
r1095400.fit  5.55  1.83 0.106   -32.3 from  27 sources of SA95-271 g
r1095401.fit  4.50  1.49 0.076   -49.7 from  30 sources of SA95-271 Ha
r1095402.fit  4.11  1.36 0.099     3.3 from  52 sources of SA95-271 r
r1095403.fit  4.44  1.47 0.052   -20.1 from  42 sources of SA95-271 i
r1095404.fit  4.52  1.49 0.110   -38.3 from 202 sources of intphas_2492o Ha
r1095405.fit  4.67  1.54 0.119   -17.6 from 424 sources of intphas_2492o r
r1095406.fit  4.55  1.50 0.117     1.0 from 275 sources of intphas_2492o i
r1095407.fit  4.42  1.46 0.100   -57.1 from 183 sources of intphas_2493o Ha
r1095408.fit  4.93  1.63 0.113    26.9 from 397 sources of intphas_2493o r
r1095409.fit  4.90  1.62 0.113     0.2 from 338 sources of intphas_2493o i
r1095410.fit  4.32  1.43 0.103   -54.7 from 250 sources of intphas_2494 Ha
r1095411.fit  4.48  1.48 0.112    37.0 from 546 sources of intphas_2494 r
r1095412.fit  4.91  1.62 0.112    11.5 from 402 sources of intphas_2494 i
r1095413.fit  4.49  1.48 0.109   -52.4 from 190 sources of intphas_2494o Ha
r1095414.fit  5.24  1.73 0.120    56.2 from 163 sources of intphas_2494o r
r1095415.fit  4.49  1.48 0.118    12.0 from 445 sources of intphas_2494o i
r1095416.fit is not a target (FOCUS)
r1095417.fit  4.49  1.48 0.125   -30.8 from  35 sources of intphas_2496 Ha
r1095418.fit  3.55  1.17 0.105    62.3 from 734 sources of intphas_2496 r
r1095419.fit  3.70  1.22 0.094    20.6 from 510 sources of intphas_2496 i
r1095420.fit  4.44  1.47 0.071   -18.4 from   5 sources of intphas_2500o Ha
r1095421.fit  3.47  1.15 0.100    75.4 from 425 sources of intphas_2500o r
r1095422.fit  3.24  1.07 0.107    43.5 from 411 sources of intphas_2500o i
r1095423.fit  3.44  1.14 0.125   -24.5 from 113 sources of intphas_2512o Ha
r1095424.fit  3.41  1.13 0.088    54.5 from 454 sources of intphas_2512o r
r1095425.fit  3.49  1.15 0.115    26.9 from 302 sources of intphas_2512o i
r1095426.fit  3.95  1.30 0.100   -31.0 from 294 sources of intphas_2981 Ha
r1095427.fit  3.80  1.25 0.118    79.4 from 683 sources of intphas_2981 r
r1095428.fit  3.79  1.25 0.107    31.4 from 505 sources of intphas_2981 i
r1095429.fit  3.57  1.18 0.090   -30.4 from 401 sources of intphas_2984 Ha
r1095430.fit  4.30  1.42 0.071    80.7 from 823 sources of intphas_2984 r
r1095431.fit  3.46  1.14 0.096    30.7 from 705 sources of intphas_2984 i
r1095432.fit  3.89  1.28 0.088   -30.5 from 262 sources of intphas_2987 Ha
r1095433.fit  3.71  1.22 0.079    52.0 from 698 sources of intphas_2987 r
r1095434.fit  3.56  1.17 0.083    17.4 from 510 sources of intphas_2987 i
r1095435.fit  3.76  1.24 0.091   -28.7 from 204 sources of intphas_2989 Ha
r1095436.fit  4.27  1.41 0.117   129.1 from   4 sources of intphas_2989 r
r1095437.fit  4.37  1.44 0.071    27.6 from 306 sources of intphas_2989 i
r1095438.fit  3.65  1.20 0.079   -23.5 from 289 sources of intphas_2994 Ha
r1095439.fit  5.57  1.84 0.089   103.8 from 424 sources of intphas_2994 r
r1095440.fit  3.46  1.14 0.085    28.3 from 527 sources of intphas_2994 i
r1095441.fit  4.18  1.38 0.133   -25.6 from  77 sources of intphas_3008 Ha
r1095442.fit  3.78  1.25 0.079    47.3 from 626 sources of intphas_3008 r
r1095443.fit  3.59  1.18 0.111    31.2 from 407 sources of intphas_3008 i
r1095444.fit  4.77  1.57 0.087   -27.9 from 124 sources of intphas_3011 Ha
r1095445.fit  4.79  1.58 0.049    99.5 from 249 sources of intphas_3011 r
r1095446.fit  6.94  2.29 0.077    42.9 from 131 sources of intphas_3011 i
r1095447.fit  5.32  1.76 0.074   -18.0 from 119 sources of intphas_3019 Ha
r1095448.fit  4.13  1.36 0.072    79.3 from 465 sources of intphas_3019 r
r1095449.fit  3.49  1.15 0.087    39.8 from 421 sources of intphas_3019 i
r1095450.fit  5.50  1.82 0.122   -15.3 from 189 sources of intphas_3107o Ha
r1095451.fit  5.24  1.73 0.042   106.0 from 537 sources of intphas_3107o r
r1095452.fit  4.01  1.32 0.072    63.3 from 580 sources of intphas_3107o i
r1095453.fit  4.51  1.49 0.069   -17.5 from 123 sources of intphas_3108 Ha
r1095454.fit  6.38  2.11 0.056   106.9 from 188 sources of intphas_3108 r
r1095455.fit  6.25  2.06 0.051    63.1 from 149 sources of intphas_3108 i
r1095456.fit  5.38  1.78 0.084   -19.7 from 138 sources of intphas_3117 Ha
r1095457.fit  4.47  1.48 0.063    82.4 from 460 sources of intphas_3117 r
r1095458.fit  5.01  1.65 0.062    52.4 from 270 sources of intphas_3117 i
r1095459.fit  4.84  1.60 0.070   -28.8 from  90 sources of intphas_3118o Ha
r1095460.fit  5.40  1.78 0.065   105.5 from 181 sources of intphas_3118o r
r1095461.fit  6.82  2.25 0.120    61.9 from  93 sources of intphas_3118o i
r1095462.fit  5.58  1.84 0.048   -16.3 from 191 sources of intphas_3119 Ha
r1095463.fit  5.66  1.87 0.076    91.8 from 454 sources of intphas_3119 r
r1095464.fit  3.69  1.22 0.080    40.2 from 631 sources of intphas_3119 i
r1095465.fit  4.01  1.32 0.093   -22.3 from 119 sources of intphas_3120 Ha
r1095466.fit  4.29  1.42 0.049    86.7 from 241 sources of intphas_3120 r
r1095467.fit  3.91  1.29 0.085    47.8 from 237 sources of intphas_3120 i
r1095468.fit  3.38  1.12 0.080   -10.1 from 204 sources of intphas_3121 Ha
r1095469.fit  3.74  1.23 0.061    77.1 from 378 sources of intphas_3121 r
r1095470.fit  3.84  1.27 0.048    70.2 from 315 sources of intphas_3121 i
r1095471.fit  5.52  1.82 0.114   -17.7 from 125 sources of intphas_3131o Ha
r1095472.fit  3.28  1.08 0.096    92.2 from 423 sources of intphas_3131o r
r1095473.fit  4.48  1.48 0.080    63.1 from 299 sources of intphas_3131o i
r1095474.fit  3.50  1.16 0.077   -14.6 from 394 sources of intphas_3132 Ha
r1095475.fit  3.58  1.18 0.080    98.8 from 838 sources of intphas_3132 r
r1095476.fit  3.44  1.14 0.058    50.8 from 651 sources of intphas_3132 i
r1095477.fit  3.65  1.20 0.070   -22.2 from 193 sources of intphas_3560 Ha
r1095478.fit  4.18  1.38 0.108    88.2 from 363 sources of intphas_3560 r
r1095479.fit  3.26  1.08 0.095    52.4 from 348 sources of intphas_3560 i
r1095480.fit  4.01  1.32 0.095   -12.5 from 176 sources of intphas_3560o Ha
r1095481.fit  3.68  1.21 0.088   113.9 from 501 sources of intphas_3560o r
r1095482.fit  2.92  0.96 0.095    67.6 from 452 sources of intphas_3560o i
r1095483.fit  3.52  1.16 0.107   -11.6 from 187 sources of intphas_3561 Ha
r1095484.fit  3.54  1.17 0.097    89.1 from 464 sources of intphas_3561 r
r1095485.fit  4.51  1.49 0.081    78.6 from 354 sources of intphas_3561 i
r1095486.fit  5.20  1.72 0.134    -9.2 from  36 sources of intphas_3561o Ha
r1095487.fit  4.33  1.43 0.116   107.4 from 383 sources of intphas_3561o r
r1095488.fit  9.06  2.99 0.057    69.7 from  79 sources of intphas_3561o i
r1095489.fit  4.22  1.39 0.069   -37.5 from 230 sources of intphas_3565 Ha
r1095490.fit  4.35  1.44 0.121    37.2 from 465 sources of intphas_3565 r
r1095491.fit  7.73  2.55 0.053    52.4 from 152 sources of intphas_3565 i
r1095492.fit  8.44  2.79 0.103   -31.7 from  70 sources of intphas_3612 Ha
r1095493.fit  5.74  1.89 0.031    59.1 from 379 sources of intphas_3612 r
r1095494.fit  6.08  2.01 0.045    58.1 from 221 sources of intphas_3612 i
r1095495.fit  6.23  2.06 0.046   -32.6 from 105 sources of intphas_3612o Ha
r1095496.fit  5.47  1.81 0.071    54.3 from 428 sources of intphas_3612o r
r1095497.fit  4.47  1.48 0.061    27.1 from 437 sources of intphas_3612o i
r1095498.fit  5.34  1.76 0.053   -37.2 from 124 sources of intphas_3616 Ha
r1095499.fit  4.66  1.54 0.075    86.7 from 462 sources of intphas_3616 r
r1095500.fit  5.58  1.84 0.033    55.3 from 241 sources of intphas_3616 i
r1095501.fit  3.70  1.22 0.040   -46.1 from 261 sources of intphas_3616o Ha
r1095502.fit  3.48  1.15 0.061    51.4 from 707 sources of intphas_3616o r
r1095503.fit  3.02  1.00 0.084    29.3 from 611 sources of intphas_3616o i
r1095504.fit  3.17  1.05 0.044    -9.4 from 283 sources of intphas_3622 Ha
r1095505.fit  3.55  1.17 0.061    80.8 from 665 sources of intphas_3622 r
r1095506.fit  3.27  1.08 0.063    44.1 from 546 sources of intphas_3622 i
r1095507.fit  3.30  1.09 0.057   -15.5 from 252 sources of intphas_3622o Ha
r1095508.fit  3.58  1.18 0.068   131.4 from 660 sources of intphas_3622o r
r1095509.fit  3.46  1.14 0.097    96.2 from 523 sources of intphas_3622o i
r1095510.fit  3.63  1.20 0.043    -1.6 from 264 sources of intphas_3631 Ha
r1095511.fit  4.01  1.32 0.051   216.8 from 588 sources of intphas_3631 r
r1095512.fit  5.30  1.75 0.130   153.7 from 255 sources of intphas_3631 i
r1095513.fit  3.62  1.19 0.055    97.0 from 279 sources of intphas_3631o Ha
r1095514.fit  4.70  1.55 0.045   555.8 from 447 sources of intphas_3631o r
r1095515.fit  4.40  1.45 0.041   436.8 from 329 sources of intphas_3631o i
r1095516.fit  3.68  1.21 0.043   193.4 from 204 sources of SA98-650 Ha
r1095517.fit  3.72  1.23 0.084   413.1 from 390 sources of SA98-650 r
r1095518.fit  3.30  1.09 0.073   316.7 from 268 sources of SA98-650 i
r1095519.fit is not a target (SKY)
r1095520.fit is not a target (SKY)
r1095521.fit is not a target (SKY)
r1095522.fit is not a target (SKY)
r1095523.fit is not a target (SKY)
r1095524.fit is not a target (SKY)
r1095525.fit is not a target (SKY)
r1095526.fit is not a target (SKY)
r1095527.fit is not a target (SKY)
r1095528.fit is not a target (SKY)
r1095529.fit is not a target (SKY)
r1095530.fit is not a target (SKY)
r1095531.fit is not a target (SKY)
r1095532.fit is not a target (SKY)
r1095533.fit is not a target (SKY)
r1095534.fit is not a target (SKY)
r1095535.fit is not a target (SKY)
r1095536.fit is not a target (SKY)
r1095537.fit is not a target (SKY)
r1095538.fit is not a target (SKY)
r1095539.fit is not a target (SKY)
