r1160428.fit is not a target (SKY)
r1160429.fit is not a target (SKY)
r1160430.fit is not a target (SKY)
r1160431.fit is not a target (SKY)
r1160432.fit is not a target (SKY)
r1160433.fit is not a target (SKY)
r1160434.fit is not a target (SKY)
r1160435.fit is not a target (SKY)
r1160436.fit is not a target (SKY)
r1160437.fit is not a target (SKY)
r1160438.fit is not a target (SKY)
r1160439.fit is not a target (SKY)
r1160440.fit is not a target (SKY)
r1160441.fit is not a target (SKY)
r1160442.fit is not a target (SKY)
r1160443.fit is not a target (SKY)
r1160444.fit is not a target (SKY)
r1160445.fit is not a target (SKY)
r1160446.fit is not a target (SKY)
r1160447.fit is not a target (SKY)
r1160448.fit is not a target (SKY)
r1160449.fit is not a target (SKY)
r1160450.fit is not a target (SKY)
r1160451.fit is not a target (SKY)
r1160452.fit is not a target (SKY)
r1160453.fit is not a target (SKY)
r1160454.fit no objects found
r1160455.fit  4.19  1.38 0.045   232.3 from   4 sources of SA112-250 U
r1160456.fit no objects found
r1160457.fit no objects found
r1160458.fit -18.52 -6.11 0.065    94.7 from   4 sources of SA112-250 U
r1160459.fit no objects found
r1160460.fit -3.62 -1.19 0.088    65.0 from   1 sources of GD40
r1160461.fit  4.21  1.39 0.031   202.8 from   9 sources of GD40
r1160462.fit  4.51  1.49 0.093    68.3 from   1 sources of GD40
r1160463.fit  7.88  2.60 0.036    76.0 from   8 sources of GD40
r1160464.fit is not a target (BIAS)
r1160465.fit is not a target (BIAS)
r1160466.fit is not a target (BIAS)
r1160467.fit is not a target (BIAS)
r1160468.fit is not a target (BIAS)
r1160469.fit is not a target (BIAS)
r1160470.fit is not a target (BIAS)
r1160471.fit is not a target (BIAS)
r1160472.fit is not a target (BIAS)
r1160473.fit is not a target (BIAS)
r1160474.fit is not a target (BIAS)
r1160475.fit  8.37  2.76 0.028    78.6 from  28 sources of GD40
r1160476.fit  6.86  2.26 0.022    78.8 from  29 sources of GD40
r1160477.fit  9.52  3.14 0.026    80.7 from  19 sources of GD40
r1160478.fit  9.78  3.23 0.019    87.8 from  12 sources of GD40
r1160479.fit  6.71  2.21 0.034    79.7 from  27 sources of GD40
r1160480.fit  7.44  2.46 0.054    78.7 from  27 sources of GD40
r1160481.fit  7.75  2.56 0.049    79.7 from  27 sources of GD40
r1160482.fit  9.79  3.23 0.051    79.7 from  22 sources of GD40
r1160483.fit  7.73  2.55 0.064    78.8 from  27 sources of GD40
r1160485.fit is not a target ()
r1160486.fit  0.85  0.28 0.042    58.1 from   7 sources of GD40
r1160487.fit  6.36  2.10 0.025   102.3 from  32 sources of GD40
r1160488.fit  4.48  1.48 0.049    78.6 from  21 sources of GD50 r
r1160489.fit  5.59  1.84 0.044    61.7 from  12 sources of GD50 U
r1160490.fit  4.37  1.44 0.049    62.4 from  23 sources of GD50 g
r1160491.fit  4.41  1.46 0.064   150.8 from 329 sources of uvex_3443o r
r1160492.fit  5.46  1.80 0.068   101.9 from  63 sources of uvex_3443o U
r1160493.fit  5.00  1.65 0.052   104.7 from 187 sources of uvex_3443o g
r1160494.fit  5.06  1.67 0.054   134.7 from 407 sources of uvex_3444 r
r1160495.fit  5.88  1.94 0.060    99.0 from  66 sources of uvex_3444 U
r1160496.fit  7.90  2.61 0.029   109.7 from 127 sources of uvex_3444 g
r1160497.fit  6.69  2.21 0.088   148.8 from 272 sources of uvex_3444o r
r1160498.fit  7.75  2.56 0.030   102.4 from  42 sources of uvex_3444o U
r1160499.fit  7.61  2.51 0.034   104.6 from 146 sources of uvex_3444o g
r1160500.fit  7.22  2.38 0.040   148.8 from 181 sources of uvex_3445 r
r1160501.fit  7.70  2.54 0.053    97.3 from  42 sources of uvex_3445 U
r1160502.fit  8.87  2.93 0.058   109.0 from  97 sources of uvex_3445 g
r1160503.fit  5.89  1.94 0.039   145.0 from 281 sources of uvex_3445o r
r1160504.fit  8.71  2.87 0.041   102.3 from  47 sources of uvex_3445o U
r1160505.fit  7.26  2.40 0.044   107.0 from 146 sources of uvex_3445o g
r1160506.fit  9.42  3.11 0.126   108.2 from  78 sources of uvex_3444 r
r1160507.fit  6.69  2.21 0.045   106.6 from 166 sources of uvex_3444 g
r1160508.fit  6.23  2.06 0.029   101.0 from  62 sources of uvex_3444o U
r1160509.fit  4.20  1.39 0.033   108.8 from   6 sources of uvex_3444o g
r1160510.fit  7.46  2.46 0.028   101.4 from  44 sources of uvex_3445 U
r1160511.fit  6.06  2.00 0.051   100.6 from 231 sources of uvex_3444o g
r1160512.fit  6.21  2.05 0.034    98.2 from 168 sources of uvex_3445 g
r1160513.fit  8.33  2.75 0.029   101.1 from  49 sources of uvex_3445o U
r1160514.fit  8.00  2.64 0.072    99.7 from  52 sources of uvex_3445o U
r1160515.fit  8.16  2.69 0.033   100.1 from  49 sources of uvex_3445o U
r1160516.fit  6.41  2.12 0.030    97.7 from  71 sources of uvex_3445o U
r1160517.fit  7.66  2.53 0.059   107.5 from 136 sources of uvex_3445o g
r1160518.fit  6.39  2.11 0.049   103.6 from 196 sources of uvex_3445o g
r1160519.fit  8.48  2.80 0.089   143.8 from 134 sources of uvex_3446 r
r1160520.fit  8.84  2.92 0.060    84.4 from  36 sources of uvex_3446 U
r1160521.fit  6.83  2.25 0.056    94.9 from 135 sources of uvex_3446 g
r1160522.fit  5.71  1.88 0.054   144.9 from 239 sources of uvex_3446 r
r1160523.fit  8.54  2.82 0.033    82.6 from  38 sources of uvex_3446 U
r1160524.fit  7.52  2.48 0.016    89.2 from  26 sources of uvex_3446 U
r1160525.fit  7.26  2.40 0.034   161.6 from 173 sources of SDSS0738+1835
r1160526.fit  7.31  2.41 0.037   160.2 from 175 sources of SDSS0738+1835
r1160527.fit  7.31  2.41 0.023   161.7 from 173 sources of SDSS0738+1835
r1160528.fit  8.65  2.85 0.045   164.4 from 131 sources of SDSS0738+1835
r1160529.fit  7.45  2.46 0.043   161.4 from 169 sources of SDSS0738+1835
r1160530.fit  6.54  2.16 0.056   161.3 from 200 sources of SDSS0738+1835
r1160531.fit  7.38  2.44 0.025   162.5 from 172 sources of SDSS0738+1835
r1160532.fit  7.26  2.40 0.049   163.2 from 173 sources of SDSS0738+1835
r1160533.fit  7.90  2.61 0.027   163.0 from 157 sources of SDSS0738+1835
r1160534.fit  7.56  2.49 0.024   165.5 from 156 sources of SDSS0738+1835
r1160535.fit  6.31  2.08 0.026   164.0 from 201 sources of SDSS0738+1835
r1160536.fit  6.55  2.16 0.031   164.2 from 200 sources of SDSS0738+1835
r1160537.fit  7.24  2.39 0.040   167.0 from 167 sources of SDSS0738+1835
r1160538.fit  6.56  2.16 0.037   171.1 from 173 sources of SDSS0738+1835
r1160539.fit  8.18  2.70 0.044   178.6 from  84 sources of SDSS0738+1835
r1160540.fit  9.90  3.27 0.015   165.9 from  68 sources of SDSS0738+1835
r1160541.fit  7.63  2.52 0.045   178.4 from 102 sources of SDSS0738+1835
r1160542.fit  9.62  3.17 0.016   196.6 from  28 sources of SDSS0738+1835
r1160543.fit  6.96  2.30 0.039   172.9 from 154 sources of SDSS0738+1835
r1160544.fit  6.92  2.28 0.024   165.9 from 187 sources of SDSS0738+1835
r1160545.fit  7.47  2.47 0.042   166.8 from 167 sources of SDSS0738+1835
r1160546.fit  7.86  2.59 0.048   166.7 from 159 sources of SDSS0738+1835
r1160547.fit  7.63  2.52 0.036   166.6 from 159 sources of SDSS0738+1835
r1160548.fit  8.84  2.92 0.030   169.0 from 122 sources of SDSS0738+1835
r1160549.fit  7.07  2.33 0.039   165.2 from 193 sources of SDSS0738+1835
r1160550.fit  7.48  2.47 0.019   166.8 from 155 sources of SDSS0738+1835
r1160551.fit  7.04  2.32 0.043   166.7 from 178 sources of SDSS0738+1835
r1160552.fit  7.02  2.32 0.035   166.8 from 180 sources of SDSS0738+1835
r1160553.fit  6.76  2.23 0.033   166.1 from 202 sources of SDSS0738+1835
r1160554.fit  7.60  2.51 0.046   166.8 from 169 sources of SDSS0738+1835
r1160555.fit  8.39  2.77 0.024   195.6 from   8 sources of SDSS0738+1835
r1160556.fit  7.49  2.47 0.038   198.0 from  17 sources of SDSS0738+1835
r1160557.fit  6.63  2.19 0.022   175.1 from 123 sources of SDSS0738+1835
r1160558.fit  4.20  1.39 0.008   200.8 from   4 sources of SDSS0738+1835
r1160559.fit  7.94  2.62 0.034   157.0 from 142 sources of SDSS0738+1835
r1160560.fit  8.32  2.75 0.025   157.5 from 134 sources of SDSS0738+1835
r1160561.fit  7.71  2.54 0.040   192.1 from  14 sources of SDSS0738+1835
r1160562.fit  6.94  2.29 0.028   202.2 from  58 sources of SDSS0738+1835
r1160563.fit  6.49  2.14 0.045   201.9 from  47 sources of SDSS0738+1835
r1160564.fit  6.55  2.16 0.023   202.7 from  33 sources of SDSS0738+1835
r1160565.fit  7.31  2.41 0.027   205.9 from  22 sources of SDSS0738+1835
r1160566.fit  6.90  2.28 0.030   187.9 from 122 sources of SDSS0738+1835
r1160567.fit  6.95  2.29 0.038   176.8 from 182 sources of SDSS0738+1835
r1160568.fit  6.87  2.27 0.034   181.6 from 161 sources of SDSS0738+1835
r1160569.fit  6.54  2.16 0.034   190.6 from  99 sources of SDSS0738+1835
r1160570.fit  6.62  2.18 0.035   189.9 from 111 sources of SDSS0738+1835
r1160571.fit  6.33  2.09 0.035   195.2 from  62 sources of SDSS0738+1835
r1160572.fit  7.27  2.40 0.019   174.7 from 167 sources of SDSS0738+1835
r1160573.fit  7.50  2.48 0.036   181.7 from 129 sources of SDSS0738+1835
r1160574.fit  6.99  2.31 0.025   171.3 from 194 sources of SDSS0738+1835
r1160575.fit  7.45  2.46 0.023   173.3 from 172 sources of SDSS0738+1835
r1160576.fit  6.72  2.22 0.025   173.8 from 204 sources of SDSS0738+1835
r1160577.fit  7.64  2.52 0.031   174.8 from 164 sources of SDSS0738+1835
r1160578.fit  7.22  2.38 0.028   178.4 from 172 sources of SDSS0738+1835
r1160579.fit  7.68  2.53 0.035   204.1 from  44 sources of SDSS0738+1835
r1160580.fit  7.64  2.52 0.026   204.1 from  50 sources of SDSS0738+1835
r1160581.fit  8.23  2.72 0.030   193.6 from  80 sources of SDSS0738+1835
r1160582.fit  7.48  2.47 0.039   192.6 from 107 sources of SDSS0738+1835
r1160583.fit  8.14  2.69 0.039   186.7 from 123 sources of SDSS0738+1835
r1160584.fit is not a target (SKY)
r1160585.fit is not a target (SKY)
r1160586.fit is not a target (SKY)
r1160587.fit is not a target (SKY)
r1160588.fit is not a target (SKY)
r1160589.fit is not a target (SKY)
r1160590.fit is not a target (SKY)
r1160591.fit is not a target (SKY)
r1160592.fit is not a target (SKY)
r1160593.fit is not a target (SKY)
r1160594.fit is not a target (SKY)
r1160595.fit is not a target (SKY)
r1160596.fit is not a target (SKY)
r1160597.fit is not a target (SKY)
r1160598.fit is not a target (SKY)
r1160599.fit is not a target (SKY)
r1160600.fit is not a target (SKY)
r1160601.fit is not a target (SKY)
r1160602.fit is not a target (SKY)
r1160603.fit is not a target (SKY)
r1160604.fit is not a target (SKY)
r1160605.fit is not a target (SKY)
