r1099036.fit is not a target (BIAS)
r1099037.fit is not a target (BIAS)
r1099038.fit is not a target (BIAS)
r1099039.fit is not a target (BIAS)
r1099040.fit is not a target (BIAS)
r1099041.fit is not a target (BIAS)
r1099042.fit is not a target (BIAS)
r1099043.fit is not a target (BIAS)
r1099044.fit is not a target (BIAS)
r1099045.fit is not a target (BIAS)
r1099046.fit is not a target (BIAS)
r1099047.fit is not a target (SKY)
r1099048.fit is not a target (SKY)
r1099049.fit is not a target (SKY)
r1099050.fit is not a target (SKY)
r1099051.fit is not a target (SKY)
r1099052.fit is not a target (SKY)
r1099053.fit is not a target (SKY)
r1099054.fit is not a target (SKY)
r1099055.fit is not a target (SKY)
r1099056.fit is not a target (SKY)
r1099058.fit is not a target (FOCUS)
r1099059.fit  4.18  1.38 0.062    58.8 from  20 sources of SA114-548 r
r1099060.fit  4.52  1.49 0.058    53.6 from   6 sources of SA114-548 U
r1099061.fit  4.34  1.43 0.091    46.8 from  15 sources of SA114-548 g
r1099062.fit  4.79  1.58 0.083   205.5 from 415 sources of uvex_5355 r
r1099063.fit  4.77  1.57 0.045    80.9 from  52 sources of uvex_5355 U
r1099064.fit  3.58  1.18 0.056    97.2 from 332 sources of uvex_5355 g
r1099065.fit  4.45  1.47 0.057   200.1 from 354 sources of uvex_5369 r
r1099066.fit  4.81  1.59 0.070    74.1 from  43 sources of uvex_5369 U
r1099067.fit  3.85  1.27 0.059    99.5 from 219 sources of uvex_5369 g
r1099068.fit  5.29  1.75 0.101   216.3 from 763 sources of uvex_5372 r
r1099069.fit  5.43  1.79 0.073    78.5 from  99 sources of uvex_5372 U
r1099070.fit  4.77  1.57 0.071   107.7 from 676 sources of uvex_5372 g
r1099071.fit  3.92  1.29 0.079   208.8 from 1180 sources of uvex_5377o r
r1099072.fit  5.19  1.71 0.076    80.9 from  83 sources of uvex_5377o U
r1099073.fit  4.81  1.59 0.071   109.2 from 444 sources of uvex_5377o g
r1099074.fit  4.65  1.53 0.041   191.4 from 406 sources of uvex_5395 r
r1099075.fit  5.26  1.74 0.078    78.7 from  54 sources of uvex_5395 U
r1099076.fit  4.67  1.54 0.043    99.7 from 228 sources of uvex_5395 g
r1099077.fit  4.32  1.43 0.058   191.6 from 705 sources of uvex_5396 r
r1099078.fit  5.61  1.85 0.094    78.8 from  69 sources of uvex_5396 U
r1099079.fit  4.22  1.39 0.044   100.6 from 365 sources of uvex_5396 g
r1099080.fit  4.31  1.42 0.070   201.4 from 1175 sources of uvex_5413o r
r1099081.fit  5.27  1.74 0.071    75.3 from  93 sources of uvex_5413o U
r1099082.fit  4.97  1.64 0.071    95.4 from 543 sources of uvex_5413o g
r1099083.fit  4.71  1.55 0.067   201.4 from 1038 sources of uvex_5425 r
r1099084.fit  5.52  1.82 0.102    82.9 from  51 sources of uvex_5425 U
r1099085.fit  4.20  1.39 0.064   105.3 from 872 sources of uvex_5425 g
r1099086.fit  3.86  1.27 0.061   202.1 from 1398 sources of uvex_5426o r
r1099087.fit  4.78  1.58 0.101    77.8 from  97 sources of uvex_5426o U
r1099088.fit  4.14  1.37 0.067   105.1 from 796 sources of uvex_5426o g
r1099089.fit  3.53  1.16 0.072   166.5 from 1296 sources of uvex_6353 r
r1099090.fit  3.90  1.29 0.050    78.7 from 138 sources of uvex_6353 U
r1099091.fit  3.34  1.10 0.057    89.0 from 793 sources of uvex_6353 g
r1099092.fit  3.31  1.09 0.047   153.2 from 1181 sources of uvex_6541 r
r1099093.fit  4.20  1.39 0.062    67.8 from  76 sources of uvex_6541 U
r1099094.fit  3.30  1.09 0.055    77.3 from 704 sources of uvex_6541 g
r1099095.fit  3.56  1.17 0.059   143.8 from 513 sources of uvex_6544 r
r1099096.fit  4.21  1.39 0.064    72.3 from  47 sources of uvex_6544 U
r1099097.fit  3.27  1.08 0.049    76.7 from 242 sources of uvex_6544 g
r1099098.fit  2.95  0.97 0.060   158.5 from 1581 sources of uvex_6664o r
r1099099.fit  3.88  1.28 0.054    78.4 from 165 sources of uvex_6664o U
r1099100.fit  3.53  1.16 0.059    93.7 from 776 sources of uvex_6664o g
r1099101.fit  2.97  0.98 0.058   159.3 from 1510 sources of uvex_6685o r
r1099102.fit  3.67  1.21 0.053    78.7 from 199 sources of uvex_6685o U
r1099103.fit  3.22  1.06 0.050    95.3 from 847 sources of uvex_6685o g
r1099104.fit  3.40  1.12 0.058   144.8 from 932 sources of uvex_6843o r
r1099105.fit  3.89  1.28 0.046    84.7 from  96 sources of uvex_6843o U
r1099106.fit  3.31  1.09 0.041    90.8 from 531 sources of uvex_6843o g
r1099107.fit  3.81  1.26 0.087   150.2 from 784 sources of uvex_0644 r
r1099108.fit  5.12  1.69 0.070    77.0 from  86 sources of uvex_0644 U
r1099109.fit  4.28  1.41 0.085    90.5 from 402 sources of uvex_0644 g
r1099110.fit  3.73  1.23 0.093    55.1 from  15 sources of Feige110 r
r1099111.fit -8.88 -2.93 0.015    54.9 from   1 sources of Feige110 U
r1099112.fit  4.00  1.32 0.089    41.5 from  13 sources of Feige110 g
r1099113.fit  3.75  1.24 0.110   131.1 from 739 sources of uvex_0914o r
r1099114.fit  4.87  1.61 0.082    73.3 from  92 sources of uvex_0914o U
r1099115.fit  4.24  1.40 0.082    87.2 from 363 sources of uvex_0914o g
r1099116.fit  3.94  1.30 0.093   107.5 from 545 sources of uvex_0973 r
r1099117.fit  5.00  1.65 0.071    41.7 from  40 sources of uvex_0973 U
r1099118.fit  4.46  1.47 0.077    54.7 from 221 sources of uvex_0973 g
r1099119.fit  3.83  1.26 0.088   110.6 from 394 sources of uvex_0973o r
r1099120.fit  4.90  1.62 0.088    64.7 from  55 sources of uvex_0973o U
r1099121.fit  4.18  1.38 0.099    83.8 from 298 sources of uvex_0973o g
r1099122.fit  3.75  1.24 0.106   141.1 from 478 sources of uvex_1007o r
r1099123.fit  5.34  1.76 0.070    78.7 from  40 sources of uvex_1007o U
r1099124.fit  4.47  1.48 0.079    90.9 from 247 sources of uvex_1007o g
r1099125.fit  3.80  1.25 0.074   108.1 from 288 sources of uvex_1009 r
r1099126.fit  4.97  1.64 0.053    73.0 from  35 sources of uvex_1009 U
r1099127.fit  4.07  1.34 0.079    78.7 from 185 sources of uvex_1009 g
r1099128.fit  4.10  1.35 0.097   142.2 from 414 sources of uvex_1010 r
r1099129.fit  4.91  1.62 0.069    72.8 from  47 sources of uvex_1010 U
r1099130.fit  4.33  1.43 0.070    91.9 from 228 sources of uvex_1010 g
r1099131.fit  4.32  1.43 0.089   132.6 from 360 sources of uvex_1010o r
r1099132.fit  4.91  1.62 0.076    73.0 from  46 sources of uvex_1010o U
r1099133.fit  4.46  1.47 0.062    80.0 from 192 sources of uvex_1010o g
r1099134.fit  3.83  1.26 0.066   128.9 from 518 sources of uvex_1011 r
r1099135.fit  4.81  1.59 0.075    78.9 from  85 sources of uvex_1011 U
r1099136.fit  4.18  1.38 0.070    95.3 from 271 sources of uvex_1011 g
r1099137.fit  3.99  1.32 0.067   138.5 from 313 sources of uvex_1012 r
r1099138.fit  4.90  1.62 0.070    75.5 from  32 sources of uvex_1012 U
r1099139.fit  4.30  1.42 0.081    86.7 from 130 sources of uvex_1012 g
r1099140.fit  4.04  1.33 0.077   109.8 from 414 sources of uvex_1016 r
r1099141.fit  5.07  1.67 0.059    73.9 from  30 sources of uvex_1016 U
r1099142.fit  4.55  1.50 0.054    90.5 from 186 sources of uvex_1016 g
r1099143.fit  3.58  1.18 0.112   123.5 from 462 sources of uvex_1017o r
r1099144.fit  4.98  1.64 0.059    72.7 from  53 sources of uvex_1017o U
r1099145.fit  4.05  1.34 0.082    82.2 from 310 sources of uvex_1017o g
r1099146.fit  3.77  1.24 0.088   134.1 from 406 sources of uvex_1077 r
r1099147.fit  4.99  1.65 0.067    73.7 from  45 sources of uvex_1077 U
r1099148.fit  4.16  1.37 0.096    89.1 from 188 sources of uvex_1077 g
r1099149.fit  4.05  1.34 0.092    94.9 from 381 sources of uvex_1343o r
r1099150.fit  4.96  1.64 0.078    37.1 from  61 sources of uvex_1343o U
r1099151.fit  3.95  1.30 0.078    54.9 from 235 sources of uvex_1343o g
r1099152.fit  3.60  1.19 0.105    79.2 from 363 sources of uvex_1345o r
r1099153.fit  4.85  1.60 0.120    46.0 from  28 sources of uvex_1345o U
r1099154.fit  4.06  1.34 0.111    72.1 from 171 sources of uvex_1345o g
r1099155.fit  4.03  1.33 0.105   136.6 from 420 sources of uvex_1357 r
r1099156.fit  4.97  1.64 0.063    74.6 from  46 sources of uvex_1357 U
r1099157.fit  3.82  1.26 0.100    90.6 from 255 sources of uvex_1357 g
r1099158.fit  3.97  1.31 0.090   131.7 from 449 sources of uvex_1357o r
r1099159.fit  4.76  1.57 0.072    74.6 from  51 sources of uvex_1357o U
r1099160.fit  4.23  1.40 0.085    90.9 from 227 sources of uvex_1357o g
r1099161.fit  3.46  1.14 0.098   136.2 from 262 sources of uvex_1359 r
r1099162.fit  4.62  1.52 0.088    73.4 from  21 sources of uvex_1359 U
r1099163.fit  4.09  1.35 0.073    84.9 from 107 sources of uvex_1359 g
r1099164.fit  3.83  1.26 0.087   120.7 from 238 sources of uvex_1360 r
r1099165.fit  4.77  1.57 0.062    76.0 from  22 sources of uvex_1360 U
r1099166.fit  3.85  1.27 0.108    86.1 from 127 sources of uvex_1360 g
r1099167.fit  3.58  1.18 0.094   127.1 from 462 sources of uvex_1362 r
r1099168.fit  4.85  1.60 0.063    75.9 from  45 sources of uvex_1362 U
r1099169.fit  3.83  1.26 0.089    74.5 from 243 sources of uvex_1362 g
r1099170.fit  3.99  1.32 0.096   126.5 from 371 sources of uvex_1362o r
r1099171.fit  4.97  1.64 0.071    76.3 from  48 sources of uvex_1362o U
r1099172.fit  4.22  1.39 0.062    83.6 from 191 sources of uvex_1362o g
r1099173.fit  3.85  1.27 0.089   130.8 from 348 sources of uvex_1363o r
r1099174.fit  4.97  1.64 0.071    77.3 from  44 sources of uvex_1363o U
r1099175.fit  4.16  1.37 0.064    92.9 from 180 sources of uvex_1363o g
r1099176.fit  3.86  1.27 0.071   114.0 from 347 sources of uvex_1364 r
r1099177.fit  4.43  1.46 0.083    77.8 from  40 sources of uvex_1364 U
r1099178.fit  3.93  1.30 0.083    87.8 from 166 sources of uvex_1364 g
r1099179.fit  4.31  1.42 0.075    46.4 from  33 sources of GD50 r
r1099180.fit  4.73  1.56 0.046    26.0 from  12 sources of GD50 U
r1099181.fit  4.16  1.37 0.041    34.6 from  29 sources of GD50 g
r1099182.fit  4.04  1.33 0.118   105.3 from 467 sources of uvex_2587 r
r1099183.fit  5.45  1.80 0.075    40.6 from  86 sources of uvex_2587 U
r1099184.fit  4.43  1.46 0.088    60.5 from 442 sources of uvex_2587 g
r1099185.fit  4.47  1.48 0.090   109.7 from 578 sources of uvex_2587o r
r1099186.fit  4.93  1.63 0.098    43.9 from  91 sources of uvex_2587o U
r1099187.fit  4.58  1.51 0.093    63.6 from 446 sources of uvex_2587o g
r1099188.fit  4.27  1.41 0.077   104.4 from 454 sources of uvex_2589 r
r1099189.fit  5.01  1.65 0.101    48.8 from  87 sources of uvex_2589 U
r1099190.fit  4.32  1.43 0.086    65.9 from 310 sources of uvex_2589 g
r1099191.fit  4.09  1.35 0.079    95.5 from 491 sources of uvex_2589o r
r1099192.fit  4.97  1.64 0.089    46.0 from  82 sources of uvex_2589o U
r1099193.fit  4.25  1.40 0.084    66.7 from 325 sources of uvex_2589o g
r1099194.fit  3.98  1.31 0.105   114.6 from 542 sources of uvex_2594 r
r1099195.fit  5.03  1.66 0.087    43.6 from 103 sources of uvex_2594 U
r1099196.fit  4.32  1.43 0.086    66.8 from 402 sources of uvex_2594 g
r1099197.fit  4.43  1.46 0.090   102.2 from 487 sources of uvex_2594o r
r1099198.fit  4.88  1.61 0.094    45.1 from 105 sources of uvex_2594o U
r1099199.fit  3.92  1.29 0.095    62.0 from 426 sources of uvex_2594o g
r1099200.fit  3.81  1.26 0.082   105.5 from 555 sources of uvex_2596 r
r1099201.fit  4.74  1.56 0.104    39.9 from  90 sources of uvex_2596 U
r1099202.fit  3.84  1.27 0.088    60.0 from 370 sources of uvex_2596 g
r1099203.fit  4.42  1.46 0.094   106.7 from 441 sources of uvex_2596o r
r1099204.fit  4.59  1.51 0.089    37.7 from 100 sources of uvex_2596o U
r1099205.fit  3.70  1.22 0.088    57.4 from 375 sources of uvex_2596o g
r1099206.fit  3.76  1.24 0.109   114.0 from 393 sources of uvex_2598 r
r1099207.fit  4.88  1.61 0.078    42.1 from  79 sources of uvex_2598 U
r1099208.fit  4.03  1.33 0.084    58.3 from 268 sources of uvex_2598 g
r1099209.fit  3.58  1.18 0.089   102.1 from 447 sources of uvex_2598o r
r1099210.fit  4.59  1.51 0.098    42.5 from  80 sources of uvex_2598o U
r1099211.fit  3.95  1.30 0.087    57.6 from 247 sources of uvex_2598o g
r1099212.fit  3.87  1.28 0.109   110.5 from 427 sources of uvex_2600 r
r1099213.fit  4.65  1.53 0.107    41.8 from  86 sources of uvex_2600 U
r1099214.fit  3.51  1.16 0.111    61.3 from 298 sources of uvex_2600 g
r1099215.fit  3.79  1.25 0.066    95.3 from 466 sources of uvex_2600o r
r1099216.fit  4.52  1.49 0.099    37.1 from  94 sources of uvex_2600o U
r1099217.fit  3.90  1.29 0.091    48.1 from 291 sources of uvex_2600o g
r1099218.fit  3.34  1.10 0.096   104.6 from 885 sources of uvex_2602 r
r1099219.fit  4.61  1.52 0.100    34.4 from 115 sources of uvex_2602 U
r1099220.fit  3.52  1.16 0.111    58.6 from 561 sources of uvex_2602 g
r1099221.fit  4.19  1.38 0.088   105.4 from 657 sources of uvex_2602o r
r1099222.fit  4.22  1.39 0.113    38.3 from 127 sources of uvex_2602o U
r1099223.fit  3.47  1.15 0.100    52.2 from 657 sources of uvex_2602o g
r1099224.fit  3.36  1.11 0.092    49.9 from 617 sources of uvex_2604 r
r1099225.fit  4.49  1.48 0.104    44.3 from 107 sources of uvex_2604 U
r1099226.fit  4.01  1.32 0.078    61.7 from 340 sources of uvex_2604 g
r1099227.fit  3.63  1.20 0.110   101.4 from 474 sources of uvex_2604o r
r1099228.fit  4.73  1.56 0.096    38.8 from 103 sources of uvex_2604o U
r1099229.fit  3.76  1.24 0.085    58.0 from 375 sources of uvex_2604o g
r1099230.fit  3.67  1.21 0.101   114.2 from 534 sources of uvex_2608 r
r1099231.fit  4.51  1.49 0.101    44.5 from 132 sources of uvex_2608 U
r1099232.fit  3.94  1.30 0.086    67.9 from 346 sources of uvex_2608 g
r1099233.fit  3.80  1.25 0.099    90.9 from 520 sources of uvex_2608o r
r1099234.fit  4.59  1.51 0.089    43.6 from 123 sources of uvex_2608o U
r1099235.fit  3.61  1.19 0.098    65.5 from 328 sources of uvex_2608o g
r1099236.fit  3.34  1.10 0.102   120.5 from 352 sources of uvex_2611 r
r1099237.fit  4.35  1.44 0.096    42.8 from  73 sources of uvex_2611 U
r1099238.fit  3.89  1.28 0.089    50.8 from 213 sources of uvex_2611 g
r1099239.fit  3.68  1.21 0.119   120.4 from 249 sources of uvex_2611o r
r1099240.fit  4.48  1.48 0.094    44.9 from  67 sources of uvex_2611o U
r1099241.fit  3.63  1.20 0.078    63.6 from 220 sources of uvex_2611o g
r1099242.fit  3.65  1.20 0.092    91.3 from 670 sources of uvex_2612 r
r1099243.fit  4.50  1.49 0.102    42.2 from  93 sources of uvex_2612 U
r1099244.fit  4.19  1.38 0.078    59.9 from 428 sources of uvex_2612 g
r1099245.fit  3.48  1.15 0.089   102.2 from 721 sources of uvex_2612o r
r1099246.fit  4.55  1.50 0.091    41.8 from  95 sources of uvex_2612o U
r1099247.fit  3.76  1.24 0.085    59.7 from 538 sources of uvex_2612o g
r1099248.fit  3.52  1.16 0.088    96.2 from 601 sources of uvex_2614 r
r1099249.fit  4.41  1.46 0.093    44.2 from 111 sources of uvex_2614 U
r1099250.fit  3.54  1.17 0.098    65.7 from 426 sources of uvex_2614 g
r1099251.fit  3.78  1.25 0.110   109.5 from 603 sources of uvex_2614o r
r1099252.fit  4.51  1.49 0.090    44.4 from 103 sources of uvex_2614o U
r1099253.fit  3.77  1.24 0.071    67.2 from 420 sources of uvex_2614o g
r1099254.fit  3.55  1.17 0.101   114.3 from 623 sources of uvex_2621 r
r1099255.fit  4.26  1.41 0.082    49.8 from 101 sources of uvex_2621 U
r1099256.fit  3.52  1.16 0.087    67.2 from 437 sources of uvex_2621 g
r1099257.fit  3.32  1.10 0.094   109.7 from 617 sources of uvex_2621o r
r1099258.fit  4.42  1.46 0.080    52.8 from 105 sources of uvex_2621o U
r1099259.fit  3.53  1.16 0.101    68.8 from 441 sources of uvex_2621o g
r1099260.fit  3.16  1.04 0.102   118.8 from 464 sources of uvex_2623 r
r1099261.fit  4.36  1.44 0.109    53.7 from  98 sources of uvex_2623 U
r1099262.fit  3.64  1.20 0.079    63.4 from 281 sources of uvex_2623 g
r1099263.fit  3.49  1.15 0.076   125.3 from 421 sources of uvex_2623o r
r1099264.fit  4.26  1.41 0.081    51.7 from 102 sources of uvex_2623o U
r1099265.fit  3.52  1.16 0.076    53.9 from 282 sources of uvex_2623o g
r1099266.fit  3.20  1.06 0.110   125.6 from 306 sources of uvex_2625 r
r1099267.fit  4.68  1.54 0.105    58.0 from  74 sources of uvex_2625 U
r1099268.fit  3.54  1.17 0.100    64.7 from 222 sources of uvex_2625 g
r1099269.fit  3.71  1.22 0.087   131.3 from 338 sources of uvex_2625o r
r1099270.fit  4.66  1.54 0.097    57.5 from  66 sources of uvex_2625o U
r1099271.fit  3.64  1.20 0.091    73.5 from 224 sources of uvex_2625o g
r1099272.fit  3.76  1.24 0.085   128.2 from 686 sources of uvex_2627 r
r1099273.fit  4.58  1.51 0.077    57.4 from  90 sources of uvex_2627 U
r1099274.fit  3.69  1.22 0.080    68.0 from 600 sources of uvex_2627 g
r1099275.fit  3.61  1.19 0.112   127.5 from 747 sources of uvex_2627o r
r1099276.fit  4.37  1.44 0.076    61.3 from 118 sources of uvex_2627o U
r1099277.fit  3.66  1.21 0.089    72.7 from 574 sources of uvex_2627o g
r1099278.fit  3.64  1.20 0.110   131.9 from 573 sources of uvex_2629 r
r1099279.fit  4.37  1.44 0.070    64.1 from 110 sources of uvex_2629 U
r1099280.fit  3.35  1.11 0.077    69.8 from 471 sources of uvex_2629 g
r1099281.fit  3.28  1.08 0.093   112.3 from 648 sources of uvex_2629o r
r1099282.fit  4.17  1.38 0.065    65.0 from  59 sources of uvex_2629o U
r1099283.fit  3.62  1.19 0.089    71.5 from 294 sources of uvex_2629o g
r1099284.fit  3.03  1.00 0.105   123.8 from 802 sources of uvex_2635 r
r1099285.fit  4.18  1.38 0.056    57.8 from 119 sources of uvex_2635 U
r1099286.fit  3.47  1.15 0.073    94.2 from 505 sources of uvex_2635 g
r1099287.fit  3.23  1.07 0.089   147.9 from 743 sources of uvex_2635o r
r1099288.fit  5.22  1.72 0.131    92.2 from  63 sources of uvex_2635o U
r1099289.fit  3.44  1.14 0.073   100.3 from 492 sources of uvex_2635o g
r1099290.fit  3.29  1.09 0.077   163.8 from 374 sources of uvex_2637 r
r1099291.fit  4.34  1.43 0.092    89.2 from  87 sources of uvex_2637 U
r1099292.fit  3.16  1.04 0.088   103.9 from 244 sources of uvex_2637 g
r1099293.fit  3.13  1.03 0.111   164.5 from 326 sources of uvex_2637o r
r1099294.fit  4.33  1.43 0.054    88.7 from  81 sources of uvex_2637o U
r1099295.fit  3.57  1.18 0.062   105.3 from 225 sources of uvex_2637o g
r1099296.fit  3.39  1.12 0.088   159.6 from 811 sources of uvex_2638 r
r1099297.fit  4.19  1.38 0.075    84.6 from  93 sources of uvex_2638 U
r1099298.fit  3.37  1.11 0.072    98.7 from 608 sources of uvex_2638 g
r1099299.fit  3.11  1.03 0.087   164.5 from 932 sources of uvex_2638o r
r1099300.fit  4.21  1.39 0.050    85.5 from 104 sources of uvex_2638o U
r1099301.fit  3.34  1.10 0.060    99.6 from 640 sources of uvex_2638o g
r1099302.fit is not a target (BIAS)
r1099303.fit  3.40  1.12 0.043    76.1 from 247 sources of Rubin149B
r1099304.fit  4.51  1.49 0.058    58.9 from 129 sources of Rubin149B
r1099305.fit  4.70  1.55 0.047    65.9 from  70 sources of Rubin149B
r1099306.fit  4.72  1.56 0.098    88.4 from 118 sources of uvex_4031
r1099307.fit -6.40 -2.11 0.021   109.5 from   3 sources of uvex_4031 g
r1099308.fit  4.49  1.48 0.019   178.7 from   4 sources of uvex_4031 r
r1099309.fit  4.21  1.39 0.081   201.2 from   4 sources of uvex_4031o r
r1099310.fit  4.97  1.64 0.051    89.1 from 120 sources of uvex_4031o U
r1099311.fit is not a target (BIAS)
r1099312.fit is not a target (BIAS)
