r1167441.fit is not a target (BIAS)
r1167442.fit no objects found
r1167443.fit no objects found
r1167444.fit  0.81  0.27 0.120   420.7 from   1 sources of MABLANK8
r1167445.fit  0.82  0.27 0.118   433.8 from   1 sources of MABLANK8
r1167446.fit  0.82  0.27 0.120   404.5 from   1 sources of MABLANK8
r1167447.fit  4.46  1.47 0.117   411.7 from   1 sources of MABLANK8
r1167448.fit no objects found
r1167449.fit  0.83  0.27 0.117   422.6 from   1 sources of MABLANK8
r1167450.fit  4.46  1.47 0.116   429.3 from   1 sources of MABLANK8
r1167451.fit  4.45  1.47 0.117   426.7 from   1 sources of MABLANK8
r1167452.fit -1.53 -0.50 0.119   431.8 from   1 sources of MABLANK8
r1167453.fit  0.81  0.27 0.121   431.5 from   1 sources of MABLANK8
r1167454.fit -2.66 -0.88 0.120   425.4 from   1 sources of MABLANK8
r1167455.fit -1.66 -0.55 0.120   427.5 from   1 sources of MABLANK8
r1167456.fit is not a target (ARC)
r1167457.fit is not a target (BIAS)
r1167458.fit is not a target (BIAS)
r1167459.fit is not a target (BIAS)
r1167460.fit is not a target (BIAS)
r1167461.fit is not a target (BIAS)
r1167462.fit is not a target (BIAS)
r1167463.fit is not a target (BIAS)
r1167464.fit is not a target (BIAS)
r1167465.fit is not a target (BIAS)
r1167466.fit is not a target (BIAS)
r1167467.fit is not a target (BIAS)
r1167468.fit is not a target (BIAS)
r1167469.fit is not a target (BIAS)
r1167470.fit is not a target (BIAS)
r1167471.fit is not a target (BIAS)
r1167472.fit is not a target (BIAS)
r1167473.fit is not a target (BIAS)
r1167474.fit is not a target (BIAS)
r1167475.fit is not a target (BIAS)
r1167476.fit is not a target (BIAS)
r1167477.fit is not a target (BIAS)
r1167478.fit is not a target (BIAS)
r1167479.fit is not a target (BIAS)
r1167480.fit is not a target (BIAS)
r1167481.fit is not a target (BIAS)
r1167482.fit is not a target (BIAS)
r1167483.fit is not a target (BIAS)
r1167484.fit is not a target (BIAS)
r1167485.fit is not a target (BIAS)
r1167486.fit is not a target (BIAS)
r1167487.fit is not a target (BIAS)
r1167488.fit is not a target (BIAS)
r1167489.fit is not a target (BIAS)
r1167490.fit is not a target (BIAS)
r1167491.fit is not a target (BIAS)
r1167492.fit is not a target (BIAS)
r1167493.fit is not a target (BIAS)
r1167494.fit is not a target (BIAS)
r1167495.fit is not a target (BIAS)
r1167496.fit is not a target (BIAS)
r1167497.fit is not a target (SKY)
r1167498.fit is not a target (SKY)
r1167499.fit is not a target (SKY)
r1167500.fit is not a target (SKY)
r1167501.fit is not a target (SKY)
r1167502.fit is not a target (SKY)
r1167503.fit is not a target (SKY)
r1167504.fit is not a target (SKY)
r1167505.fit is not a target (SKY)
r1167506.fit is not a target (SKY)
r1167507.fit is not a target (SKY)
r1167508.fit is not a target (SKY)
r1167509.fit is not a target (SKY)
r1167510.fit is not a target (SKY)
r1167511.fit is not a target (SKY)
r1167512.fit is not a target (SKY)
r1167513.fit is not a target (SKY)
r1167514.fit is not a target (SKY)
r1167515.fit is not a target (SKY)
r1167516.fit is not a target (SKY)
r1167517.fit is not a target (SKY)
r1167518.fit is not a target (SKY)
r1167519.fit is not a target (SKY)
r1167520.fit is not a target (SKY)
r1167521.fit is not a target (SKY)
r1167522.fit is not a target (SKY)
r1167523.fit is not a target (SKY)
r1167524.fit is not a target (SKY)
r1167525.fit is not a target (SKY)
r1167526.fit is not a target (SKY)
r1167527.fit is not a target (SKY)
r1167528.fit is not a target (SKY)
r1167529.fit is not a target (SKY)
r1167530.fit is not a target (SKY)
r1167531.fit is not a target (SKY)
r1167532.fit is not a target (SKY)
r1167533.fit is not a target (FOCUS)
r1167534.fit is not a target (FOCUS)
r1167535.fit  3.20  1.06 0.040   179.5 from  63 sources of GD248 U
r1167536.fit  3.61  1.19 0.033   143.2 from  61 sources of GD248 U
r1167537.fit  3.81  1.26 0.029   140.2 from  83 sources of GD248 g
r1167538.fit  4.09  1.35 0.034   137.5 from  79 sources of GD248 g
r1167539.fit  3.88  1.28 0.099   201.2 from  11 sources of GD248 r
r1167540.fit  3.43  1.13 0.067   177.9 from 108 sources of GD248 r
r1167541.fit  3.22  1.06 0.063   351.6 from 131 sources of GD248 i
r1167542.fit  3.64  1.20 0.082   370.5 from 121 sources of GD248 i
r1167543.fit  4.02  1.33 0.040   118.3 from  78 sources of GD248 Ha
r1167544.fit  3.96  1.31 0.051   118.0 from  81 sources of GD248 Ha
r1167545.fit  5.15  1.70 0.039   477.5 from  81 sources of EUHV032
r1167546.fit  5.38  1.78 0.063   474.0 from  81 sources of EUHV032
r1167547.fit  5.46  1.80 0.054   476.4 from  81 sources of EUHV032
r1167548.fit  5.50  1.82 0.061   480.9 from  80 sources of EUHV032
r1167549.fit  5.28  1.74 0.058   478.1 from  86 sources of EUHV032
r1167550.fit  7.07  2.33 0.131   519.8 from  42 sources of EUHV037
r1167551.fit  5.42  1.79 0.093   534.2 from  71 sources of EUHV037
r1167552.fit  6.58  2.17 0.128   550.8 from  52 sources of EUHV037
r1167553.fit  5.63  1.86 0.105   548.7 from  64 sources of EUHV037
r1167554.fit  7.45  2.46 0.135   552.9 from  27 sources of EUHV037
r1167555.fit  4.81  1.59 0.063   320.6 from 384 sources of EUZV085
r1167556.fit  4.68  1.54 0.045   310.9 from 400 sources of EUZV085
r1167557.fit  4.33  1.43 0.048   312.1 from 452 sources of EUZV085
r1167558.fit  4.71  1.55 0.055   310.6 from 415 sources of EUZV085
r1167559.fit  4.67  1.54 0.055   326.3 from 363 sources of EUZV085
r1167560.fit  4.89  1.61 0.062   328.9 from 339 sources of EUZV086
r1167561.fit  4.48  1.48 0.054   339.0 from 369 sources of EUZV086
r1167562.fit  4.99  1.65 0.072   325.8 from 290 sources of EUZV086
r1167563.fit  4.76  1.57 0.067   336.1 from 322 sources of EUZV086
r1167564.fit  4.49  1.48 0.056   349.4 from 342 sources of EUZV086
r1167565.fit  5.28  1.74 0.122    17.8 from  14 sources of FEIGE22 U
r1167566.fit  5.14  1.70 0.086    16.9 from  14 sources of FEIGE22 U
r1167567.fit  4.65  1.53 0.048    18.0 from  17 sources of FEIGE22 g
r1167568.fit  5.78  1.91 0.079    20.2 from  13 sources of FEIGE22 g
r1167569.fit  4.55  1.50 0.072    37.8 from  17 sources of FEIGE22 r
r1167570.fit  4.62  1.52 0.060    38.8 from  18 sources of FEIGE22 r
r1167571.fit  5.75  1.90 0.086    76.2 from  14 sources of FEIGE22 i
r1167572.fit  5.10  1.68 0.078    77.9 from  20 sources of FEIGE22 i
r1167573.fit  4.46  1.47 0.052    36.8 from  26 sources of FEIGE22 Ha
r1167574.fit  7.08  2.34 0.097    38.7 from  17 sources of FEIGE22 Ha
r1167575.fit  5.68  1.87 0.090    55.1 from  38 sources of intphas_1401o Ha
r1167576.fit  7.25  2.39 0.114   153.5 from  67 sources of intphas_1401o r
r1167577.fit  5.31  1.75 0.076   134.4 from  78 sources of intphas_1401o i
r1167578.fit  7.69  2.54 0.051    44.1 from  19 sources of intphas_1403 Ha
r1167579.fit  4.43  1.46 0.097   170.4 from 109 sources of intphas_1403 r
r1167580.fit  5.69  1.88 0.096   152.0 from  66 sources of intphas_1403 i
r1167581.fit  6.11  2.02 0.081    38.5 from  32 sources of intphas_1403o Ha
r1167582.fit  5.53  1.82 0.092   157.3 from  91 sources of intphas_1403o r
r1167583.fit  5.72  1.89 0.120   147.5 from  79 sources of intphas_1403o i
r1167584.fit  5.00  1.65 0.087    35.1 from  80 sources of intphas_1404 Ha
r1167585.fit  4.33  1.43 0.075   144.4 from 218 sources of intphas_1404 r
r1167586.fit  4.51  1.49 0.083   140.6 from 233 sources of intphas_1404 i
r1167587.fit  4.27  1.41 0.109    33.5 from 111 sources of intphas_1404o Ha
r1167588.fit  4.19  1.38 0.114   114.9 from 260 sources of intphas_1404o r
r1167589.fit  4.33  1.43 0.113    99.0 from 200 sources of intphas_1404o i
r1167590.fit  4.04  1.33 0.088    36.9 from  73 sources of intphas_1406 Ha
r1167591.fit  4.02  1.33 0.080   136.7 from 169 sources of intphas_1406 r
r1167592.fit  3.95  1.30 0.108   116.8 from 175 sources of intphas_1406 i
r1167593.fit  3.97  1.31 0.108    34.2 from  88 sources of intphas_1406o Ha
r1167594.fit  4.25  1.40 0.082   136.5 from 159 sources of intphas_1406o r
r1167595.fit  3.88  1.28 0.051   123.5 from 176 sources of intphas_1406o i
r1167596.fit  4.73  1.56 0.084    30.8 from  55 sources of intphas_1407 Ha
r1167597.fit  4.13  1.36 0.099   132.2 from 182 sources of intphas_1407 r
r1167598.fit  3.88  1.28 0.102   120.7 from 235 sources of intphas_1407 i
r1167599.fit  4.34  1.43 0.119    37.8 from  55 sources of intphas_1407o Ha
r1167600.fit  4.08  1.35 0.103   111.4 from 167 sources of intphas_1407o r
r1167601.fit  3.81  1.26 0.076   112.0 from 198 sources of intphas_1407o i
r1167602.fit  4.38  1.45 0.089    73.8 from  70 sources of intphas_1408 Ha
r1167603.fit  4.84  1.60 0.101   179.7 from 126 sources of intphas_1408 r
r1167604.fit  4.27  1.41 0.109   140.4 from 145 sources of intphas_1408 i
r1167605.fit  4.65  1.53 0.113    78.2 from  50 sources of intphas_1408o Ha
r1167606.fit  4.10  1.35 0.102   196.8 from  92 sources of intphas_1408o r
r1167607.fit  3.98  1.31 0.086   165.9 from  37 sources of intphas_1408o i
r1167608.fit  4.25  1.40 0.061    85.0 from  33 sources of intphas_1408 Ha
r1167609.fit  4.34  1.43 0.062   167.2 from 151 sources of intphas_1408 r
r1167610.fit  3.68  1.21 0.128   143.9 from  97 sources of intphas_1408 i
r1167611.fit  4.33  1.43 0.101    77.3 from  81 sources of intphas_1408o Ha
r1167612.fit  4.29  1.42 0.066   148.0 from 213 sources of intphas_1408o r
r1167613.fit  4.20  1.39 0.093   141.6 from 177 sources of intphas_1408o i
r1167614.fit  5.73  1.89 0.058    79.2 from  60 sources of intphas_1410 Ha
r1167615.fit  5.00  1.65 0.069   161.3 from 196 sources of intphas_1410 r
r1167616.fit  4.56  1.50 0.071   151.1 from 168 sources of intphas_1410 i
r1167617.fit  4.79  1.58 0.065    76.4 from  83 sources of intphas_1410o Ha
r1167618.fit  5.76  1.90 0.043   171.1 from 144 sources of intphas_1410o r
r1167619.fit  4.35  1.44 0.058   149.6 from 176 sources of intphas_1410o i
r1167620.fit  4.90  1.62 0.048   219.2 from  81 sources of GD248 r
r1167621.fit  6.06  2.00 0.097    79.0 from  25 sources of GD248 U
r1167622.fit  6.39  2.11 0.031   115.8 from  62 sources of GD248 g
r1167623.fit  4.91  1.62 0.044   303.9 from  84 sources of GD248 i
r1167624.fit  5.07  1.67 0.045   299.7 from  83 sources of GD248 i
r1167625.fit  5.74  1.89 0.082   100.9 from  49 sources of GD248 Ha
r1167626.fit  5.52  1.82 0.047   101.2 from  52 sources of GD248 Ha
r1167627.fit  5.01  1.65 0.046    75.0 from  13 sources of FEIGE22 r
r1167628.fit  4.25  1.40 0.047    56.8 from  16 sources of FEIGE22 U
r1167629.fit  4.55  1.50 0.033    59.0 from  13 sources of FEIGE22 g
r1167630.fit  4.44  1.47 0.069    90.0 from  18 sources of FEIGE22 i
r1167631.fit  4.97  1.64 0.076    67.4 from  23 sources of FEIGE22 Ha
r1167632.fit  5.36  1.77 0.044   133.5 from 208 sources of uvex_2990 r
r1167633.fit  6.17  2.04 0.084    35.0 from  34 sources of uvex_2990 U
r1167634.fit  5.13  1.69 0.091    77.0 from 137 sources of uvex_2990 g
r1167635.fit  4.92  1.62 0.071   131.7 from 228 sources of uvex_2990o r
r1167636.fit  5.61  1.85 0.100    34.5 from  53 sources of uvex_2990o U
r1167637.fit  5.18  1.71 0.097    76.3 from 124 sources of uvex_2990o g
r1167638.fit  4.88  1.61 0.096   127.4 from 173 sources of uvex_2991 r
r1167639.fit  5.71  1.88 0.109    36.8 from  60 sources of uvex_2991 U
r1167640.fit  4.94  1.63 0.074    77.9 from 112 sources of uvex_2991 g
r1167641.fit  4.71  1.55 0.073   146.1 from 240 sources of uvex_2991o r
r1167642.fit  5.02  1.66 0.106    37.5 from  49 sources of uvex_2991o U
r1167643.fit  5.16  1.70 0.118    81.4 from  44 sources of uvex_2991o g
r1167644.fit  4.41  1.46 0.057   153.1 from 255 sources of uvex_2992 r
r1167645.fit  4.98  1.64 0.106    36.5 from  61 sources of uvex_2992 U
r1167646.fit  4.85  1.60 0.091    68.6 from 147 sources of uvex_2992 g
r1167647.fit  4.16  1.37 0.071   165.7 from 135 sources of uvex_2993 r
r1167648.fit  4.48  1.48 0.086    35.4 from  52 sources of uvex_2993 U
r1167649.fit  4.29  1.42 0.092    74.5 from 132 sources of uvex_2993 g
r1167650.fit  4.13  1.36 0.077   133.4 from 245 sources of uvex_2993o r
r1167651.fit  4.54  1.50 0.100    33.4 from  86 sources of uvex_2993o U
r1167652.fit  4.24  1.40 0.078    56.0 from 218 sources of uvex_2993o g
r1167653.fit  4.05  1.34 0.078   119.1 from 539 sources of uvex_2994o r
r1167654.fit  4.94  1.63 0.095    32.1 from 101 sources of uvex_2994o U
r1167655.fit  4.61  1.52 0.097    63.7 from 364 sources of uvex_2994o g
r1167656.fit  4.29  1.42 0.097   118.5 from 312 sources of uvex_2996 r
r1167657.fit  4.79  1.58 0.104    34.8 from  53 sources of uvex_2996 U
r1167658.fit  4.28  1.41 0.091    59.2 from 174 sources of uvex_2996 g
r1167659.fit  4.22  1.39 0.097   128.9 from 276 sources of uvex_2996o r
r1167660.fit  4.52  1.49 0.115    33.4 from  52 sources of uvex_2996o U
r1167661.fit  4.36  1.44 0.093    69.6 from 160 sources of uvex_2996o g
r1167662.fit  3.94  1.30 0.069   110.6 from 666 sources of uvex_2999 r
r1167663.fit  4.16  1.37 0.108    31.7 from 153 sources of uvex_2999 U
r1167664.fit  4.10  1.35 0.077    58.6 from 552 sources of uvex_2999 g
r1167665.fit  3.77  1.24 0.099   110.8 from 795 sources of uvex_2999o r
r1167666.fit  4.40  1.45 0.125    31.6 from 120 sources of uvex_2999o U
r1167667.fit  3.92  1.29 0.098    61.9 from 571 sources of uvex_2999o g
r1167668.fit  3.87  1.28 0.099    96.4 from 458 sources of uvex_3000 r
r1167669.fit  4.65  1.53 0.118    32.3 from  99 sources of uvex_3000 U
r1167670.fit  4.55  1.50 0.064    57.4 from 339 sources of uvex_3000 g
r1167671.fit  4.08  1.35 0.083   105.0 from 504 sources of uvex_3000o r
r1167672.fit  4.71  1.55 0.091    32.6 from 113 sources of uvex_3000o U
r1167673.fit  4.17  1.38 0.060    57.2 from 347 sources of uvex_3000o g
r1167674.fit  4.02  1.33 0.072   105.9 from 332 sources of uvex_3003 r
r1167675.fit  4.66  1.54 0.081    31.4 from  88 sources of uvex_3003 U
r1167676.fit  3.97  1.31 0.072    67.9 from 244 sources of uvex_3003 g
r1167677.fit  4.54  1.50 0.067   114.3 from 328 sources of uvex_3003o r
r1167678.fit  4.43  1.46 0.079    34.5 from  99 sources of uvex_3003o U
r1167679.fit  4.15  1.37 0.062    70.7 from 251 sources of uvex_3003o g
r1167680.fit  4.18  1.38 0.065    96.1 from 438 sources of uvex_3004 r
r1167681.fit  4.62  1.52 0.065    30.9 from  90 sources of uvex_3004 U
r1167682.fit  4.47  1.48 0.079    60.4 from 255 sources of uvex_3004 g
r1167683.fit  3.93  1.30 0.087   123.5 from 439 sources of uvex_3004o r
r1167684.fit  4.26  1.41 0.089    30.8 from 110 sources of uvex_3004o U
r1167685.fit  4.18  1.38 0.079    67.4 from 278 sources of uvex_3004o g
r1167686.fit  3.85  1.27 0.086   109.3 from 539 sources of uvex_3008o r
r1167687.fit  4.53  1.49 0.104    32.9 from  93 sources of uvex_3008o U
r1167688.fit  4.41  1.46 0.060    55.8 from 335 sources of uvex_3008o g
r1167689.fit  4.33  1.43 0.048   107.0 from 435 sources of uvex_3013 r
r1167690.fit  4.80  1.58 0.079    32.7 from 115 sources of uvex_3013 U
r1167691.fit  4.15  1.37 0.076    62.7 from 321 sources of uvex_3013 g
r1167692.fit  3.88  1.28 0.042    91.2 from 475 sources of uvex_3013o r
r1167693.fit  4.71  1.55 0.069    29.7 from 111 sources of uvex_3013o U
r1167694.fit  4.20  1.39 0.096    56.1 from 274 sources of uvex_3013o g
r1167695.fit  3.84  1.27 0.084    99.2 from 605 sources of uvex_3016 r
r1167696.fit  4.42  1.46 0.067    35.0 from 109 sources of uvex_3016 U
r1167697.fit  4.18  1.38 0.075    58.2 from 383 sources of uvex_3016 g
r1167698.fit  4.19  1.38 0.077   108.1 from 422 sources of uvex_3016o r
r1167699.fit  4.60  1.52 0.066    31.5 from 106 sources of uvex_3016o U
r1167700.fit  4.32  1.43 0.094    57.3 from 327 sources of uvex_3016o g
r1167701.fit  4.96  1.64 0.085    34.9 from 104 sources of SA98-650 r
r1167702.fit  5.08  1.68 0.104    24.1 from  58 sources of SA98-650 U
r1167703.fit  5.89  1.94 0.058    20.7 from  64 sources of SA98-650 g
r1167704.fit  4.42  1.46 0.040    27.9 from  78 sources of SA98-650 i
r1167705.fit  5.76  1.90 0.099    16.7 from  32 sources of SA98-650 Ha
r1167706.fit  4.73  1.56 0.033    70.4 from  17 sources of FEIGE22 r
r1167707.fit  5.36  1.77 0.055    61.1 from  11 sources of FEIGE22 U
r1167708.fit  5.12  1.69 0.026    60.6 from  13 sources of FEIGE22 g
r1167709.fit  4.10  1.35 0.045    83.3 from  25 sources of FEIGE22 i
r1167710.fit  5.54  1.83 0.088    70.6 from  23 sources of FEIGE22 Ha
r1167711.fit  4.76  1.57 0.101   109.8 from 453 sources of uvex_3824 r
r1167712.fit  6.02  1.99 0.075    39.6 from  88 sources of uvex_3824 U
r1167713.fit  5.21  1.72 0.100    66.6 from 299 sources of uvex_3824 g
r1167714.fit  5.00  1.65 0.070    91.2 from 417 sources of uvex_3824o r
r1167715.fit  5.79  1.91 0.069    39.0 from  95 sources of uvex_3824o U
r1167716.fit  5.56  1.83 0.094    68.9 from 234 sources of uvex_3824o g
r1167717.fit  4.71  1.55 0.068   124.2 from 400 sources of uvex_3832 r
r1167718.fit  5.03  1.66 0.109    45.9 from  72 sources of uvex_3832 U
r1167719.fit  5.27  1.74 0.048    64.3 from 306 sources of uvex_3832 g
r1167720.fit  4.48  1.48 0.066   130.6 from 438 sources of uvex_3832o r
r1167721.fit  5.42  1.79 0.094    41.4 from  86 sources of uvex_3832o U
r1167722.fit  4.82  1.59 0.070    70.3 from 340 sources of uvex_3832o g
r1167723.fit  4.10  1.35 0.057   112.6 from 697 sources of uvex_3833 r
r1167724.fit  4.49  1.48 0.102    39.5 from 163 sources of uvex_3833 U
r1167725.fit  4.32  1.43 0.075    65.6 from 450 sources of uvex_3833 g
r1167726.fit  3.95  1.30 0.092   125.0 from 665 sources of uvex_3833o r
r1167727.fit  5.28  1.74 0.136    35.2 from 105 sources of uvex_3833o U
r1167728.fit  4.42  1.46 0.085    60.5 from 459 sources of uvex_3833o g
r1167729.fit  4.32  1.43 0.114    93.8 from 603 sources of uvex_3834o r
r1167730.fit  4.45  1.47 0.063    40.1 from 160 sources of uvex_3834o U
r1167731.fit  3.90  1.29 0.077    54.5 from 522 sources of uvex_3834o g
r1167732.fit  3.68  1.21 0.065   116.1 from 714 sources of uvex_3835 r
r1167733.fit  4.60  1.52 0.070    42.1 from 145 sources of uvex_3835 U
r1167734.fit  3.87  1.28 0.077    61.8 from 459 sources of uvex_3835 g
r1167735.fit  3.81  1.26 0.072   104.2 from 712 sources of uvex_3835o r
r1167736.fit  4.65  1.53 0.089    43.0 from 144 sources of uvex_3835o U
r1167737.fit  3.94  1.30 0.065    64.1 from 482 sources of uvex_3835o g
r1167738.fit  3.45  1.14 0.063   117.6 from 696 sources of uvex_3836 r
r1167739.fit  4.71  1.55 0.099    45.5 from 124 sources of uvex_3836 U
r1167740.fit  4.18  1.38 0.043    65.8 from 435 sources of uvex_3836 g
r1167741.fit  3.61  1.19 0.074   115.5 from 782 sources of uvex_3836o r
r1167742.fit  4.22  1.39 0.054    47.6 from 163 sources of uvex_3836o U
r1167743.fit  3.91  1.29 0.037    68.1 from 545 sources of uvex_3836o g
r1167744.fit  4.28  1.41 0.102   113.8 from 579 sources of uvex_3837 r
r1167745.fit  4.86  1.60 0.056    42.4 from 143 sources of uvex_3837 U
r1167746.fit  4.21  1.39 0.053    67.9 from 360 sources of uvex_3837 g
r1167747.fit  3.59  1.18 0.038   112.4 from 659 sources of uvex_3837o r
r1167748.fit  5.02  1.66 0.048    45.7 from 115 sources of uvex_3837o U
r1167749.fit  4.84  1.60 0.055    66.4 from 293 sources of uvex_3837o g
r1167750.fit  4.07  1.34 0.064   131.6 from 313 sources of uvex_3838 r
r1167751.fit  5.04  1.66 0.082    50.0 from  44 sources of uvex_3838 U
r1167752.fit  4.40  1.45 0.080    76.3 from 168 sources of uvex_3838 g
r1167753.fit  4.62  1.52 0.048   156.9 from 252 sources of uvex_3838o r
r1167754.fit  4.47  1.48 0.073    88.3 from  74 sources of uvex_3838o U
r1167755.fit  3.56  1.17 0.073   113.7 from 294 sources of uvex_3838o g
r1167756.fit  3.41  1.13 0.088   100.7 from 578 sources of uvex_3840 r
r1167757.fit  4.06  1.34 0.082    84.8 from  82 sources of uvex_3840 U
r1167758.fit  3.35  1.11 0.055    98.9 from 449 sources of uvex_3840 g
r1167759.fit  3.24  1.07 0.074   150.7 from 672 sources of uvex_3840o r
r1167760.fit  3.70  1.22 0.087    91.2 from 115 sources of uvex_3840o U
r1167761.fit  3.45  1.14 0.051   112.9 from 463 sources of uvex_3840o g
r1167762.fit  3.07  1.01 0.069   156.6 from 763 sources of uvex_3841 r
r1167763.fit  3.33  1.10 0.081    89.2 from 209 sources of uvex_3841 U
r1167764.fit  3.51  1.16 0.075   108.6 from 564 sources of uvex_3841 g
r1167765.fit  3.50  1.16 0.109   143.2 from 611 sources of uvex_3841o r
r1167766.fit  3.90  1.29 0.098    89.7 from 160 sources of uvex_3841o U
r1167767.fit  3.71  1.22 0.077   105.6 from 464 sources of uvex_3841o g
r1167768.fit  3.63  1.20 0.047   154.8 from 548 sources of uvex_3844 r
r1167769.fit  4.38  1.45 0.053    79.8 from 135 sources of uvex_3844 U
r1167770.fit  4.41  1.46 0.043    97.4 from 363 sources of uvex_3844 g
r1167771.fit  4.04  1.33 0.048   153.3 from 538 sources of uvex_3844o r
r1167772.fit  4.75  1.57 0.047    88.2 from 114 sources of uvex_3844o U
r1167773.fit  4.20  1.39 0.057   106.5 from 352 sources of uvex_3844o g
r1167774.fit  4.21  1.39 0.039   148.4 from 521 sources of uvex_3845 r
r1167775.fit  4.38  1.45 0.035    88.6 from 175 sources of uvex_3845 U
r1167776.fit  4.33  1.43 0.058   110.3 from 385 sources of uvex_3845 g
r1167777.fit  4.01  1.32 0.056   167.3 from 535 sources of uvex_3845o r
r1167778.fit  5.34  1.76 0.051    91.0 from 105 sources of uvex_3845o U
r1167779.fit  4.33  1.43 0.035    98.8 from 333 sources of uvex_3845o g
r1167780.fit  4.62  1.52 0.039   156.5 from 393 sources of uvex_3846 r
r1167781.fit  4.90  1.62 0.062    80.0 from 105 sources of uvex_3846 U
r1167782.fit  4.21  1.39 0.047   103.3 from 352 sources of uvex_3846 g
r1167783.fit  4.22  1.39 0.037   172.4 from 515 sources of uvex_3846o r
r1167784.fit  4.84  1.60 0.032    89.0 from 105 sources of uvex_3846o U
r1167785.fit  5.19  1.71 0.031   110.9 from 302 sources of uvex_3846o g
r1167786.fit  5.66  1.87 0.091   158.0 from 369 sources of uvex_3847 r
r1167787.fit  6.69  2.21 0.028    90.2 from  91 sources of uvex_3847 U
r1167788.fit  5.57  1.84 0.035   106.1 from 298 sources of uvex_3847 g
r1167789.fit  5.11  1.69 0.040   176.4 from 435 sources of uvex_3847o r
r1167790.fit  5.56  1.83 0.035    94.6 from 133 sources of uvex_3847o U
r1167791.fit  5.80  1.91 0.042   115.6 from 301 sources of uvex_3847o g
r1167792.fit  7.15  2.36 0.072    74.0 from   6 sources of SA95-271 r
r1167793.fit  4.26  1.41 0.041    87.9 from  11 sources of SA95-271 U
r1167794.fit  7.03  2.32 0.066    68.9 from   8 sources of SA95-271 g
r1167795.fit  4.56  1.50 0.036    74.1 from 161 sources of SA98-650 r
r1167796.fit  5.55  1.83 0.037    68.8 from  76 sources of SA98-650 U
r1167797.fit  5.44  1.80 0.032    54.8 from  78 sources of SA98-650 g
r1167798.fit  4.54  1.50 0.043    65.9 from 112 sources of SA98-650 i
r1167799.fit  7.31  2.41 0.041    57.0 from  30 sources of SA98-650 Ha
r1167800.fit  6.50  2.15 0.038    62.8 from  12 sources of GD108 r
r1167801.fit  7.50  2.48 0.054    30.9 from   8 sources of GD108 U
r1167802.fit  7.32  2.42 0.064    25.8 from  13 sources of GD108 g
r1167803.fit  5.16  1.70 0.068   150.0 from  54 sources of GD108 i
r1167804.fit  5.84  1.93 0.073    36.5 from  24 sources of GD108 Ha
r1167805.fit  5.25  1.73 0.096   164.3 from 460 sources of uvex_3848 r
r1167806.fit  5.08  1.68 0.087    95.3 from 127 sources of uvex_3848 U
r1167807.fit  4.77  1.57 0.048   112.6 from 380 sources of uvex_3848 g
r1167808.fit  4.70  1.55 0.049    44.1 from 515 sources of uvex_3848o r
r1167809.fit  5.24  1.73 0.090    93.9 from 130 sources of uvex_3848o U
r1167810.fit  4.41  1.46 0.044   109.9 from 454 sources of uvex_3848o g
r1167811.fit  4.36  1.44 0.042   169.4 from 525 sources of uvex_3849 r
r1167812.fit  4.60  1.52 0.048    96.1 from 149 sources of uvex_3849 U
r1167813.fit  4.93  1.63 0.031   114.7 from 316 sources of uvex_3849 g
r1167814.fit  3.77  1.24 0.063   165.6 from 695 sources of uvex_3849o r
r1167815.fit  4.96  1.64 0.042    94.2 from 129 sources of uvex_3849o U
r1167816.fit  6.93  2.29 0.033   115.0 from 204 sources of uvex_3849o g
r1167817.fit  6.45  2.13 0.034   169.2 from 271 sources of uvex_3850 r
r1167818.fit  4.62  1.52 0.075    95.4 from 124 sources of uvex_3850 U
r1167819.fit  4.41  1.46 0.045   114.8 from 359 sources of uvex_3850 g
r1167820.fit  4.43  1.46 0.050   165.2 from 457 sources of uvex_3850o r
r1167821.fit  4.64  1.53 0.052    94.0 from 103 sources of uvex_3850o U
r1167822.fit  4.56  1.50 0.050   112.1 from 308 sources of uvex_3850o g
r1167823.fit  4.35  1.44 0.085   177.8 from 332 sources of uvex_3851 r
r1167824.fit  4.60  1.52 0.070   100.2 from  81 sources of uvex_3851 U
r1167825.fit  4.30  1.42 0.043   112.4 from 302 sources of uvex_3851 g
r1167826.fit  4.38  1.45 0.067   151.6 from 442 sources of uvex_3851o r
r1167827.fit  4.51  1.49 0.048    98.0 from 100 sources of uvex_3851o U
r1167828.fit  4.61  1.52 0.038   113.1 from 315 sources of uvex_3851o g
r1167829.fit  5.24  1.73 0.044   185.6 from 454 sources of uvex_3854o r
r1167830.fit  4.45  1.47 0.092   100.0 from 163 sources of uvex_3854o U
r1167831.fit  4.22  1.39 0.084   131.3 from 496 sources of uvex_3854o g
r1167832.fit  4.56  1.50 0.054   159.4 from 476 sources of uvex_3855 r
r1167833.fit  5.29  1.75 0.043    94.2 from 112 sources of uvex_3855 U
r1167834.fit  4.95  1.63 0.049   115.1 from 277 sources of uvex_3855 g
r1167835.fit  5.30  1.75 0.057   171.6 from 325 sources of uvex_3855o r
r1167836.fit  4.59  1.51 0.051    88.7 from 116 sources of uvex_3855o U
r1167837.fit  5.15  1.70 0.080   114.2 from 227 sources of uvex_3855o g
r1167838.fit  4.85  1.60 0.053   162.5 from 457 sources of uvex_3856 r
r1167839.fit  4.87  1.61 0.075    96.3 from 121 sources of uvex_3856 U
r1167840.fit  5.62  1.85 0.045   111.8 from 274 sources of uvex_3856 g
r1167841.fit  5.16  1.70 0.041   167.9 from 403 sources of uvex_3856o r
r1167842.fit  4.56  1.50 0.066    97.0 from 112 sources of uvex_3856o U
r1167843.fit  4.73  1.56 0.052   105.7 from 348 sources of uvex_3856o g
r1167844.fit  4.71  1.55 0.057   172.2 from 534 sources of uvex_3857 r
r1167845.fit  4.84  1.60 0.064    95.6 from 151 sources of uvex_3857 U
r1167846.fit  5.12  1.69 0.043   109.2 from 336 sources of uvex_3857 g
r1167847.fit  5.04  1.66 0.046   174.3 from 470 sources of uvex_3857o r
r1167848.fit  5.06  1.67 0.041    92.5 from 133 sources of uvex_3857o U
r1167849.fit  5.17  1.71 0.053   110.7 from 351 sources of uvex_3857o g
r1167850.fit  5.09  1.68 0.052   156.0 from 540 sources of uvex_3858 r
r1167851.fit  5.16  1.70 0.075    95.2 from 148 sources of uvex_3858 U
r1167852.fit  4.89  1.61 0.047   107.4 from 460 sources of uvex_3858 g
r1167853.fit  4.75  1.57 0.061   164.7 from 678 sources of uvex_3858o r
r1167854.fit  4.75  1.57 0.057    93.2 from 185 sources of uvex_3858o U
r1167855.fit  5.17  1.71 0.047   101.4 from 458 sources of uvex_3858o g
r1167856.fit  4.69  1.55 0.054   165.3 from 562 sources of uvex_3859 r
r1167857.fit  4.56  1.50 0.067    82.5 from 146 sources of uvex_3859 U
r1167858.fit  5.32  1.76 0.046   108.0 from 339 sources of uvex_3859 g
r1167859.fit  4.70  1.55 0.054   162.4 from 542 sources of uvex_3859o r
r1167860.fit  4.53  1.49 0.067    89.8 from 166 sources of uvex_3859o U
r1167861.fit  5.00  1.65 0.044   100.9 from 405 sources of uvex_3859o g
r1167862.fit  5.05  1.67 0.047   155.6 from 464 sources of uvex_3860 r
r1167863.fit  4.85  1.60 0.067    86.5 from 120 sources of uvex_3860 U
r1167864.fit  4.90  1.62 0.050   102.2 from 369 sources of uvex_3860 g
r1167865.fit  4.79  1.58 0.058   153.2 from 520 sources of uvex_3860o r
r1167866.fit  5.30  1.75 0.067    88.3 from 101 sources of uvex_3860o U
r1167867.fit  6.10  2.01 0.054    98.0 from 230 sources of uvex_3860o g
r1167868.fit  5.21  1.72 0.053   165.6 from 512 sources of uvex_3861 r
r1167869.fit  5.10  1.68 0.068    87.6 from 128 sources of uvex_3861 U
r1167870.fit  4.75  1.57 0.043   103.2 from 403 sources of uvex_3861 g
r1167871.fit  4.64  1.53 0.058   143.2 from 520 sources of uvex_3861o r
r1167872.fit  4.16  1.37 0.084    78.4 from 156 sources of uvex_3861o U
r1167873.fit  5.74  1.89 0.038    94.5 from 275 sources of uvex_3861o g
r1167874.fit  4.95  1.63 0.050   156.3 from 475 sources of uvex_3862 r
r1167875.fit  4.57  1.51 0.073    86.1 from 100 sources of uvex_3862 U
r1167876.fit  4.78  1.58 0.041    88.5 from 331 sources of uvex_3862 g
r1167877.fit  4.20  1.39 0.070   156.9 from 692 sources of uvex_3862o r
r1167878.fit  4.64  1.53 0.098    69.2 from  98 sources of uvex_3862o U
r1167879.fit  4.50  1.49 0.049    99.0 from 397 sources of uvex_3862o g
r1167880.fit  4.58  1.51 0.051   146.8 from 526 sources of uvex_3863 r
r1167881.fit  5.95  1.96 0.050    85.8 from  76 sources of uvex_3863 U
r1167882.fit  5.19  1.71 0.051   101.7 from 302 sources of uvex_3863 g
r1167883.fit  4.44  1.47 0.062   153.8 from 581 sources of uvex_3863o r
r1167884.fit  5.07  1.67 0.067    85.3 from  97 sources of uvex_3863o U
r1167885.fit  5.00  1.65 0.055   101.4 from 325 sources of uvex_3863o g
r1167886.fit  4.50  1.49 0.064   147.0 from 612 sources of uvex_3864 r
r1167887.fit  4.74  1.56 0.107    80.7 from  89 sources of uvex_3864 U
r1167888.fit  4.64  1.53 0.058    95.6 from 418 sources of uvex_3864 g
r1167889.fit  4.64  1.53 0.062   156.1 from 488 sources of uvex_3864o r
r1167890.fit  4.34  1.43 0.080    84.5 from  99 sources of uvex_3864o U
r1167891.fit  5.15  1.70 0.041   100.5 from 291 sources of uvex_3864o g
r1167892.fit  4.53  1.49 0.060   144.6 from 574 sources of uvex_3865 r
r1167893.fit  4.33  1.43 0.083    76.4 from 123 sources of uvex_3865 U
r1167894.fit  4.71  1.55 0.052    94.5 from 447 sources of uvex_3865 g
r1167895.fit  4.69  1.55 0.059   154.4 from 578 sources of uvex_3865o r
r1167896.fit  4.92  1.62 0.097    72.9 from 107 sources of uvex_3865o U
r1167897.fit  4.74  1.56 0.047    90.1 from 420 sources of uvex_3865o g
r1167898.fit  5.03  1.66 0.062   153.6 from 597 sources of uvex_4045 r
r1167899.fit  5.20  1.72 0.073    81.8 from 121 sources of uvex_4045 U
r1167900.fit  5.36  1.77 0.050   100.3 from 384 sources of uvex_4045 g
r1167901.fit  4.14  1.37 0.058    79.9 from  39 sources of GD108 r
r1167902.fit  4.21  1.39 0.075    60.9 from  22 sources of GD108 U
r1167903.fit  3.82  1.26 0.054    61.8 from  36 sources of GD108 g
r1167904.fit  3.48  1.15 0.052   161.2 from 103 sources of GD108 i
r1167905.fit  4.24  1.40 0.050    74.0 from  49 sources of GD108 Ha
r1167906.fit  3.84  1.27 0.096    22.0 from  15 sources of FEIGE67 r
r1167907.fit  4.14  1.37 0.090    12.7 from   5 sources of FEIGE67 U
r1167908.fit  3.91  1.29 0.083    15.6 from  12 sources of FEIGE67 g
r1167909.fit  3.87  1.28 0.077    79.3 from  32 sources of FEIGE67 i
r1167910.fit  4.27  1.41 0.063    21.9 from  17 sources of FEIGE67 Ha
r1167911.fit  0.83  0.27 0.089    87.9 from   1 sources of HZ44 r
r1167912.fit  4.27  1.41 0.094    17.6 from   6 sources of HZ44 U
r1167913.fit  4.50  1.49 0.057    15.1 from   5 sources of HZ44 g
r1167914.fit  5.93  1.96 0.147   120.8 from   2 sources of HZ44 i
r1167915.fit  4.16  1.37 0.076    18.6 from  12 sources of HZ44 Ha
r1167916.fit  4.63  1.53 0.077    28.5 from  26 sources of GRW+705824 r
r1167917.fit  5.52  1.82 0.092    15.9 from  15 sources of GRW+705824 U
r1167918.fit  5.65  1.86 0.059    10.5 from  20 sources of GRW+705824 g
r1167919.fit  4.44  1.47 0.052    50.3 from  25 sources of GRW+705824 i
r1167920.fit  5.40  1.78 0.042    12.8 from  10 sources of GRW+705824 Ha
r1167921.fit  4.41  1.46 0.052    21.4 from   7 sources of HZ43 r
r1167922.fit  4.89  1.61 0.091    38.7 from   8 sources of HZ43 U
r1167923.fit  5.16  1.70 0.086    11.4 from   5 sources of HZ43 g
r1167924.fit  4.49  1.48 0.095    17.6 from   7 sources of HZ43 r
r1167925.fit  4.75  1.57 0.065    27.9 from   6 sources of HZ43 i
r1167926.fit  4.35  1.44 0.056    30.0 from  26 sources of HZ43 Ha
r1167927.fit  4.18  1.38 0.072    15.6 from  16 sources of FEIGE67 r
r1167928.fit  4.62  1.52 0.091     5.8 from   5 sources of FEIGE67 U
r1167929.fit  5.26  1.74 0.064     8.9 from   9 sources of FEIGE67 g
r1167930.fit  4.88  1.61 0.021    16.7 from  15 sources of FEIGE67 Ha
