r1157515.fit is not a target (BIAS)
r1157516.fit is not a target (BIAS)
r1157517.fit is not a target (BIAS)
r1157518.fit is not a target (BIAS)
r1157519.fit is not a target (BIAS)
r1157520.fit is not a target (BIAS)
r1157521.fit is not a target (BIAS)
r1157522.fit is not a target (BIAS)
r1157523.fit is not a target (BIAS)
r1157524.fit is not a target (BIAS)
r1157525.fit is not a target (BIAS)
r1157526.fit is not a target (BIAS)
r1157527.fit is not a target (BIAS)
r1157528.fit is not a target (BIAS)
r1157529.fit is not a target (BIAS)
r1157530.fit is not a target (SKY)
r1157531.fit is not a target (SKY)
r1157532.fit is not a target (SKY)
r1157533.fit is not a target (SKY)
r1157534.fit is not a target (SKY)
r1157535.fit is not a target (SKY)
r1157536.fit is not a target (SKY)
r1157537.fit is not a target (SKY)
r1157538.fit is not a target (SKY)
r1157540.fit is not a target (SKY)
r1157541.fit is not a target (SKY)
r1157542.fit is not a target (SKY)
r1157543.fit is not a target (SKY)
r1157544.fit is not a target (SKY)
r1157545.fit is not a target (SKY)
r1157546.fit is not a target (SKY)
r1157547.fit is not a target (SKY)
r1157548.fit is not a target (SKY)
r1157549.fit is not a target (SKY)
r1157550.fit is not a target (SKY)
r1157552.fit is not a target (SKY)
r1157553.fit is not a target (SKY)
r1157554.fit is not a target (SKY)
r1157555.fit is not a target (SKY)
r1157556.fit is not a target (SKY)
r1157558.fit  2.94  0.97 0.047   252.3 from  65 sources of SA112-250 r
r1157559.fit  3.69  1.22 0.089   489.3 from  26 sources of SA112-250 U
r1157560.fit  3.24  1.07 0.045   325.6 from  41 sources of SA112-250 g
r1157561.fit  4.20  1.39 0.048  1140.9 from 242 sources of uvex_7202o r
r1157562.fit  5.49  1.81 0.048   960.0 from  28 sources of uvex_7202o U
r1157563.fit  5.63  1.86 0.029   102.0 from   8 sources of UVEX_7202O
r1157564.fit  4.66  1.54 0.042   711.6 from 201 sources of uvex_7202o r
r1157565.fit  4.63  1.53 0.043   105.3 from  32 sources of uvex_7202o 120
r1157566.fit  4.70  1.55 0.045   329.5 from  93 sources of uvex_7202o g
r1157567.fit  4.17  1.38 0.087   156.2 from 121 sources of intphas_4734o Ha
r1157568.fit  4.01  1.32 0.069   177.7 from 359 sources of intphas_4734o r
r1157569.fit  3.58  1.18 0.073   179.0 from 536 sources of intphas_4734o i
r1157570.fit  3.82  1.26 0.076    97.7 from 297 sources of intphas_5256 Ha
r1157571.fit  3.55  1.17 0.084   202.6 from 764 sources of intphas_5256 r
r1157572.fit  3.22  1.06 0.091   163.1 from 816 sources of intphas_5256 i
r1157573.fit  4.12  1.36 0.125    96.0 from 162 sources of intphas_5447 Ha
r1157574.fit  3.73  1.23 0.096   182.2 from 1054 sources of intphas_5447 r
r1157575.fit  3.28  1.08 0.109   148.0 from 895 sources of intphas_5447 i
r1157576.fit  5.27  1.74 0.103    95.6 from  41 sources of intphas_6048o Ha
r1157577.fit  3.48  1.15 0.067   173.6 from 826 sources of intphas_6048o r
r1157578.fit  4.13  1.36 0.110   151.3 from 525 sources of intphas_6048o i
r1157579.fit  3.97  1.31 0.054    88.9 from 152 sources of intphas_6522 Ha
r1157580.fit  4.33  1.43 0.075   145.8 from 315 sources of intphas_6522 r
r1157581.fit  3.57  1.18 0.065   161.8 from 463 sources of intphas_6522 i
r1157582.fit  3.91  1.29 0.072    85.7 from 177 sources of intphas_6522o Ha
r1157583.fit  3.89  1.28 0.051   166.2 from 459 sources of intphas_6522o r
r1157584.fit  3.98  1.31 0.076   144.6 from 364 sources of intphas_6522o i
r1157585.fit  4.07  1.34 0.072    91.5 from 294 sources of intphas_6754 Ha
r1157586.fit  4.66  1.54 0.106   145.3 from 511 sources of intphas_6754 r
r1157587.fit  2.99  0.99 0.090   143.5 from 881 sources of intphas_6754 i
r1157588.fit  3.94  1.30 0.054    94.3 from 241 sources of intphas_6813 Ha
r1157589.fit  4.55  1.50 0.054   171.7 from 491 sources of intphas_6813 r
r1157590.fit  3.68  1.21 0.097   157.8 from 509 sources of intphas_6813 i
r1157591.fit  3.99  1.32 0.078    96.8 from 202 sources of intphas_6813o Ha
r1157592.fit  4.11  1.36 0.060   164.8 from 571 sources of intphas_6813o r
r1157593.fit  4.49  1.48 0.063   147.6 from 386 sources of intphas_6813o i
r1157594.fit  4.59  1.51 0.050    99.5 from 109 sources of intphas_6995o Ha
r1157595.fit  4.16  1.37 0.060   155.1 from 318 sources of intphas_6995o r
r1157596.fit  4.27  1.41 0.053   149.0 from 302 sources of intphas_6995o i
r1157597.fit  4.19  1.38 0.040    96.1 from 147 sources of intphas_7028 Ha
r1157598.fit  4.23  1.40 0.075   172.8 from 334 sources of intphas_7028 r
r1157599.fit  4.00  1.32 0.044   154.0 from 359 sources of intphas_7028 i
r1157600.fit  4.75  1.57 0.074   100.4 from 112 sources of intphas_7028o Ha
r1157601.fit  4.89  1.61 0.071   169.8 from 236 sources of intphas_7028o r
r1157602.fit  4.13  1.36 0.064   175.3 from 314 sources of intphas_7028o i
r1157603.fit  4.53  1.49 0.033    92.5 from 104 sources of intphas_7021o Ha
r1157604.fit  4.23  1.40 0.065   157.6 from 260 sources of intphas_7021o r
r1157605.fit  4.62  1.52 0.076   156.9 from 227 sources of intphas_7021o i
r1157606.fit  4.37  1.44 0.039    95.1 from 100 sources of intphas_7019o Ha
r1157607.fit  4.34  1.43 0.060   167.4 from 189 sources of intphas_7019o r
r1157608.fit  4.57  1.51 0.065   157.0 from 181 sources of intphas_7019o i
r1157609.fit  4.72  1.56 0.046    93.3 from  96 sources of intphas_7066o Ha
r1157610.fit  4.65  1.53 0.057   170.6 from 195 sources of intphas_7066o r
r1157611.fit  3.98  1.31 0.065   176.9 from 260 sources of intphas_7066o i
r1157612.fit  4.68  1.54 0.040    98.1 from  80 sources of intphas_7243o Ha
r1157613.fit  4.70  1.55 0.041   150.3 from 183 sources of intphas_7243o r
r1157614.fit  4.89  1.61 0.036   139.4 from 187 sources of intphas_7243o i
r1157615.fit  4.68  1.54 0.059    91.9 from  83 sources of intphas_7199o Ha
r1157616.fit  4.59  1.51 0.060   163.5 from 234 sources of intphas_7199o r
r1157617.fit  4.23  1.40 0.057   162.5 from 207 sources of intphas_7199o i
r1157618.fit  4.62  1.52 0.040    93.8 from  91 sources of intphas_7253 Ha
r1157619.fit  4.93  1.63 0.050   166.0 from 149 sources of intphas_7253 r
r1157620.fit  4.29  1.42 0.042   170.1 from 160 sources of intphas_7253 i
r1157621.fit  4.37  1.44 0.042    93.4 from  74 sources of intphas_7253o Ha
r1157622.fit  4.17  1.38 0.047   161.7 from 172 sources of intphas_7253o r
r1157623.fit  4.15  1.37 0.041   154.8 from 153 sources of intphas_7253o i
r1157624.fit  4.45  1.47 0.045   168.8 from 217 sources of uvex_7225o r
r1157625.fit  4.78  1.58 0.029    85.3 from  44 sources of uvex_7225o U
r1157626.fit  5.33  1.76 0.041   101.6 from 105 sources of uvex_7225o g
r1157627.fit  4.77  1.57 0.074   169.7 from 412 sources of uvex_7281o r
r1157628.fit  4.67  1.54 0.041    90.0 from  89 sources of uvex_7281o U
r1157629.fit  4.62  1.52 0.050   112.8 from 287 sources of uvex_7281o g
r1157630.fit  4.58  1.51 0.043    94.0 from 134 sources of intphas_7333 Ha
r1157631.fit  5.03  1.66 0.066   156.2 from 346 sources of intphas_7333 r
r1157632.fit  4.46  1.47 0.053   135.6 from 304 sources of intphas_7333 i
r1157633.fit  5.41  1.79 0.107    92.4 from 110 sources of intphas_7333o Ha
r1157634.fit  4.37  1.44 0.047   171.2 from 356 sources of intphas_7333o r
r1157635.fit  3.62  1.19 0.070   155.5 from 332 sources of intphas_7333o i
r1157636.fit  4.16  1.37 0.041    90.4 from 103 sources of intphas_7359 Ha
r1157637.fit  4.08  1.35 0.035   175.8 from 240 sources of intphas_7359 r
r1157638.fit  4.18  1.38 0.057   158.2 from 157 sources of intphas_7359 i
r1157639.fit  4.26  1.41 0.071    92.3 from  59 sources of intphas_7359o Ha
r1157640.fit  4.57  1.51 0.032   200.5 from  62 sources of intphas_7359o r
r1157641.fit  4.02  1.33 0.042   162.9 from  31 sources of intphas_7359o i
r1157642.fit  4.48  1.48 0.034    93.2 from  22 sources of intphas_7447o Ha
r1157643.fit  4.43  1.46 0.032   179.0 from  86 sources of intphas_7447o r
r1157644.fit  3.95  1.30 0.048   145.0 from 109 sources of intphas_7447o i
r1157645.fit  4.19  1.38 0.027    91.7 from  38 sources of intphas_7358 Ha
r1157646.fit  4.32  1.43 0.029   166.5 from 110 sources of intphas_7358 r
r1157647.fit  4.11  1.36 0.061   157.2 from 104 sources of intphas_7358 i
r1157648.fit  4.43  1.46 0.035    92.1 from  47 sources of intphas_7358o Ha
r1157649.fit  4.14  1.37 0.036   177.9 from 103 sources of intphas_7358o r
r1157650.fit  4.21  1.39 0.040   149.7 from  91 sources of intphas_7358o i
r1157651.fit  4.82  1.59 0.050    97.0 from  52 sources of intphas_7388 Ha
r1157652.fit  4.78  1.58 0.025   161.7 from 117 sources of intphas_7388 r
r1157653.fit  4.27  1.41 0.043   134.0 from 164 sources of intphas_7388 i
r1157654.fit  4.74  1.56 0.042    99.3 from  71 sources of intphas_7388o Ha
r1157655.fit  5.14  1.70 0.046   161.1 from 125 sources of intphas_7388o r
r1157656.fit  4.51  1.49 0.041   139.9 from 154 sources of intphas_7388o i
r1157657.fit  5.25  1.73 0.031    89.3 from  94 sources of intphas_7442 Ha
r1157658.fit  5.54  1.83 0.046   154.3 from 171 sources of intphas_7442 r
r1157659.fit  4.84  1.60 0.058   139.9 from 185 sources of intphas_7442 i
r1157660.fit  5.03  1.66 0.041    88.5 from 102 sources of intphas_7442o Ha
r1157661.fit  5.18  1.71 0.054   152.6 from 205 sources of intphas_7442o r
r1157662.fit  4.47  1.48 0.051   150.5 from 225 sources of intphas_7442o i
r1157663.fit  5.58  1.84 0.030    85.5 from  59 sources of intphas_7462 Ha
r1157664.fit  5.96  1.97 0.031   146.2 from 138 sources of intphas_7462 r
r1157665.fit  5.27  1.74 0.049   131.4 from 140 sources of intphas_7462 i
r1157666.fit  5.72  1.89 0.032    82.6 from  55 sources of intphas_7462o Ha
r1157667.fit  6.51  2.15 0.061   143.3 from 117 sources of intphas_7462o r
r1157668.fit  5.46  1.80 0.052   131.4 from 134 sources of intphas_7462o i
r1157669.fit  5.45  1.80 0.032    89.4 from  73 sources of intphas_7463 Ha
r1157670.fit  5.81  1.92 0.040   159.0 from 138 sources of intphas_7463 r
r1157671.fit  5.69  1.88 0.046   156.0 from  91 sources of intphas_7463 i
r1157672.fit  5.95  1.96 0.026    84.1 from  58 sources of intphas_7463o Ha
r1157673.fit  4.99  1.65 0.048   146.4 from 156 sources of intphas_7463o r
r1157674.fit  5.69  1.88 0.033   140.1 from  99 sources of intphas_7463o i
r1157675.fit  6.91  2.28 0.024    87.5 from  36 sources of intphas_7623 Ha
r1157676.fit  6.93  2.29 0.024   145.5 from  91 sources of intphas_7623 r
r1157677.fit  7.12  2.35 0.044   149.2 from  84 sources of intphas_7623 i
r1157678.fit  5.59  1.84 0.053   159.5 from 226 sources of uvex_0912 r
r1157679.fit  7.83  2.58 0.048    96.5 from  30 sources of uvex_0912 U
r1157680.fit  7.11  2.35 0.050   117.3 from  75 sources of uvex_0912 g
r1157681.fit  6.07  2.00 0.043   164.5 from 117 sources of uvex_0912o r
r1157682.fit  6.58  2.17 0.037    95.8 from  29 sources of uvex_0912o U
r1157683.fit  7.69  2.54 0.042   110.2 from  75 sources of uvex_0912o g
r1157684.fit  5.23  1.73 0.047   156.5 from 195 sources of uvex_0913 r
r1157685.fit  6.34  2.09 0.046    97.9 from  35 sources of uvex_0913 U
r1157686.fit  6.13  2.02 0.037   111.8 from  66 sources of uvex_0913 g
r1157687.fit  6.11  2.02 0.065   170.3 from 146 sources of uvex_0914 r
r1157688.fit  6.79  2.24 0.038    99.6 from  28 sources of uvex_0914 U
r1157689.fit  6.05  2.00 0.034   114.6 from 121 sources of uvex_0914 g
r1157690.fit  6.15  2.03 0.046   163.6 from 207 sources of uvex_0918o r
r1157691.fit  6.50  2.15 0.040    95.9 from  47 sources of uvex_0918o U
r1157692.fit  5.94  1.96 0.053   111.1 from 123 sources of uvex_0918o g
r1157693.fit  4.91  1.62 0.074   166.6 from 187 sources of uvex_0923o r
r1157694.fit  6.30  2.08 0.027    96.0 from  34 sources of uvex_0923o U
r1157695.fit  5.82  1.92 0.049   105.9 from 128 sources of uvex_0923o g
r1157696.fit  6.05  2.00 0.059   138.3 from 263 sources of uvex_0940 r
r1157697.fit  5.81  1.92 0.059    95.3 from  32 sources of uvex_0940 U
r1157698.fit  6.19  2.04 0.053   109.5 from 150 sources of uvex_0940 g
r1157699.fit  5.76  1.90 0.057   148.5 from 175 sources of uvex_1002o r
r1157700.fit  6.29  2.08 0.044    95.6 from  19 sources of uvex_1002o U
r1157701.fit  6.21  2.05 0.047    98.9 from  79 sources of uvex_1002o g
r1157702.fit  5.35  1.77 0.076   126.5 from 201 sources of uvex_2539 r
r1157703.fit  6.31  2.08 0.101    55.8 from  46 sources of uvex_2539 U
r1157704.fit  6.52  2.15 0.094    62.0 from  99 sources of uvex_2539 g
r1157705.fit  6.10  2.01 0.082   123.3 from 156 sources of uvex_2539o r
r1157706.fit  6.88  2.27 0.068    56.0 from  42 sources of uvex_2539o U
r1157707.fit  5.70  1.88 0.077    70.0 from 117 sources of uvex_2539o g
r1157708.fit  5.06  1.67 0.083   115.5 from 299 sources of uvex_1782 r
r1157709.fit  6.09  2.01 0.046    63.4 from  44 sources of uvex_1782 U
r1157710.fit  5.75  1.90 0.062    75.7 from 176 sources of uvex_1782 g
r1157711.fit  5.04  1.66 0.071   118.0 from 300 sources of uvex_1782o r
r1157712.fit  6.80  2.24 0.060    62.1 from  43 sources of uvex_1782o U
r1157713.fit  6.72  2.22 0.079    76.6 from 123 sources of uvex_1782o g
r1157714.fit  6.77  2.23 0.061   121.8 from 149 sources of uvex_1784 r
r1157715.fit  7.63  2.52 0.061    62.7 from  24 sources of uvex_1784 U
r1157716.fit  7.93  2.62 0.032    78.0 from  64 sources of uvex_1784 g
r1157717.fit  7.98  2.63 0.029   104.2 from  77 sources of uvex_1785o r
r1157718.fit  8.73  2.88 0.030    49.4 from  16 sources of uvex_1785o U
r1157719.fit  4.24  1.40 0.022    67.0 from   8 sources of uvex_1785o g
r1157720.fit -5.48 -1.81 0.038   128.5 from   4 sources of uvex_1837 r
r1157721.fit  4.20  1.39 0.031    52.4 from   7 sources of uvex_1837 U
r1157722.fit  4.19  1.38 0.034    68.2 from   5 sources of uvex_1837 g
r1157723.fit  9.73  3.21 0.020   124.0 from  13 sources of uvex_1841 r
r1157724.fit  4.39  1.45 0.047    47.9 from   9 sources of uvex_1841 U
r1157725.fit  4.30  1.42 0.034    73.5 from   4 sources of uvex_1841 g
r1157726.fit  4.27  1.41 0.037   113.9 from   4 sources of uvex_1841o r
r1157727.fit  4.30  1.42 0.018    45.7 from  14 sources of uvex_1841o U
r1157728.fit  8.47  2.80 0.035    64.8 from  55 sources of uvex_1841o g
r1157729.fit  4.77  1.57 0.052   108.7 from 371 sources of uvex_1842o r
r1157730.fit  5.78  1.91 0.066    50.4 from  55 sources of uvex_1842o U
r1157731.fit  5.41  1.79 0.045    65.7 from 185 sources of uvex_1842o g
r1157732.fit  5.25  1.73 0.089   102.7 from 196 sources of uvex_1844 r
r1157733.fit  5.89  1.94 0.066    50.0 from  22 sources of uvex_1844 U
r1157734.fit  5.13  1.69 0.058    62.8 from  98 sources of uvex_1844 g
r1157735.fit  5.40  1.78 0.072    92.7 from 216 sources of uvex_1845 r
r1157736.fit  5.86  1.93 0.047    48.0 from  26 sources of uvex_1845 U
r1157737.fit  6.93  2.29 0.037    55.7 from  80 sources of uvex_1845 g
r1157738.fit  5.49  1.81 0.066   105.4 from 210 sources of uvex_1845o r
r1157739.fit  6.43  2.12 0.039    50.4 from  27 sources of uvex_1845o U
r1157740.fit  6.26  2.07 0.033    65.5 from  95 sources of uvex_1845o g
r1157741.fit  5.74  1.89 0.065   109.3 from 210 sources of uvex_1847 r
r1157742.fit  6.91  2.28 0.041    52.6 from  29 sources of uvex_1847 U
r1157743.fit  6.52  2.15 0.060    67.2 from 155 sources of uvex_1847 g
r1157744.fit  6.40  2.11 0.042    97.3 from 237 sources of uvex_1847o r
r1157745.fit  7.04  2.32 0.040    49.6 from  33 sources of uvex_1847o U
r1157746.fit  5.76  1.90 0.057    66.6 from 118 sources of uvex_1847o g
r1157747.fit  5.93  1.96 0.039   117.9 from  94 sources of uvex_1848 r
r1157748.fit  4.40  1.45 0.054    56.1 from   8 sources of uvex_1848 U
r1157749.fit  6.42  2.12 0.042    71.5 from  39 sources of uvex_1848 g
r1157750.fit  5.83  1.92 0.043   121.9 from  73 sources of uvex_1848o r
r1157751.fit -2.04 -0.67 0.025    56.9 from   9 sources of uvex_1848o U
r1157752.fit  6.90  2.28 0.024    70.9 from  31 sources of uvex_1848o g
r1157753.fit  4.82  1.59 0.059   131.6 from  70 sources of uvex_1849 r
r1157754.fit  6.75  2.23 0.016    59.8 from  18 sources of uvex_1849 U
r1157755.fit  6.38  2.11 0.053    68.9 from  44 sources of uvex_1849 g
r1157756.fit  5.79  1.91 0.056   111.4 from 102 sources of uvex_1849o r
r1157757.fit  7.53  2.48 0.027    57.7 from  24 sources of uvex_1849o U
r1157758.fit  6.71  2.21 0.029    61.1 from  47 sources of uvex_1849o g
r1157759.fit  6.56  2.16 0.060   119.2 from  80 sources of uvex_1850 r
r1157760.fit  6.78  2.24 0.039    58.9 from  15 sources of uvex_1850 U
r1157761.fit  6.82  2.25 0.031    72.5 from  43 sources of uvex_1850 g
r1157762.fit  5.08  1.68 0.062   143.0 from  30 sources of EUHV001A
r1157763.fit  5.76  1.90 0.026   148.5 from  22 sources of EUHV001A
r1157764.fit  5.41  1.79 0.046   149.6 from  23 sources of EUHV001A
r1157765.fit  4.95  1.63 0.070   140.1 from  28 sources of EUHV001A
r1157766.fit  5.31  1.75 0.046   140.3 from  36 sources of EUHV001B
r1157767.fit  4.96  1.64 0.055   135.9 from  41 sources of EUHV001B
r1157768.fit  6.06  2.00 0.026   136.9 from  32 sources of EUHV001B
r1157769.fit  7.05  2.33 0.045   140.9 from  25 sources of EUHV001B
r1157770.fit  5.77  1.90 0.022   123.7 from  32 sources of EUHV001C
r1157771.fit  5.47  1.81 0.055   136.6 from  30 sources of EUHV001C
r1157772.fit  6.32  2.09 0.031   136.7 from  24 sources of EUHV001C
r1157773.fit  6.02  1.99 0.036   129.1 from  27 sources of EUHV001C
r1157774.fit  6.76  2.23 0.019   147.5 from  12 sources of EUHV001D
r1157775.fit  4.99  1.65 0.046   156.2 from  12 sources of EUHV001D
r1157776.fit  5.24  1.73 0.080   133.6 from  19 sources of EUHV001D
r1157777.fit  5.34  1.76 0.023   142.3 from  16 sources of EUHV001D
r1157778.fit  5.62  1.85 0.096   133.8 from  41 sources of EUHV001E
r1157779.fit  5.44  1.80 0.041   120.4 from  46 sources of EUHV001E
r1157780.fit  5.63  1.86 0.072   134.0 from  38 sources of EUHV001E
r1157781.fit  5.58  1.84 0.046   117.7 from  50 sources of EUHV001E
r1157782.fit  6.47  2.14 0.059   128.5 from  29 sources of EUHV001F
r1157783.fit  5.95  1.96 0.033   127.8 from  34 sources of EUHV001F
r1157784.fit  6.10  2.01 0.019   129.6 from  29 sources of EUHV001F
r1157785.fit  6.17  2.04 0.019   125.0 from  31 sources of EUHV001F
r1157786.fit  5.61  1.85 0.032   123.9 from  40 sources of EUHV001G
r1157787.fit  6.47  2.14 0.026   121.4 from  39 sources of EUHV001G
r1157788.fit  7.18  2.37 0.024   112.4 from  38 sources of EUHV001G
r1157789.fit  6.23  2.06 0.029   162.5 from  39 sources of EUHV001G
r1157790.fit  6.92  2.28 0.031   163.7 from  36 sources of EUHV001H
r1157791.fit  7.86  2.59 0.026   168.0 from  28 sources of EUHV001H
r1157792.fit  5.91  1.95 0.029   150.7 from  40 sources of EUHV001H
r1157793.fit  5.28  1.74 0.035   100.7 from  47 sources of EUHV001H
r1157794.fit  5.15  1.70 0.040   117.1 from  37 sources of EUHV001I
r1157795.fit  5.57  1.84 0.046   113.0 from  34 sources of EUHV001I
r1157796.fit  6.38  2.11 0.040   117.7 from  26 sources of EUHV001I
r1157797.fit  7.30  2.41 0.033   117.0 from  24 sources of EUHV001I
r1157798.fit  7.06  2.33 0.041   106.5 from  32 sources of EUHV001J
r1157799.fit  7.37  2.43 0.020   115.7 from  27 sources of EUHV001J
r1157800.fit  5.23  1.73 0.036   116.4 from  36 sources of EUHV001J
r1157801.fit  5.98  1.97 0.042   118.4 from  34 sources of EUHV001J
r1157802.fit  6.12  2.02 0.062   114.0 from  32 sources of EUHV001K
r1157803.fit  5.57  1.84 0.026   126.3 from  35 sources of EUHV001K
r1157804.fit  5.59  1.84 0.039   129.6 from  30 sources of EUHV001K
r1157805.fit  5.64  1.86 0.031   130.7 from  30 sources of EUHV001K
r1157806.fit  5.35  1.77 0.027   126.5 from  30 sources of EUHV001L
r1157807.fit  7.08  2.34 0.009   137.5 from  15 sources of EUHV001L
r1157808.fit  5.35  1.77 0.017   125.8 from  30 sources of EUHV001L
r1157809.fit  6.50  2.15 0.036   131.7 from  21 sources of EUHV001L
r1157810.fit  5.58  1.84 0.030   120.7 from  37 sources of EUHV001M
r1157811.fit  5.56  1.83 0.024   123.3 from  37 sources of EUHV001M
r1157812.fit  4.76  1.57 0.048   125.3 from  43 sources of EUHV001M
r1157813.fit  4.64  1.53 0.045   122.3 from  43 sources of EUHV001M
r1157814.fit  4.80  1.58 0.027   116.3 from  34 sources of EUHV001N
r1157815.fit  5.43  1.79 0.028   121.0 from  33 sources of EUHV001N
r1157816.fit  6.06  2.00 0.032   118.1 from  29 sources of EUHV001N
r1157817.fit  7.85  2.59 0.068   128.5 from  20 sources of EUHV001N
r1157818.fit  5.98  1.97 0.033   123.2 from  30 sources of EUHV001O
r1157819.fit  5.63  1.86 0.067   107.0 from  35 sources of EUHV001O
r1157820.fit  5.69  1.88 0.073   106.0 from  36 sources of EUHV001O
r1157821.fit  5.43  1.79 0.035   105.1 from  39 sources of EUHV001O
r1157822.fit  6.13  2.02 0.063   107.9 from  93 sources of uvex_1850o r
r1157823.fit  6.50  2.15 0.040    35.8 from  15 sources of uvex_1850o U
r1157824.fit  6.37  2.10 0.021    42.6 from  61 sources of uvex_1850o g
r1157825.fit  5.39  1.78 0.039    98.1 from 284 sources of uvex_1851 r
r1157826.fit  6.48  2.14 0.039    35.8 from  41 sources of uvex_1851 U
r1157827.fit  6.04  1.99 0.033    43.0 from 163 sources of uvex_1851 g
r1157828.fit  6.72  2.22 0.042    92.9 from 208 sources of uvex_1851o r
r1157829.fit  6.96  2.30 0.064    41.2 from  24 sources of uvex_1851o U
r1157830.fit  5.52  1.82 0.046    42.7 from 167 sources of uvex_1851o g
r1157831.fit  4.74  1.56 0.033    93.1 from 255 sources of uvex_1853 r
r1157832.fit  6.59  2.17 0.034    34.6 from  38 sources of uvex_1853 U
r1157833.fit  7.15  2.36 0.032    44.2 from  91 sources of uvex_1853 g
r1157834.fit  6.13  2.02 0.025   101.9 from 166 sources of uvex_1853o r
r1157835.fit  6.66  2.20 0.029    39.0 from  33 sources of uvex_1853o U
r1157836.fit  5.25  1.73 0.030    34.5 from 178 sources of uvex_1853o g
r1157837.fit  4.54  1.50 0.053    73.1 from 237 sources of uvex_1854 r
r1157838.fit  5.95  1.96 0.035    38.4 from  30 sources of uvex_1854 U
r1157839.fit  6.45  2.13 0.058    50.4 from  70 sources of uvex_1854 g
r1157840.fit  5.08  1.68 0.035    96.8 from 219 sources of uvex_1854o r
r1157841.fit  6.14  2.03 0.033    40.2 from  26 sources of uvex_1854o U
r1157842.fit  5.62  1.85 0.050    43.8 from 131 sources of uvex_1854o g
r1157843.fit  5.87  1.94 0.035     2.2 from  14 sources of G191B2B r
r1157844.fit  8.28  2.73 0.090    -5.0 from   2 sources of G191B2B U
r1157845.fit  8.80  2.90 0.025    85.8 from   5 sources of G191B2B g
r1157846.fit  4.15  1.37 0.047    83.6 from 342 sources of uvex_1855 r
r1157847.fit  7.28  2.40 0.058    49.5 from  25 sources of uvex_1855 U
r1157848.fit  9.61  3.17 0.033    61.2 from  34 sources of uvex_1855 g
r1157849.fit  6.26  2.07 0.031   131.3 from  75 sources of uvex_1855o r
r1157850.fit -2.81 -0.93 0.030    51.0 from   7 sources of uvex_1855o U
r1157851.fit  9.47  3.13 0.054    62.9 from  27 sources of uvex_1855o g
r1157852.fit  6.41  2.12 0.034   105.7 from  98 sources of uvex_1857 r
r1157853.fit  4.46  1.47 0.028    49.9 from  10 sources of uvex_1857 U
r1157854.fit  6.34  2.09 0.037    55.1 from  82 sources of uvex_1857 g
r1157855.fit  5.92  1.95 0.033   116.0 from  73 sources of uvex_1858 r
r1157856.fit  4.45  1.47 0.026    51.8 from  13 sources of uvex_1858 U
r1157857.fit  8.19  2.70 0.044    62.1 from  17 sources of uvex_1858 g
r1157858.fit  7.29  2.41 0.020   115.4 from  58 sources of uvex_1858o r
r1157859.fit  4.77  1.57 0.016    47.9 from  11 sources of uvex_1858o U
r1157860.fit  7.36  2.43 0.023    58.9 from  19 sources of uvex_1858o g
r1157861.fit  6.70  2.21 0.026   134.4 from  79 sources of uvex_1859 r
r1157862.fit  7.10  2.34 0.025    50.2 from  14 sources of uvex_1859 U
r1157863.fit  6.63  2.19 0.031    60.2 from  82 sources of uvex_1859 g
r1157864.fit  5.87  1.94 0.043   103.7 from 158 sources of uvex_1859o r
r1157865.fit  6.74  2.22 0.045    49.3 from  30 sources of uvex_1859o U
r1157866.fit  5.59  1.84 0.031    56.0 from 149 sources of uvex_1859o g
r1157867.fit  4.85  1.60 0.048   108.1 from 243 sources of uvex_1860 r
r1157868.fit  7.56  2.49 0.030    54.3 from  27 sources of uvex_1860 U
r1157869.fit  7.13  2.35 0.024    60.8 from  75 sources of uvex_1860 g
r1157870.fit  5.85  1.93 0.056    90.7 from 202 sources of uvex_1860o r
r1157871.fit  6.49  2.14 0.026    53.7 from  31 sources of uvex_1860o U
r1157872.fit  6.24  2.06 0.039    58.4 from  77 sources of uvex_1860o g
r1157873.fit  6.44  2.13 0.052   110.8 from 147 sources of uvex_1861 r
r1157874.fit  7.18  2.37 0.058    50.4 from  23 sources of uvex_1861 U
r1157875.fit  7.23  2.39 0.033    61.6 from  83 sources of uvex_1861 g
r1157876.fit  7.45  2.46 0.030    90.8 from  96 sources of uvex_1861o r
r1157877.fit  6.82  2.25 0.028    53.6 from  20 sources of uvex_1861o U
r1157878.fit  8.39  2.77 0.034    57.6 from  45 sources of uvex_1861o g
r1157879.fit  6.03  1.99 0.034   112.5 from 206 sources of uvex_1863 r
r1157880.fit  7.78  2.57 0.021    51.5 from  19 sources of uvex_1863 U
r1157881.fit  7.43  2.45 0.024    62.4 from  53 sources of uvex_1863 g
r1157882.fit  6.62  2.18 0.065   111.1 from 136 sources of uvex_1863o r
r1157883.fit  8.71  2.87 0.021    54.9 from  18 sources of uvex_1863o U
r1157884.fit  8.28  2.73 0.053    64.7 from  53 sources of uvex_1863o g
r1157885.fit  6.70  2.21 0.058   114.3 from 110 sources of uvex_1864 r
r1157886.fit  7.69  2.54 0.026    54.0 from  16 sources of uvex_1864 U
r1157887.fit  5.88  1.94 0.038    56.2 from  82 sources of uvex_1864 g
r1157888.fit  6.07  2.00 0.033   114.6 from 123 sources of uvex_1864o r
r1157889.fit  7.29  2.41 0.024    54.5 from  15 sources of uvex_1864o U
r1157890.fit  7.38  2.44 0.028    59.8 from  56 sources of uvex_1864o g
r1157891.fit  5.15  1.70 0.027   109.3 from 115 sources of uvex_1868 r
r1157892.fit  4.27  1.41 0.026    42.1 from  11 sources of uvex_1868 U
r1157893.fit  7.01  2.31 0.032    36.3 from  43 sources of uvex_1868 g
r1157894.fit  5.42  1.79 0.029    95.2 from 138 sources of uvex_1908 r
r1157895.fit  6.27  2.07 0.024     8.2 from  16 sources of uvex_1908 U
r1157896.fit  6.88  2.27 0.031    15.8 from  38 sources of uvex_1908 g
r1157897.fit  5.25  1.73 0.031    52.8 from  85 sources of uvex_1908o r
r1157898.fit  4.44  1.47 0.040   -12.1 from  12 sources of uvex_1908o U
r1157899.fit  5.23  1.73 0.033    13.8 from  16 sources of uvex_1908o g
r1157900.fit  5.30  1.75 0.050    97.8 from  38 sources of uvex_1909 r
r1157901.fit  4.34  1.43 0.033    -3.1 from  14 sources of uvex_1909 U
r1157902.fit  4.30  1.42 0.028    40.7 from   8 sources of uvex_1909 g
r1157903.fit  4.52  1.49 0.048   113.7 from  10 sources of uvex_1909o r
r1157904.fit  4.36  1.44 0.035    -1.2 from  12 sources of uvex_1909o U
r1157905.fit  7.13  2.35 0.048     5.4 from  80 sources of uvex_1909o g
r1157906.fit  5.71  1.88 0.031    44.6 from 138 sources of uvex_1968o r
r1157907.fit  6.19  2.04 0.034    -1.0 from  37 sources of uvex_1968o U
r1157908.fit  4.92  1.62 0.035    -3.3 from  70 sources of uvex_1968o g
r1157909.fit  5.28  1.74 0.027   100.4 from  37 sources of uvex_1973 r
r1157910.fit  6.87  2.27 0.031     1.5 from  14 sources of uvex_1973 U
r1157911.fit  5.75  1.90 0.022    16.1 from  60 sources of uvex_1973 g
r1157912.fit  5.59  1.84 0.032    85.9 from 111 sources of uvex_1973o r
r1157913.fit  6.20  2.05 0.046     4.3 from  21 sources of uvex_1973o U
r1157914.fit  5.15  1.70 0.039    16.8 from  74 sources of uvex_1973o g
r1157915.fit  5.12  1.69 0.058    83.8 from 141 sources of uvex_1978 r
r1157916.fit  5.86  1.93 0.058     8.3 from  18 sources of uvex_1978 U
r1157917.fit  4.85  1.60 0.048    19.4 from  85 sources of uvex_1978 g
r1157918.fit  5.09  1.68 0.035    94.3 from 148 sources of uvex_1978o r
r1157919.fit  5.80  1.91 0.044     9.6 from  20 sources of uvex_1978o U
r1157920.fit  5.08  1.68 0.037    26.8 from  54 sources of uvex_1978o g
r1157921.fit  4.54  1.50 0.037   105.8 from  89 sources of uvex_1981 r
r1157922.fit  5.71  1.88 0.027    10.2 from  20 sources of uvex_1981 U
r1157923.fit  4.76  1.57 0.024    26.5 from  50 sources of uvex_1981 g
r1157924.fit  4.86  1.60 0.031   110.1 from  76 sources of uvex_1984 r
r1157925.fit  5.88  1.94 0.041    18.6 from  28 sources of uvex_1984 U
r1157926.fit  5.40  1.78 0.038    29.8 from  57 sources of uvex_1984 g
r1157927.fit  4.94  1.63 0.040   120.8 from  55 sources of uvex_1984o r
r1157928.fit  5.63  1.86 0.021    20.8 from  19 sources of uvex_1984o U
r1157929.fit  5.01  1.65 0.035    35.5 from  44 sources of uvex_1984o g
r1157930.fit  4.03  1.33 0.066     1.0 from 165 sources of RUBIN149B r
r1157931.fit  5.14  1.70 0.064     0.5 from  71 sources of RUBIN149B U
r1157932.fit  4.66  1.54 0.047   -11.2 from 113 sources of RUBIN149B g
r1157933.fit  4.69  1.55 0.088    -2.4 from 105 sources of RUBIN149B Ha
r1157934.fit  4.24  1.40 0.042    38.8 from 308 sources of RUBIN149B r
r1157935.fit  3.63  1.20 0.047     9.5 from 134 sources of RUBIN149B i
r1157936.fit  5.71  1.88 0.082     8.6 from  95 sources of SA98-650 Ha
r1157937.fit  5.19  1.71 0.068    26.5 from 202 sources of SA98-650 r
r1157938.fit  4.52  1.49 0.048    17.9 from 135 sources of SA98-650 i
r1157939.fit  4.90  1.62 0.037    17.3 from 158 sources of SA98-650 r
r1157940.fit  5.87  1.94 0.039    16.2 from  79 sources of SA98-650 U
r1157941.fit  5.13  1.69 0.041     4.2 from 100 sources of SA98-650 g
r1157942.fit  3.85  1.27 0.047   127.5 from 376 sources of uvex_1991o r
r1157943.fit  5.17  1.71 0.054    39.5 from  30 sources of uvex_1991o U
r1157944.fit  4.39  1.45 0.040    59.1 from 169 sources of uvex_1991o g
r1157945.fit  3.98  1.31 0.037   112.1 from 254 sources of uvex_1994 r
r1157946.fit  5.09  1.68 0.052    42.3 from  26 sources of uvex_1994 U
r1157947.fit  4.77  1.57 0.047    54.5 from 124 sources of uvex_1994 g
r1157948.fit  4.04  1.33 0.044   103.7 from 254 sources of uvex_1994o r
r1157949.fit  4.71  1.55 0.074    47.4 from  38 sources of uvex_1994o U
r1157950.fit  4.17  1.38 0.070    66.1 from 142 sources of uvex_1994o g
r1157951.fit  4.01  1.32 0.091   148.0 from 265 sources of uvex_1999 r
r1157952.fit  4.55  1.50 0.058    53.7 from  27 sources of uvex_1999 U
r1157953.fit  4.11  1.36 0.030    70.8 from 133 sources of uvex_1999 g
r1157954.fit  3.79  1.25 0.048   143.5 from 250 sources of uvex_1999o r
r1157955.fit  4.29  1.42 0.047    58.0 from   9 sources of uvex_1999o U
r1157956.fit  3.95  1.30 0.040    67.9 from  97 sources of uvex_1999o g
r1157957.fit is not a target (SKY)
r1157958.fit is not a target (SKY)
r1157959.fit is not a target (SKY)
r1157960.fit is not a target (SKY)
r1157961.fit is not a target (SKY)
r1157962.fit is not a target (SKY)
r1157963.fit is not a target (SKY)
r1157964.fit is not a target (SKY)
r1157965.fit is not a target (SKY)
r1157966.fit is not a target (SKY)
r1157967.fit is not a target (SKY)
r1157968.fit is not a target (SKY)
r1157969.fit is not a target (SKY)
r1157970.fit is not a target (SKY)
r1157971.fit is not a target (SKY)
r1157972.fit is not a target (SKY)
r1157973.fit is not a target (SKY)
r1157974.fit is not a target (SKY)
r1157975.fit is not a target (SKY)
r1157976.fit is not a target (SKY)
r1157977.fit is not a target (SKY)
r1157978.fit is not a target (SKY)
r1157979.fit is not a target (SKY)
r1157980.fit is not a target (SKY)
r1157981.fit is not a target (SKY)
r1157982.fit is not a target (SKY)
r1157983.fit is not a target (SKY)
r1157984.fit is not a target (SKY)
r1157985.fit is not a target (SKY)
r1157986.fit is not a target (SKY)
r1157987.fit is not a target (SKY)
r1157988.fit is not a target (SKY)
r1157989.fit is not a target (SKY)
r1157990.fit is not a target (SKY)
r1157991.fit is not a target (SKY)
r1157992.fit is not a target (SKY)
r1157993.fit is not a target (SKY)
