r1165205.fit is not a target (BIAS)
r1165206.fit is not a target (BIAS)
r1165207.fit is not a target (BIAS)
r1165208.fit is not a target (BIAS)
r1165209.fit is not a target (BIAS)
r1165210.fit is not a target (BIAS)
r1165211.fit is not a target (BIAS)
r1165212.fit is not a target (BIAS)
r1165213.fit is not a target (BIAS)
r1165214.fit is not a target (BIAS)
r1165215.fit is not a target (BIAS)
r1165216.fit is not a target (BIAS)
r1165217.fit is not a target (BIAS)
r1165218.fit is not a target (BIAS)
r1165219.fit is not a target (BIAS)
r1165220.fit is not a target (BIAS)
r1165221.fit is not a target (BIAS)
r1165222.fit is not a target (BIAS)
r1165223.fit is not a target (BIAS)
r1165224.fit is not a target (BIAS)
r1165225.fit is not a target (BIAS)
r1165226.fit  0.89  0.29 0.052 11284.5 from   6 sources of testfjg
r1165227.fit -2.03 -0.67 0.069 11611.2 from   5 sources of testfjg2
r1165228.fit is not a target (BIAS)
r1165229.fit is not a target (BIAS)
r1165230.fit is not a target (BIAS)
r1165231.fit is not a target (BIAS)
r1165232.fit is not a target (BIAS)
r1165233.fit is not a target (BIAS)
r1165234.fit is not a target (BIAS)
r1165235.fit is not a target (BIAS)
r1165236.fit is not a target (BIAS)
r1165237.fit is not a target (BIAS)
r1165238.fit is not a target (FOCUS)
r1165239.fit  7.60  2.51 0.062   124.7 from  47 sources of GD248
r1165240.fit  6.56  2.16 0.075   124.6 from  52 sources of GD248
r1165241.fit  4.29  1.42 0.031    75.9 from   5 sources of GD248
r1165242.fit  4.21  1.39 0.028    76.0 from   5 sources of GD248
r1165243.fit  7.84  2.59 0.041    62.1 from  15 sources of GD248
r1165244.fit  7.94  2.62 0.033    62.3 from  16 sources of GD248
r1165245.fit  4.19  1.38 0.033   124.5 from   6 sources of GD248
r1165246.fit  7.17  2.37 0.032   121.8 from  49 sources of GD248
r1165247.fit  4.36  1.44 0.028    75.1 from   4 sources of GD248
r1165248.fit -23.84 -7.87 0.018    75.3 from   3 sources of GD248
r1165249.fit  6.91  2.28 0.036    61.0 from  25 sources of GD248
r1165250.fit  6.87  2.27 0.052    61.0 from  21 sources of GD248
r1165251.fit  6.54  2.16 0.046    18.2 from  11 sources of FEIGE22
r1165252.fit  6.18  2.04 0.115    18.4 from  10 sources of FEIGE22
r1165253.fit  5.08  1.68 0.079    89.4 from   3 sources of FEIGE22
r1165254.fit  4.58  1.51 0.077    89.8 from   3 sources of FEIGE22
r1165255.fit  8.45  2.79 0.035     8.4 from   9 sources of FEIGE22
r1165256.fit  7.84  2.59 0.096     8.3 from   9 sources of FEIGE22
r1165257.fit  7.28  2.40 0.038   130.6 from  44 sources of FEIGE22
r1165258.fit  6.41  2.12 0.071   163.5 from  44 sources of FEIGE22
r1165259.fit  7.13  2.35 0.032    36.8 from  21 sources of FEIGE22
r1165260.fit  7.32  2.42 0.031    37.9 from  20 sources of FEIGE22
r1165261.fit  7.47  2.47 0.034    34.7 from  21 sources of FEIGE22
r1165262.fit  7.08  2.34 0.047    35.0 from  24 sources of FEIGE22
r1165263.fit  5.78  1.91 0.047   424.3 from  74 sources of SKLSS2
r1165264.fit  5.64  1.86 0.042   416.4 from  74 sources of SKLSS2
r1165265.fit  5.98  1.97 0.044   416.5 from  73 sources of SKLSS2
r1165266.fit  5.84  1.93 0.053   422.5 from  74 sources of SKLSS2
r1165267.fit  5.70  1.88 0.055   421.4 from  75 sources of SKLSS2
r1165268.fit  5.82  1.92 0.043   415.6 from  74 sources of SKLSS2
r1165269.fit  6.64  2.19 0.035   416.7 from  65 sources of SKLSS2
r1165270.fit  6.21  2.05 0.051   423.7 from  69 sources of SKLSS2
r1165271.fit  5.63  1.86 0.070   422.8 from  76 sources of SKLSS2
r1165272.fit  6.46  2.13 0.044   420.7 from  69 sources of SKLSS2
r1165273.fit  4.77  1.57 0.051    33.1 from  38 sources of SKLSS2
r1165274.fit  4.84  1.60 0.036    62.3 from  20 sources of SKLSS2
r1165275.fit  5.35  1.77 0.032    61.6 from  17 sources of SKLSS2
r1165276.fit  5.76  1.90 0.073    55.9 from  20 sources of SKLSS2
r1165277.fit  5.60  1.85 0.082    56.5 from  22 sources of SKLSS2
r1165278.fit  5.63  1.86 0.042    57.2 from  23 sources of SKLSS2
r1165279.fit  5.75  1.90 0.043    55.4 from  22 sources of SKLSS2
r1165280.fit  5.46  1.80 0.049    48.6 from  27 sources of SKLSS2
r1165281.fit  5.21  1.72 0.049    96.9 from  24 sources of SKLSS2
r1165282.fit  5.33  1.76 0.039    97.9 from  19 sources of SKLSS2
r1165283.fit is not a target (FOCUS)
r1165284.fit  6.01  1.98 0.036    71.6 from  32 sources of G191B2B
r1165285.fit  5.05  1.67 0.055    63.4 from   7 sources of G191B2B
r1165286.fit  5.12  1.69 0.053    64.5 from   3 sources of G191B2B
r1165287.fit  4.61  1.52 0.059    49.3 from   3 sources of G191B2B
r1165288.fit  4.56  1.50 0.071    50.4 from   3 sources of G191B2B
r1165289.fit  5.40  1.78 0.070    55.3 from   9 sources of G191B2B
r1165290.fit  4.89  1.61 0.057    54.0 from  12 sources of G191B2B
r1165291.fit  5.09  1.68 0.082    87.2 from  93 sources of G191B2B
r1165292.fit  5.36  1.77 0.048    87.3 from  78 sources of G191B2B
r1165293.fit  6.43  2.12 0.048    64.2 from  15 sources of G191B2B
r1165294.fit  6.55  2.16 0.065    64.1 from  20 sources of G191B2B
r1165295.fit  5.48  1.81 0.063    57.6 from  31 sources of G191B2B
r1165296.fit  5.57  1.84 0.061    57.0 from  39 sources of G191B2B
r1165297.fit  5.68  1.87 0.037    69.3 from  42 sources of G191B2B
r1165298.fit  4.78  1.58 0.050    70.3 from  29 sources of G191B2B
r1165299.fit  5.31  1.75 0.024    69.8 from  39 sources of G191B2B
r1165300.fit  5.79  1.91 0.035   124.0 from  43 sources of HZ4
r1165301.fit  5.52  1.82 0.024   125.1 from  33 sources of HZ4
r1165302.fit  4.58  1.51 0.027   246.3 from 104 sources of HZ4
r1165303.fit  5.56  1.83 0.033   242.0 from  91 sources of HZ4
r1165304.fit  4.43  1.46 0.035   136.1 from  87 sources of HZ4
r1165305.fit  4.53  1.49 0.033   136.7 from  89 sources of HZ4
r1165306.fit  4.46  1.47 0.134   113.1 from  23 sources of HZ4
r1165307.fit  4.19  1.38 0.033   110.1 from  56 sources of HZ4
r1165308.fit  5.28  1.74 0.045   168.6 from 108 sources of uvex_3524o r
r1165309.fit  5.25  1.73 0.049    68.3 from  32 sources of uvex_3524o U
r1165310.fit  4.80  1.58 0.049    82.1 from 152 sources of uvex_3524o g
r1165311.fit  4.86  1.60 0.067   163.1 from 155 sources of uvex_3526 r
r1165312.fit  5.05  1.67 0.086    50.9 from  52 sources of uvex_3526 U
r1165313.fit  4.81  1.59 0.084    73.4 from 188 sources of uvex_3526 g
r1165314.fit  4.30  1.42 0.080   149.7 from 194 sources of uvex_3526o r
r1165315.fit  5.06  1.67 0.089    50.8 from  80 sources of uvex_3526o U
r1165316.fit  5.18  1.71 0.096    76.9 from 122 sources of uvex_3526o g
r1165317.fit  4.21  1.39 0.093   150.1 from 278 sources of uvex_3527 r
r1165318.fit  5.82  1.92 0.062    55.5 from  52 sources of uvex_3527 U
r1165319.fit  5.47  1.81 0.047    94.6 from  64 sources of uvex_3527 g
r1165320.fit  5.69  1.88 0.068   134.1 from 256 sources of uvex_3568o r
r1165321.fit  6.57  2.17 0.045    62.5 from  81 sources of uvex_3568o U
r1165322.fit  6.24  2.06 0.036    86.1 from 118 sources of uvex_3568o g
r1165323.fit  5.79  1.91 0.032   160.0 from  83 sources of uvex_3569 r
r1165324.fit  6.70  2.21 0.043    58.7 from  19 sources of uvex_3569 U
r1165325.fit  5.23  1.73 0.054    85.8 from  35 sources of uvex_3569 g
r1165326.fit  5.79  1.91 0.074   154.9 from  72 sources of uvex_3569o r
r1165327.fit  6.15  2.03 0.054    69.2 from  30 sources of uvex_3569o U
r1165328.fit  5.29  1.75 0.040    88.7 from 125 sources of uvex_3569o g
r1165329.fit  5.64  1.86 0.078   117.9 from  15 sources of RUBIN149B
r1165330.fit  5.66  1.87 0.064   128.4 from  12 sources of RUBIN149B
r1165331.fit  5.37  1.77 0.053   561.5 from  75 sources of RUBIN149B
r1165332.fit  6.05  2.00 0.054   419.9 from 232 sources of RUBIN149B
r1165333.fit  4.22  1.39 0.026    70.0 from   7 sources of RUBIN149B
r1165334.fit  4.42  1.46 0.056    75.2 from  11 sources of RUBIN149B
r1165335.fit  4.19  1.38 0.069   364.8 from   6 sources of RUBIN149B
r1165336.fit  4.23  1.40 0.087   368.7 from   8 sources of RUBIN149B
r1165337.fit  4.17  1.38 0.017  1193.3 from   6 sources of SA95-271
r1165338.fit  4.21  1.39 0.020  1245.9 from   7 sources of SA95-271
r1165339.fit  6.15  2.03 0.064   155.4 from 261 sources of uvex_3570 r
r1165340.fit  4.42  1.46 0.040   102.0 from  10 sources of uvex_3570 U
r1165341.fit  6.73  2.22 0.031   120.6 from  28 sources of uvex_3570 g
r1165342.fit  5.92  1.95 0.025   189.2 from 112 sources of uvex_3570o r
r1165343.fit  7.43  2.45 0.032   101.2 from  20 sources of uvex_3570o U
r1165344.fit  5.86  1.93 0.054   114.4 from 142 sources of uvex_3570o g
r1165345.fit  5.81  1.92 0.051   173.4 from 307 sources of uvex_3571 r
r1165346.fit  6.53  2.15 0.036    91.4 from  82 sources of uvex_3571 U
r1165347.fit  6.54  2.16 0.078   109.2 from 247 sources of uvex_3571 g
r1165348.fit  5.85  1.93 0.053   157.9 from 374 sources of uvex_3571o r
r1165349.fit  7.05  2.33 0.048   100.3 from  39 sources of uvex_3571o U
r1165350.fit  6.28  2.07 0.052   110.7 from 232 sources of uvex_3571o g
r1165351.fit  7.22  2.38 0.095   160.2 from 212 sources of uvex_3572 r
r1165352.fit  6.92  2.28 0.048   102.3 from  33 sources of uvex_3572 U
r1165353.fit  6.11  2.02 0.059   118.5 from 106 sources of uvex_3572 g
r1165354.fit  5.68  1.87 0.067   185.0 from 213 sources of uvex_3572o r
r1165355.fit  6.94  2.29 0.025   100.9 from  32 sources of uvex_3572o U
r1165356.fit  6.87  2.27 0.030   118.1 from 107 sources of uvex_3572o g
r1165359.fit  6.98  2.30 0.131   403.9 from 432 sources of deep_look
r1165360.fit  5.74  1.89 0.047   373.7 from 515 sources of deep_look
r1165361.fit  5.67  1.87 0.055   178.2 from 304 sources of uvex_3573 r
r1165362.fit  6.33  2.09 0.025    94.7 from  83 sources of uvex_3573 U
r1165363.fit  5.09  1.68 0.041   107.1 from 349 sources of uvex_3573 g
r1165364.fit  5.51  1.82 0.047   160.2 from 407 sources of uvex_3573o r
r1165365.fit  6.13  2.02 0.019    93.3 from  81 sources of uvex_3573o U
r1165366.fit  6.09  2.01 0.037    95.6 from 276 sources of uvex_3573o g
r1165367.fit  5.29  1.75 0.047   184.3 from  81 sources of uvex_3577 r
r1165368.fit  7.40  2.44 0.024    99.2 from  23 sources of uvex_3577 U
r1165369.fit  5.75  1.90 0.036   112.6 from  40 sources of uvex_3577 g
r1165370.fit  5.45  1.80 0.032   186.4 from 114 sources of uvex_3577o r
r1165371.fit  6.47  2.14 0.033   100.5 from  21 sources of uvex_3577o U
r1165372.fit  6.72  2.22 0.047   112.8 from  65 sources of uvex_3577o g
r1165373.fit  5.60  1.85 0.032   193.4 from 122 sources of uvex_3578 r
r1165374.fit  6.17  2.04 0.041    99.7 from  30 sources of uvex_3578 U
r1165375.fit  6.58  2.17 0.074   112.3 from  43 sources of uvex_3578 g
r1165376.fit  5.09  1.68 0.032    71.6 from  67 sources of RUBIN149B
r1165377.fit  4.97  1.64 0.056    82.3 from  39 sources of RUBIN149B
r1165378.fit  5.85  1.93 0.032    71.1 from  20 sources of RUBIN149B
r1165379.fit  5.72  1.89 0.026    69.9 from  26 sources of RUBIN149B
r1165380.fit  5.30  1.75 0.075    59.6 from  44 sources of RUBIN149B
r1165381.fit  4.85  1.60 0.058    58.9 from  59 sources of RUBIN149B
r1165382.fit  5.56  1.83 0.040   200.6 from 151 sources of uvex_3578o r
r1165383.fit  6.36  2.10 0.018    93.0 from  53 sources of uvex_3578o U
r1165384.fit  5.98  1.97 0.054   106.1 from 102 sources of uvex_3578o g
r1165385.fit  5.06  1.67 0.059   201.7 from 319 sources of uvex_3579 r
r1165386.fit  6.17  2.04 0.043    91.7 from  86 sources of uvex_3579 U
r1165387.fit  7.34  2.42 0.090   111.0 from 175 sources of uvex_3579 g
r1165388.fit  5.27  1.74 0.056   178.6 from 332 sources of uvex_3579o r
r1165389.fit  6.27  2.07 0.022    96.8 from  56 sources of uvex_3579o U
r1165390.fit  5.48  1.81 0.031   118.5 from 128 sources of uvex_3579o g
r1165391.fit  5.04  1.66 0.036   212.5 from  82 sources of uvex_3581 r
r1165392.fit  5.63  1.86 0.030    94.5 from  36 sources of uvex_3581 U
r1165393.fit  4.44  1.47 0.044   115.8 from  87 sources of uvex_3581 g
r1165394.fit  4.27  1.41 0.053   199.2 from 173 sources of uvex_3581o r
r1165395.fit  4.96  1.64 0.034    93.5 from  35 sources of uvex_3581o U
r1165396.fit  4.44  1.47 0.054   121.3 from  53 sources of uvex_3581o g
r1165397.fit  4.41  1.46 0.039   217.0 from 207 sources of uvex_3582 r
r1165398.fit  5.62  1.85 0.037    91.9 from  30 sources of uvex_3582 U
r1165399.fit  4.87  1.61 0.047   115.7 from 106 sources of uvex_3582 g
r1165400.fit  4.33  1.43 0.031   219.4 from 181 sources of uvex_3582o r
r1165401.fit  4.94  1.63 0.042    87.7 from  55 sources of uvex_3582o U
r1165402.fit  4.16  1.37 0.051   108.5 from 244 sources of uvex_3582o g
r1165403.fit  3.81  1.26 0.071   176.5 from 405 sources of uvex_3584 r
r1165404.fit  4.80  1.58 0.034    94.6 from  56 sources of uvex_3584 U
r1165405.fit  4.24  1.40 0.048   112.9 from 127 sources of uvex_3584 g
r1165406.fit  3.81  1.26 0.047   219.5 from 126 sources of uvex_3584o r
r1165407.fit  4.28  1.41 0.020    93.1 from  11 sources of uvex_3584o U
r1165408.fit  6.77  2.23 0.105   120.7 from  16 sources of uvex_3584o g
r1165409.fit  5.33  1.76 0.019   224.2 from  31 sources of uvex_3585 r
r1165410.fit  4.45  1.47 0.021    93.6 from  11 sources of uvex_3585 U
r1165411.fit  5.00  1.65 0.047   115.4 from  15 sources of uvex_3585 g
r1165412.fit  3.87  1.28 0.045   223.7 from  70 sources of uvex_3585o r
r1165413.fit  5.49  1.81 0.040    94.9 from  11 sources of uvex_3585o U
r1165414.fit  4.59  1.51 0.058   122.8 from  11 sources of uvex_3585o g
r1165415.fit  4.40  1.45 0.058   172.0 from 127 sources of uvex_3586 r
r1165416.fit  5.57  1.84 0.092    93.9 from  35 sources of uvex_3586 U
r1165417.fit  4.45  1.47 0.048   117.7 from 160 sources of uvex_3586 g
r1165418.fit  4.16  1.37 0.068   185.1 from 376 sources of uvex_3586o r
r1165419.fit  5.19  1.71 0.058    93.1 from  76 sources of uvex_3586o U
r1165420.fit  4.22  1.39 0.042   104.8 from 398 sources of uvex_3586o g
r1165421.fit  4.36  1.44 0.058   154.5 from 631 sources of uvex_3588 r
r1165422.fit  5.15  1.70 0.070    83.3 from 116 sources of uvex_3588 U
r1165423.fit  4.82  1.59 0.065    90.9 from 440 sources of uvex_3588 g
r1165424.fit  3.88  1.28 0.074   176.5 from 673 sources of uvex_3588o r
r1165425.fit  5.40  1.78 0.053    85.4 from  98 sources of uvex_3588o U
r1165426.fit  5.17  1.71 0.047    95.1 from 372 sources of uvex_3588o g
r1165427.fit  5.58  1.84 0.076   184.5 from 143 sources of uvex_3593 r
r1165428.fit  6.78  2.24 0.066    88.1 from  33 sources of uvex_3593 U
r1165429.fit  5.84  1.93 0.044   105.6 from  92 sources of uvex_3593 g
r1165430.fit  4.41  1.46 0.053   185.1 from 133 sources of uvex_3593o r
r1165431.fit  5.25  1.73 0.057    90.1 from  36 sources of uvex_3593o U
r1165432.fit  5.33  1.76 0.045   105.1 from  80 sources of uvex_3593o g
r1165433.fit  4.63  1.53 0.052   165.7 from 575 sources of uvex_4031 r
r1165434.fit  5.29  1.75 0.065    74.7 from 113 sources of uvex_4031 U
r1165435.fit  4.95  1.63 0.047    87.3 from 415 sources of uvex_4031 g
r1165436.fit  6.74  2.22 0.123   176.3 from 376 sources of uvex_4041 r
r1165437.fit  5.88  1.94 0.034    81.7 from 141 sources of uvex_4041 U
r1165438.fit  5.90  1.95 0.058    89.2 from 412 sources of uvex_4041 g
r1165439.fit  4.62  1.52 0.073    15.8 from   7 sources of HZ44
r1165440.fit  4.47  1.48 0.049    15.8 from   7 sources of HZ44
r1165441.fit  4.20  1.39 0.063    12.7 from   7 sources of HZ44
r1165442.fit  0.86  0.28 0.060    13.4 from   6 sources of HZ44
r1165443.fit  4.76  1.57 0.089     8.2 from   8 sources of HZ44
r1165444.fit  5.96  1.97 0.143     8.0 from   5 sources of HZ44
r1165445.fit  4.95  1.63 0.114    11.5 from   4 sources of HZ44
r1165446.fit  5.42  1.79 0.131    11.0 from   5 sources of HZ44
r1165447.fit  4.25  1.40 0.073     8.4 from   6 sources of HZ44
r1165448.fit  4.59  1.51 0.068     8.2 from   6 sources of HZ44
r1165449.fit  4.67  1.54 0.097     4.2 from   4 sources of HZ44
r1165450.fit  4.90  1.62 0.054     4.6 from   3 sources of HZ44
r1165451.fit  4.80  1.58 0.044    87.9 from  32 sources of GD108
r1165452.fit  4.67  1.54 0.071    87.0 from  31 sources of GD108
r1165453.fit  7.70  2.54 0.104    66.1 from   9 sources of GD108
r1165454.fit  5.96  1.97 0.040    65.2 from  12 sources of GD108
r1165455.fit  5.30  1.75 0.099    61.8 from  15 sources of GD108
r1165456.fit  5.20  1.72 0.056    61.9 from  18 sources of GD108
r1165457.fit  5.51  1.82 0.045    83.6 from  25 sources of GD108
r1165458.fit  5.35  1.77 0.031    84.0 from  24 sources of GD108
r1165459.fit  5.40  1.78 0.069    11.5 from  11 sources of FEIGE67
r1165460.fit  5.07  1.67 0.046    10.9 from  11 sources of FEIGE67
r1165461.fit -3.30 -1.09 0.084    73.2 from   1 sources of FEIGE67
r1165462.fit  4.97  1.64 0.076    72.7 from   2 sources of FEIGE67
r1165463.fit  4.84  1.60 0.049     5.7 from  11 sources of FEIGE67
r1165464.fit  4.62  1.52 0.053     5.6 from  10 sources of FEIGE67
r1165465.fit  5.26  1.74 0.032    16.4 from  19 sources of FEIGE67
r1165466.fit  4.84  1.60 0.031    16.7 from  19 sources of FEIGE67
r1165467.fit is not a target (SKY)
r1165468.fit is not a target (SKY)
r1165469.fit is not a target (SKY)
r1165470.fit is not a target (SKY)
r1165471.fit is not a target (SKY)
r1165472.fit is not a target (SKY)
r1165473.fit is not a target (SKY)
r1165474.fit is not a target (SKY)
r1165475.fit is not a target (SKY)
r1165476.fit is not a target (SKY)
r1165477.fit is not a target (SKY)
r1165478.fit is not a target (SKY)
r1165479.fit is not a target (SKY)
r1165480.fit is not a target (SKY)
r1165481.fit is not a target (SKY)
r1165482.fit is not a target (SKY)
r1165483.fit is not a target (SKY)
r1165484.fit is not a target (SKY)
r1165485.fit is not a target (SKY)
r1165486.fit is not a target (SKY)
r1165487.fit is not a target (SKY)
r1165488.fit is not a target (SKY)
r1165489.fit is not a target (SKY)
r1165490.fit is not a target (SKY)
r1165491.fit is not a target (BIAS)
r1165492.fit is not a target (BIAS)
r1165493.fit is not a target (BIAS)
r1165494.fit is not a target (BIAS)
r1165495.fit is not a target (BIAS)
r1165496.fit is not a target (BIAS)
r1165497.fit is not a target (BIAS)
r1165498.fit is not a target (BIAS)
r1165499.fit is not a target (BIAS)
r1165500.fit is not a target (BIAS)
r1165501.fit is not a target (BIAS)
r1165502.fit is not a target (BIAS)
r1165503.fit is not a target (BIAS)
r1165504.fit is not a target (BIAS)
r1165505.fit is not a target (BIAS)
r1165506.fit is not a target (BIAS)
r1165507.fit is not a target (BIAS)
r1165508.fit is not a target (BIAS)
r1165509.fit is not a target (BIAS)
r1165510.fit is not a target (BIAS)
r1165511.fit is not a target (BIAS)
r1165512.fit is not a target (BIAS)
r1165513.fit is not a target (BIAS)
r1165514.fit is not a target (BIAS)
r1165515.fit is not a target (BIAS)
r1165516.fit is not a target (BIAS)
r1165517.fit is not a target (BIAS)
r1165518.fit is not a target (BIAS)
r1165519.fit is not a target (BIAS)
r1165520.fit is not a target (BIAS)
