r1166978.fit is not a target (BIAS)
r1166979.fit is not a target (BIAS)
r1166980.fit is not a target (BIAS)
r1166981.fit is not a target (BIAS)
r1166982.fit is not a target (BIAS)
r1166983.fit is not a target (BIAS)
r1166984.fit is not a target (BIAS)
r1166985.fit is not a target (BIAS)
r1166986.fit is not a target (BIAS)
r1166987.fit is not a target (BIAS)
r1166988.fit is not a target (BIAS)
r1166989.fit is not a target (BIAS)
r1166990.fit is not a target (BIAS)
r1166991.fit is not a target (BIAS)
r1166992.fit is not a target (BIAS)
r1166993.fit is not a target (BIAS)
r1166994.fit is not a target (BIAS)
r1166995.fit is not a target (BIAS)
r1166996.fit is not a target (BIAS)
r1166997.fit is not a target (BIAS)
r1166998.fit is not a target (BIAS)
r1166999.fit is not a target (BIAS)
r1167000.fit is not a target (BIAS)
r1167001.fit is not a target (BIAS)
r1167002.fit is not a target (BIAS)
r1167003.fit is not a target (BIAS)
r1167004.fit is not a target (BIAS)
r1167005.fit is not a target (BIAS)
r1167006.fit is not a target (BIAS)
r1167007.fit is not a target (BIAS)
r1167008.fit is not a target (BIAS)
r1167009.fit is not a target (BIAS)
r1167010.fit is not a target (BIAS)
r1167011.fit is not a target (BIAS)
r1167012.fit is not a target (BIAS)
r1167013.fit is not a target (BIAS)
r1167014.fit is not a target (BIAS)
r1167015.fit is not a target (BIAS)
r1167016.fit is not a target (BIAS)
r1167017.fit is not a target (BIAS)
r1167018.fit is not a target (FOCUS)
r1167019.fit is not a target (FOCUS)
r1167020.fit  3.82  1.26 0.042    73.7 from  57 sources of GD248 U
r1167021.fit  3.66  1.21 0.038    73.6 from  58 sources of GD248 U
r1167022.fit  3.46  1.14 0.048   135.5 from 120 sources of GD248 g
r1167023.fit  3.25  1.07 0.024    75.8 from  83 sources of GD248 g
r1167024.fit  3.39  1.12 0.045   113.9 from 103 sources of GD248 r
r1167025.fit  3.46  1.14 0.035   137.5 from 116 sources of GD248 r
r1167026.fit  3.48  1.15 0.028    89.0 from  89 sources of GD248 Ha
r1167027.fit  3.74  1.23 0.036    90.0 from  89 sources of GD248 Ha
r1167028.fit  3.08  1.02 0.048   154.9 from 115 sources of GD248 i
r1167029.fit  2.96  0.98 0.052   154.4 from 122 sources of GD248 i
r1167030.fit  5.17  1.71 0.122     5.0 from  12 sources of FEIGE22 U
r1167031.fit  4.20  1.39 0.056    31.9 from   6 sources of FEIGE22 U
r1167032.fit  3.94  1.30 0.070     9.7 from  22 sources of FEIGE22 g
r1167033.fit  4.13  1.36 0.063     9.9 from  22 sources of FEIGE22 g
r1167034.fit  3.70  1.22 0.075    11.6 from  20 sources of FEIGE22 r
r1167035.fit  3.80  1.25 0.056    11.6 from  19 sources of FEIGE22 r
r1167036.fit  4.06  1.34 0.067    28.0 from  23 sources of FEIGE22 i
r1167037.fit  3.47  1.15 0.087    26.1 from  27 sources of FEIGE22 i
r1167038.fit  3.96  1.31 0.078    10.9 from  24 sources of FEIGE22 Ha
r1167039.fit  3.69  1.22 0.060    11.7 from  26 sources of FEIGE22 Ha
r1167040.fit  4.24  1.40 0.080    79.5 from 111 sources of intphas_1148 Ha
r1167041.fit  4.57  1.51 0.061   148.2 from 217 sources of intphas_1148 r
r1167042.fit  4.49  1.48 0.054   144.7 from 201 sources of intphas_1148 i
r1167043.fit  4.53  1.49 0.059    78.0 from 100 sources of intphas_1148o Ha
r1167044.fit  4.62  1.52 0.076   138.6 from 198 sources of intphas_1148o r
r1167045.fit  5.00  1.65 0.040   131.7 from 173 sources of intphas_1148o i
r1167046.fit  4.07  1.34 0.047    75.7 from  94 sources of intphas_1149 Ha
r1167047.fit  4.74  1.56 0.030   145.2 from 155 sources of intphas_1149 r
r1167048.fit  4.71  1.55 0.073   143.8 from 143 sources of intphas_1149 i
r1167049.fit  4.60  1.52 0.065    71.9 from  86 sources of intphas_1149o Ha
r1167050.fit  4.01  1.32 0.079   134.6 from 173 sources of intphas_1149o r
r1167051.fit  3.70  1.22 0.100   126.0 from 181 sources of intphas_1149o i
r1167052.fit  3.87  1.28 0.079    75.2 from 101 sources of intphas_1150 Ha
r1167053.fit  3.80  1.25 0.083   120.1 from 254 sources of intphas_1150 r
r1167054.fit  3.65  1.20 0.097   127.9 from 244 sources of intphas_1150 i
r1167055.fit  3.83  1.26 0.084    76.4 from 112 sources of intphas_1150o Ha
r1167056.fit  4.02  1.33 0.062   130.5 from 239 sources of intphas_1150o r
r1167057.fit  3.79  1.25 0.097   124.8 from 241 sources of intphas_1150o i
r1167058.fit  4.35  1.44 0.077    69.2 from  87 sources of intphas_1152o Ha
r1167059.fit  4.44  1.47 0.047   137.6 from 170 sources of intphas_1152o r
r1167060.fit  4.19  1.38 0.074   130.3 from 185 sources of intphas_1152o i
r1167061.fit  4.47  1.48 0.049    78.0 from 158 sources of intphas_1153 Ha
r1167062.fit  4.47  1.48 0.071   137.4 from 375 sources of intphas_1153 r
r1167063.fit  4.06  1.34 0.067   138.0 from 329 sources of intphas_1153 i
r1167064.fit  4.72  1.56 0.064    76.5 from 139 sources of intphas_1153o Ha
r1167065.fit  4.70  1.55 0.046   146.6 from 364 sources of intphas_1153o r
r1167066.fit  3.78  1.25 0.078   137.1 from 376 sources of intphas_1153o i
r1167067.fit  3.94  1.30 0.071    75.9 from 156 sources of intphas_1154 Ha
r1167068.fit  3.88  1.28 0.101   142.5 from 353 sources of intphas_1154 r
r1167069.fit  3.65  1.20 0.104   142.1 from 342 sources of intphas_1154 i
r1167070.fit  3.71  1.22 0.092    76.2 from 170 sources of intphas_1154o Ha
r1167071.fit  3.55  1.17 0.091   139.4 from 401 sources of intphas_1154o r
r1167072.fit  3.38  1.12 0.100   133.0 from 398 sources of intphas_1154o i
r1167073.fit  3.74  1.23 0.065    76.9 from 145 sources of intphas_1155 Ha
r1167074.fit  4.18  1.38 0.071   118.5 from 233 sources of intphas_1155 r
r1167075.fit  3.91  1.29 0.063   126.2 from 250 sources of intphas_1155 i
r1167076.fit  3.84  1.27 0.086    76.3 from 119 sources of intphas_1155o Ha
r1167077.fit  3.83  1.26 0.086   131.6 from 236 sources of intphas_1155o r
r1167078.fit  3.88  1.28 0.082   138.2 from 237 sources of intphas_1155o i
r1167079.fit  3.74  1.23 0.058    75.6 from 125 sources of intphas_1156 Ha
r1167080.fit  3.72  1.23 0.081   130.9 from 325 sources of intphas_1156 r
r1167081.fit  3.60  1.19 0.084   101.8 from 301 sources of intphas_1156 i
r1167082.fit  3.62  1.19 0.060    74.1 from 115 sources of intphas_1156o Ha
r1167083.fit  3.40  1.12 0.058   135.4 from 335 sources of intphas_1156o r
r1167084.fit  3.34  1.10 0.087   130.9 from 324 sources of intphas_1156o i
r1167085.fit  3.57  1.18 0.072    74.5 from  79 sources of intphas_1203 Ha
r1167086.fit  3.57  1.18 0.082   140.5 from 176 sources of intphas_1203 r
r1167087.fit  3.27  1.08 0.078   138.1 from 194 sources of intphas_1203 i
r1167088.fit  3.60  1.19 0.077    75.2 from  95 sources of intphas_1203o Ha
r1167089.fit  3.62  1.19 0.089   139.5 from 194 sources of intphas_1203o r
r1167090.fit  3.47  1.15 0.083   124.7 from 199 sources of intphas_1203o i
r1167091.fit  3.53  1.16 0.052    70.7 from  69 sources of intphas_1205 Ha
r1167092.fit  3.64  1.20 0.050   124.6 from 150 sources of intphas_1205 r
r1167093.fit  3.34  1.10 0.070   118.3 from 155 sources of intphas_1205 i
r1167094.fit  3.45  1.14 0.108    77.1 from  81 sources of intphas_1205o Ha
r1167095.fit  3.41  1.13 0.075   149.5 from 150 sources of intphas_1205o r
r1167096.fit  3.26  1.08 0.084   139.3 from 170 sources of intphas_1205o i
r1167097.fit  3.46  1.14 0.087    76.8 from  86 sources of intphas_1217 Ha
r1167098.fit  3.37  1.11 0.070   139.3 from 159 sources of intphas_1217 r
r1167099.fit  3.32  1.10 0.074   131.2 from 173 sources of intphas_1217 i
r1167100.fit  4.26  1.41 0.121    76.7 from  39 sources of intphas_1217o Ha
r1167101.fit  3.56  1.17 0.064   145.7 from 137 sources of intphas_1217o r
r1167102.fit  3.45  1.14 0.077   135.5 from 138 sources of intphas_1217o i
r1167103.fit  4.29  1.42 0.141    78.6 from  11 sources of GD248 U
r1167104.fit  4.28  1.41 0.129    77.9 from  25 sources of GD248 U
r1167105.fit  4.28  1.41 0.123    78.5 from  27 sources of GD248 U
r1167106.fit  3.94  1.30 0.055    78.9 from  69 sources of GD248 g
r1167107.fit  4.44  1.47 0.059    70.1 from  64 sources of GD248 g
r1167108.fit  4.12  1.36 0.061   114.2 from  92 sources of GD248 r
r1167109.fit  4.19  1.38 0.055   135.5 from  87 sources of GD248 r
r1167110.fit  4.26  1.41 0.049   183.7 from  95 sources of GD248 i
r1167111.fit  4.08  1.35 0.054   170.4 from  96 sources of GD248 i
r1167112.fit  4.30  1.42 0.074    94.5 from  11 sources of GD248 Ha
r1167113.fit  4.27  1.41 0.060    96.2 from   8 sources of GD248 Ha
r1167114.fit  3.46  1.14 0.040    52.2 from  21 sources of FEIGE22 U
r1167115.fit  3.29  1.09 0.038    52.0 from  21 sources of FEIGE22 U
r1167116.fit  3.07  1.01 0.037    54.7 from  24 sources of FEIGE22 g
r1167117.fit  3.00  0.99 0.038    54.6 from  24 sources of FEIGE22 g
r1167118.fit  3.04  1.00 0.035    63.5 from  32 sources of FEIGE22 r
r1167119.fit  2.77  0.91 0.032    64.1 from  36 sources of FEIGE22 r
r1167120.fit  2.81  0.93 0.036    72.0 from  35 sources of FEIGE22 i
r1167121.fit  2.38  0.79 0.049    71.2 from  42 sources of FEIGE22 i
r1167122.fit  3.33  1.10 0.033    62.8 from  36 sources of FEIGE22 Ha
r1167123.fit  3.17  1.05 0.043    62.9 from  40 sources of FEIGE22 Ha
r1167124.fit  3.83  1.26 0.111   122.1 from 570 sources of uvex_2975 r
r1167125.fit  4.03  1.33 0.120    41.5 from  91 sources of uvex_2975 U
r1167126.fit  4.89  1.61 0.109    75.4 from  32 sources of uvex_2975 g
r1167127.fit  3.75  1.24 0.122   121.2 from 474 sources of uvex_2975o r
r1167128.fit  4.53  1.49 0.132    48.4 from  27 sources of uvex_2975o U
r1167129.fit  4.18  1.38 0.131    75.2 from 232 sources of uvex_2975o g
r1167130.fit  3.83  1.26 0.106   125.9 from 371 sources of uvex_2976 r
r1167131.fit  4.34  1.43 0.111    48.5 from  87 sources of uvex_2976 U
r1167132.fit  3.99  1.32 0.120    71.8 from 233 sources of uvex_2976 g
r1167133.fit  3.84  1.27 0.097   121.0 from 446 sources of uvex_2976o r
r1167134.fit  4.23  1.40 0.097    12.1 from 101 sources of uvex_2976o U
r1167135.fit  4.48  1.48 0.116    64.9 from  50 sources of uvex_2976o g
r1167136.fit  4.61  1.52 0.089   120.0 from 368 sources of uvex_2977 r
r1167137.fit  4.70  1.55 0.093    43.6 from  92 sources of uvex_2977 U
r1167138.fit  4.22  1.39 0.059    54.4 from 275 sources of uvex_2977 g
r1167139.fit  4.06  1.34 0.080   112.4 from 411 sources of uvex_2977o r
r1167140.fit  4.87  1.61 0.097    44.9 from  90 sources of uvex_2977o U
r1167141.fit  4.12  1.36 0.095    63.7 from 281 sources of uvex_2977o g
r1167142.fit  3.66  1.21 0.099   115.2 from 376 sources of uvex_2979 r
r1167143.fit  4.41  1.46 0.130    46.6 from  37 sources of uvex_2979 U
r1167144.fit  3.91  1.29 0.110    69.8 from 250 sources of uvex_2979 g
r1167145.fit  3.53  1.16 0.083   123.1 from 411 sources of uvex_2979o r
r1167146.fit  4.40  1.45 0.117    47.1 from  75 sources of uvex_2979o U
r1167147.fit  4.05  1.34 0.086    69.4 from 231 sources of uvex_2979o g
r1167148.fit  3.87  1.28 0.092   122.7 from 303 sources of uvex_2982 r
r1167149.fit  4.26  1.41 0.104    48.4 from  91 sources of uvex_2982 U
r1167150.fit  4.27  1.41 0.102    73.6 from 169 sources of uvex_2982 g
r1167151.fit  4.46  1.47 0.078   110.2 from 272 sources of uvex_2982o r
r1167152.fit  5.05  1.67 0.092    47.9 from  81 sources of uvex_2982o U
r1167153.fit  4.65  1.53 0.122    67.8 from 147 sources of uvex_2982o g
r1167154.fit  4.06  1.34 0.104    90.5 from 376 sources of uvex_2983 r
r1167155.fit  4.31  1.42 0.087    51.3 from  99 sources of uvex_2983 U
r1167156.fit  3.89  1.28 0.095    73.3 from 237 sources of uvex_2983 g
r1167157.fit  3.49  1.15 0.084    99.9 from 435 sources of uvex_2983o r
r1167158.fit  4.57  1.51 0.086    53.0 from  74 sources of uvex_2983o U
r1167159.fit  4.07  1.34 0.113    74.6 from 201 sources of uvex_2983o g
r1167160.fit  3.73  1.23 0.068   107.2 from 508 sources of uvex_2985 r
r1167161.fit  4.48  1.48 0.066    49.7 from 120 sources of uvex_2985 U
r1167162.fit  4.32  1.43 0.073    76.0 from 288 sources of uvex_2985 g
r1167163.fit  3.95  1.30 0.057    99.0 from 458 sources of uvex_2985o r
r1167164.fit  4.77  1.57 0.094    49.1 from 102 sources of uvex_2985o U
r1167165.fit  3.59  1.18 0.083    74.0 from 321 sources of uvex_2985o g
r1167166.fit  3.64  1.20 0.086   102.0 from 677 sources of uvex_2986 r
r1167167.fit  4.51  1.49 0.073    52.2 from 167 sources of uvex_2986 U
r1167168.fit  5.13  1.69 0.049    69.8 from 346 sources of uvex_2986 g
r1167169.fit  4.02  1.33 0.104    95.5 from 569 sources of uvex_2986o r
r1167170.fit  4.76  1.57 0.062    52.7 from 131 sources of uvex_2986o U
r1167171.fit  5.17  1.71 0.032    67.1 from 323 sources of uvex_2986o g
r1167172.fit  4.30  1.42 0.062   100.8 from 549 sources of uvex_2987 r
r1167173.fit  4.45  1.47 0.087    60.4 from 136 sources of uvex_2987 U
r1167174.fit  4.63  1.53 0.030    76.4 from 351 sources of uvex_2987 g
r1167175.fit  4.02  1.33 0.043   102.7 from 552 sources of uvex_2987o r
r1167176.fit  4.46  1.47 0.120    51.5 from 119 sources of uvex_2987o U
r1167177.fit  3.67  1.21 0.080    70.0 from 489 sources of uvex_2987o g
r1167178.fit  3.47  1.15 0.082   129.5 from 438 sources of uvex_2989 r
r1167179.fit  4.02  1.33 0.078    52.3 from  46 sources of uvex_2989 U
r1167180.fit  3.99  1.32 0.070    75.0 from   8 sources of uvex_2989 g
r1167181.fit  3.26  1.08 0.084   240.2 from  19 sources of uvex_2989o r
r1167182.fit  4.21  1.39 0.035    36.7 from   7 sources of uvex_2989o U
r1167183.fit  3.81  1.26 0.090    74.2 from  15 sources of uvex_2989o g
r1167184.fit  4.50  1.49 0.050    54.0 from  11 sources of FEIGE22 U
r1167185.fit  4.32  1.43 0.025    61.6 from  17 sources of FEIGE22 U
r1167186.fit  7.82  2.58 0.124    61.1 from   9 sources of FEIGE22 g
r1167187.fit  5.69  1.88 0.108    61.0 from  11 sources of FEIGE22 g
r1167188.fit  4.76  1.57 0.029    68.6 from  19 sources of FEIGE22 r
r1167189.fit  5.51  1.82 0.064    68.8 from  18 sources of FEIGE22 r
r1167190.fit  5.18  1.71 0.048    86.8 from  20 sources of FEIGE22 i
r1167191.fit  4.53  1.49 0.134    87.6 from  14 sources of FEIGE22 i
r1167192.fit  5.42  1.79 0.077    67.5 from  23 sources of FEIGE22 Ha
r1167193.fit  5.31  1.75 0.072    67.9 from  21 sources of FEIGE22 Ha
r1167194.fit  7.88  2.60 0.056    16.8 from  30 sources of SA98-650 U
r1167195.fit  5.12  1.69 0.078    19.6 from  78 sources of SA98-650 U
r1167196.fit  6.84  2.26 0.082    13.2 from  48 sources of SA98-650 g
r1167197.fit  5.94  1.96 0.049    13.0 from  56 sources of SA98-650 g
r1167198.fit  6.55  2.16 0.027    18.1 from  53 sources of SA98-650 r
r1167199.fit  5.26  1.74 0.081    18.5 from  84 sources of SA98-650 r
r1167200.fit  4.60  1.52 0.095    21.0 from 125 sources of SA98-650 i
r1167201.fit  3.78  1.25 0.075    21.7 from 182 sources of SA98-650 i
r1167202.fit  3.84  1.27 0.072    14.2 from 121 sources of SA98-650 Ha
r1167203.fit  4.79  1.58 0.136    14.9 from  65 sources of SA98-650 Ha
r1167204.fit  3.79  1.25 0.101   129.5 from 529 sources of uvex_2989 r
r1167205.fit  3.90  1.29 0.118    86.6 from  88 sources of uvex_2989 U
r1167206.fit  3.37  1.11 0.078   103.9 from 383 sources of uvex_2989 g
r1167207.fit  3.34  1.10 0.097   127.3 from 616 sources of uvex_2989o r
r1167208.fit  3.69  1.22 0.082    79.1 from 122 sources of uvex_2989o U
r1167209.fit  3.27  1.08 0.080    94.8 from 435 sources of uvex_2989o g
r1167210.fit  4.21  1.39 0.127   106.6 from 437 sources of uvex_3805o r
r1167211.fit  3.93  1.30 0.106    41.7 from 121 sources of uvex_3805o U
r1167212.fit  3.44  1.14 0.083    57.7 from 434 sources of uvex_3805o g
r1167213.fit  3.18  1.05 0.093   112.3 from 813 sources of uvex_3806 r
r1167214.fit  4.24  1.40 0.111    48.0 from 133 sources of uvex_3806 U
r1167215.fit  3.86  1.27 0.075    59.6 from 408 sources of uvex_3806 g
r1167216.fit  3.24  1.07 0.073   111.2 from 878 sources of uvex_3806o r
r1167217.fit  4.11  1.36 0.103    47.9 from 157 sources of uvex_3806o U
r1167218.fit  3.81  1.26 0.064    56.6 from 484 sources of uvex_3806o g
r1167219.fit  3.20  1.06 0.060    85.3 from 1102 sources of uvex_3807o r
r1167220.fit  3.91  1.29 0.087    49.7 from 218 sources of uvex_3807o U
r1167221.fit  3.56  1.17 0.091    63.9 from 643 sources of uvex_3807o g
r1167222.fit  3.08  1.02 0.079    90.4 from 1016 sources of uvex_3808 r
r1167223.fit  4.04  1.33 0.065    38.0 from 160 sources of uvex_3808 U
r1167224.fit  3.54  1.17 0.064    53.9 from 384 sources of uvex_3808 g
r1167225.fit  4.01  1.32 0.089   108.9 from 506 sources of uvex_3808o r
r1167226.fit  4.44  1.47 0.098    44.4 from 169 sources of uvex_3808o U
r1167229.fit  3.70  1.22 0.060   118.2 from 818 sources of uvex_3808o g
r1167230.fit  4.02  1.33 0.065   127.9 from 700 sources of uvex_3808o r
r1167231.fit  4.43  1.46 0.113    81.6 from 172 sources of uvex_3808o U
r1167232.fit  3.82  1.26 0.060    98.1 from 561 sources of uvex_3808o g
r1167233.fit  3.40  1.12 0.071   130.0 from 661 sources of uvex_3809 r
r1167234.fit  4.24  1.40 0.111    85.6 from 128 sources of uvex_3809 U
r1167235.fit  3.41  1.13 0.062    93.7 from 419 sources of uvex_3809 g
r1167236.fit  3.45  1.14 0.112   127.3 from 646 sources of uvex_3809o r
r1167237.fit  3.86  1.27 0.051    85.2 from 157 sources of uvex_3809o U
r1167238.fit  3.87  1.28 0.042    90.9 from 424 sources of uvex_3809o g
r1167239.fit  3.32  1.10 0.054   137.4 from 811 sources of uvex_3810 r
r1167240.fit  3.77  1.24 0.054    83.7 from 198 sources of uvex_3810 U
r1167242.fit  3.20  1.06 0.076    54.4 from 123 sources of uvex_3810 g
r1167243.fit  3.18  1.05 0.071   136.4 from 878 sources of uvex_3810 r
r1167244.fit  3.78  1.25 0.062    88.8 from 193 sources of uvex_3810 U
r1167246.fit  3.52  1.16 0.069    94.9 from 526 sources of uvex_3810 g
r1167247.fit  3.21  1.06 0.073   141.1 from 916 sources of uvex_3810o r
r1167248.fit  3.78  1.25 0.061    89.4 from 209 sources of uvex_3810o U
r1167249.fit  3.79  1.25 0.070   100.2 from 491 sources of uvex_3810o g
r1167250.fit  3.48  1.15 0.059   135.8 from 825 sources of uvex_3811 r
r1167251.fit  3.58  1.18 0.053    89.8 from 213 sources of uvex_3811 U
r1167254.fit is not a target ()
r1167255.fit  3.60  1.19 0.075    89.2 from 208 sources of uvex_3811 U
r1167256.fit  3.61  1.19 0.042    97.4 from 567 sources of uvex_3811 g
r1167257.fit  3.33  1.10 0.063   144.0 from 840 sources of uvex_3811o r
r1167258.fit  3.82  1.26 0.081    85.7 from 208 sources of uvex_3811o U
r1167259.fit  3.21  1.06 0.045   101.0 from 609 sources of uvex_3811o g
r1167260.fit  2.85  0.94 0.061   133.0 from 1113 sources of uvex_3812 r
r1167261.fit  3.58  1.18 0.071    91.3 from 245 sources of uvex_3812 U
r1167262.fit  3.48  1.15 0.073    50.9 from  79 sources of uvex_3812 g
r1167263.fit  3.32  1.10 0.050    98.0 from 705 sources of uvex_3812 g
r1167264.fit  3.17  1.05 0.072   153.4 from 942 sources of uvex_3811 r
r1167265.fit  3.50  1.16 0.061    91.0 from 209 sources of uvex_3811 U
r1167266.fit  3.37  1.11 0.069   103.1 from 637 sources of uvex_3811 g
r1167267.fit  3.49  1.15 0.072   103.0 from 598 sources of uvex_3811 g
r1167268.fit  3.27  1.08 0.046   157.4 from 809 sources of uvex_3811o r
r1167269.fit  3.84  1.27 0.055    95.8 from 186 sources of uvex_3811o U
r1167270.fit  3.53  1.16 0.060   111.2 from 508 sources of uvex_3811o g
r1167271.fit  3.11  1.03 0.066   156.1 from 966 sources of uvex_3812 r
r1167272.fit  4.25  1.40 0.082    95.4 from 182 sources of uvex_3812 U
r1167273.fit  3.58  1.18 0.088    98.6 from 613 sources of uvex_3812 g
r1167274.fit  3.86  1.27 0.057    59.6 from  84 sources of SA98-650 U
r1167275.fit  3.70  1.22 0.038    54.4 from 114 sources of SA98-650 U
r1167276.fit  3.50  1.16 0.053    55.0 from 106 sources of SA98-650 g
r1167277.fit  3.38  1.12 0.056    58.5 from 104 sources of SA98-650 g
r1167278.fit  3.13  1.03 0.052    22.6 from 176 sources of SA98-650 r
r1167279.fit  3.42  1.13 0.045    12.0 from 144 sources of SA98-650 r
r1167280.fit  4.11  1.36 0.073    18.8 from 132 sources of SA98-650 i
r1167281.fit  3.23  1.07 0.057    17.7 from 180 sources of SA98-650 i
r1167282.fit  3.69  1.22 0.054    -1.2 from 102 sources of SA98-650 Ha
r1167283.fit  3.21  1.06 0.052     0.0 from 120 sources of SA98-650 Ha
r1167284.fit  4.76  1.57 0.123    29.9 from  10 sources of GD108 U
r1167285.fit  4.62  1.52 0.127    30.0 from  10 sources of GD108 U
r1167286.fit  4.23  1.40 0.117   -10.2 from  25 sources of GD108 g
r1167287.fit  3.89  1.28 0.114   -12.5 from  28 sources of GD108 g
r1167288.fit  3.96  1.31 0.093    30.7 from  42 sources of GD108 r
r1167289.fit  3.45  1.14 0.109    29.9 from  55 sources of GD108 r
r1167290.fit  3.98  1.31 0.098   122.9 from  78 sources of GD108 i
r1167291.fit  3.49  1.15 0.108   131.9 from 101 sources of GD108 i
r1167292.fit  3.91  1.29 0.111     1.0 from  45 sources of GD108 Ha
r1167293.fit  3.87  1.28 0.085     1.7 from  43 sources of GD108 Ha
r1167294.fit  4.82  1.59 0.116   125.4 from  25 sources of uvex_3812o r
r1167295.fit  3.43  1.13 0.066    33.7 from 225 sources of uvex_3812o U
r1167296.fit  3.14  1.04 0.075    45.7 from 624 sources of uvex_3812o g
r1167297.fit  2.84  0.94 0.065   110.8 from 805 sources of uvex_3815 r
r1167298.fit  3.33  1.10 0.054    26.1 from 151 sources of uvex_3815 U
r1167299.fit  3.35  1.11 0.061    45.1 from 486 sources of uvex_3815 g
r1167300.fit  3.48  1.15 0.037    95.8 from 665 sources of uvex_3815o r
r1167301.fit  4.74  1.56 0.111    24.6 from  20 sources of uvex_3815o U
r1167302.fit  3.27  1.08 0.050    43.6 from 537 sources of uvex_3815o g
r1167303.fit  3.09  1.02 0.040   118.7 from 816 sources of uvex_3816 r
r1167304.fit  3.80  1.25 0.062    18.5 from 172 sources of uvex_3816 U
r1167305.fit  3.13  1.03 0.037    53.0 from 628 sources of uvex_3816 g
r1167306.fit  3.31  1.09 0.054    96.8 from 717 sources of uvex_3816o r
r1167307.fit  3.70  1.22 0.043    28.5 from 166 sources of uvex_3816o U
r1167308.fit  3.14  1.04 0.042    33.8 from 595 sources of uvex_3816o g
r1167309.fit  3.29  1.09 0.048   123.6 from 629 sources of uvex_3818 r
r1167310.fit  3.83  1.26 0.068    36.9 from 148 sources of uvex_3818 U
r1167311.fit  3.60  1.19 0.070    55.3 from 386 sources of uvex_3818 g
r1167312.fit  3.00  0.99 0.071   104.0 from 686 sources of uvex_3818o r
r1167313.fit  3.79  1.25 0.057    39.0 from 149 sources of uvex_3818o U
r1167314.fit  3.59  1.18 0.061    52.2 from 400 sources of uvex_3818o g
r1167315.fit  3.15  1.04 0.066   119.2 from 855 sources of uvex_3819 r
r1167316.fit  3.81  1.26 0.061    24.8 from 208 sources of uvex_3819 U
r1167317.fit  3.68  1.21 0.042    57.3 from 478 sources of uvex_3819 g
r1167318.fit  3.29  1.09 0.050   113.0 from 716 sources of uvex_3819o r
r1167319.fit  4.44  1.47 0.031    40.9 from 140 sources of uvex_3819o U
r1167320.fit  4.03  1.33 0.053    56.0 from 413 sources of uvex_3819o g
r1167321.fit  3.51  1.16 0.079   137.1 from 800 sources of uvex_3820 r
r1167322.fit  4.22  1.39 0.072    45.4 from 134 sources of uvex_3820 U
r1167323.fit  3.74  1.23 0.044    69.7 from 494 sources of uvex_3820 g
r1167324.fit  3.39  1.12 0.062   159.0 from 601 sources of uvex_3820o r
r1167325.fit  3.97  1.31 0.049    43.6 from 176 sources of uvex_3820o U
r1167326.fit  3.65  1.20 0.047    73.1 from 482 sources of uvex_3820o g
r1167327.fit  3.51  1.16 0.050   115.7 from 599 sources of uvex_3821 r
r1167328.fit  4.23  1.40 0.035    38.1 from 155 sources of uvex_3821 U
r1167329.fit  4.51  1.49 0.037    56.5 from 373 sources of uvex_3821 g
r1167330.fit  3.79  1.25 0.044   101.1 from 646 sources of uvex_3821o r
r1167331.fit  4.25  1.40 0.062    41.0 from 163 sources of uvex_3821o U
r1167332.fit  4.11  1.36 0.046    46.2 from 441 sources of uvex_3821o g
r1167333.fit  3.72  1.23 0.051   102.4 from 628 sources of uvex_3831 r
r1167334.fit  4.19  1.38 0.039    29.4 from 125 sources of uvex_3831 U
r1167335.fit  4.29  1.42 0.052    43.7 from 339 sources of uvex_3831 g
r1167336.fit  3.64  1.20 0.054   121.3 from 669 sources of uvex_3831o r
r1167337.fit  4.36  1.44 0.053    47.1 from 128 sources of uvex_3831o U
r1167338.fit  3.88  1.28 0.050    58.9 from 420 sources of uvex_3831o g
r1167339.fit  3.48  1.15 0.056   126.8 from 780 sources of uvex_3834 r
r1167340.fit  4.16  1.37 0.090    47.9 from 148 sources of uvex_3834 U
r1167341.fit  4.63  1.53 0.088     6.8 from  39 sources of uvex_3834 g
r1167342.fit  4.66  1.54 0.101    67.0 from 388 sources of uvex_3834 g
r1167343.fit  3.57  1.18 0.050   138.1 from 566 sources of uvex_3822 r
r1167344.fit  4.53  1.49 0.120    51.8 from 101 sources of uvex_3822 U
r1167345.fit  3.95  1.30 0.046    62.1 from 335 sources of uvex_3822 g
r1167346.fit  3.64  1.20 0.050   146.5 from 615 sources of uvex_3822o r
r1167347.fit  6.05  2.00 0.091    54.6 from  84 sources of uvex_3822o U
r1167348.fit  4.81  1.59 0.052    70.6 from 306 sources of uvex_3822o g
r1167349.fit  4.14  1.37 0.050   128.1 from 592 sources of uvex_3823 r
r1167350.fit  5.25  1.73 0.059    42.6 from 107 sources of uvex_3823 U
r1167351.fit  5.75  1.90 0.054     1.6 from 264 sources of uvex_3823 g
r1167352.fit  4.58  1.51 0.051   130.0 from 490 sources of uvex_3823o r
r1167353.fit  5.41  1.79 0.040    65.9 from  97 sources of uvex_3823o U
r1167354.fit  5.50  1.82 0.032    70.1 from 275 sources of uvex_3823o g
r1167355.fit  5.27  1.74 0.045   145.6 from 377 sources of uvex_3825 r
r1167356.fit  5.35  1.77 0.055    57.7 from 107 sources of uvex_3825 U
r1167357.fit  5.40  1.78 0.040    70.2 from 280 sources of uvex_3825 g
r1167358.fit  5.55  1.83 0.037   131.1 from 320 sources of uvex_3825o r
r1167359.fit  6.30  2.08 0.037    63.6 from  78 sources of uvex_3825o U
r1167360.fit  6.86  2.26 0.051    75.7 from 178 sources of uvex_3825o g
r1167361.fit  6.43  2.12 0.040   165.6 from 232 sources of uvex_3839 r
r1167362.fit  5.98  1.97 0.024    66.4 from  52 sources of uvex_3839 U
r1167363.fit  6.66  2.20 0.034    81.0 from 154 sources of uvex_3839 g
r1167364.fit  5.20  1.72 0.046   157.5 from 334 sources of uvex_3839o r
r1167365.fit  5.46  1.80 0.051    54.9 from  66 sources of uvex_3839o U
r1167366.fit  4.91  1.62 0.060    75.2 from 263 sources of uvex_3839o g
r1167367.fit  5.68  1.87 0.058   142.2 from 342 sources of uvex_3842 r
r1167368.fit  6.08  2.01 0.064    63.9 from  94 sources of uvex_3842 U
r1167369.fit  6.03  1.99 0.033    82.1 from 257 sources of uvex_3842 g
r1167370.fit  5.41  1.79 0.038   145.9 from 382 sources of uvex_3842o r
r1167371.fit  5.46  1.80 0.069    66.1 from  83 sources of uvex_3842o U
r1167372.fit  5.71  1.88 0.039    76.9 from 272 sources of uvex_3842o g
r1167373.fit  0.84  0.28 0.085    99.9 from   1 sources of HZ44 U
r1167374.fit  4.94  1.63 0.092    -4.0 from   3 sources of HZ44 U
r1167375.fit  4.93  1.63 0.057    -5.6 from   4 sources of HZ44 g
r1167376.fit  4.02  1.33 0.085    -4.5 from   6 sources of HZ44 g
r1167377.fit  6.31  2.08 0.062    17.8 from   3 sources of HZ44 r
r1167378.fit  4.31  1.42 0.090     4.6 from   8 sources of HZ44 r
r1167379.fit  4.84  1.60 0.063    47.7 from   7 sources of HZ44 i
r1167380.fit  4.83  1.59 0.103    45.0 from  12 sources of HZ44 i
r1167381.fit  4.33  1.43 0.047     1.1 from  11 sources of HZ44 Ha
r1167382.fit  3.85  1.27 0.078     1.1 from  12 sources of HZ44 Ha
r1167383.fit  3.88  1.28 0.044    25.2 from  21 sources of GD108 U
r1167384.fit  4.07  1.34 0.028    27.3 from  21 sources of GD108 U
r1167385.fit  3.04  1.00 0.066    22.6 from  52 sources of GD108 g
r1167386.fit  3.56  1.17 0.034    22.5 from  35 sources of GD108 g
r1167387.fit  3.62  1.19 0.039    62.2 from  64 sources of GD108 r
r1167388.fit  4.53  1.49 0.049    64.7 from  39 sources of GD108 r
r1167389.fit  3.37  1.11 0.052   154.2 from 111 sources of GD108 i
r1167390.fit  2.92  0.96 0.059   153.3 from 124 sources of GD108 i
r1167391.fit  4.00  1.32 0.070    40.7 from  45 sources of GD108 Ha
r1167392.fit  5.67  1.87 0.024    43.3 from  24 sources of GD108 Ha
r1167393.fit  4.48  1.48 0.067   -10.3 from   5 sources of FEIGE67 U
r1167394.fit  3.99  1.32 0.080   -10.1 from   5 sources of FEIGE67 U
r1167395.fit  5.39  1.78 0.056    -6.2 from  11 sources of FEIGE67 g
r1167396.fit  5.03  1.66 0.011    -7.4 from  12 sources of FEIGE67 g
r1167397.fit  4.78  1.58 0.073     2.8 from  15 sources of FEIGE67 r
r1167398.fit  4.67  1.54 0.036     2.7 from  15 sources of FEIGE67 r
r1167399.fit  5.29  1.75 0.030    56.7 from  17 sources of FEIGE67 i
r1167400.fit  4.67  1.54 0.031    57.0 from  21 sources of FEIGE67 i
r1167401.fit  4.98  1.64 0.032    -1.0 from  17 sources of FEIGE67 Ha
r1167402.fit  4.85  1.60 0.084    -1.2 from  15 sources of FEIGE67 Ha
r1167403.fit is not a target (BIAS)
r1167404.fit is not a target (BIAS)
r1167405.fit is not a target (BIAS)
r1167406.fit is not a target (BIAS)
r1167407.fit is not a target (BIAS)
r1167408.fit is not a target (BIAS)
r1167409.fit is not a target (BIAS)
r1167410.fit is not a target (BIAS)
r1167411.fit is not a target (BIAS)
r1167412.fit is not a target (BIAS)
