r1083651.fit is not a target (BIAS)
r1083652.fit is not a target (BIAS)
r1083653.fit is not a target (BIAS)
r1083654.fit is not a target (BIAS)
r1083655.fit is not a target (BIAS)
r1083656.fit is not a target (BIAS)
r1083657.fit is not a target (BIAS)
r1083658.fit is not a target (BIAS)
r1083659.fit is not a target (BIAS)
r1083660.fit is not a target (BIAS)
r1083661.fit is not a target (BIAS)
r1083662.fit is not a target (BIAS)
r1083663.fit is not a target (BIAS)
r1083664.fit is not a target (BIAS)
r1083665.fit is not a target (BIAS)
r1083666.fit is not a target (BIAS)
r1083667.fit is not a target (BIAS)
r1083668.fit is not a target (BIAS)
r1083669.fit is not a target (BIAS)
r1083670.fit is not a target (BIAS)
r1083671.fit is not a target (BIAS)
r1083672.fit is not a target (BIAS)
r1083673.fit is not a target (BIAS)
r1083674.fit is not a target (BIAS)
r1083675.fit is not a target (BIAS)
r1083676.fit is not a target (BIAS)
r1083677.fit is not a target (BIAS)
r1083678.fit is not a target (BIAS)
r1083679.fit is not a target (BIAS)
r1083680.fit is not a target (FLAT)
r1083681.fit is not a target (FLAT)
r1083682.fit is not a target (FLAT)
r1083683.fit is not a target (FLAT)
r1083684.fit is not a target (FLAT)
r1083685.fit is not a target (FLAT)
r1083686.fit is not a target (FLAT)
r1083687.fit is not a target (FLAT)
r1083688.fit is not a target (FLAT)
r1083689.fit is not a target (FLAT)
r1083690.fit is not a target (FLAT)
r1083691.fit is not a target (FLAT)
r1083692.fit is not a target (FOCUS)
r1083693.fit  7.46  2.46 0.125    22.6 from  34 sources of WOLF1346 r
r1083694.fit  4.38  1.45 0.089    59.7 from   3 sources of WOLF1346 U
r1083695.fit  6.89  2.27 0.092    13.9 from  25 sources of WOLF1346 g
r1083696.fit  3.46  1.14 0.105   123.2 from 350 sources of G24-9 r
r1083697.fit  4.37  1.44 0.117    39.1 from  49 sources of G24-9 U
r1083698.fit  3.52  1.16 0.086    76.2 from 435 sources of G24-9 g
r1083699.fit  3.94  1.30 0.081    51.8 from  87 sources of ST_NGC7006 r
r1083700.fit  4.82  1.59 0.131    41.5 from  12 sources of ST_NGC7006 U
r1083701.fit  3.47  1.15 0.124    30.7 from  59 sources of ST_NGC7006 g
r1083702.fit  3.13  1.03 0.119   151.2 from  69 sources of uvex_4142 r
r1083703.fit  4.27  1.41 0.106    38.9 from  14 sources of uvex_4142 U
r1083704.fit  3.18  1.05 0.100    70.1 from  43 sources of uvex_4142 g
r1083705.fit  2.90  0.96 0.086   148.3 from  98 sources of uvex_4142o r
r1083706.fit  4.47  1.48 0.105    36.0 from  11 sources of uvex_4142o U
r1083707.fit  3.89  1.28 0.120   109.4 from  32 sources of uvex_4142o g
r1083708.fit  3.31  1.09 0.078   168.6 from 136 sources of uvex_4143 r
r1083709.fit  4.36  1.44 0.061    76.5 from  15 sources of uvex_4143 U
r1083710.fit  3.45  1.14 0.054    90.2 from  42 sources of uvex_4143 g
r1083711.fit  3.28  1.08 0.103   127.0 from 128 sources of uvex_4143o r
r1083712.fit  4.30  1.42 0.100    77.2 from  14 sources of uvex_4143o U
r1083713.fit  3.33  1.10 0.096   107.7 from  49 sources of uvex_4143o g
r1083714.fit  3.45  1.14 0.105   160.0 from 253 sources of uvex_4155 r
r1083715.fit  4.49  1.48 0.109    75.5 from  20 sources of uvex_4155 U
r1083716.fit  3.52  1.16 0.091   106.4 from  91 sources of uvex_4155 g
r1083717.fit  4.07  1.34 0.112   158.9 from 138 sources of uvex_4168o r
r1083718.fit  5.28  1.74 0.115   105.8 from  12 sources of uvex_4168o U
r1083719.fit  3.19  1.05 0.068   101.4 from  67 sources of uvex_4168o g
r1083720.fit  3.35  1.11 0.097   139.5 from  71 sources of uvex_4247 r
r1083721.fit  4.26  1.41 0.091    74.7 from  23 sources of uvex_4247 U
r1083722.fit  3.15  1.04 0.088   102.5 from  39 sources of uvex_4247 g
r1083723.fit  3.36  1.11 0.102   157.3 from 867 sources of uvex_4284 r
r1083724.fit  5.89  1.94 0.114    69.7 from   9 sources of uvex_4284 U
r1083725.fit  3.46  1.14 0.086    85.2 from 379 sources of uvex_4284 g
r1083726.fit  3.42  1.13 0.095   161.0 from 116 sources of uvex_4288 r
r1083727.fit  4.27  1.41 0.087    76.0 from  13 sources of uvex_4288 U
r1083728.fit  3.34  1.10 0.063   101.6 from  57 sources of uvex_4288 g
r1083729.fit  4.21  1.39 0.122   158.3 from  84 sources of uvex_4314 r
r1083730.fit  4.18  1.38 0.080    75.8 from  30 sources of uvex_4314 U
r1083731.fit  3.50  1.16 0.075   100.4 from 108 sources of uvex_4314 g
r1083732.fit  3.71  1.22 0.116   158.3 from  72 sources of uvex_4315 r
r1083733.fit  4.70  1.55 0.083    73.2 from  24 sources of uvex_4315 U
r1083734.fit  3.60  1.19 0.079    99.8 from  51 sources of uvex_4315 g
r1083735.fit  5.16  1.70 0.106   158.4 from  10 sources of uvex_4321 r
r1083736.fit  4.86  1.60 0.107    71.5 from  56 sources of uvex_4321 U
r1083737.fit  3.63  1.20 0.083    86.6 from 186 sources of uvex_4321 g
r1083738.fit  3.17  1.05 0.074   154.9 from  67 sources of uvex_4325 r
r1083739.fit  4.80  1.58 0.096    78.2 from  18 sources of uvex_4325 U
r1083740.fit  3.55  1.17 0.083    94.7 from  44 sources of uvex_4325 g
r1083741.fit  2.96  0.98 0.072   143.8 from 248 sources of uvex_4326 r
r1083742.fit  4.44  1.47 0.082    74.7 from  44 sources of uvex_4326 U
r1083743.fit  3.69  1.22 0.109    95.0 from 111 sources of uvex_4326 g
r1083744.fit  3.84  1.27 0.095   131.2 from 893 sources of uvex_4331 r
r1083745.fit  4.38  1.45 0.087    73.3 from  69 sources of uvex_4331 U
r1083746.fit  3.31  1.09 0.089    98.3 from 535 sources of uvex_4331 g
r1083747.fit  3.33  1.10 0.106   137.2 from 760 sources of uvex_4332 r
r1083748.fit  4.34  1.43 0.091    71.8 from  66 sources of uvex_4332 U
r1083749.fit  3.30  1.09 0.090    96.2 from 380 sources of uvex_4332 g
r1083750.fit  3.36  1.11 0.091    46.4 from 448 sources of uvex_6654 r
r1083751.fit  4.63  1.53 0.104    75.1 from  28 sources of uvex_6654 U
r1083752.fit  3.52  1.16 0.090    87.9 from 190 sources of uvex_6654 g
r1083753.fit  3.43  1.13 0.098   142.0 from 433 sources of uvex_6656 r
r1083754.fit  4.06  1.34 0.102    73.5 from  51 sources of uvex_6656 U
r1083755.fit  3.46  1.14 0.088    83.6 from 233 sources of uvex_6656 g
r1083756.fit  3.65  1.20 0.096   146.2 from 502 sources of uvex_6682 r
r1083757.fit  4.51  1.49 0.116    76.2 from  32 sources of uvex_6682 U
r1083758.fit  3.42  1.13 0.093    91.8 from 328 sources of uvex_6682 g
r1083759.fit  3.22  1.06 0.092   143.2 from 597 sources of uvex_6686 r
r1083760.fit  4.17  1.38 0.082    77.9 from  49 sources of uvex_6686 U
r1083761.fit  3.62  1.19 0.083    89.5 from 269 sources of uvex_6686 g
r1083762.fit  4.79  1.58 0.129   161.6 from  48 sources of uvex_6686o r
r1083763.fit  4.74  1.56 0.112    76.8 from  48 sources of uvex_6686o U
r1083764.fit  3.57  1.18 0.086    95.5 from 292 sources of uvex_6686o g
r1083765.fit  3.07  1.01 0.093    74.3 from 164 sources of ST_NGC7006 r
r1083766.fit  4.77  1.57 0.124    70.6 from  46 sources of ST_NGC7006 U
r1083767.fit  3.70  1.22 0.088    61.2 from  95 sources of ST_NGC7006 g
r1083768.fit  4.10  1.35 0.084    53.5 from  29 sources of SA112-250 r
r1083769.fit  4.80  1.58 0.108    51.8 from  10 sources of SA112-250 U
r1083770.fit  3.74  1.23 0.062    50.7 from  24 sources of SA112-250 g
r1083771.fit  3.50  1.16 0.096   138.7 from 823 sources of uvex_6803o r
r1083772.fit  4.67  1.54 0.099    74.7 from  99 sources of uvex_6803o U
r1083773.fit  3.76  1.24 0.081    92.7 from 513 sources of uvex_6803o g
r1083774.fit  3.36  1.11 0.107   119.8 from 649 sources of uvex_6839 r
r1083775.fit  4.92  1.62 0.121    73.8 from  41 sources of uvex_6839 U
r1083776.fit  3.76  1.24 0.118    92.3 from 234 sources of uvex_6839 g
r1083777.fit  3.42  1.13 0.106   142.6 from 337 sources of uvex_6847o r
r1083778.fit  4.52  1.49 0.075    71.8 from  27 sources of uvex_6847o U
r1083779.fit  3.60  1.19 0.087    82.0 from 165 sources of uvex_6847o g
r1083780.fit  3.48  1.15 0.115   126.6 from 559 sources of uvex_6858 r
r1083781.fit  4.53  1.49 0.114    70.2 from 132 sources of uvex_6858 U
r1083782.fit  3.53  1.16 0.102    86.4 from 872 sources of uvex_6858 g
r1083783.fit  2.78  0.92 0.073    72.7 from 212 sources of ST_NGC7006 r
r1083784.fit  4.25  1.40 0.096    71.4 from  70 sources of ST_NGC7006 U
r1083785.fit  4.11  1.36 0.135    61.6 from  21 sources of ST_NGC7006 g
r1083786.fit  3.95  1.30 0.104   152.9 from 128 sources of uvex_0362 r
r1083787.fit  4.91  1.62 0.100    74.1 from  25 sources of uvex_0362 U
r1083788.fit  4.24  1.40 0.094    97.9 from  75 sources of uvex_0362 g
r1083789.fit  3.69  1.22 0.074   128.4 from 605 sources of uvex_0377o r
r1083790.fit  5.20  1.72 0.109    78.9 from  78 sources of uvex_0377o U
r1083791.fit  4.02  1.33 0.102    98.5 from 370 sources of uvex_0377o g
r1083792.fit  3.90  1.29 0.096   127.9 from 493 sources of uvex_0537o r
r1083793.fit  5.19  1.71 0.120    71.0 from  72 sources of uvex_0537o U
r1083794.fit  4.07  1.34 0.105    83.6 from 288 sources of uvex_0537o g
r1083795.fit  4.44  1.47 0.096    44.8 from 439 sources of uvex_0628 r
r1083796.fit  5.13  1.69 0.117    73.0 from  47 sources of uvex_0628 U
r1083797.fit  4.27  1.41 0.100    93.3 from 324 sources of uvex_0628 g
r1083798.fit  3.87  1.28 0.113   145.0 from 503 sources of uvex_0629 r
r1083799.fit  5.21  1.72 0.126    62.8 from  51 sources of uvex_0629 U
r1083800.fit  4.28  1.41 0.112    88.1 from 382 sources of uvex_0629 g
r1083801.fit  4.26  1.41 0.118   134.7 from 371 sources of uvex_0707 r
r1083802.fit  5.25  1.73 0.112    69.4 from  43 sources of uvex_0707 U
r1083803.fit  4.43  1.46 0.100    82.4 from 275 sources of uvex_0707 g
r1083804.fit  4.13  1.36 0.105   129.5 from 319 sources of uvex_0708 r
r1083805.fit  5.44  1.80 0.113    74.5 from  26 sources of uvex_0708 U
r1083806.fit  4.66  1.54 0.119    85.1 from 139 sources of uvex_0708 g
r1083807.fit  4.10  1.35 0.086   134.4 from 438 sources of uvex_0709 r
r1083808.fit  5.11  1.69 0.109    68.2 from  36 sources of uvex_0709 U
r1083809.fit  4.23  1.40 0.106    87.2 from 232 sources of uvex_0709 g
r1083810.fit  4.18  1.38 0.106   137.2 from 516 sources of uvex_0710o r
r1083811.fit  5.28  1.74 0.128    72.6 from  45 sources of uvex_0710o U
r1083812.fit  4.38  1.45 0.099    92.6 from 334 sources of uvex_0710o g
r1083813.fit  4.10  1.35 0.121   126.9 from 371 sources of uvex_0712 r
r1083814.fit  5.27  1.74 0.116    76.9 from  47 sources of uvex_0712 U
r1083815.fit  4.20  1.39 0.110    86.3 from 307 sources of uvex_0712 g
r1083816.fit  4.03  1.33 0.120   135.4 from 345 sources of uvex_0715 r
r1083817.fit  5.47  1.81 0.130    78.8 from  26 sources of uvex_0715 U
r1083818.fit  4.10  1.35 0.112    93.0 from 300 sources of uvex_0715 g
r1083819.fit  4.47  1.48 0.134   144.8 from 141 sources of uvex_0715o r
r1083820.fit  5.30  1.75 0.131    79.4 from  60 sources of uvex_0715o U
r1083821.fit  4.35  1.44 0.095    91.0 from 346 sources of uvex_0715o g
r1083822.fit  3.96  1.31 0.105   122.8 from 281 sources of uvex_0874 r
r1083823.fit  5.41  1.79 0.117    78.6 from  29 sources of uvex_0874 U
r1083824.fit  4.26  1.41 0.096    90.4 from 202 sources of uvex_0874 g
r1083825.fit  5.02  1.66 0.119   152.4 from  59 sources of uvex_0874o r
r1083826.fit  5.21  1.72 0.118    77.8 from  35 sources of uvex_0874o U
r1083827.fit  4.36  1.44 0.104    90.3 from 174 sources of uvex_0874o g
r1083828.fit  3.98  1.31 0.112   145.0 from 311 sources of uvex_0920o r
r1083829.fit  5.28  1.74 0.124    77.6 from  28 sources of uvex_0920o U
r1083830.fit  4.39  1.45 0.096    97.2 from 189 sources of uvex_0920o g
r1083831.fit  3.97  1.31 0.116   141.9 from 248 sources of uvex_0964 r
r1083832.fit  5.03  1.66 0.117    81.0 from  13 sources of uvex_0964 U
r1083833.fit  4.18  1.38 0.119    96.2 from 131 sources of uvex_0964 g
r1083834.fit  2.64  0.87 0.041    53.4 from 100 sources of WOLF1346 r
r1083835.fit  3.60  1.19 0.038    55.2 from   5 sources of WOLF1346 U
r1083836.fit  3.08  1.02 0.044    44.2 from  50 sources of WOLF1346 g
r1083837.fit  3.96  1.31 0.107   121.7 from 205 sources of uvex_0971o r
r1083838.fit  5.03  1.66 0.132    82.7 from  14 sources of uvex_0971o U
r1083839.fit  4.30  1.42 0.114    98.9 from  91 sources of uvex_0971o g
r1083840.fit  4.22  1.39 0.122   151.1 from 148 sources of uvex_1008 r
r1083841.fit  4.94  1.63 0.123    80.6 from  10 sources of uvex_1008 U
r1083842.fit  4.23  1.40 0.113   100.5 from 107 sources of uvex_1008 g
r1083843.fit  4.04  1.33 0.124   142.4 from 140 sources of uvex_1008o r
r1083844.fit  4.87  1.61 0.119    81.5 from  16 sources of uvex_1008o U
r1083845.fit  4.20  1.39 0.126    98.9 from  93 sources of uvex_1008o g
r1083846.fit  4.61  1.52 0.138   151.7 from  43 sources of uvex_1012o r
r1083847.fit  5.07  1.67 0.122    80.1 from  16 sources of uvex_1012o U
r1083848.fit  4.24  1.40 0.106   102.5 from  78 sources of uvex_1012o g
r1083849.fit  4.15  1.37 0.098   147.4 from 227 sources of uvex_1015 r
r1083850.fit  5.35  1.77 0.102    80.3 from  26 sources of uvex_1015 U
r1083851.fit  5.12  1.69 0.090    97.7 from  96 sources of uvex_1015 g
r1083852.fit  4.78  1.58 0.137   145.4 from  47 sources of uvex_1015o r
r1083853.fit  5.37  1.77 0.115    78.2 from  31 sources of uvex_1015o U
r1083854.fit  4.25  1.40 0.085    97.3 from 111 sources of uvex_1015o g
r1083855.fit  4.46  1.47 0.107   104.1 from 176 sources of uvex_1458 r
r1083856.fit  5.48  1.81 0.084    43.5 from  13 sources of uvex_1458 U
r1083857.fit  4.73  1.56 0.118    61.1 from  93 sources of uvex_1458 g
r1083858.fit  4.52  1.49 0.106   117.3 from 247 sources of uvex_1333o r
r1083859.fit  5.24  1.73 0.106    42.7 from   8 sources of uvex_1333o U
r1083860.fit  4.30  1.42 0.118    67.2 from 129 sources of uvex_1333o g
r1083861.fit  4.45  1.47 0.104   121.7 from  93 sources of uvex_1334 r
r1083862.fit  4.31  1.42 0.095    46.6 from   7 sources of uvex_1334 U
r1083863.fit  4.21  1.39 0.088    53.5 from  68 sources of uvex_1334 g
r1083864.fit  4.46  1.47 0.086   120.5 from 109 sources of uvex_1334o r
r1083865.fit  0.85  0.28 0.089    48.2 from   7 sources of uvex_1334o U
r1083866.fit  4.27  1.41 0.100    61.8 from  52 sources of uvex_1334o g
r1083867.fit  3.93  1.30 0.114   120.0 from 140 sources of uvex_1335 r
r1083868.fit  4.96  1.64 0.126    47.9 from  15 sources of uvex_1335 U
r1083869.fit  4.18  1.38 0.103    89.1 from  93 sources of uvex_1335 g
r1083870.fit  4.18  1.38 0.131   130.7 from  61 sources of uvex_1335o r
r1083871.fit  4.99  1.65 0.120    77.1 from  12 sources of uvex_1335o U
r1083872.fit  4.69  1.55 0.115    94.4 from  59 sources of uvex_1335o g
r1083873.fit  4.48  1.48 0.102   129.3 from 156 sources of uvex_1336 r
r1083874.fit  5.61  1.85 0.122    79.0 from  28 sources of uvex_1336 U
r1083875.fit  4.12  1.36 0.087    88.5 from  94 sources of uvex_1336 g
r1083876.fit  4.69  1.55 0.119   150.4 from  29 sources of uvex_1336o r
r1083877.fit  5.41  1.79 0.116    79.9 from  20 sources of uvex_1336o U
r1083878.fit  4.81  1.59 0.112    98.9 from  92 sources of uvex_1336o g
r1083879.fit  4.07  1.34 0.073   138.2 from 330 sources of uvex_1337 r
r1083880.fit  5.49  1.81 0.115    74.8 from  35 sources of uvex_1337 U
r1083881.fit  4.98  1.64 0.118    98.5 from 128 sources of uvex_1337 g
r1083882.fit  4.92  1.62 0.129   135.1 from 134 sources of uvex_1337o r
r1083883.fit  5.74  1.89 0.106    78.0 from  39 sources of uvex_1337o U
r1083884.fit  5.28  1.74 0.113    92.5 from 137 sources of uvex_1337o g
r1083885.fit  4.09  1.35 0.097   129.6 from 299 sources of uvex_1338 r
r1083886.fit  5.74  1.89 0.126    81.1 from  14 sources of uvex_1338 U
r1083887.fit  4.51  1.49 0.086    98.6 from 159 sources of uvex_1338 g
r1083888.fit  4.26  1.41 0.108   139.3 from 266 sources of uvex_1338o r
r1083889.fit  6.18  2.04 0.122    81.0 from  13 sources of uvex_1338o U
r1083890.fit  4.73  1.56 0.109    96.4 from 131 sources of uvex_1338o g
r1083891.fit  4.78  1.58 0.098   149.5 from  94 sources of uvex_1339o r
r1083892.fit  5.33  1.76 0.105    80.3 from   6 sources of uvex_1339o U
r1083893.fit  4.66  1.54 0.112    96.3 from  47 sources of uvex_1339o g
r1083894.fit  4.48  1.48 0.104   150.1 from 214 sources of uvex_1354o r
r1083895.fit  6.30  2.08 0.104    79.9 from  23 sources of uvex_1354o U
r1083896.fit  4.72  1.56 0.098    91.8 from 134 sources of uvex_1354o g
r1083897.fit  4.01  1.32 0.107   126.2 from 245 sources of uvex_1355 r
r1083898.fit  5.22  1.72 0.118    77.1 from  22 sources of uvex_1355 U
r1083899.fit  4.07  1.34 0.100    92.8 from 151 sources of uvex_1355 g
r1083900.fit  5.62  1.85 0.115   142.4 from 167 sources of uvex_1355o r
r1083901.fit  5.58  1.84 0.127    77.2 from  28 sources of uvex_1355o U
r1083902.fit  4.37  1.44 0.121    97.7 from  99 sources of uvex_1355o g
r1083903.fit  4.02  1.33 0.109   117.7 from 252 sources of uvex_2089 r
r1083904.fit  5.76  1.90 0.137    44.0 from  16 sources of uvex_2089 U
r1083905.fit  4.54  1.50 0.124    63.7 from 141 sources of uvex_2089 g
r1083906.fit  4.70  1.55 0.102   137.5 from 295 sources of uvex_2089o r
r1083907.fit  5.08  1.68 0.098    41.0 from   8 sources of uvex_2089o U
r1083908.fit  4.32  1.43 0.133    74.3 from 112 sources of uvex_2089o g
r1083909.fit  4.14  1.37 0.127   131.3 from 227 sources of uvex_2215 r
r1083910.fit  5.06  1.67 0.130    37.9 from  24 sources of uvex_2215 U
r1083911.fit  4.56  1.50 0.128    69.5 from 170 sources of uvex_2215 g
r1083912.fit  4.70  1.55 0.131   134.2 from  32 sources of uvex_2215o r
r1083913.fit  5.10  1.68 0.132    41.5 from  15 sources of uvex_2215o U
r1083914.fit  4.03  1.33 0.123    73.8 from 197 sources of uvex_2215o g
r1083915.fit  4.72  1.56 0.116   143.8 from  24 sources of uvex_2232 r
r1083916.fit  5.19  1.71 0.128    42.1 from  21 sources of uvex_2232 U
r1083917.fit  4.33  1.43 0.110    76.4 from 222 sources of uvex_2232 g
r1083918.fit  4.18  1.38 0.135   139.5 from 106 sources of uvex_2232o r
r1083919.fit  5.22  1.72 0.142    40.8 from  18 sources of uvex_2232o U
r1083920.fit  4.37  1.44 0.102    76.9 from 236 sources of uvex_2232o g
r1083921.fit  4.00  1.32 0.120   111.8 from 353 sources of uvex_2235 r
r1083922.fit  5.31  1.75 0.139    41.4 from  34 sources of uvex_2235 U
r1083923.fit  4.03  1.33 0.121    62.4 from 223 sources of uvex_2235 g
r1083924.fit  3.78  1.25 0.119   110.2 from 316 sources of uvex_2235o r
r1083925.fit  5.27  1.74 0.136    41.7 from  21 sources of uvex_2235o U
r1083926.fit  4.64  1.53 0.130    77.8 from 145 sources of uvex_2235o g
r1083927.fit  4.40  1.45 0.120   116.5 from  34 sources of uvex_2090 r
r1083928.fit  5.41  1.79 0.134    41.8 from  16 sources of uvex_2090 U
r1083929.fit  4.08  1.35 0.113    71.3 from 144 sources of uvex_2090 g
r1083930.fit  3.67  1.21 0.116   110.3 from 299 sources of uvex_2090o r
r1083931.fit  4.81  1.59 0.135    38.6 from  18 sources of uvex_2090o U
r1083932.fit  4.23  1.40 0.118    64.4 from 186 sources of uvex_2090o g
r1083933.fit  3.98  1.31 0.120   139.4 from 166 sources of uvex_2094 r
r1083934.fit  5.27  1.74 0.118    46.0 from  12 sources of uvex_2094 U
r1083935.fit  4.36  1.44 0.105    73.5 from 120 sources of uvex_2094 g
r1083936.fit  3.87  1.28 0.131   126.9 from 114 sources of uvex_2094o r
r1083937.fit  4.94  1.63 0.117    44.2 from  15 sources of uvex_2094o U
r1083938.fit  4.24  1.40 0.104    76.4 from 130 sources of uvex_2094o g
r1083939.fit  3.84  1.27 0.121   130.8 from 316 sources of uvex_2098 r
r1083940.fit  5.26  1.74 0.120    40.8 from  37 sources of uvex_2098 U
r1083941.fit  3.77  1.24 0.112    69.9 from 263 sources of uvex_2098 g
r1083942.fit  3.63  1.20 0.110   132.6 from 368 sources of uvex_2098o r
r1083943.fit  4.83  1.59 0.132    37.8 from  20 sources of uvex_2098o U
r1083944.fit  4.06  1.34 0.125    78.2 from 164 sources of uvex_2098o g
r1083945.fit  3.63  1.20 0.134   104.3 from 229 sources of uvex_2101 r
r1083946.fit  4.81  1.59 0.130    47.7 from  18 sources of uvex_2101 U
r1083947.fit  3.97  1.31 0.105    66.0 from 245 sources of uvex_2101 g
r1083948.fit  3.61  1.19 0.106   135.9 from 391 sources of uvex_2101o r
r1083949.fit  4.81  1.59 0.136    59.6 from  17 sources of uvex_2101o U
r1083950.fit  4.00  1.32 0.127   107.5 from 183 sources of uvex_2101o g
r1083951.fit  4.23  1.40 0.083   151.2 from 220 sources of uvex_2102 r
r1083952.fit  4.73  1.56 0.125    84.5 from  11 sources of uvex_2102 U
r1083953.fit  4.01  1.32 0.085   156.9 from 114 sources of uvex_2102 g
r1083954.fit  3.91  1.29 0.118   140.1 from 204 sources of uvex_2102o r
r1083955.fit  4.47  1.48 0.111   113.1 from  27 sources of uvex_2102o U
r1083956.fit  3.94  1.30 0.094   266.7 from 159 sources of uvex_2102o g
r1083957.fit  3.79  1.25 0.121   278.6 from 435 sources of uvex_2105 r
r1083958.fit  5.02  1.66 0.095   258.8 from  14 sources of uvex_2105 U
r1083959.fit  3.70  1.22 0.107   538.8 from 487 sources of uvex_2105 g
r1083960.fit  3.53  1.16 0.111   421.9 from 717 sources of uvex_2105o r
r1083961.fit  4.79  1.58 0.135   497.3 from  40 sources of uvex_2105o U
r1083962.fit  3.95  1.30 0.081   893.6 from 531 sources of uvex_2105o g
r1083963.fit is not a target (BIAS)
r1083964.fit is not a target (BIAS)
r1083965.fit is not a target (FLAT)
r1083966.fit is not a target (FLAT)
r1083967.fit is not a target (FLAT)
r1083968.fit is not a target (FLAT)
r1083969.fit is not a target (FLAT)
r1083970.fit is not a target (FLAT)
r1083971.fit is not a target (FLAT)
r1083972.fit is not a target (FLAT)
r1083973.fit is not a target (FLAT)
r1083974.fit is not a target (FLAT)
r1083975.fit is not a target (FLAT)
r1083976.fit is not a target (FLAT)
r1083977.fit is not a target (FLAT)
