r1089708.fit is not a target (BIAS)
r1089709.fit is not a target (BIAS)
r1089710.fit is not a target (BIAS)
r1089711.fit is not a target (BIAS)
r1089712.fit is not a target (BIAS)
r1089713.fit is not a target (BIAS)
r1089714.fit is not a target (BIAS)
r1089715.fit is not a target (BIAS)
r1089716.fit is not a target (BIAS)
r1089717.fit is not a target (BIAS)
r1089718.fit is not a target (BIAS)
r1089719.fit is not a target (BIAS)
r1089720.fit is not a target (BIAS)
r1089721.fit is not a target (BIAS)
r1089722.fit is not a target (BIAS)
r1089723.fit is not a target (BIAS)
r1089724.fit is not a target (BIAS)
r1089725.fit is not a target (BIAS)
r1089726.fit is not a target (BIAS)
r1089727.fit is not a target (BIAS)
r1089728.fit is not a target (BIAS)
r1089729.fit is not a target (BIAS)
r1089730.fit is not a target (BIAS)
r1089731.fit is not a target (BIAS)
r1089732.fit is not a target (BIAS)
r1089733.fit is not a target (BIAS)
r1089734.fit is not a target (BIAS)
r1089735.fit is not a target (BIAS)
r1089736.fit is not a target (BIAS)
r1089737.fit is not a target (BIAS)
r1089738.fit is not a target (BIAS)
r1089739.fit is not a target (BIAS)
r1089740.fit is not a target (BIAS)
r1089741.fit is not a target (BIAS)
r1089742.fit is not a target (BIAS)
r1089743.fit is not a target (BIAS)
r1089744.fit is not a target (BIAS)
r1089745.fit is not a target (BIAS)
r1089746.fit is not a target (BIAS)
r1089747.fit is not a target (BIAS)
r1089748.fit is not a target (BIAS)
r1089749.fit is not a target (BIAS)
r1089750.fit is not a target (BIAS)
r1089751.fit is not a target (BIAS)
r1089752.fit is not a target (BIAS)
r1089753.fit is not a target (BIAS)
r1089754.fit is not a target (BIAS)
r1089755.fit is not a target (BIAS)
r1089756.fit is not a target (BIAS)
r1089757.fit is not a target (BIAS)
r1089758.fit is not a target (SKY)
r1089759.fit is not a target (SKY)
r1089760.fit is not a target (SKY)
r1089761.fit is not a target (SKY)
r1089762.fit is not a target (SKY)
r1089763.fit is not a target (SKY)
r1089764.fit is not a target (SKY)
r1089765.fit is not a target (SKY)
r1089766.fit is not a target (SKY)
r1089767.fit is not a target (SKY)
r1089768.fit is not a target (SKY)
r1089769.fit is not a target (SKY)
r1089770.fit is not a target (SKY)
r1089771.fit is not a target (SKY)
r1089772.fit is not a target (SKY)
r1089773.fit is not a target (SKY)
r1089774.fit is not a target (SKY)
r1089775.fit is not a target (SKY)
r1089776.fit is not a target (SKY)
r1089777.fit is not a target (FOCUS)
r1089778.fit  3.20  1.06 0.095    55.8 from  96 sources of wolf1346 r
r1089779.fit  4.26  1.41 0.052    49.4 from  11 sources of wolf1346 U
r1089780.fit  3.83  1.26 0.089    49.8 from  66 sources of wolf1346 g
r1089781.fit  3.99  1.32 0.103    55.0 from 129 sources of wolf1346 r
r1089782.fit  4.78  1.58 0.057    48.6 from   9 sources of wolf1346 U
r1089783.fit  3.26  1.08 0.113    49.8 from  60 sources of wolf1346 g
r1089784.fit  3.38  1.12 0.077    55.3 from 136 sources of wolf1346 r
r1089785.fit  4.14  1.37 0.080    44.3 from  11 sources of wolf1346 U
r1089786.fit  3.69  1.22 0.092    49.6 from  61 sources of wolf1346 g
r1089787.fit  4.14  1.37 0.116   158.4 from 589 sources of uvex_5563 r
r1089788.fit  5.15  1.70 0.081    72.6 from 142 sources of uvex_5563 U
r1089789.fit  3.94  1.30 0.091    89.4 from 606 sources of uvex_5563 g
r1089790.fit  3.64  1.20 0.109   161.1 from 627 sources of uvex_5619o r
r1089791.fit  5.18  1.71 0.080    84.8 from  65 sources of uvex_5619o U
r1089792.fit  3.92  1.29 0.082    93.9 from 340 sources of uvex_5619o g
r1089793.fit  3.26  1.08 0.082   159.9 from 590 sources of uvex_5623o r
r1089794.fit  4.40  1.45 0.106    74.9 from  63 sources of uvex_5623o U
r1089795.fit  3.24  1.07 0.068    89.0 from 304 sources of uvex_5623o g
r1089796.fit  3.09  1.02 0.084   162.6 from 1469 sources of uvex_5630o r
r1089797.fit  4.32  1.43 0.079    86.0 from 137 sources of uvex_5630o U
r1089798.fit  3.53  1.16 0.099    92.2 from 658 sources of uvex_5630o g
r1089799.fit  3.39  1.12 0.101   166.4 from 446 sources of uvex_5637 r
r1089800.fit  4.58  1.51 0.086    78.1 from  86 sources of uvex_5637 U
r1089801.fit  3.84  1.27 0.102    90.4 from 227 sources of uvex_5637 g
r1089802.fit  3.75  1.24 0.108   153.1 from 924 sources of uvex_5640 r
r1089803.fit  4.56  1.50 0.099    79.5 from  89 sources of uvex_5640 U
r1089804.fit  3.40  1.12 0.076    87.5 from 673 sources of uvex_5640 g
r1089805.fit  3.63  1.20 0.127   162.5 from 286 sources of uvex_5640o r
r1089806.fit  4.33  1.43 0.086    81.3 from 108 sources of uvex_5640o U
r1089807.fit  3.35  1.11 0.082    91.5 from 655 sources of uvex_5640o g
r1089808.fit is not a target (FOCUS)
r1089809.fit  2.92  0.96 0.095   153.8 from 972 sources of uvex_5641 r
r1089810.fit  3.90  1.29 0.097    77.4 from 130 sources of uvex_5641 U
r1089811.fit  2.97  0.98 0.073    85.5 from 583 sources of uvex_5641 g
r1089812.fit  2.93  0.97 0.094   153.9 from 885 sources of uvex_5641o r
r1089813.fit  4.98  1.64 0.079    84.8 from  10 sources of uvex_5641o U
r1089814.fit  2.93  0.97 0.077    93.1 from 601 sources of uvex_5641o g
r1089815.fit  3.31  1.09 0.107   152.6 from 1606 sources of uvex_5642o r
r1089816.fit  3.99  1.32 0.085    87.9 from 181 sources of uvex_5642o U
r1089817.fit  3.11  1.03 0.079    52.5 from 1147 sources of uvex_5642o g
r1089818.fit  2.94  0.97 0.099   166.8 from 1759 sources of uvex_5645 r
r1089819.fit  3.80  1.25 0.086    86.4 from 170 sources of uvex_5645 U
r1089820.fit  3.15  1.04 0.080    97.1 from 993 sources of uvex_5645 g
r1089821.fit  2.87  0.95 0.113   162.1 from 1282 sources of uvex_5645o r
r1089822.fit  4.18  1.38 0.123    85.7 from 111 sources of uvex_5645o U
r1089823.fit  3.06  1.01 0.086    88.3 from 920 sources of uvex_5645o g
r1089824.fit  2.82  0.93 0.083   154.0 from 702 sources of uvex_5646o r
r1089825.fit  3.66  1.21 0.089    81.5 from  67 sources of uvex_5646o U
r1089826.fit  2.71  0.89 0.079    96.5 from 324 sources of uvex_5646o g
r1089827.fit  2.62  0.86 0.079   157.6 from 2498 sources of uvex_5647 r
r1089828.fit  3.65  1.20 0.081    90.7 from 311 sources of uvex_5647 U
r1089829.fit  2.81  0.93 0.060   108.6 from 1478 sources of uvex_5647 g
r1089830.fit  2.45  0.81 0.083   167.1 from 2463 sources of uvex_5647o r
r1089831.fit  3.56  1.17 0.086    88.7 from 317 sources of uvex_5647o U
r1089832.fit  2.80  0.92 0.084   106.9 from 1421 sources of uvex_5647o g
r1089833.fit  2.70  0.89 0.063   141.0 from 449 sources of uvex_5648 r
r1089834.fit  3.62  1.19 0.094    74.2 from  78 sources of uvex_5648 U
r1089835.fit  2.71  0.89 0.070    89.1 from 225 sources of uvex_5648 g
r1089836.fit  2.61  0.86 0.118   141.4 from 351 sources of uvex_5648o r
r1089837.fit  3.44  1.14 0.086    80.5 from  77 sources of uvex_5648o U
r1089838.fit  2.68  0.88 0.064    86.4 from 223 sources of uvex_5648o g
r1089839.fit  2.67  0.88 0.061   141.4 from 1624 sources of uvex_5653 r
r1089840.fit  3.46  1.14 0.086    77.6 from 221 sources of uvex_5653 U
r1089841.fit  3.25  1.07 0.077    89.6 from 740 sources of uvex_5653 g
r1089842.fit  2.71  0.89 0.072   153.6 from 1479 sources of uvex_5653o r
r1089843.fit  3.62  1.19 0.081    77.9 from 201 sources of uvex_5653o U
r1089844.fit  3.22  1.06 0.073    98.8 from 712 sources of uvex_5653o g
r1089845.fit  2.79  0.92 0.081   143.2 from 917 sources of uvex_5654 r
r1089846.fit  3.65  1.20 0.101    82.6 from 101 sources of uvex_5654 U
r1089847.fit  2.88  0.95 0.061    92.2 from 496 sources of uvex_5654 g
r1089848.fit  4.18  1.38 0.116   190.4 from 137 sources of uvex_5663o r
r1089849.fit  3.34  1.10 0.076    83.7 from 327 sources of uvex_5663o U
r1089850.fit  2.71  0.89 0.074   105.5 from 1322 sources of uvex_5663o g
r1089851.fit  2.66  0.88 0.081   150.8 from 880 sources of uvex_5668 r
r1089852.fit  3.23  1.07 0.077    72.8 from  99 sources of uvex_5668 U
r1089853.fit  3.00  0.99 0.074    93.2 from 340 sources of uvex_5668 g
r1089854.fit  5.15  1.70 0.125   151.0 from  33 sources of uvex_5681 r
r1089855.fit  3.63  1.20 0.080    40.6 from  82 sources of uvex_5681 U
r1089856.fit  3.02  1.00 0.092    62.8 from 394 sources of uvex_5681 g
r1089857.fit  2.66  0.88 0.113   111.9 from 820 sources of uvex_5699 r
r1089858.fit  3.31  1.09 0.085    38.8 from 144 sources of uvex_5699 U
r1089859.fit  2.73  0.90 0.056    47.6 from 544 sources of uvex_5699 g
r1089860.fit  3.27  1.08 0.131   130.7 from 187 sources of uvex_5746 r
r1089861.fit  4.43  1.46 0.119    38.2 from  28 sources of uvex_5746 U
r1089862.fit  2.87  0.95 0.094    57.1 from 272 sources of uvex_5746 g
r1089863.fit  2.60  0.86 0.110   115.9 from 558 sources of uvex_5746o r
r1089864.fit  3.36  1.11 0.086    33.2 from  91 sources of uvex_5746o U
r1089865.fit  2.73  0.90 0.091    47.9 from 266 sources of uvex_5746o g
r1089866.fit  2.56  0.84 0.067     5.3 from 1496 sources of uvex_5747o r
r1089867.fit  3.34  1.10 0.076    38.2 from 131 sources of uvex_5747o U
r1089868.fit  2.79  0.92 0.082    44.9 from 557 sources of uvex_5747o g
r1089869.fit  2.61  0.86 0.058   119.4 from 732 sources of uvex_5749 r
r1089870.fit  3.32  1.10 0.093    38.0 from 117 sources of uvex_5749 U
r1089871.fit  2.67  0.88 0.043    54.2 from 404 sources of uvex_5749 g
r1089872.fit  3.31  1.09 0.074    97.3 from 1424 sources of uvex_6904o r
r1089873.fit  3.69  1.22 0.075    34.6 from 218 sources of uvex_6904o U
r1089874.fit  3.47  1.15 0.055    50.6 from 810 sources of uvex_6904o g
r1089875.fit  3.48  1.15 0.083    96.6 from 1338 sources of uvex_6922o r
r1089876.fit  5.16  1.70 0.067    43.1 from 127 sources of uvex_6922o U
r1089877.fit  3.49  1.15 0.065    53.4 from 906 sources of uvex_6922o g
r1089878.fit  3.46  1.14 0.092   116.0 from 799 sources of uvex_6926o r
r1089879.fit  4.23  1.40 0.056    43.0 from  63 sources of uvex_6926o U
r1089880.fit  3.52  1.16 0.051    56.3 from 443 sources of uvex_6926o g
r1089881.fit  3.99  1.32 0.066   101.8 from 1319 sources of uvex_6978 r
r1089882.fit  6.38  2.11 0.041    41.7 from 120 sources of uvex_6978 U
r1089883.fit  7.01  2.31 0.048    57.6 from 424 sources of uvex_6978 g
r1089884.fit  4.57  1.51 0.051   103.6 from 946 sources of uvex_6981o r
r1089885.fit  6.02  1.99 0.043    42.8 from 112 sources of uvex_6981o U
r1089886.fit  4.48  1.48 0.063    51.9 from 775 sources of uvex_6981o g
r1089887.fit  4.18  1.38 0.066   110.2 from 288 sources of uvex_7021 r
r1089888.fit  5.58  1.84 0.037    45.4 from  26 sources of uvex_7021 U
r1089889.fit  6.10  2.01 0.025    56.8 from  89 sources of uvex_7021 g
r1089890.fit  6.49  2.14 0.056   114.6 from 537 sources of uvex_7029 r
r1089891.fit  6.68  2.20 0.049    45.6 from  97 sources of uvex_7029 U
r1089892.fit  7.30  2.41 0.047    64.0 from 318 sources of uvex_7029 g
r1089893.fit  5.78  1.91 0.030    85.0 from  58 sources of gd248 r
r1089894.fit  0.84  0.28 0.031    74.4 from   3 sources of gd248 U
r1089895.fit  4.67  1.54 0.143    72.0 from   2 sources of gd248 g
r1089896.fit  5.89  1.94 0.107    16.5 from  12 sources of bd+284211 r
r1089897.fit  5.50  1.82 0.028    15.9 from   2 sources of bd+284211 U
r1089898.fit  4.24  1.40 0.055    16.1 from  12 sources of bd+284211 g
r1089899.fit  5.97  1.97 0.049   131.9 from 212 sources of uvex_7362o r
r1089900.fit  6.44  2.13 0.040    58.5 from  29 sources of uvex_7362o U
r1089901.fit  6.16  2.03 0.056    66.7 from 118 sources of uvex_7362o g
r1089902.fit  6.87  2.27 0.040   118.3 from 292 sources of uvex_7363 r
r1089903.fit  5.69  1.88 0.036    55.8 from  78 sources of uvex_7363 U
r1089904.fit  4.70  1.55 0.050    62.8 from 425 sources of uvex_7363 g
r1089905.fit  4.65  1.53 0.088    95.7 from 646 sources of uvex_7363o r
r1089906.fit  5.08  1.68 0.057    57.1 from 110 sources of uvex_7363o U
r1089907.fit  5.65  1.86 0.064    69.4 from 320 sources of uvex_7363o g
r1089908.fit  3.78  1.25 0.092   113.7 from 849 sources of uvex_7368o r
r1089909.fit  5.21  1.72 0.039    53.2 from 103 sources of uvex_7368o U
r1089910.fit  6.32  2.09 0.075    73.6 from 280 sources of uvex_7368o g
r1089911.fit  5.09  1.68 0.088   128.3 from 394 sources of uvex_7369o r
r1089912.fit  5.77  1.90 0.041    56.5 from  52 sources of uvex_7369o U
r1089913.fit  5.14  1.70 0.071    69.9 from 259 sources of uvex_7369o g
r1089914.fit  3.82  1.26 0.076   108.8 from 404 sources of uvex_7399 r
r1089915.fit  4.60  1.52 0.054    62.7 from  36 sources of uvex_7399 U
r1089916.fit  4.14  1.37 0.049    19.8 from 190 sources of uvex_7399 g
r1089917.fit  4.07  1.34 0.058   118.8 from 369 sources of uvex_7399o r
r1089918.fit  5.85  1.93 0.052    64.5 from  25 sources of uvex_7399o U
r1089919.fit  4.23  1.40 0.050    64.3 from 168 sources of uvex_7399o g
r1089920.fit  3.42  1.13 0.080    97.5 from 691 sources of uvex_7420 r
r1089921.fit  4.55  1.50 0.080    63.7 from  83 sources of uvex_7420 U
r1089922.fit  3.66  1.21 0.052    68.9 from 320 sources of uvex_7420 g
r1089923.fit  4.88  1.61 0.121   136.9 from  68 sources of uvex_7424 r
r1089924.fit  4.39  1.45 0.049    59.3 from 144 sources of uvex_7424 U
r1089925.fit  3.55  1.17 0.066    66.1 from 628 sources of uvex_7424 g
r1089926.fit  3.64  1.20 0.072   101.8 from 907 sources of uvex_7449o r
r1089927.fit  4.73  1.56 0.061    60.6 from 118 sources of uvex_7449o U
r1089928.fit  3.67  1.21 0.056    70.7 from 522 sources of uvex_7449o g
r1089929.fit  4.40  1.45 0.067   102.6 from 165 sources of uvex_7507 r
r1089930.fit  5.22  1.72 0.039    64.6 from  17 sources of uvex_7507 U
r1089931.fit  3.87  1.28 0.056    57.4 from  94 sources of uvex_7507 g
r1089932.fit  3.73  1.23 0.095   116.5 from 471 sources of uvex_7511o r
r1089933.fit  4.52  1.49 0.063    65.8 from  44 sources of uvex_7511o U
r1089934.fit  3.55  1.17 0.043    58.8 from 271 sources of uvex_7511o g
r1089935.fit  3.48  1.15 0.061   116.3 from 276 sources of uvex_7514 r
r1089936.fit  4.49  1.48 0.048    52.5 from  50 sources of uvex_7514 U
r1089937.fit  3.92  1.29 0.055    70.2 from 110 sources of uvex_7514 g
r1089938.fit  3.85  1.27 0.054   127.9 from 160 sources of uvex_7521 r
r1089939.fit  4.59  1.51 0.049    64.1 from  28 sources of uvex_7521 U
r1089940.fit  3.70  1.22 0.053    66.8 from  96 sources of uvex_7521 g
r1089941.fit  4.24  1.40 0.073   114.8 from 145 sources of uvex_7521o r
r1089942.fit  4.42  1.46 0.052    62.6 from  24 sources of uvex_7521o U
r1089943.fit  3.84  1.27 0.039    66.5 from  89 sources of uvex_7521o g
r1089944.fit  3.35  1.11 0.059   127.1 from 291 sources of uvex_7523 r
r1089945.fit  4.52  1.49 0.037    63.2 from  47 sources of uvex_7523 U
r1089946.fit  4.76  1.57 0.033    66.2 from 107 sources of uvex_7523 g
r1089947.fit  4.10  1.35 0.054   120.9 from 166 sources of uvex_7596 r
r1089948.fit  4.51  1.49 0.030    62.4 from  32 sources of uvex_7596 U
r1089949.fit  4.27  1.41 0.032    72.2 from  74 sources of uvex_7596 g
r1089950.fit  4.10  1.35 0.050   113.2 from 158 sources of uvex_7596o r
r1089951.fit  4.40  1.45 0.037    61.5 from  33 sources of uvex_7596o U
r1089952.fit  4.19  1.38 0.049    71.5 from  83 sources of uvex_7596o g
r1089953.fit  3.61  1.19 0.048   119.0 from 596 sources of uvex_7598 r
r1089954.fit  4.62  1.52 0.034    62.7 from  61 sources of uvex_7598 U
r1089955.fit  3.94  1.30 0.057    70.9 from 329 sources of uvex_7598 g
r1089956.fit  3.48  1.15 0.060   103.4 from 832 sources of uvex_7602o r
r1089957.fit  4.10  1.35 0.032    65.0 from 122 sources of uvex_7602o U
r1089958.fit  3.77  1.24 0.050    65.6 from 512 sources of uvex_7602o g
r1089959.fit  3.70  1.22 0.032    89.5 from  96 sources of gd248 r
r1089960.fit  4.07  1.34 0.032    39.8 from  19 sources of gd248 U
r1089961.fit  4.95  1.63 0.040    37.6 from  36 sources of gd248 g
r1089962.fit  3.96  1.31 0.099   113.1 from 631 sources of uvex_0939o r
r1089963.fit  5.87  1.94 0.064    66.9 from  33 sources of uvex_0939o U
r1089964.fit  5.10  1.68 0.078    74.0 from 210 sources of uvex_0939o g
r1089965.fit  5.38  1.78 0.060   130.1 from 294 sources of uvex_0940 r
r1089966.fit  5.55  1.83 0.055    64.4 from  33 sources of uvex_0940 U
r1089967.fit  4.06  1.34 0.074    75.8 from 300 sources of uvex_0940 g
r1089968.fit  3.44  1.14 0.098   116.0 from 522 sources of uvex_0941 r
r1089969.fit  4.77  1.57 0.080    65.2 from  65 sources of uvex_0941 U
r1089970.fit  4.42  1.46 0.040    75.4 from 221 sources of uvex_0941 g
r1089971.fit  5.12  1.69 0.125   117.6 from 225 sources of uvex_0941o r
r1089972.fit  5.14  1.70 0.061    66.6 from  61 sources of uvex_0941o U
r1089973.fit  4.01  1.32 0.077    70.5 from 287 sources of uvex_0941o g
r1089974.fit  4.26  1.41 0.053   114.8 from 496 sources of uvex_0942 r
r1089975.fit  5.92  1.95 0.055    68.5 from  59 sources of uvex_0942 U
r1089976.fit  4.91  1.62 0.036    75.6 from 257 sources of uvex_0942 g
r1089977.fit  4.49  1.48 0.040   126.7 from 263 sources of uvex_0951 r
r1089978.fit  4.66  1.54 0.078    59.9 from  66 sources of uvex_0951 U
r1089979.fit  4.00  1.32 0.075    73.9 from 179 sources of uvex_0951 g
r1089980.fit  3.83  1.26 0.065   106.2 from 516 sources of uvex_0953o r
r1089981.fit  4.80  1.58 0.064    67.6 from  51 sources of uvex_0953o U
r1089982.fit  4.30  1.42 0.058    74.8 from 257 sources of uvex_0953o g
r1089983.fit  4.08  1.35 0.074   111.7 from 376 sources of uvex_0955 r
r1089984.fit  6.41  2.12 0.049    66.6 from  20 sources of uvex_0955 U
r1089985.fit  4.63  1.53 0.056    70.2 from 153 sources of uvex_0955 g
r1089986.fit  4.67  1.54 0.060   128.1 from 438 sources of uvex_0958 r
r1089987.fit  5.65  1.86 0.051    69.7 from  52 sources of uvex_0958 U
r1089988.fit  5.85  1.93 0.058    76.8 from 197 sources of uvex_0958 g
r1089989.fit  4.80  1.58 0.081   125.9 from 223 sources of uvex_0960 r
r1089990.fit  6.35  2.10 0.051    67.7 from  40 sources of uvex_0960 U
r1089991.fit  4.45  1.47 0.052    80.0 from 160 sources of uvex_0960 g
r1089992.fit  4.06  1.34 0.137   135.0 from  59 sources of uvex_0960o r
r1089993.fit  4.22  1.39 0.078    67.3 from  45 sources of uvex_0960o U
r1089994.fit  3.45  1.14 0.076    66.7 from 233 sources of uvex_0960o g
r1089995.fit  4.07  1.34 0.131   120.2 from 157 sources of uvex_2324o r
r1089996.fit  4.84  1.60 0.133    61.9 from  69 sources of uvex_2324o U
r1089997.fit  3.91  1.29 0.121    65.5 from 336 sources of uvex_2324o g
r1089998.fit  3.88  1.28 0.114   121.5 from 501 sources of uvex_2325 r
r1089999.fit  4.64  1.53 0.117    59.9 from  63 sources of uvex_2325 U
r1090000.fit  4.10  1.35 0.121    78.7 from 287 sources of uvex_2325 g
r1090001.fit  4.04  1.33 0.098   104.3 from 519 sources of uvex_2325o r
r1090002.fit  4.78  1.58 0.139    56.8 from  51 sources of uvex_2325o U
r1090003.fit  3.85  1.27 0.113    73.4 from 303 sources of uvex_2325o g
r1090004.fit  3.84  1.27 0.100   131.4 from 426 sources of uvex_2326 r
r1090005.fit  4.76  1.57 0.130    66.8 from  38 sources of uvex_2326 U
r1090006.fit  4.29  1.42 0.102    81.2 from 273 sources of uvex_2326 g
r1090007.fit  4.16  1.37 0.092   114.1 from 415 sources of uvex_2326o r
r1090008.fit  4.97  1.64 0.108    66.0 from  56 sources of uvex_2326o U
r1090009.fit  4.35  1.44 0.113    81.1 from 271 sources of uvex_2326o g
r1090010.fit  4.05  1.34 0.088   120.4 from 609 sources of uvex_2327 r
r1090011.fit  5.39  1.78 0.114    62.0 from  79 sources of uvex_2327 U
r1090012.fit  4.16  1.37 0.110    78.5 from 379 sources of uvex_2327 g
r1090013.fit  4.70  1.55 0.104   125.2 from 501 sources of uvex_2327o r
r1090014.fit  5.31  1.75 0.091    64.7 from  96 sources of uvex_2327o U
r1090015.fit  5.01  1.65 0.069    83.2 from 349 sources of uvex_2327o g
r1090016.fit  4.51  1.49 0.085   108.3 from 542 sources of uvex_2329 r
r1090017.fit  5.05  1.67 0.108    58.5 from  90 sources of uvex_2329 U
r1090018.fit  4.35  1.44 0.093    64.3 from 397 sources of uvex_2329 g
r1090019.fit  3.89  1.28 0.087   123.2 from 630 sources of uvex_2329o r
r1090020.fit  4.90  1.62 0.107    61.0 from 105 sources of uvex_2329o U
r1090021.fit  4.52  1.49 0.101    76.7 from 371 sources of uvex_2329o g
r1090022.fit  4.17  1.38 0.075   107.9 from 481 sources of uvex_2331 r
r1090023.fit  5.04  1.66 0.116    65.2 from  70 sources of uvex_2331 U
r1090024.fit  4.93  1.63 0.063    86.4 from 261 sources of uvex_2331 g
r1090025.fit  4.38  1.45 0.087   102.7 from 414 sources of uvex_2331o r
r1090026.fit  5.20  1.72 0.092    64.9 from  65 sources of uvex_2331o U
r1090027.fit  4.42  1.46 0.067    82.5 from 277 sources of uvex_2331o g
r1090028.fit  4.41  1.46 0.076   114.8 from 512 sources of uvex_2332 r
r1090029.fit  4.96  1.64 0.090    60.9 from 118 sources of uvex_2332 U
r1090030.fit  4.19  1.38 0.106    67.5 from 443 sources of uvex_2332 g
r1090031.fit  3.93  1.30 0.117   118.6 from 592 sources of uvex_2332o r
r1090032.fit  4.88  1.61 0.122    62.7 from  93 sources of uvex_2332o U
r1090033.fit  5.01  1.65 0.078    77.7 from 348 sources of uvex_2332o g
r1090034.fit  5.04  1.66 0.077   122.3 from 318 sources of uvex_2349 r
r1090035.fit  5.52  1.82 0.079    66.5 from  65 sources of uvex_2349 U
r1090036.fit  4.66  1.54 0.067    70.7 from 250 sources of uvex_2349 g
r1090037.fit  4.63  1.53 0.075   121.9 from 361 sources of uvex_2349o r
r1090038.fit  5.25  1.73 0.079    65.4 from  76 sources of uvex_2349o U
r1090039.fit  4.68  1.54 0.059    83.8 from 258 sources of uvex_2349o g
r1090040.fit  3.78  1.25 0.100   117.9 from 672 sources of uvex_2350 r
r1090041.fit  5.02  1.66 0.096    61.3 from  90 sources of uvex_2350 U
r1090042.fit  4.07  1.34 0.094    77.0 from 450 sources of uvex_2350 g
r1090043.fit  4.27  1.41 0.114   122.2 from 545 sources of uvex_2350o r
r1090044.fit  4.59  1.51 0.114    56.4 from  86 sources of uvex_2350o U
r1090045.fit  4.11  1.36 0.077    75.3 from 480 sources of uvex_2350o g
r1090046.fit  3.66  1.21 0.092   107.7 from 739 sources of uvex_2353 r
r1090047.fit  4.59  1.51 0.113    53.5 from  89 sources of uvex_2353 U
r1090048.fit  3.81  1.26 0.086    64.7 from 488 sources of uvex_2353 g
r1090049.fit  3.54  1.17 0.112   125.6 from 627 sources of uvex_2353o r
r1090050.fit  4.68  1.54 0.097    63.9 from  98 sources of uvex_2353o U
r1090051.fit  3.92  1.29 0.093    75.0 from 455 sources of uvex_2353o g
r1090052.fit  3.75  1.24 0.101   124.5 from 670 sources of uvex_2356 r
r1090053.fit  4.57  1.51 0.114    68.6 from  99 sources of uvex_2356 U
r1090054.fit  3.92  1.29 0.096    71.5 from 447 sources of uvex_2356 g
r1090055.fit  2.97  0.98 0.081    66.9 from  89 sources of hz4 r
r1090056.fit  4.16  1.37 0.105    63.7 from  36 sources of hz4 U
r1090057.fit  3.26  1.08 0.067    45.4 from  64 sources of hz4 g
r1090058.fit  3.28  1.08 0.103   150.3 from 780 sources of uvex_2356o r
r1090059.fit  4.60  1.52 0.114    70.8 from  87 sources of uvex_2356o U
r1090060.fit  3.92  1.29 0.106    94.6 from 446 sources of uvex_2356o g
r1090061.fit  3.99  1.32 0.117   148.9 from 394 sources of uvex_2358 r
r1090062.fit  5.00  1.65 0.117    77.4 from  85 sources of uvex_2358 U
r1090063.fit  4.38  1.45 0.075    97.7 from 307 sources of uvex_2358 g
r1090064.fit  3.99  1.32 0.063   130.9 from 507 sources of uvex_2358o r
r1090065.fit  4.68  1.54 0.089    77.0 from 109 sources of uvex_2358o U
r1090066.fit  3.53  1.16 0.076    90.6 from 385 sources of uvex_2358o g
r1090067.fit  4.00  1.32 0.117  1099.7 from 783 sources of 2003TK3
r1090068.fit  4.04  1.33 0.113  1096.7 from 763 sources of 2003TK3
r1090069.fit  4.08  1.35 0.116  1096.9 from 772 sources of 2003TK3
r1090070.fit  4.26  1.41 0.102  1097.6 from 832 sources of 2003TK3
r1090071.fit  3.94  1.30 0.112   938.2 from 833 sources of 2003TK3
r1090072.fit  3.99  1.32 0.100  1087.8 from 833 sources of 2003TK3
r1090073.fit  4.01  1.32 0.104  1092.8 from 852 sources of 2003TK3
r1090074.fit  4.16  1.37 0.087  1101.1 from 852 sources of 2003TK3
r1090075.fit  4.84  1.60 0.114   866.0 from  22 sources of 2012FO62
r1090076.fit  4.63  1.53 0.127   788.1 from 278 sources of 2012FO62
r1090077.fit  5.14  1.70 0.121   840.7 from  35 sources of 2012FO62
r1090078.fit  4.87  1.61 0.133   858.3 from  95 sources of 2012FO62
r1090079.fit  4.61  1.52 0.125   860.6 from  56 sources of 2012FO62
r1090080.fit  4.58  1.51 0.125   821.3 from  42 sources of 2012FO62
r1090081.fit  4.37  1.44 0.108  1480.2 from 333 sources of 2007XJ16
r1090082.fit  4.64  1.53 0.112  1485.9 from 320 sources of 2007XJ16
r1090083.fit  4.30  1.42 0.112  1506.4 from 332 sources of 2007XJ16
r1090084.fit  4.33  1.43 0.105  1405.1 from 340 sources of 2007XJ16
r1090085.fit  4.32  1.43 0.096  1590.3 from 349 sources of 2007XJ16
r1090086.fit  4.16  1.37 0.129  1659.3 from 282 sources of 2007XJ16
r1090087.fit  4.20  1.39 0.106  1655.0 from 347 sources of 2007XJ16
r1090088.fit  4.10  1.35 0.114  1886.0 from 342 sources of 2007XJ16
r1090089.fit  3.59  1.18 0.096   207.9 from 452 sources of uvex_3048o r
r1090090.fit  4.43  1.46 0.071   213.9 from  78 sources of uvex_3048o U
r1090091.fit  4.02  1.33 0.064   405.1 from 275 sources of uvex_3048o g
r1090092.fit  3.71  1.22 0.094   331.9 from 491 sources of uvex_3053 r
r1090093.fit  4.56  1.50 0.084   442.6 from  67 sources of uvex_3053 U
r1090094.fit  3.99  1.32 0.097   975.7 from 255 sources of uvex_3053 g
r1090095.fit is not a target (SKY)
r1090096.fit is not a target (SKY)
r1090097.fit is not a target (SKY)
r1090098.fit is not a target (SKY)
r1090099.fit is not a target (SKY)
r1090100.fit is not a target (SKY)
r1090101.fit is not a target (SKY)
r1090102.fit is not a target (SKY)
r1090103.fit is not a target (SKY)
r1090104.fit is not a target (SKY)
r1090105.fit is not a target (SKY)
r1090106.fit is not a target (SKY)
r1090107.fit is not a target (SKY)
r1090108.fit is not a target (SKY)
r1090109.fit is not a target (SKY)
r1090110.fit is not a target (SKY)
r1090111.fit is not a target (SKY)
