r1088921.fit is not a target (BIAS)
r1088922.fit is not a target (BIAS)
r1088923.fit is not a target (BIAS)
r1088924.fit is not a target (BIAS)
r1088925.fit is not a target (BIAS)
r1088926.fit is not a target (BIAS)
r1088927.fit is not a target (BIAS)
r1088928.fit is not a target (BIAS)
r1088929.fit is not a target (BIAS)
r1088930.fit is not a target (BIAS)
r1088931.fit is not a target (BIAS)
r1088932.fit is not a target (BIAS)
r1088933.fit is not a target (BIAS)
r1088934.fit is not a target (BIAS)
r1088935.fit is not a target (BIAS)
r1088936.fit is not a target (BIAS)
r1088937.fit is not a target (BIAS)
r1088938.fit is not a target (BIAS)
r1088939.fit is not a target (BIAS)
r1088940.fit is not a target (BIAS)
r1088941.fit is not a target (BIAS)
r1088942.fit is not a target (BIAS)
r1088943.fit is not a target (BIAS)
r1088944.fit is not a target (BIAS)
r1088945.fit is not a target (BIAS)
r1088946.fit is not a target (BIAS)
r1088947.fit is not a target (BIAS)
r1088948.fit is not a target (BIAS)
r1088949.fit is not a target (BIAS)
r1088950.fit is not a target (BIAS)
r1088951.fit is not a target (BIAS)
r1088952.fit is not a target (BIAS)
r1088953.fit is not a target (BIAS)
r1088954.fit is not a target (BIAS)
r1088955.fit is not a target (BIAS)
r1088956.fit is not a target (BIAS)
r1088957.fit is not a target (BIAS)
r1088958.fit is not a target (BIAS)
r1088959.fit is not a target (BIAS)
r1088960.fit is not a target (BIAS)
r1088961.fit is not a target (BIAS)
r1088962.fit is not a target (BIAS)
r1088963.fit is not a target (BIAS)
r1088964.fit is not a target (BIAS)
r1088965.fit is not a target (BIAS)
r1088966.fit is not a target (BIAS)
r1088967.fit is not a target (BIAS)
r1088968.fit is not a target (BIAS)
r1088969.fit is not a target (BIAS)
r1088970.fit is not a target (BIAS)
r1088971.fit is not a target (SKY)
r1088972.fit is not a target (SKY)
r1088973.fit is not a target (SKY)
r1088974.fit is not a target (SKY)
r1088975.fit is not a target (SKY)
r1088976.fit is not a target (SKY)
r1088977.fit is not a target (SKY)
r1088978.fit is not a target (SKY)
r1088979.fit is not a target (SKY)
r1088980.fit  3.69  1.22 0.023   282.4 from   1 sources of KIC4552982
r1088981.fit  4.00  1.32 0.015   283.8 from   1 sources of KIC4552982
r1088982.fit  4.32  1.43 0.015   285.1 from   1 sources of KIC4552982
r1088983.fit  3.97  1.31 0.047   286.0 from   1 sources of KIC4552982
r1088984.fit  3.86  1.27 0.059   286.0 from   1 sources of KIC4552982
r1088985.fit  3.73  1.23 0.017   286.8 from   1 sources of KIC4552982
r1088986.fit  4.07  1.34 0.034   287.0 from   1 sources of KIC4552982
r1088987.fit  4.09  1.35 0.030   287.0 from   1 sources of KIC4552982
r1088988.fit  4.26  1.41 0.019   286.9 from   1 sources of KIC4552982
r1088989.fit  4.40  1.45 0.040   287.0 from   1 sources of KIC4552982
r1088990.fit  4.17  1.38 0.025   286.8 from   1 sources of KIC4552982
r1088991.fit  3.83  1.26 0.037   287.5 from   1 sources of KIC4552982
r1088992.fit  3.93  1.30 0.014   287.1 from   1 sources of KIC4552982
r1088993.fit  4.19  1.38 0.019   286.9 from   1 sources of KIC4552982
r1088994.fit no objects found
r1088995.fit  4.28  1.41 0.044   286.9 from   1 sources of KIC4552982
r1088996.fit  3.88  1.28 0.015   286.8 from   1 sources of KIC4552982
r1088997.fit no objects found
r1088998.fit  4.49  1.48 0.010   287.0 from   1 sources of KIC4552982
r1088999.fit no objects found
r1089000.fit no objects found
r1089001.fit  4.49  1.48 0.008   287.1 from   1 sources of KIC4552982
r1089002.fit  4.57  1.51 0.022   287.1 from   1 sources of KIC4552982
r1089003.fit  4.34  1.43 0.056   286.9 from   1 sources of KIC4552982
r1089004.fit  4.15  1.37 0.046   287.2 from   1 sources of KIC4552982
r1089005.fit  3.93  1.30 0.010   286.9 from   1 sources of KIC4552982
r1089006.fit  3.98  1.31 0.027   286.5 from   1 sources of KIC4552982
r1089007.fit  3.97  1.31 0.005   286.5 from   1 sources of KIC4552982
r1089008.fit  4.09  1.35 0.022   286.0 from   1 sources of KIC4552982
r1089009.fit  4.22  1.39 0.030   286.2 from   1 sources of KIC4552982
r1089010.fit  4.25  1.40 0.020   287.1 from   1 sources of KIC4552982
r1089011.fit  4.44  1.47 0.041   286.9 from   1 sources of KIC4552982
r1089012.fit no objects found
r1089013.fit no objects found
r1089014.fit  4.61  1.52 0.030   286.8 from   1 sources of KIC4552982
r1089015.fit no objects found
r1089016.fit  4.36  1.44 0.026   286.2 from   1 sources of KIC4552982
r1089017.fit  4.35  1.44 0.046   286.0 from   1 sources of KIC4552982
r1089018.fit  3.63  1.20 0.036   285.8 from   1 sources of KIC4552982
r1089019.fit  3.42  1.13 0.027   287.0 from   1 sources of KIC4552982
r1089020.fit  3.40  1.12 0.049   285.9 from   1 sources of KIC4552982
r1089021.fit  4.20  1.39 0.025   286.5 from   1 sources of KIC4552982
r1089022.fit  3.67  1.21 0.041   286.6 from   1 sources of KIC4552982
r1089023.fit  3.70  1.22 0.048   286.9 from   1 sources of KIC4552982
r1089024.fit  3.77  1.24 0.011   287.0 from   1 sources of KIC4552982
r1089025.fit  3.90  1.29 0.036   286.3 from   1 sources of KIC4552982
r1089026.fit  3.76  1.24 0.050   287.1 from   1 sources of KIC4552982
r1089027.fit  3.57  1.18 0.035   287.0 from   1 sources of KIC4552982
r1089028.fit  3.28  1.08 0.029   287.1 from   1 sources of KIC4552982
r1089029.fit  3.96  1.31 0.005   287.1 from   1 sources of KIC4552982
r1089030.fit  3.97  1.31 0.024   287.0 from   1 sources of KIC4552982
r1089031.fit  4.31  1.42 0.012   286.7 from   1 sources of KIC4552982
r1089032.fit  4.31  1.42 0.023   285.3 from   1 sources of KIC4552982
r1089033.fit  4.49  1.48 0.026   286.6 from   1 sources of KIC4552982
r1089034.fit  4.58  1.51 0.020   287.1 from   1 sources of KIC4552982
r1089035.fit no objects found
r1089036.fit  4.63  1.53 0.020   286.5 from   1 sources of KIC4552982
r1089037.fit no objects found
r1089038.fit no objects found
r1089039.fit  4.44  1.47 0.023   286.0 from   1 sources of KIC4552982
r1089040.fit  4.66  1.54 0.009   285.9 from   1 sources of KIC4552982
r1089041.fit no objects found
r1089042.fit  3.99  1.32 0.008   285.3 from   1 sources of KIC4552982
r1089043.fit  4.28  1.41 0.024   285.2 from   1 sources of KIC4552982
r1089044.fit  4.28  1.41 0.061   286.2 from   1 sources of KIC4552982
r1089045.fit  3.71  1.22 0.050   285.1 from   1 sources of KIC4552982
r1089046.fit  3.92  1.29 0.055   284.7 from   1 sources of KIC4552982
r1089047.fit  4.43  1.46 0.041   285.3 from   1 sources of KIC4552982
r1089048.fit  4.44  1.47 0.006   285.3 from   1 sources of KIC4552982
r1089050.fit is not a target (BIAS)
r1089051.fit is not a target (BIAS)
r1089052.fit is not a target (BIAS)
r1089053.fit is not a target (BIAS)
r1089054.fit is not a target (BIAS)
r1089055.fit is not a target (BIAS)
r1089056.fit is not a target (BIAS)
r1089057.fit is not a target (BIAS)
r1089058.fit is not a target (BIAS)
r1089059.fit is not a target (BIAS)
r1089060.fit is not a target (BIAS)
r1089061.fit is not a target (BIAS)
r1089062.fit is not a target (BIAS)
r1089063.fit is not a target (BIAS)
r1089064.fit is not a target (BIAS)
r1089065.fit is not a target (BIAS)
r1089066.fit is not a target (BIAS)
r1089067.fit is not a target (BIAS)
r1089068.fit is not a target (BIAS)
r1089069.fit is not a target (BIAS)
r1089070.fit is not a target (BIAS)
r1089071.fit is not a target (BIAS)
r1089072.fit is not a target (BIAS)
r1089073.fit is not a target (BIAS)
r1089074.fit is not a target (BIAS)
r1089075.fit is not a target (BIAS)
r1089076.fit is not a target (BIAS)
r1089077.fit is not a target (BIAS)
r1089078.fit is not a target (BIAS)
r1089079.fit is not a target (BIAS)
r1089080.fit is not a target (BIAS)
r1089081.fit is not a target (BIAS)
r1089082.fit is not a target (BIAS)
r1089083.fit is not a target (BIAS)
r1089084.fit is not a target (BIAS)
r1089085.fit is not a target (BIAS)
r1089086.fit is not a target (BIAS)
r1089087.fit is not a target (BIAS)
r1089088.fit is not a target (BIAS)
r1089089.fit is not a target (BIAS)
r1089090.fit is not a target (BIAS)
r1089091.fit is not a target (BIAS)
r1089092.fit is not a target (BIAS)
r1089093.fit is not a target (BIAS)
r1089094.fit is not a target (BIAS)
r1089095.fit is not a target (BIAS)
r1089096.fit is not a target (BIAS)
r1089097.fit is not a target (BIAS)
r1089098.fit is not a target (BIAS)
r1089099.fit is not a target (BIAS)
r1089100.fit is not a target (FLAT)
r1089101.fit is not a target (FLAT)
r1089102.fit is not a target (FLAT)
r1089103.fit is not a target (FLAT)
r1089104.fit is not a target (FLAT)
r1089105.fit is not a target (FLAT)
r1089106.fit is not a target (FLAT)
r1089107.fit is not a target (FLAT)
r1089108.fit is not a target (FLAT)
r1089109.fit is not a target (FLAT)
r1089110.fit is not a target (FLAT)
r1089111.fit is not a target (FLAT)
r1089112.fit is not a target (FLAT)
r1089113.fit is not a target (FLAT)
r1089114.fit is not a target (FLAT)
r1089115.fit is not a target (FLAT)
r1089116.fit is not a target (FLAT)
r1089117.fit is not a target (FLAT)
r1089118.fit  3.04  1.00 0.034   630.2 from   4 sources of KIC4552982
r1089119.fit  3.07  1.01 0.037   632.5 from   3 sources of KIC4552982
r1089120.fit  3.13  1.03 0.039   631.6 from   3 sources of KIC4552982
r1089121.fit  2.95  0.97 0.026   631.6 from   4 sources of KIC4552982
r1089122.fit  2.86  0.94 0.038   626.1 from   5 sources of KIC4552982
r1089123.fit  2.85  0.94 0.050   631.9 from   4 sources of KIC4552982
r1089124.fit  2.79  0.92 0.031   630.5 from   3 sources of KIC4552982
r1089125.fit  2.92  0.96 0.038   630.7 from   4 sources of KIC4552982
r1089126.fit  3.26  1.08 0.057   631.9 from   3 sources of KIC4552982
r1089127.fit  2.97  0.98 0.029   630.9 from   4 sources of KIC4552982
r1089128.fit  2.95  0.97 0.034   630.6 from   4 sources of KIC4552982
r1089129.fit  3.14  1.04 0.039   630.1 from   4 sources of KIC4552982
r1089130.fit  2.98  0.98 0.042   630.0 from   4 sources of KIC4552982
r1089131.fit  3.19  1.05 0.053   629.5 from   4 sources of KIC4552982
r1089132.fit  3.27  1.08 0.031   629.9 from   3 sources of KIC4552982
r1089133.fit  3.10  1.02 0.042   630.9 from   3 sources of KIC4552982
r1089134.fit  3.18  1.05 0.034   630.9 from   4 sources of KIC4552982
r1089136.fit  3.24  1.07 0.059   629.5 from   4 sources of KIC4552982
r1089137.fit  2.98  0.98 0.043   633.7 from   4 sources of KIC4552982
r1089138.fit  3.07  1.01 0.023   674.2 from   3 sources of KIC4552982
r1089140.fit  4.21  1.39 0.035   134.1 from  80 sources of gd248 r
r1089141.fit  0.85  0.28 0.088    82.8 from   7 sources of gd248 U
r1089142.fit  5.21  1.72 0.020    78.4 from  37 sources of gd248 g
r1089143.fit is not a target (FOCUS)
r1089144.fit  4.12  1.36 0.038   133.2 from  84 sources of gd248 r
r1089145.fit  4.22  1.39 0.073   102.6 from   5 sources of gd248 U
r1089146.fit  5.05  1.67 0.035    77.2 from  35 sources of gd248 g
r1089147.fit  6.49  2.14 0.060   167.2 from 125 sources of uvex_1027 r
r1089148.fit  7.66  2.53 0.053   110.5 from  14 sources of uvex_1027 U
r1089149.fit  6.34  2.09 0.055   119.3 from  56 sources of uvex_1027 g
r1089150.fit  6.62  2.18 0.077   155.1 from 114 sources of uvex_1027o r
r1089151.fit  8.01  2.64 0.040   114.9 from  12 sources of uvex_1027o U
r1089152.fit  6.11  2.02 0.041   121.3 from  56 sources of uvex_1027o g
r1089153.fit  6.28  2.07 0.054   171.6 from 128 sources of uvex_1064o r
r1089154.fit  7.87  2.60 0.043   108.1 from  22 sources of uvex_1064o U
r1089155.fit  6.82  2.25 0.033   121.1 from  86 sources of uvex_1064o g
r1089156.fit  6.53  2.15 0.038   156.7 from 175 sources of uvex_1072 r
r1089157.fit  4.57  1.51 0.034   116.2 from   9 sources of uvex_1072 U
r1089158.fit  7.10  2.34 0.036   120.0 from  84 sources of uvex_1072 g
r1089159.fit  6.54  2.16 0.039   159.2 from 195 sources of uvex_1073 r
r1089160.fit  7.82  2.58 0.033   118.1 from  32 sources of uvex_1073 U
r1089161.fit  7.37  2.43 0.028   107.8 from 100 sources of uvex_1073 g
r1089162.fit  6.42  2.12 0.043   170.9 from 185 sources of uvex_1073o r
r1089163.fit  7.78  2.57 0.040   119.7 from  25 sources of uvex_1073o U
r1089164.fit  7.01  2.31 0.027   124.4 from  92 sources of uvex_1073o g
r1089165.fit  6.12  2.02 0.049   161.2 from 210 sources of uvex_1074 r
r1089166.fit  7.61  2.51 0.042   119.1 from  20 sources of uvex_1074 U
r1089167.fit  6.64  2.19 0.052   119.1 from 109 sources of uvex_1074 g
r1089168.fit  6.30  2.08 0.044   162.2 from 132 sources of uvex_1075 r
r1089169.fit  7.85  2.59 0.040   112.3 from  23 sources of uvex_1075 U
r1089170.fit  6.03  1.99 0.034   120.7 from  79 sources of uvex_1075 g
r1089171.fit  5.98  1.97 0.042   141.4 from 167 sources of uvex_1077 r
r1089172.fit  7.46  2.46 0.043   107.7 from  23 sources of uvex_1077 U
r1089173.fit  6.66  2.20 0.036   124.2 from  82 sources of uvex_1077 g
r1089174.fit  5.82  1.92 0.069   166.3 from 147 sources of uvex_1079 r
r1089175.fit  7.35  2.43 0.045   108.7 from  24 sources of uvex_1079 U
r1089176.fit  6.22  2.05 0.031   123.0 from  93 sources of uvex_1079 g
r1089177.fit  6.88  2.27 0.103   166.0 from 149 sources of uvex_1080o r
r1089178.fit  7.34  2.42 0.044   117.5 from  22 sources of uvex_1080o U
r1089179.fit  6.93  2.29 0.054   121.9 from  62 sources of uvex_1080o g
r1089180.fit  5.78  1.91 0.059   175.2 from 153 sources of uvex_1081o r
r1089181.fit  7.03  2.32 0.049    99.2 from  27 sources of uvex_1081o U
r1089182.fit  6.28  2.07 0.050   121.1 from  89 sources of uvex_1081o g
r1089183.fit  5.26  1.74 0.049   173.6 from 210 sources of uvex_1082o r
r1089184.fit  6.71  2.21 0.042   118.4 from  17 sources of uvex_1082o U
r1089185.fit  5.92  1.95 0.041   122.7 from 111 sources of uvex_1082o g
r1089186.fit  5.44  1.80 0.053   173.2 from 273 sources of uvex_1083 r
r1089187.fit  7.31  2.41 0.030   115.7 from  27 sources of uvex_1083 U
r1089188.fit  5.56  1.83 0.051   124.1 from 157 sources of uvex_1083 g
r1089189.fit  5.60  1.85 0.057   157.1 from 260 sources of uvex_1083o r
r1089190.fit  6.64  2.19 0.044   117.9 from  23 sources of uvex_1083o U
r1089191.fit  5.29  1.75 0.054   115.0 from 182 sources of uvex_1083o g
r1089192.fit  4.91  1.62 0.054   168.3 from 159 sources of uvex_1084o r
r1089193.fit  6.13  2.02 0.055   116.0 from  20 sources of uvex_1084o U
r1089194.fit  5.39  1.78 0.069   123.9 from  86 sources of uvex_1084o g
r1089195.fit  5.82  1.92 0.076   115.0 from  46 sources of hz4 r
r1089196.fit  7.51  2.48 0.047   113.7 from  16 sources of hz4 U
r1089197.fit  6.72  2.22 0.074    83.6 from  26 sources of hz4 g
r1089199.fit is not a target (FOCUS)
r1089200.fit  5.11  1.69 0.028   112.8 from  47 sources of hz4 r
r1089201.fit  6.41  2.12 0.041   117.1 from  17 sources of hz4 U
r1089202.fit  5.85  1.93 0.042    85.4 from  33 sources of hz4 g
r1089203.fit  6.17  2.04 0.078   198.6 from 195 sources of uvex_3005 r
r1089204.fit  8.09  2.67 0.096   121.1 from  44 sources of uvex_3005 U
r1089205.fit  7.06  2.33 0.088   143.3 from 117 sources of uvex_3005 g
r1089206.fit  6.04  1.99 0.094   187.6 from 198 sources of uvex_3005o r
r1089207.fit  7.55  2.49 0.076   102.4 from  52 sources of uvex_3005o U
r1089208.fit  6.69  2.21 0.045   130.5 from 137 sources of uvex_3005o g
r1089209.fit  5.49  1.81 0.087   190.4 from 264 sources of uvex_3007 r
r1089210.fit  7.07  2.33 0.098   125.3 from  62 sources of uvex_3007 U
r1089211.fit  6.37  2.10 0.062   142.9 from 175 sources of uvex_3007 g
r1089212.fit  5.86  1.93 0.080   198.0 from 239 sources of uvex_3007o r
r1089213.fit  7.49  2.47 0.094   127.1 from  59 sources of uvex_3007o U
r1089214.fit  6.11  2.02 0.065   139.6 from 156 sources of uvex_3007o g
r1089215.fit  5.68  1.87 0.084   201.6 from 259 sources of uvex_3018 r
r1089216.fit  7.47  2.47 0.078   111.2 from  52 sources of uvex_3018 U
r1089217.fit  6.26  2.07 0.078   141.7 from 140 sources of uvex_3018 g
r1089218.fit  5.34  1.76 0.079   201.4 from 259 sources of uvex_3018o r
r1089219.fit  7.00  2.31 0.098   116.3 from  48 sources of uvex_3018o U
r1089220.fit  5.64  1.86 0.065   148.7 from 162 sources of uvex_3018o g
r1089221.fit  6.02  1.99 0.085   172.4 from 235 sources of uvex_3032 r
r1089222.fit  7.05  2.33 0.105   115.7 from  35 sources of uvex_3032 U
r1089223.fit  5.89  1.94 0.087   146.7 from 164 sources of uvex_3032 g
r1089224.fit  5.86  1.93 0.065   197.4 from 307 sources of uvex_3032o r
r1089225.fit  7.51  2.48 0.081   119.9 from  37 sources of uvex_3032o U
r1089226.fit  6.14  2.03 0.081   147.1 from 204 sources of uvex_3032o g
r1089227.fit  5.61  1.85 0.085   189.4 from 242 sources of uvex_3033 r
r1089228.fit  7.34  2.42 0.071   119.0 from  45 sources of uvex_3033 U
r1089229.fit  5.83  1.92 0.089   158.4 from 147 sources of uvex_3033 g
r1089230.fit  6.25  2.06 0.100   192.3 from 212 sources of uvex_3033o r
r1089231.fit  7.72  2.55 0.086   121.3 from  39 sources of uvex_3033o U
r1089232.fit  6.24  2.06 0.076   169.0 from 157 sources of uvex_3033o g
r1089233.fit  5.77  1.90 0.080   216.9 from 200 sources of uvex_3036 r
r1089234.fit  7.65  2.52 0.073   178.5 from  34 sources of uvex_3036 U
r1089235.fit  5.97  1.97 0.052   254.4 from 143 sources of uvex_3036 g
r1089236.fit  5.95  1.96 0.051   231.6 from 230 sources of uvex_3036o r
r1089237.fit  7.58  2.50 0.039   238.6 from  33 sources of uvex_3036o U
r1089238.fit  6.40  2.11 0.068   412.1 from 138 sources of uvex_3036o g
r1089239.fit  6.22  2.05 0.078   322.7 from 294 sources of uvex_3041 r
r1089240.fit  7.29  2.41 0.073   421.9 from  57 sources of uvex_3041 U
r1089241.fit  6.55  2.16 0.052   715.7 from 185 sources of uvex_3041 g
r1089242.fit is not a target (SKY)
r1089243.fit is not a target (SKY)
r1089244.fit is not a target (SKY)
r1089245.fit is not a target (SKY)
r1089246.fit is not a target (SKY)
r1089247.fit is not a target (SKY)
r1089248.fit is not a target (SKY)
r1089249.fit is not a target (SKY)
r1089250.fit is not a target (SKY)
r1089251.fit is not a target (SKY)
r1089252.fit is not a target (SKY)
r1089253.fit is not a target (SKY)
r1089254.fit is not a target (SKY)
r1089255.fit is not a target (SKY)
r1089256.fit is not a target (SKY)
r1089257.fit is not a target (SKY)
r1089258.fit is not a target (SKY)
r1089259.fit is not a target (SKY)
r1089260.fit is not a target (SKY)
r1089261.fit is not a target (SKY)
r1089262.fit is not a target (SKY)
r1089263.fit is not a target (SKY)
r1089264.fit is not a target (SKY)
r1089265.fit is not a target (SKY)
r1089266.fit is not a target (SKY)
r1089267.fit is not a target (SKY)
r1089268.fit is not a target (SKY)
