r1169714.fit is not a target (BIAS)
r1169715.fit is not a target (BIAS)
r1169716.fit is not a target (BIAS)
r1169717.fit is not a target (BIAS)
r1169718.fit is not a target (BIAS)
r1169719.fit is not a target (BIAS)
r1169720.fit is not a target (BIAS)
r1169721.fit is not a target (BIAS)
r1169722.fit is not a target (BIAS)
r1169723.fit is not a target (BIAS)
r1169724.fit is not a target (BIAS)
r1169725.fit is not a target (BIAS)
r1169726.fit is not a target (BIAS)
r1169727.fit is not a target (BIAS)
r1169728.fit is not a target (BIAS)
r1169729.fit is not a target (BIAS)
r1169730.fit is not a target (BIAS)
r1169731.fit is not a target (BIAS)
r1169732.fit is not a target (BIAS)
r1169733.fit is not a target (BIAS)
r1169734.fit no objects found
r1169735.fit no objects found
r1169736.fit no objects found
r1169737.fit no objects found
r1169738.fit no objects found
r1169739.fit  4.87  1.61 0.135 24613.9 from   4 sources of WFCBLANK2
r1169740.fit  3.12  1.03 0.102 25072.4 from   2 sources of WFCBLANK2
r1169741.fit no objects found
r1169742.fit no objects found
r1169743.fit no objects found
r1169744.fit no objects found
r1169745.fit no objects found
r1169746.fit no objects found
r1169747.fit no objects found
r1169748.fit no objects found
r1169749.fit  3.31  1.09 0.066  6489.4 from   1 sources of WFCBLANK2
r1169750.fit no objects found
r1169751.fit no objects found
r1169752.fit  7.04  2.32 0.145 24801.0 from   2 sources of WFCBLANK2
r1169753.fit  6.14  2.03 0.090 23918.8 from   2 sources of WFCBLANK2
r1169754.fit  2.52  0.83 0.101 45379.4 from  31 sources of WFCBLANK2
r1169755.fit  2.02  0.67 0.087 38499.3 from  19 sources of WFCBLANK2
r1169756.fit  2.73  0.90 0.090 31639.2 from  10 sources of WFCBLANK2
r1169757.fit  9.54  3.15 0.092 23335.7 from   4 sources of WFCBLANK2
r1169758.fit  4.16  1.37 0.029 20172.7 from   1 sources of WFCBLANK2
r1169759.fit  4.16  1.37 0.103 14962.5 from   4 sources of WFCBLANK2
r1169760.fit  4.17  1.38 0.027 13071.4 from   4 sources of WFCBLANK2
r1169761.fit  9.75  3.22 0.048   207.8 from   7 sources of NGC7635
r1169762.fit  8.27  2.73 0.085   723.2 from  96 sources of NGC7635
r1169763.fit  6.46  2.13 0.072   601.0 from 162 sources of NGC7635
r1169764.fit  5.09  1.68 0.077   567.9 from 230 sources of NGC7635
r1169765.fit  5.20  1.72 0.022   201.3 from  76 sources of NGC7635
r1169766.fit  5.18  1.71 0.057  2343.6 from 705 sources of NGC7635
r1169767.fit  5.55  1.83 0.045   204.9 from  68 sources of NGC7635OFF
r1169768.fit  6.37  2.10 0.036   527.4 from 164 sources of NGC7635OFF
r1169769.fit  6.47  2.14 0.063  2070.6 from 538 sources of NGC7635OFF
r1169770.fit  7.91  2.61 0.051   202.6 from  38 sources of NGC7635OFF2
r1169771.fit  7.45  2.46 0.053   528.4 from 137 sources of NGC7635OFF2
r1169772.fit  6.73  2.22 0.045  2068.4 from 456 sources of NGC7635OFF2
r1169773.fit  6.26  2.07 0.048   211.4 from  43 sources of NGC7635OFF2
r1169774.fit  5.57  1.84 0.054   529.8 from 180 sources of NGC7635OFF2
r1169775.fit  5.56  1.83 0.079   108.4 from  36 sources of NGC7635
r1169776.fit  5.50  1.82 0.057   496.9 from 204 sources of NGC7635
r1169777.fit is not a target (FOCUS)
r1169778.fit  6.79  2.24 0.080   654.6 from  57 sources of GD248 r
r1169779.fit  5.69  1.88 0.031   803.9 from  73 sources of GD248 i
r1169780.fit  5.75  1.90 0.028   334.4 from  52 sources of GD248 Ha
r1169781.fit  5.76  1.90 0.044   223.6 from  26 sources of SA95-271 Ha
r1169782.fit  7.23  2.39 0.058   258.7 from  14 sources of SA95-271 r
r1169783.fit  7.02  2.32 0.086   241.9 from  12 sources of SA95-271 i
r1169784.fit  6.78  2.24 0.062   142.1 from  74 sources of intphas_1874 Ha
r1169785.fit  6.36  2.10 0.061   476.2 from 197 sources of intphas_1874 r
r1169786.fit  6.23  2.06 0.063   300.8 from 163 sources of intphas_1874 i
r1169787.fit  6.97  2.30 0.043   144.7 from  60 sources of intphas_1876 Ha
r1169788.fit  6.61  2.18 0.032   506.1 from 171 sources of intphas_1876 r
r1169789.fit  6.54  2.16 0.068   309.3 from 126 sources of intphas_1876 i
r1169790.fit  6.76  2.23 0.035   153.4 from  49 sources of intphas_1876o Ha
r1169791.fit  6.45  2.13 0.083   420.4 from 183 sources of intphas_1876o r
r1169792.fit  6.55  2.16 0.058   318.2 from 132 sources of intphas_1876o i
r1169793.fit  6.66  2.20 0.043   155.7 from  54 sources of intphas_1877 Ha
r1169794.fit  6.92  2.28 0.055   543.7 from 125 sources of intphas_1877 r
r1169795.fit  6.21  2.05 0.033   326.0 from 116 sources of intphas_1877 i
r1169796.fit  7.08  2.34 0.038   148.1 from  60 sources of intphas_1877o Ha
r1169797.fit  7.44  2.46 0.027   482.3 from 140 sources of intphas_1877o r
r1169798.fit  7.13  2.35 0.058   300.0 from 113 sources of intphas_1877o i
r1169799.fit  7.56  2.49 0.037   141.1 from  35 sources of intphas_1878 Ha
r1169800.fit  7.48  2.47 0.038   497.4 from  89 sources of intphas_1878 r
r1169801.fit  6.31  2.08 0.046   281.2 from 102 sources of intphas_1878 i
r1169802.fit  8.41  2.78 0.050   162.7 from  52 sources of intphas_2764 Ha
r1169803.fit  8.27  2.73 0.052   508.0 from 157 sources of intphas_2764 r
r1169804.fit  7.77  2.56 0.062   293.8 from 116 sources of intphas_2764 i
r1169805.fit  6.54  2.16 0.029   123.8 from  41 sources of intphas_1878o Ha
r1169806.fit  6.76  2.23 0.026   426.8 from 111 sources of intphas_1878o r
r1169807.fit  6.37  2.10 0.036   232.9 from 106 sources of intphas_1878o i
r1169808.fit  6.43  2.12 0.035   123.5 from  89 sources of intphas_1879 Ha
r1169809.fit  6.16  2.03 0.061   441.9 from 193 sources of intphas_1879 r
r1169810.fit  7.44  2.46 0.051   255.0 from 128 sources of intphas_1879 i
r1169811.fit  6.84  2.26 0.029   131.8 from  81 sources of intphas_1879o Ha
r1169812.fit  7.10  2.34 0.049   370.0 from 173 sources of intphas_1879o r
r1169813.fit  6.76  2.23 0.057   203.2 from 134 sources of intphas_1879o i
r1169814.fit  6.05  2.00 0.053   121.7 from  88 sources of intphas_1909 Ha
r1169815.fit  5.76  1.90 0.045   387.6 from 236 sources of intphas_1909 r
r1169816.fit  5.54  1.83 0.080   217.0 from 190 sources of intphas_1909 i
r1169817.fit  5.80  1.91 0.043    98.2 from  84 sources of intphas_1909o Ha
r1169818.fit  6.26  2.07 0.058   286.7 from 201 sources of intphas_1909o r
r1169819.fit  5.79  1.91 0.066   195.3 from 176 sources of intphas_1909o i
r1169820.fit  5.82  1.92 0.041    87.6 from  98 sources of intphas_1910 Ha
r1169821.fit  5.54  1.83 0.064   334.5 from 298 sources of intphas_1910 r
r1169822.fit  5.62  1.85 0.076   148.9 from 194 sources of intphas_1910 i
r1169823.fit  5.76  1.90 0.036   106.7 from  83 sources of intphas_1951 Ha
r1169824.fit  5.99  1.98 0.083   355.4 from 184 sources of intphas_1951 r
r1169825.fit  5.60  1.85 0.058   183.6 from 171 sources of intphas_1951 i
r1169826.fit  7.23  2.39 0.067   114.5 from  78 sources of intphas_2764 Ha
r1169827.fit  6.78  2.24 0.068   369.2 from 230 sources of intphas_2764 r
r1169828.fit  6.52  2.15 0.055   201.3 from 164 sources of intphas_2764 i
r1169829.fit  7.23  2.39 0.048   112.6 from  77 sources of intphas_2764o Ha
r1169830.fit  7.97  2.63 0.083   370.3 from 174 sources of intphas_2764o r
r1169831.fit  6.29  2.08 0.054   181.9 from 185 sources of intphas_2764o i
r1169832.fit  6.17  2.04 0.062    89.4 from 122 sources of intphas_2765 Ha
r1169833.fit  7.24  2.39 0.048   330.1 from 288 sources of intphas_2765 r
r1169834.fit  5.94  1.96 0.052   148.0 from 245 sources of intphas_2765 i
r1169835.fit  6.33  2.09 0.037    94.1 from 122 sources of intphas_2765o Ha
r1169836.fit  8.97  2.96 0.039   316.6 from 187 sources of intphas_2765o r
r1169837.fit  7.85  2.59 0.042   162.2 from 167 sources of intphas_2765o i
r1169838.fit  6.49  2.14 0.058    86.2 from  77 sources of intphas_2766 Ha
r1169839.fit  6.18  2.04 0.058   330.3 from 188 sources of intphas_2766 r
r1169840.fit  5.09  1.68 0.086   141.4 from 190 sources of intphas_2766 i
r1169841.fit  7.43  2.45 0.064    92.1 from  92 sources of intphas_2777 Ha
r1169842.fit  7.08  2.34 0.048   311.5 from 255 sources of intphas_2777 r
r1169843.fit  5.94  1.96 0.034   118.7 from 212 sources of intphas_2777 i
r1169844.fit  6.58  2.17 0.045    99.4 from  80 sources of intphas_2778 Ha
r1169845.fit  6.92  2.28 0.066   327.3 from 202 sources of intphas_2778 r
r1169846.fit  6.14  2.03 0.063   160.1 from 179 sources of intphas_2778 i
r1169847.fit  6.29  2.08 0.050    67.7 from  96 sources of intphas_2783 Ha
r1169848.fit  6.42  2.12 0.051   282.6 from 287 sources of intphas_2783 r
r1169849.fit  5.99  1.98 0.054   144.0 from 214 sources of intphas_2783 i
r1169850.fit  6.36  2.10 0.037    71.8 from 101 sources of intphas_2783o Ha
r1169851.fit  5.45  1.80 0.072   286.8 from 306 sources of intphas_2783o r
r1169852.fit  6.02  1.99 0.090   125.0 from 183 sources of intphas_2783o i
r1169853.fit  6.49  2.14 0.039    91.0 from  95 sources of intphas_2787 Ha
r1169854.fit  5.92  1.95 0.046   237.9 from 275 sources of intphas_2787 r
r1169855.fit  5.73  1.89 0.072   127.2 from 207 sources of intphas_2787 i
r1169856.fit  5.99  1.98 0.066    92.4 from 101 sources of intphas_2787o Ha
r1169857.fit  6.01  1.98 0.044   299.8 from 251 sources of intphas_2787o r
r1169858.fit  4.69  1.55 0.087   111.4 from 249 sources of intphas_2787o i
r1169859.fit  5.10  1.68 0.043    67.8 from 157 sources of intphas_2788 Ha
r1169860.fit  5.54  1.83 0.064   283.2 from 356 sources of intphas_2788 r
r1169861.fit  5.07  1.67 0.055   111.6 from 281 sources of intphas_2788 i
r1169862.fit  5.29  1.75 0.058    88.2 from 154 sources of intphas_2788o Ha
r1169863.fit  5.74  1.89 0.043   227.2 from 349 sources of intphas_2788o r
r1169864.fit  4.47  1.48 0.099   133.6 from 324 sources of intphas_2788o i
r1169865.fit  5.81  1.92 0.056    92.4 from  78 sources of intphas_2789 Ha
r1169866.fit  6.46  2.13 0.058   284.0 from 185 sources of intphas_2789 r
r1169867.fit  6.16  2.03 0.059   139.1 from 147 sources of intphas_2789 i
r1169868.fit  6.27  2.07 0.069    88.8 from  80 sources of intphas_2789o Ha
r1169869.fit  8.85  2.92 0.046   292.7 from 116 sources of intphas_2789o r
r1169870.fit  6.81  2.25 0.036   141.9 from 124 sources of intphas_2789o i
r1169871.fit  5.49  1.81 0.043    84.0 from 161 sources of intphas_2790 Ha
r1169872.fit  6.13  2.02 0.063   258.3 from 381 sources of intphas_2790 r
r1169873.fit  5.08  1.68 0.054   121.4 from 344 sources of intphas_2790 i
r1169874.fit  8.15  2.69 0.066    80.1 from  70 sources of intphas_2790o Ha
r1169875.fit  5.79  1.91 0.034   277.1 from 409 sources of intphas_2790o r
r1169876.fit  6.35  2.10 0.066   114.8 from 236 sources of intphas_2790o i
r1169877.fit  6.30  2.08 0.046    88.7 from 113 sources of intphas_2791 Ha
r1169878.fit  5.99  1.98 0.037   292.3 from 222 sources of intphas_2791 r
r1169879.fit  6.72  2.22 0.041   139.5 from 148 sources of intphas_2791 i
r1169880.fit  7.40  2.44 0.049    86.7 from  82 sources of intphas_2791o Ha
r1169881.fit  7.94  2.62 0.070   288.4 from 161 sources of intphas_2791o r
r1169882.fit  7.00  2.31 0.062   127.6 from 129 sources of intphas_2791o i
r1169883.fit  7.36  2.43 0.032   137.9 from  18 sources of SA95-271 Ha
r1169884.fit  6.47  2.14 0.028   116.3 from  19 sources of SA95-271 i
r1169885.fit  5.60  1.85 0.022   155.7 from  24 sources of SA95-271 r
r1169886.fit  5.51  1.82 0.047    75.8 from  37 sources of G191B2B r
r1169887.fit  9.25  3.05 0.036    70.1 from  18 sources of G191B2B i
r1169888.fit  6.47  2.14 0.033    68.9 from  23 sources of G191B2B Ha
r1169889.fit  6.07  2.00 0.047    82.2 from 145 sources of intphas_3161o Ha
r1169890.fit  7.04  2.32 0.032   284.6 from 284 sources of intphas_3161o r
r1169891.fit  6.53  2.15 0.048   133.0 from 220 sources of intphas_3161o i
r1169892.fit  7.31  2.41 0.085    82.0 from  69 sources of intphas_3162 Ha
r1169893.fit  7.43  2.45 0.023   281.5 from 168 sources of intphas_3162 r
r1169894.fit  6.22  2.05 0.060   116.3 from 171 sources of intphas_3162 i
r1169895.fit  7.37  2.43 0.034    85.0 from  74 sources of intphas_3162o Ha
r1169896.fit  7.37  2.43 0.067   278.1 from 172 sources of intphas_3162o r
r1169897.fit  6.49  2.14 0.087   125.5 from 154 sources of intphas_3162o i
r1169898.fit  6.71  2.21 0.047    79.1 from 133 sources of intphas_3164 Ha
r1169899.fit  6.37  2.10 0.051   271.8 from 351 sources of intphas_3164 r
r1169900.fit  5.86  1.93 0.073   124.8 from 281 sources of intphas_3164 i
r1169901.fit  7.41  2.45 0.044    82.1 from  97 sources of intphas_3164o Ha
r1169902.fit  6.15  2.03 0.041   273.8 from 331 sources of intphas_3164o r
r1169903.fit  5.96  1.97 0.049   131.7 from 241 sources of intphas_3164o i
r1169904.fit  6.83  2.25 0.073    76.8 from  99 sources of intphas_3167 Ha
r1169905.fit  6.47  2.14 0.051   274.3 from 301 sources of intphas_3167 r
r1169906.fit  7.00  2.31 0.048   128.7 from 180 sources of intphas_3167 i
r1169907.fit  6.37  2.10 0.040    82.9 from 126 sources of intphas_3167o Ha
r1169908.fit  6.72  2.22 0.039   265.1 from 307 sources of intphas_3167o r
r1169909.fit  9.83  3.24 0.041   139.9 from  62 sources of intphas_3167o i
r1169910.fit  8.68  2.86 0.030    80.4 from  41 sources of intphas_3171 Ha
r1169911.fit  9.53  3.14 0.021   273.8 from  89 sources of intphas_3171 r
r1169912.fit  8.44  2.79 0.026   134.5 from  75 sources of intphas_3171 i
r1169913.fit  8.81  2.91 0.042    80.6 from  48 sources of intphas_3171o Ha
r1169914.fit  8.81  2.91 0.029   275.2 from 102 sources of intphas_3171o r
r1169915.fit  8.81  2.91 0.028   140.5 from  73 sources of intphas_3171o i
r1169916.fit  7.69  2.54 0.035    80.6 from  51 sources of intphas_3171 Ha
r1169917.fit  8.05  2.66 0.043   272.2 from 119 sources of intphas_3171 r
r1169918.fit  9.69  3.20 0.049   139.2 from  60 sources of intphas_3171 i
r1169919.fit  7.96  2.63 0.033    78.6 from  59 sources of intphas_3171o Ha
r1169920.fit  8.59  2.83 0.037   269.5 from 102 sources of intphas_3171o r
r1169921.fit  7.69  2.54 0.032   137.2 from  91 sources of intphas_3171o i
r1169922.fit  8.52  2.81 0.024    85.6 from  58 sources of intphas_3172 Ha
r1169923.fit  4.19  1.38 0.078   344.1 from   4 sources of intphas_3172 r
r1169924.fit  9.70  3.20 0.043   136.9 from  80 sources of intphas_3172 i
r1169925.fit  8.06  2.66 0.040    75.0 from  54 sources of intphas_3173 Ha
r1169926.fit  7.92  2.61 0.022   266.5 from 125 sources of intphas_3173 r
r1169927.fit  7.34  2.42 0.052   131.4 from 112 sources of intphas_3173 i
r1169928.fit  9.72  3.21 0.019    82.3 from  31 sources of intphas_3174 Ha
r1169929.fit  7.84  2.59 0.049   270.5 from 202 sources of intphas_3174 r
r1169930.fit  7.90  2.61 0.031   138.8 from 137 sources of intphas_3174 i
r1169931.fit  6.78  2.24 0.034   123.1 from  81 sources of intphas_3183o Ha
r1169932.fit  6.71  2.21 0.034   296.1 from 255 sources of intphas_3183o r
r1169933.fit  6.04  1.99 0.045   149.4 from 207 sources of intphas_3183o i
r1169934.fit  7.85  2.59 0.032    76.3 from  55 sources of intphas_3188o Ha
r1169935.fit  8.98  2.96 0.021   268.3 from  91 sources of intphas_3188o r
r1169936.fit  8.26  2.73 0.037   121.1 from  81 sources of intphas_3188o i
r1169937.fit  7.15  2.36 0.022    79.4 from 111 sources of intphas_3189 Ha
r1169938.fit  6.66  2.20 0.035   272.3 from 289 sources of intphas_3189 r
r1169939.fit  6.43  2.12 0.049   136.1 from 194 sources of intphas_3189 i
r1169940.fit  7.89  2.60 0.031    89.2 from  91 sources of intphas_3189o Ha
r1169941.fit  8.21  2.71 0.041   313.2 from 222 sources of intphas_3189o r
r1169942.fit  6.86  2.26 0.030   151.7 from 195 sources of intphas_3189o i
r1169943.fit  8.35  2.76 0.021    78.3 from  63 sources of intphas_3190o Ha
r1169944.fit  8.54  2.82 0.036   268.7 from 156 sources of intphas_3190o r
r1169945.fit  7.28  2.40 0.051   123.2 from 141 sources of intphas_3190o i
r1169946.fit  7.91  2.61 0.028   118.0 from  97 sources of intphas_3189 Ha
r1169947.fit  6.48  2.14 0.033   308.4 from 325 sources of intphas_3189 r
r1169948.fit  7.09  2.34 0.037   190.5 from 186 sources of intphas_3189 i
r1169949.fit  6.64  2.19 0.028   126.2 from 125 sources of intphas_3189o Ha
r1169950.fit  6.87  2.27 0.041   300.2 from 293 sources of intphas_3189o r
r1169951.fit  6.78  2.24 0.041   196.5 from 192 sources of intphas_3189o i
r1169952.fit  6.93  2.29 0.034   123.9 from 116 sources of intphas_3192 Ha
r1169953.fit  7.31  2.41 0.028   302.5 from 285 sources of intphas_3192 r
r1169954.fit  8.47  2.80 0.027   187.8 from 152 sources of intphas_3192 i
r1169955.fit  8.15  2.69 0.034   125.5 from  76 sources of intphas_3196 Ha
r1169956.fit  5.91  1.95 0.036   296.4 from 322 sources of intphas_3196 r
r1169957.fit  5.58  1.84 0.056   158.9 from 249 sources of intphas_3196 i
r1169958.fit  6.29  2.08 0.038   128.4 from 109 sources of intphas_3196o Ha
r1169959.fit  7.86  2.59 0.051   327.4 from 209 sources of intphas_3196o r
r1169960.fit  4.91  1.62 0.047   205.2 from 299 sources of intphas_3196o i
r1169961.fit  7.07  2.33 0.023   129.6 from  75 sources of intphas_3200 Ha
r1169962.fit  7.39  2.44 0.055   310.1 from 169 sources of intphas_3200 r
r1169963.fit  7.39  2.44 0.034   200.2 from 131 sources of intphas_3200 i
r1169964.fit  6.09  2.01 0.034   121.2 from  90 sources of intphas_3200o Ha
r1169965.fit  6.08  2.01 0.064   319.6 from 209 sources of intphas_3200o r
r1169966.fit  6.49  2.14 0.061   202.1 from 137 sources of intphas_3200o i
r1169967.fit  6.42  2.12 0.027   126.2 from  83 sources of intphas_3204 Ha
r1169968.fit  7.66  2.53 0.030   319.9 from 145 sources of intphas_3204 r
r1169969.fit  7.54  2.49 0.045   206.8 from 109 sources of intphas_3204 i
r1169970.fit  6.27  2.07 0.027   115.0 from 114 sources of intphas_3206 Ha
r1169971.fit  7.00  2.31 0.036   331.8 from 282 sources of intphas_3206 r
r1169972.fit  6.75  2.23 0.048   191.4 from 194 sources of intphas_3206 i
r1169973.fit  7.71  2.54 0.032   120.4 from  93 sources of intphas_3206o Ha
r1169974.fit  5.43  1.79 0.041   325.6 from 384 sources of intphas_3206o r
r1169975.fit  5.44  1.80 0.042   211.6 from 258 sources of intphas_3206o i
r1169976.fit  5.88  1.94 0.036   121.4 from 122 sources of intphas_3209 Ha
r1169977.fit  6.89  2.27 0.049   316.1 from 280 sources of intphas_3209 r
r1169978.fit  4.75  1.57 0.061   200.6 from 327 sources of intphas_3209 i
r1169979.fit  5.37  1.77 0.028   122.3 from 136 sources of intphas_3209o Ha
r1169980.fit  5.84  1.93 0.065   334.7 from 349 sources of intphas_3209o r
r1169981.fit  5.87  1.94 0.026   201.0 from 217 sources of intphas_3209o i
r1169982.fit  5.13  1.69 0.025   133.5 from 143 sources of intphas_3234 Ha
r1169983.fit  4.94  1.63 0.043   291.7 from 374 sources of intphas_3234 r
r1169984.fit  4.16  1.37 0.039   184.3 from 351 sources of intphas_3234 i
r1169985.fit  4.91  1.62 0.034   129.8 from 124 sources of intphas_3234o Ha
r1169986.fit  4.64  1.53 0.033   337.4 from 366 sources of intphas_3234o r
r1169987.fit  5.92  1.95 0.032   221.4 from 173 sources of intphas_3234o i
r1169988.fit  5.73  1.89 0.053   122.6 from 142 sources of intphas_3265 Ha
r1169989.fit  5.91  1.95 0.055   313.3 from 344 sources of intphas_3265 r
r1169990.fit  5.41  1.79 0.069   202.2 from 257 sources of intphas_3265 i
r1169991.fit  5.53  1.82 0.058   121.2 from 166 sources of intphas_3266 Ha
r1169992.fit  5.36  1.77 0.048   307.4 from 385 sources of intphas_3266 r
r1169993.fit  5.06  1.67 0.051   152.8 from 284 sources of intphas_3266 i
r1169994.fit  4.87  1.61 0.043    67.4 from  47 sources of G191B2B Ha
r1169995.fit  4.68  1.54 0.091    71.7 from  66 sources of G191B2B i
r1169996.fit  5.44  1.80 0.104    82.5 from  45 sources of G191B2B r
r1169997.fit  5.55  1.83 0.056    73.0 from  70 sources of SA98-650 r
r1169998.fit  5.17  1.71 0.038    72.3 from  90 sources of SA98-650 i
r1169999.fit  4.69  1.55 0.036    71.7 from 110 sources of SA98-650 i
r1170000.fit  4.93  1.63 0.063    63.4 from  61 sources of SA98-650 Ha
r1170001.fit  5.02  1.66 0.042   121.7 from  95 sources of intphas_3188o Ha
r1170002.fit  4.51  1.49 0.045   296.9 from 236 sources of intphas_3188o r
r1170003.fit  4.27  1.41 0.110   199.1 from 212 sources of intphas_3188o i
r1170004.fit  5.45  1.80 0.039   116.8 from 159 sources of intphas_3266o Ha
r1170005.fit  5.48  1.81 0.034   274.5 from 396 sources of intphas_3266o r
r1170006.fit  3.83  1.26 0.051   191.7 from 442 sources of intphas_3266o i
r1170007.fit  5.48  1.81 0.063   116.7 from 152 sources of intphas_3267 Ha
r1170008.fit  5.45  1.80 0.027   282.3 from 360 sources of intphas_3267 r
r1170009.fit  5.33  1.76 0.065   184.0 from 272 sources of intphas_3267 i
r1170010.fit  5.26  1.74 0.036   111.3 from 133 sources of intphas_3267o Ha
r1170011.fit  5.44  1.80 0.031   270.9 from 342 sources of intphas_3267o r
r1170012.fit  4.84  1.60 0.050   195.4 from 272 sources of intphas_3267o i
r1170013.fit  5.18  1.71 0.036   109.0 from 163 sources of intphas_3279 Ha
r1170014.fit  4.90  1.62 0.042   273.3 from 463 sources of intphas_3279 r
r1170015.fit  5.03  1.66 0.037   165.6 from 290 sources of intphas_3279 i
r1170016.fit  5.27  1.74 0.032    99.7 from 156 sources of intphas_3279o Ha
r1170017.fit  4.98  1.64 0.056   263.2 from 462 sources of intphas_3279o r
r1170018.fit  4.79  1.58 0.047   165.6 from 318 sources of intphas_3279o i
r1170019.fit  5.29  1.75 0.050   102.2 from 183 sources of intphas_3280 Ha
r1170020.fit  5.29  1.75 0.054   244.7 from 491 sources of intphas_3280 r
r1170021.fit  4.48  1.48 0.062   193.5 from 433 sources of intphas_3280 i
r1170022.fit  5.53  1.82 0.047   109.2 from 152 sources of intphas_3280o Ha
r1170023.fit  4.81  1.59 0.046   186.5 from 538 sources of intphas_3280o r
r1170024.fit  5.02  1.66 0.038   182.0 from 308 sources of intphas_3280o i
r1170025.fit  6.10  2.01 0.036   107.0 from  98 sources of intphas_3329 Ha
r1170026.fit  5.68  1.87 0.062   239.7 from 320 sources of intphas_3329 r
r1170027.fit  4.73  1.56 0.052   161.0 from 318 sources of intphas_3329 i
r1170028.fit  5.35  1.77 0.048   102.2 from 103 sources of intphas_3329o Ha
r1170029.fit  5.28  1.74 0.045   222.4 from 335 sources of intphas_3329o r
r1170030.fit  6.38  2.11 0.033   194.2 from 175 sources of intphas_3329o i
r1170031.fit  6.61  2.18 0.033   100.3 from  82 sources of intphas_3331 Ha
r1170032.fit  6.12  2.02 0.043   204.3 from 229 sources of intphas_3331 r
r1170033.fit  6.41  2.12 0.062   188.4 from 183 sources of intphas_3331 i
r1170034.fit  5.60  1.85 0.039    93.6 from 116 sources of intphas_3331o Ha
r1170035.fit  4.77  1.57 0.045   187.6 from 348 sources of intphas_3331o r
r1170036.fit  5.11  1.69 0.083   169.6 from 240 sources of intphas_3331o i
r1170037.fit  6.60  2.18 0.053    85.6 from 104 sources of intphas_3333 Ha
r1170038.fit  5.80  1.91 0.036   183.3 from 338 sources of intphas_3333 r
r1170039.fit  5.30  1.75 0.076   152.8 from 269 sources of intphas_3333 i
r1170040.fit  6.53  2.15 0.024    79.4 from 115 sources of intphas_3333o Ha
r1170041.fit  6.07  2.00 0.045   170.7 from 307 sources of intphas_3333o r
r1170042.fit  5.15  1.70 0.036   137.0 from 283 sources of intphas_3333o i
r1170043.fit  5.69  1.88 0.026    82.0 from 161 sources of intphas_3334 Ha
r1170044.fit  7.99  2.64 0.072   185.8 from 276 sources of intphas_3334 r
r1170045.fit  5.10  1.68 0.037   167.0 from 342 sources of intphas_3334 i
r1170046.fit  7.26  2.40 0.031    88.2 from 101 sources of intphas_3334o Ha
r1170047.fit  6.57  2.17 0.042   188.0 from 320 sources of intphas_3334o r
r1170048.fit  6.41  2.12 0.033   191.2 from 217 sources of intphas_3334o i
r1170049.fit  7.37  2.43 0.057    89.2 from  96 sources of intphas_3335 Ha
r1170050.fit  5.97  1.97 0.032   189.8 from 396 sources of intphas_3335 r
r1170051.fit  5.83  1.92 0.065   194.0 from 250 sources of intphas_3335 i
r1170052.fit  5.97  1.97 0.042    85.6 from 123 sources of intphas_3335o Ha
r1170053.fit  6.21  2.05 0.076   199.2 from 351 sources of intphas_3335o r
r1170054.fit  5.85  1.93 0.064   184.5 from 264 sources of intphas_3335o i
r1170055.fit  6.09  2.01 0.046    93.8 from 112 sources of intphas_3642 Ha
r1170056.fit  6.90  2.28 0.047   183.7 from 213 sources of intphas_3642 r
r1170057.fit  5.19  1.71 0.041   192.2 from 239 sources of intphas_3642 i
r1170058.fit  7.67  2.53 0.034    87.6 from  66 sources of intphas_3648 Ha
r1170059.fit  6.42  2.12 0.049   191.8 from 277 sources of intphas_3648 r
r1170060.fit  4.95  1.63 0.065   169.6 from 289 sources of intphas_3648 i
r1170061.fit  6.75  2.23 0.049    88.6 from  89 sources of intphas_3648o Ha
r1170062.fit  7.37  2.43 0.056   193.9 from 215 sources of intphas_3648o r
r1170063.fit  6.31  2.08 0.041   205.6 from 205 sources of intphas_3648o i
r1170064.fit  6.50  2.15 0.048    91.8 from  83 sources of intphas_3649o Ha
r1170065.fit  7.50  2.48 0.036   203.5 from 139 sources of intphas_3649o r
r1170066.fit  6.13  2.02 0.029   199.6 from 147 sources of intphas_3649o i
r1170067.fit  6.06  2.00 0.032    89.3 from  96 sources of intphas_3664 Ha
r1170068.fit  6.59  2.17 0.037   204.1 from 203 sources of intphas_3664 r
r1170069.fit  6.95  2.29 0.043   200.7 from 149 sources of intphas_3664 i
r1170070.fit  6.81  2.25 0.043    93.0 from  77 sources of intphas_3664o Ha
r1170071.fit  6.15  2.03 0.069   206.3 from 186 sources of intphas_3664o r
r1170072.fit  5.33  1.76 0.062   209.2 from 201 sources of intphas_3664o i
r1170073.fit  5.47  1.81 0.049    65.2 from  86 sources of RUBIN149B Ha
r1170074.fit  6.15  2.03 0.063   119.4 from 164 sources of RUBIN149B r
r1170075.fit  4.62  1.52 0.099    78.8 from  87 sources of RUBIN149B i
r1170076.fit  5.12  1.69 0.039   208.0 from  61 sources of GD108 i
r1170077.fit  7.39  2.44 0.045   153.8 from  38 sources of GD108 r
r1170078.fit  7.30  2.41 0.098    78.2 from  18 sources of GD108 Ha
r1170079.fit  4.58  1.51 0.049   432.9 from 111 sources of GD108 r
r1170080.fit  6.90  2.28 0.024   254.1 from  34 sources of GD108 KPB
r1170081.fit  5.74  1.89 0.054   263.8 from  39 sources of 67P B 30
r1170082.fit  5.57  1.84 0.088   518.7 from  55 sources of 67P r 30
r1170083.fit  4.18  1.38 0.037  4347.2 from  23 sources of 67P r 460
r1170084.fit  4.15  1.37 0.048  3564.8 from  21 sources of 67P r 460
r1170085.fit  1.38  0.46 0.062  4689.1 from  20 sources of 67P r 460
r1170086.fit  4.19  1.38 0.089  1406.7 from  15 sources of 67P B 460
r1170087.fit  4.19  1.38 0.091  1360.0 from  21 sources of 67P B 460
r1170088.fit  4.27  1.41 0.085  1375.6 from  16 sources of 67P B 460
r1170089.fit  5.78  1.91 0.087   192.8 from  22 sources of SA104 B
r1170090.fit  4.94  1.63 0.034   283.4 from  28 sources of SA104 r
r1170091.fit is not a target (BIAS)
r1170092.fit is not a target (BIAS)
r1170093.fit is not a target (BIAS)
r1170094.fit is not a target (BIAS)
r1170095.fit is not a target (BIAS)
r1170096.fit is not a target (BIAS)
r1170097.fit is not a target (BIAS)
r1170098.fit is not a target (BIAS)
r1170099.fit is not a target (BIAS)
r1170100.fit is not a target (BIAS)
r1170101.fit is not a target (BIAS)
r1170102.fit is not a target (BIAS)
