r1166486.fit is not a target (BIAS)
r1166487.fit is not a target (BIAS)
r1166488.fit is not a target (BIAS)
r1166489.fit is not a target (BIAS)
r1166490.fit is not a target (BIAS)
r1166491.fit is not a target (BIAS)
r1166492.fit is not a target (BIAS)
r1166493.fit is not a target (BIAS)
r1166494.fit is not a target (BIAS)
r1166495.fit is not a target (BIAS)
r1166496.fit is not a target (BIAS)
r1166497.fit is not a target (BIAS)
r1166498.fit is not a target (BIAS)
r1166499.fit is not a target (BIAS)
r1166500.fit is not a target (BIAS)
r1166501.fit is not a target (BIAS)
r1166502.fit is not a target (BIAS)
r1166503.fit is not a target (BIAS)
r1166504.fit is not a target (BIAS)
r1166505.fit is not a target (BIAS)
r1166506.fit is not a target (BIAS)
r1166507.fit is not a target (BIAS)
r1166508.fit is not a target (BIAS)
r1166509.fit is not a target (BIAS)
r1166510.fit is not a target (BIAS)
r1166511.fit is not a target (BIAS)
r1166512.fit is not a target (BIAS)
r1166513.fit is not a target (BIAS)
r1166514.fit is not a target (BIAS)
r1166515.fit is not a target (BIAS)
r1166516.fit is not a target (SKY)
r1166517.fit is not a target (SKY)
r1166518.fit is not a target (SKY)
r1166519.fit is not a target (SKY)
r1166520.fit is not a target (SKY)
r1166521.fit is not a target (SKY)
r1166522.fit is not a target (SKY)
r1166523.fit is not a target (SKY)
r1166524.fit is not a target (SKY)
r1166525.fit is not a target (SKY)
r1166526.fit is not a target (SKY)
r1166527.fit is not a target (SKY)
r1166528.fit is not a target (SKY)
r1166529.fit is not a target (SKY)
r1166530.fit is not a target (SKY)
r1166531.fit is not a target (SKY)
r1166532.fit is not a target (SKY)
r1166533.fit is not a target (SKY)
r1166534.fit is not a target (SKY)
r1166535.fit is not a target (SKY)
r1166536.fit is not a target (SKY)
r1166537.fit is not a target (SKY)
r1166538.fit is not a target (SKY)
r1166539.fit is not a target (SKY)
r1166540.fit is not a target (SKY)
r1166541.fit is not a target (SKY)
r1166542.fit is not a target (SKY)
r1166543.fit is not a target (SKY)
r1166544.fit is not a target (SKY)
r1166545.fit is not a target (SKY)
r1166546.fit is not a target (SKY)
r1166547.fit is not a target (SKY)
r1166548.fit is not a target (SKY)
r1166549.fit is not a target (SKY)
r1166550.fit is not a target (FOCUS)
r1166551.fit  4.04  1.33 0.050   479.9 from  53 sources of GD248
r1166552.fit  4.02  1.33 0.039   349.3 from  52 sources of GD248
r1166553.fit  3.80  1.25 0.053   568.7 from 116 sources of GD248
r1166554.fit  3.67  1.21 0.072   444.1 from 119 sources of GD248
r1166555.fit  3.75  1.24 0.077   344.3 from 151 sources of GD248
r1166556.fit  3.57  1.18 0.063   316.3 from 149 sources of GD248
r1166557.fit  3.53  1.16 0.075   363.2 from 155 sources of GD248
r1166558.fit  3.37  1.11 0.070   296.4 from 169 sources of GD248
r1166559.fit  3.49  1.15 0.061    96.0 from  85 sources of GD248
r1166560.fit  3.36  1.11 0.057    79.0 from  98 sources of GD248
r1166561.fit  4.96  1.64 0.102    11.8 from  14 sources of FEIGE22
r1166562.fit  4.65  1.53 0.080    14.5 from  16 sources of FEIGE22
r1166563.fit  4.85  1.60 0.070    23.3 from  18 sources of FEIGE22
r1166564.fit  4.30  1.42 0.071    21.6 from  21 sources of FEIGE22
r1166565.fit  4.22  1.39 0.107    45.1 from  31 sources of FEIGE22
r1166566.fit  4.72  1.56 0.079    47.1 from  25 sources of FEIGE22
r1166567.fit  4.20  1.39 0.094    66.2 from  30 sources of FEIGE22
r1166568.fit  4.03  1.33 0.061    64.8 from  30 sources of FEIGE22
r1166569.fit  4.26  1.41 0.055    21.5 from  20 sources of FEIGE22
r1166570.fit  4.23  1.40 0.082    21.7 from  20 sources of FEIGE22
r1166571.fit  4.22  1.39 0.119    68.6 from  19 sources of 2010HG20_T
r1166573.fit  4.16  1.37 0.093   385.6 from 123 sources of 2010HG20_T
r1166574.fit  4.55  1.50 0.122   331.9 from 103 sources of 2010HG20_T
r1166575.fit  4.51  1.49 0.104   316.0 from 112 sources of 2010HG20_T
r1166576.fit  4.95  1.63 0.132   382.1 from  62 sources of 2010HG20_T
r1166577.fit  4.59  1.51 0.104   379.1 from  89 sources of 2010HG20_T
r1166578.fit  4.45  1.47 0.110   377.7 from 105 sources of 2010HG20_T
r1166579.fit  4.71  1.55 0.124   378.5 from  75 sources of 2010HG20_T
r1166580.fit  4.70  1.55 0.123   376.0 from  76 sources of 2010HG20_T
r1166581.fit  4.14  1.37 0.065   367.6 from 143 sources of 2010HG20_B
r1166582.fit  4.51  1.49 0.115   372.5 from 106 sources of 2010HG20_B
r1166583.fit  4.85  1.60 0.123   372.7 from  93 sources of 2010HG20_B
r1166584.fit  5.00  1.65 0.108   372.9 from  90 sources of 2010HG20_B
r1166585.fit  4.34  1.43 0.100   317.6 from 119 sources of 2010HG20_B
r1166586.fit  5.53  1.82 0.115   395.5 from  20 sources of 2010HG20_B
r1166587.fit  3.82  1.26 0.073   279.3 from 155 sources of 2010HG20_B
r1166588.fit  4.03  1.33 0.076   375.6 from 137 sources of 2010HG20_B
r1166589.fit  5.76  1.90 0.142   361.3 from  12 sources of 2005QF88_L
r1166590.fit  4.24  1.40 0.083   336.1 from 107 sources of 2005QF88_L
r1166591.fit  4.58  1.51 0.117   346.5 from  70 sources of 2005QF88_L
r1166592.fit  4.35  1.44 0.073   305.1 from 110 sources of 2005QF88_L
r1166593.fit  5.61  1.85 0.118   354.3 from  26 sources of 2005QF88_L
r1166594.fit  4.16  1.37 0.068   331.5 from 116 sources of 2005QF88_L
r1166595.fit  5.07  1.67 0.121   360.1 from  38 sources of 2005QF88_L
r1166596.fit  4.38  1.45 0.083   335.0 from  98 sources of 2005QF88_L
r1166597.fit  4.33  1.43 0.126   345.7 from  55 sources of 2005QF88_R
r1166598.fit  4.16  1.37 0.065   353.9 from 104 sources of 2005QF88_R
r1166599.fit  4.26  1.41 0.122   400.8 from  43 sources of 2005QF88_R
r1166600.fit  4.25  1.40 0.054   387.6 from  86 sources of 2005QF88_R
r1166601.fit  4.80  1.58 0.090   451.9 from  27 sources of 2005QF88_R
r1166602.fit  4.16  1.37 0.070   457.0 from  30 sources of 2005QF88_R
r1166603.fit  4.38  1.45 0.124   447.9 from  43 sources of 2005QF88_R
r1166604.fit  3.93  1.30 0.049   401.0 from  75 sources of 2005QF88_R
r1166605.fit  4.58  1.51 0.043   361.8 from  78 sources of EUMV081
r1166606.fit  4.42  1.46 0.094   352.0 from  93 sources of EUMV081
r1166607.fit  4.27  1.41 0.061   352.1 from 104 sources of EUMV081
r1166608.fit  4.50  1.49 0.065   351.9 from 102 sources of EUMV081
r1166609.fit  4.28  1.41 0.046   373.2 from  86 sources of EUMV081
r1166610.fit  4.74  1.56 0.119   372.5 from  59 sources of EUMV081
r1166611.fit  4.04  1.33 0.071    25.0 from 113 sources of intphas_1386 Ha
r1166612.fit  3.88  1.28 0.099   101.2 from 216 sources of intphas_1386 r
r1166613.fit  3.59  1.18 0.099    90.0 from 234 sources of intphas_1386 i
r1166614.fit  3.80  1.25 0.070    33.1 from  92 sources of intphas_1386o Ha
r1166615.fit  3.73  1.23 0.080   102.7 from 232 sources of intphas_1386o r
r1166616.fit  3.51  1.16 0.101   102.0 from 213 sources of intphas_1386o i
r1166617.fit  4.65  1.53 0.055    38.6 from  52 sources of intphas_1387 Ha
r1166618.fit  4.60  1.52 0.043   163.9 from  77 sources of intphas_1387 r
r1166619.fit  4.17  1.38 0.092   132.2 from  66 sources of intphas_1387 i
r1166620.fit  4.00  1.32 0.036    36.0 from  15 sources of intphas_1391 Ha
r1166621.fit  4.27  1.41 0.109   153.7 from  54 sources of intphas_1391 r
r1166622.fit  4.11  1.36 0.083   120.5 from  48 sources of intphas_1391 i
r1166623.fit  4.22  1.39 0.112    34.4 from  29 sources of intphas_1391o Ha
r1166624.fit  4.11  1.36 0.065   143.2 from  88 sources of intphas_1391o r
r1166625.fit  3.52  1.16 0.078   110.9 from 171 sources of intphas_1391o i
r1166626.fit  3.85  1.27 0.070    25.2 from  88 sources of intphas_1393 Ha
r1166627.fit  4.00  1.32 0.063   121.3 from 202 sources of intphas_1393 r
r1166628.fit  3.69  1.22 0.046    98.8 from 187 sources of intphas_1393 i
r1166629.fit  3.82  1.26 0.075    34.8 from  29 sources of intphas_1393o Ha
r1166630.fit  3.64  1.20 0.064   153.8 from  82 sources of intphas_1393o r
r1166631.fit  3.30  1.09 0.072   118.0 from  70 sources of intphas_1393o i
r1166632.fit  3.45  1.14 0.090    38.4 from  51 sources of intphas_1395 Ha
r1166633.fit  3.96  1.31 0.087   142.4 from 104 sources of intphas_1395 r
r1166634.fit  3.60  1.19 0.079   104.7 from 133 sources of intphas_1395 i
r1166635.fit  3.88  1.28 0.090    33.2 from  84 sources of intphas_1395o Ha
r1166636.fit  3.76  1.24 0.092   114.9 from 168 sources of intphas_1395o r
r1166637.fit  3.43  1.13 0.064    96.6 from 179 sources of intphas_1395o i
r1166638.fit  3.60  1.19 0.069    31.4 from 155 sources of intphas_1396 Ha
r1166639.fit  3.55  1.17 0.079   117.2 from 249 sources of intphas_1396 r
r1166640.fit  3.44  1.14 0.101    94.3 from 398 sources of intphas_1396 i
r1166641.fit  3.68  1.21 0.069    78.7 from 101 sources of intphas_1395o Ha
r1166642.fit  3.56  1.17 0.077   147.8 from 211 sources of intphas_1395o r
r1166643.fit  3.65  1.20 0.073   128.0 from 190 sources of intphas_1395o i
r1166644.fit  4.37  1.44 0.059    68.6 from 131 sources of intphas_1396 Ha
r1166645.fit  4.87  1.61 0.071   129.8 from 248 sources of intphas_1396 r
r1166646.fit  4.70  1.55 0.064   133.4 from 242 sources of intphas_1396 i
r1166647.fit  5.51  1.82 0.035    78.3 from  19 sources of GD248
r1166648.fit  6.13  2.02 0.044    86.2 from  25 sources of GD248
r1166649.fit  6.27  2.07 0.042   171.0 from  80 sources of GD248
r1166650.fit  5.93  1.96 0.032   150.7 from  82 sources of GD248
r1166651.fit  5.55  1.83 0.040   321.2 from  91 sources of GD248
r1166652.fit  6.10  2.01 0.055   318.8 from  93 sources of GD248
r1166653.fit  4.94  1.63 0.052   399.2 from 110 sources of GD248
r1166654.fit  3.76  1.24 0.053   414.1 from 142 sources of GD248
r1166655.fit  4.80  1.58 0.104    90.1 from  53 sources of GD248
r1166656.fit  5.51  1.82 0.141    94.0 from  24 sources of GD248
r1166657.fit  3.72  1.23 0.031    54.7 from  18 sources of FEIGE22
r1166658.fit  3.35  1.11 0.055    54.6 from  22 sources of FEIGE22
r1166659.fit  3.32  1.10 0.062    59.9 from  27 sources of FEIGE22
r1166660.fit  2.95  0.97 0.026    60.5 from  26 sources of FEIGE22
r1166661.fit  2.87  0.95 0.066    73.7 from  41 sources of FEIGE22
r1166662.fit  2.80  0.92 0.040    74.5 from  41 sources of FEIGE22
r1166663.fit  2.91  0.96 0.051    89.6 from  37 sources of FEIGE22
r1166664.fit  2.82  0.93 0.044    75.7 from  41 sources of FEIGE22
r1166665.fit  3.15  1.04 0.066    60.9 from  25 sources of FEIGE22
r1166666.fit  2.96  0.98 0.044    60.8 from  27 sources of FEIGE22
r1166667.fit  3.46  1.14 0.069    77.6 from 197 sources of intphas_1396o Ha
r1166668.fit  3.74  1.23 0.059   136.1 from 367 sources of intphas_1396o r
r1166669.fit  3.49  1.15 0.106   117.0 from 321 sources of intphas_1396o i
r1166670.fit  3.37  1.11 0.067    66.1 from 165 sources of intphas_1398 Ha
r1166671.fit  3.96  1.31 0.074   128.1 from 286 sources of intphas_1398 r
r1166672.fit  3.94  1.30 0.057   108.6 from 238 sources of intphas_1398 i
r1166673.fit  3.87  1.28 0.069    72.8 from 129 sources of intphas_1398o Ha
r1166674.fit  3.48  1.15 0.076   137.6 from 359 sources of intphas_1398o r
r1166675.fit  3.44  1.14 0.093   124.7 from 299 sources of intphas_1398o i
r1166676.fit  3.75  1.24 0.059    68.7 from 104 sources of intphas_1399 Ha
r1166677.fit  3.61  1.19 0.073   124.3 from 284 sources of intphas_1399 r
r1166678.fit  3.91  1.29 0.047   105.0 from 210 sources of intphas_1399 i
r1166679.fit  4.15  1.37 0.053    70.8 from  96 sources of intphas_1399o Ha
r1166680.fit  4.44  1.47 0.043   140.3 from 221 sources of intphas_1399o r
r1166681.fit  4.30  1.42 0.047   111.4 from 208 sources of intphas_1399o i
r1166682.fit  5.05  1.67 0.042    66.2 from 116 sources of intphas_1400 Ha
r1166683.fit  6.78  2.24 0.040   134.9 from 197 sources of intphas_1400 r
r1166684.fit  5.26  1.74 0.069   115.9 from 254 sources of intphas_1400 i
r1166685.fit  5.18  1.71 0.098    70.8 from 114 sources of intphas_1400o Ha
r1166686.fit  4.25  1.40 0.050   122.3 from 419 sources of intphas_1400o r
r1166687.fit  3.89  1.28 0.088   116.4 from 380 sources of intphas_1400o i
r1166688.fit  3.92  1.29 0.033    78.6 from 112 sources of intphas_1401 Ha
r1166689.fit  4.03  1.33 0.040   140.5 from 220 sources of intphas_1401 r
r1166690.fit  3.83  1.26 0.056   116.2 from 223 sources of intphas_1401 i
r1166691.fit  4.80  1.58 0.057   107.8 from 505 sources of uvex_3749 r
r1166692.fit  5.70  1.88 0.094    42.8 from  86 sources of uvex_3749 U
r1166693.fit  4.91  1.62 0.075    60.9 from 393 sources of uvex_3749 g
r1166694.fit  4.78  1.58 0.074   122.9 from 543 sources of uvex_3749o r
r1166695.fit  4.92  1.62 0.100    46.8 from 117 sources of uvex_3749o U
r1166696.fit  4.80  1.58 0.090    70.8 from 432 sources of uvex_3749o g
r1166697.fit  4.62  1.52 0.096   116.8 from 484 sources of uvex_3758 r
r1166698.fit  4.59  1.51 0.113    44.3 from  94 sources of uvex_3758 U
r1166699.fit  4.47  1.48 0.088    68.5 from 337 sources of uvex_3758 g
r1166700.fit  4.32  1.43 0.105   120.1 from 470 sources of uvex_3758o r
r1166701.fit  4.67  1.54 0.120    46.6 from  78 sources of uvex_3758o U
r1166702.fit  4.54  1.50 0.095    64.2 from 294 sources of uvex_3758o g
r1166703.fit  4.26  1.41 0.081   126.6 from 293 sources of uvex_3760 r
r1166704.fit  4.75  1.57 0.124    62.4 from  66 sources of uvex_3760 U
r1166705.fit  4.47  1.48 0.108    77.3 from 179 sources of uvex_3760 g
r1166706.fit  4.11  1.36 0.067   135.5 from 281 sources of uvex_3760o r
r1166707.fit  4.71  1.55 0.093    63.9 from  56 sources of uvex_3760o U
r1166708.fit  4.59  1.51 0.093    75.0 from 145 sources of uvex_3760o g
r1166709.fit  4.25  1.40 0.074   121.7 from 512 sources of uvex_3761 r
r1166710.fit  4.71  1.55 0.115    49.3 from  92 sources of uvex_3761 U
r1166711.fit  4.14  1.37 0.060    69.3 from 346 sources of uvex_3761 g
r1166712.fit  3.99  1.32 0.094   101.4 from 603 sources of uvex_3761o r
r1166713.fit  4.59  1.51 0.134    54.8 from  70 sources of uvex_3761o U
r1166714.fit  4.16  1.37 0.115    75.1 from 345 sources of uvex_3761o g
r1166715.fit  4.45  1.47 0.063    69.7 from 487 sources of uvex_3762 r
r1166716.fit  4.61  1.52 0.134    53.4 from 118 sources of uvex_3762 U
r1166717.fit  3.78  1.25 0.066    76.2 from 511 sources of uvex_3762 g
r1166718.fit  3.54  1.17 0.095   112.8 from 803 sources of uvex_3762o r
r1166719.fit  4.17  1.38 0.094    49.8 from 166 sources of uvex_3762o U
r1166720.fit  4.00  1.32 0.090    71.3 from 305 sources of uvex_3762o g
r1166721.fit  3.77  1.24 0.068   100.4 from 785 sources of uvex_3762 r
r1166722.fit  4.02  1.33 0.087    48.4 from 181 sources of uvex_3762 U
r1166723.fit  3.88  1.28 0.103    56.1 from 542 sources of uvex_3762 g
r1166725.fit  3.54  1.17 0.067   111.5 from 837 sources of uvex_3763 r
r1166726.fit  4.24  1.40 0.074    54.3 from 155 sources of uvex_3763 U
r1166727.fit  3.80  1.25 0.082    64.5 from 578 sources of uvex_3763 g
r1166728.fit  3.73  1.23 0.073   121.3 from 780 sources of uvex_3763o r
r1166729.fit  4.17  1.38 0.090    57.4 from 152 sources of uvex_3763o U
r1166730.fit  3.83  1.26 0.092    73.0 from 545 sources of uvex_3763o g
r1166731.fit  4.12  1.36 0.105    54.9 from  55 sources of SA98-650
r1166732.fit  3.57  1.18 0.098    56.4 from  79 sources of SA98-650
r1166733.fit  3.60  1.19 0.075    53.8 from  79 sources of SA98-650
r1166734.fit  3.28  1.08 0.093    53.0 from  89 sources of SA98-650
r1166735.fit  3.29  1.09 0.086    57.8 from 151 sources of SA98-650
r1166736.fit  3.17  1.05 0.102    54.2 from 152 sources of SA98-650
r1166737.fit  3.69  1.22 0.062    63.3 from 166 sources of SA98-650
r1166738.fit  2.95  0.97 0.077    64.8 from 208 sources of SA98-650
r1166739.fit  3.78  1.25 0.035    56.9 from  99 sources of SA98-650
r1166740.fit  3.19  1.05 0.085    55.1 from 133 sources of SA98-650
r1166741.fit  3.95  1.30 0.084    56.6 from   8 sources of SA95-271
r1166742.fit  3.83  1.26 0.039   104.6 from  28 sources of SA95-271
r1166743.fit  3.83  1.26 0.041   105.0 from  26 sources of SA95-271
r1166744.fit  3.02  1.00 0.037    66.4 from  40 sources of SA95-271
r1166745.fit  3.61  1.19 0.033    66.5 from  31 sources of SA95-271
r1166746.fit  2.90  0.96 0.047    90.6 from  49 sources of SA95-271
r1166747.fit  3.47  1.15 0.035    92.0 from  40 sources of SA95-271
r1166748.fit  3.18  1.05 0.059   102.1 from  52 sources of SA95-271
r1166749.fit  3.09  1.02 0.042   102.6 from  54 sources of SA95-271
r1166750.fit  3.88  1.28 0.089    99.7 from  55 sources of SA95-271
r1166751.fit  4.32  1.43 0.122    99.9 from  51 sources of SA95-271
r1166752.fit  3.28  1.08 0.052   135.1 from 923 sources of uvex_3763 r
r1166753.fit  3.53  1.16 0.067    84.2 from 209 sources of uvex_3763 U
r1166754.fit  3.38  1.12 0.082   123.6 from 349 sources of uvex_3763 g
r1166755.fit  3.08  1.02 0.073   171.7 from 606 sources of uvex_3763o r
r1166756.fit  3.78  1.25 0.069    92.9 from  74 sources of uvex_3763o U
r1166757.fit  3.27  1.08 0.055   110.0 from 391 sources of uvex_3763o g
r1166758.fit  3.19  1.05 0.070   186.9 from 616 sources of uvex_3771 r
r1166759.fit  4.06  1.34 0.105   104.7 from 175 sources of uvex_3771 U
r1166760.fit  3.39  1.12 0.048   112.1 from 437 sources of uvex_3771 g
r1166761.fit  3.37  1.11 0.077   206.5 from 277 sources of uvex_3771o r
r1166762.fit  3.81  1.26 0.062   100.3 from 157 sources of uvex_3771o U
r1166763.fit  3.41  1.13 0.062   127.4 from 258 sources of uvex_3771o g
r1166764.fit  2.98  0.98 0.079   171.6 from 398 sources of uvex_3774 r
r1166765.fit  3.82  1.26 0.054   102.1 from  60 sources of uvex_3774 U
r1166766.fit  3.42  1.13 0.051   119.1 from 196 sources of uvex_3774 g
r1166767.fit  3.02  1.00 0.083   161.3 from 479 sources of uvex_3774o r
r1166768.fit  4.10  1.35 0.047    98.6 from  71 sources of uvex_3774o U
r1166769.fit  3.36  1.11 0.069   104.0 from 255 sources of uvex_3774o g
r1166770.fit  2.95  0.97 0.067   150.2 from 951 sources of uvex_3775 r
r1166771.fit  3.74  1.23 0.065    87.5 from 159 sources of uvex_3775 U
r1166772.fit  3.24  1.07 0.068    99.5 from 658 sources of uvex_3775 g
r1166773.fit  2.88  0.95 0.062   148.9 from 1097 sources of uvex_3775o r
r1166774.fit  3.64  1.20 0.049    87.8 from 180 sources of uvex_3775o U
r1166775.fit  3.15  1.04 0.065    99.9 from 663 sources of uvex_3775o g
r1166776.fit  3.14  1.04 0.072   160.9 from 662 sources of uvex_3778 r
r1166777.fit  3.65  1.20 0.061    93.0 from 165 sources of uvex_3778 U
r1166778.fit  3.33  1.10 0.069   102.3 from 434 sources of uvex_3778 g
r1166779.fit  3.29  1.09 0.066   144.3 from 668 sources of uvex_3778o r
r1166780.fit  3.52  1.16 0.054    83.1 from 174 sources of uvex_3778o U
r1166781.fit  3.18  1.05 0.049   100.6 from 446 sources of uvex_3778o g
r1166782.fit  3.20  1.06 0.047   149.9 from 566 sources of uvex_3786 r
r1166783.fit  3.47  1.15 0.043    85.4 from 112 sources of uvex_3786 U
r1166784.fit  3.09  1.02 0.054    94.8 from 374 sources of uvex_3786 g
r1166785.fit  2.99  0.99 0.082   163.3 from 534 sources of uvex_3786o r
r1166786.fit  3.27  1.08 0.062    99.0 from  95 sources of uvex_3786o U
r1166787.fit  2.96  0.98 0.044   104.2 from 336 sources of uvex_3786o g
r1166788.fit  2.75  0.91 0.050   156.3 from 997 sources of uvex_3788 r
r1166789.fit  3.24  1.07 0.036    83.7 from 186 sources of uvex_3788 U
r1166790.fit  3.16  1.04 0.057    99.1 from 559 sources of uvex_3788 g
r1166791.fit  2.95  0.97 0.044   157.7 from 911 sources of uvex_3788o r
r1166792.fit  3.64  1.20 0.047    87.0 from 152 sources of uvex_3788o U
r1166793.fit  3.39  1.12 0.077   105.1 from 531 sources of uvex_3788o g
r1166794.fit  2.99  0.99 0.053   154.3 from 967 sources of uvex_3789 r
r1166795.fit  4.00  1.32 0.042    86.8 from 126 sources of uvex_3789 U
r1166796.fit  3.98  1.31 0.054   104.4 from 409 sources of uvex_3789 g
r1166797.fit  4.28  1.41 0.069   156.8 from 515 sources of uvex_3789o r
r1166798.fit  4.75  1.57 0.035    89.3 from 110 sources of uvex_3789o U
r1166799.fit  4.49  1.48 0.060   104.4 from 335 sources of uvex_3789o g
r1166800.fit  3.45  1.14 0.050   170.7 from 519 sources of uvex_3790 r
r1166801.fit  3.79  1.25 0.053    87.8 from 127 sources of uvex_3790 U
r1166802.fit  3.07  1.01 0.051   107.8 from 601 sources of uvex_3790 g
r1166803.fit  3.37  1.11 0.053   141.1 from 821 sources of uvex_3790o r
r1166804.fit  3.92  1.29 0.063    91.2 from 167 sources of uvex_3790o U
r1166805.fit  3.67  1.21 0.049    99.0 from 613 sources of uvex_3790o g
r1166806.fit  4.33  1.43 0.056   161.6 from 518 sources of uvex_3795 r
r1166807.fit  5.23  1.73 0.028    94.1 from  95 sources of uvex_3795 U
r1166808.fit  4.79  1.58 0.041    93.2 from 259 sources of uvex_3795 g
r1166809.fit  4.38  1.45 0.050   165.1 from 387 sources of uvex_3795o r
r1166810.fit  4.93  1.63 0.031    93.0 from  99 sources of uvex_3795o U
r1166811.fit  4.40  1.45 0.041    97.9 from 338 sources of uvex_3795o g
r1166812.fit  4.27  1.41 0.061   161.5 from 502 sources of uvex_3796 r
r1166813.fit  4.21  1.39 0.054    93.4 from 145 sources of uvex_3796 U
r1166814.fit  4.51  1.49 0.039   118.8 from 264 sources of uvex_3796 g
r1166815.fit  4.01  1.32 0.068   176.6 from 457 sources of uvex_3796o r
r1166816.fit  5.16  1.70 0.075    93.5 from 128 sources of uvex_3796o U
r1166817.fit  5.60  1.85 0.086   106.7 from 256 sources of uvex_3796o g
r1166818.fit  3.90  1.29 0.054   158.8 from 706 sources of uvex_3797 r
r1166819.fit  4.66  1.54 0.054    83.5 from 156 sources of uvex_3797 U
r1166820.fit  4.55  1.50 0.041    94.8 from 450 sources of uvex_3797 g
r1166821.fit  5.04  1.66 0.042   151.9 from 460 sources of uvex_3797o r
r1166822.fit  3.97  1.31 0.068    69.4 from 205 sources of uvex_3797o U
r1166823.fit  3.56  1.17 0.036    70.0 from 599 sources of uvex_3797o g
r1166824.fit  4.68  1.54 0.098    21.1 from  15 sources of GD108
r1166825.fit  4.24  1.40 0.080    25.5 from  18 sources of GD108
r1166826.fit  4.63  1.53 0.081    23.5 from  27 sources of GD108
r1166827.fit  4.43  1.46 0.092    20.3 from  29 sources of GD108
r1166828.fit  4.02  1.33 0.107    64.0 from  58 sources of GD108
r1166829.fit  3.85  1.27 0.074    66.9 from  54 sources of GD108
r1166830.fit  4.19  1.38 0.083   191.5 from  91 sources of GD108
r1166831.fit  3.69  1.22 0.105   199.8 from 107 sources of GD108
r1166832.fit  3.99  1.32 0.059    29.8 from  47 sources of GD108
r1166833.fit  4.24  1.40 0.098    33.6 from  44 sources of GD108
r1166834.fit  4.37  1.44 0.098    55.5 from  59 sources of SA98-650
r1166835.fit  3.59  1.18 0.061    54.3 from  81 sources of SA98-650
r1166836.fit  3.09  1.02 0.043    48.3 from  93 sources of SA98-650
r1166837.fit  3.63  1.20 0.033    46.5 from  83 sources of SA98-650
r1166838.fit  2.99  0.99 0.058    53.6 from 167 sources of SA98-650
r1166839.fit  3.56  1.17 0.057    57.3 from 120 sources of SA98-650
r1166840.fit  4.49  1.48 0.060    68.1 from 123 sources of SA98-650
r1166841.fit  3.07  1.01 0.049    68.6 from 192 sources of SA98-650
r1166842.fit  4.17  1.38 0.070    52.6 from  91 sources of SA98-650
r1166843.fit  3.73  1.23 0.040    56.6 from  96 sources of SA98-650
r1166844.fit  5.26  1.74 0.050   168.5 from 461 sources of uvex_3798 r
r1166845.fit  4.31  1.42 0.042    92.6 from 170 sources of uvex_3798 U
r1166846.fit  4.08  1.35 0.041   105.7 from 469 sources of uvex_3798 g
r1166847.fit  3.78  1.25 0.048   163.3 from 707 sources of uvex_3798o r
r1166848.fit  4.21  1.39 0.054    98.2 from 191 sources of uvex_3798o U
r1166849.fit  3.86  1.27 0.056   103.0 from 513 sources of uvex_3798o g
r1166850.fit  3.65  1.20 0.049   153.6 from 611 sources of uvex_3799 r
r1166851.fit  4.28  1.41 0.113    88.2 from  78 sources of uvex_3799 U
r1166852.fit  3.42  1.13 0.075    98.3 from 440 sources of uvex_3799 g
r1166853.fit  3.42  1.13 0.071   177.9 from 615 sources of uvex_3799o r
r1166854.fit  3.89  1.28 0.083    96.7 from 128 sources of uvex_3799o U
r1166855.fit  3.70  1.22 0.056   106.1 from 420 sources of uvex_3799o g
r1166856.fit  3.53  1.16 0.050   166.0 from 484 sources of uvex_3801 r
r1166857.fit  4.02  1.33 0.061    89.8 from  83 sources of uvex_3801 U
r1166858.fit  4.12  1.36 0.069   105.7 from 274 sources of uvex_3801 g
r1166859.fit  3.23  1.07 0.043   151.8 from 573 sources of uvex_3801o r
r1166860.fit  3.78  1.25 0.049    89.9 from  94 sources of uvex_3801o U
r1166861.fit  3.49  1.15 0.049   107.7 from 373 sources of uvex_3801o g
r1166862.fit  3.01  0.99 0.047   156.1 from 1030 sources of uvex_3802 r
r1166863.fit  4.12  1.36 0.064    93.3 from 176 sources of uvex_3802 U
r1166864.fit  3.68  1.21 0.043    92.2 from 622 sources of uvex_3802 g
r1166865.fit  3.33  1.10 0.046   158.2 from 900 sources of uvex_3802o r
r1166866.fit  3.77  1.24 0.081    84.6 from 194 sources of uvex_3802o U
r1166867.fit  3.82  1.26 0.054   101.9 from 588 sources of uvex_3802o g
r1166868.fit  3.32  1.10 0.049   150.4 from 917 sources of uvex_3803 r
r1166869.fit  3.88  1.28 0.100    83.1 from 227 sources of uvex_3803 U
r1166870.fit  3.40  1.12 0.074    99.5 from 708 sources of uvex_3803 g
r1166871.fit  3.18  1.05 0.057   166.1 from 860 sources of uvex_3803o r
r1166872.fit  3.95  1.30 0.130    92.6 from 106 sources of uvex_3803o U
r1166873.fit  3.73  1.23 0.044   101.2 from 604 sources of uvex_3803o g
r1166874.fit  3.32  1.10 0.052   152.1 from 891 sources of uvex_3804 r
r1166875.fit  3.94  1.30 0.119    82.0 from 160 sources of uvex_3804 U
r1166876.fit  3.75  1.24 0.042   102.8 from 606 sources of uvex_3804 g
r1166877.fit  3.14  1.04 0.052   153.3 from 978 sources of uvex_3804o r
r1166878.fit  3.69  1.22 0.078    82.6 from 220 sources of uvex_3804o U
r1166879.fit  3.76  1.24 0.057    98.5 from 614 sources of uvex_3804o g
r1166880.fit  4.29  1.42 0.046   184.2 from 498 sources of uvex_3805 r
r1166881.fit  5.47  1.81 0.079    93.9 from  82 sources of uvex_3805 U
r1166882.fit  6.12  2.02 0.035   108.1 from 211 sources of uvex_3805 g
r1166883.fit  6.03  1.99 0.044   180.4 from 197 sources of uvex_3813 r
r1166884.fit  6.40  2.11 0.037    97.4 from  41 sources of uvex_3813 U
r1166885.fit  6.36  2.10 0.041   109.7 from 128 sources of uvex_3813 g
r1166886.fit  5.43  1.79 0.035   181.7 from 230 sources of uvex_3813o r
r1166887.fit  6.23  2.06 0.035    95.9 from  35 sources of uvex_3813o U
r1166888.fit  7.27  2.40 0.039   114.6 from  92 sources of uvex_3813o g
r1166889.fit  5.55  1.83 0.052   179.7 from 314 sources of uvex_3817 r
r1166890.fit  6.52  2.15 0.029    93.5 from  45 sources of uvex_3817 U
r1166891.fit  6.61  2.18 0.046   109.3 from 194 sources of uvex_3817 g
r1166892.fit  4.91  1.62 0.050   150.5 from 395 sources of uvex_3817o r
r1166893.fit  5.94  1.96 0.063    87.4 from  71 sources of uvex_3817o U
r1166894.fit  5.32  1.76 0.037   101.5 from 279 sources of uvex_3817o g
r1166895.fit  5.34  1.76 0.047   173.4 from 421 sources of uvex_3866 r
r1166896.fit  6.59  2.17 0.031    95.2 from  70 sources of uvex_3866 U
r1166897.fit  8.97  2.96 0.029   112.0 from 145 sources of uvex_3866 g
r1166898.fit  7.83  2.58 0.040   173.8 from 227 sources of uvex_3866o r
r1166899.fit  9.82  3.24 0.032    96.1 from  15 sources of uvex_3866o U
r1166900.fit  9.29  3.07 0.032   111.5 from 119 sources of uvex_3866o g
r1166901.fit  7.13  2.35 0.030    68.4 from   9 sources of GD108
r1166902.fit  7.41  2.45 0.048    68.2 from   8 sources of GD108
r1166903.fit  7.84  2.59 0.052    62.7 from  12 sources of GD108
r1166904.fit  6.00  1.98 0.069    63.3 from  14 sources of GD108
r1166905.fit  5.51  1.82 0.069    95.5 from  30 sources of GD108
r1166906.fit  5.25  1.73 0.042    94.7 from  35 sources of GD108
r1166907.fit  5.36  1.77 0.029   208.9 from  50 sources of GD108
r1166908.fit  6.50  2.15 0.045   198.5 from  39 sources of GD108
r1166909.fit  5.78  1.91 0.027    71.8 from  17 sources of GD108
r1166910.fit  6.05  2.00 0.043    71.6 from  18 sources of GD108
r1166911.fit  5.75  1.90 0.028   102.9 from  35 sources of GD108
r1166912.fit  0.84  0.28 0.082    74.4 from   1 sources of FEIGE67
r1166913.fit  6.40  2.11 0.061     8.9 from   8 sources of FEIGE67
r1166914.fit  6.40  2.11 0.074    16.3 from  12 sources of FEIGE67
r1166915.fit  4.52  1.49 0.092    85.4 from   1 sources of FEIGE67
r1166916.fit  5.64  1.86 0.072    35.5 from  21 sources of FEIGE67
r1166917.fit  6.32  2.09 0.076    41.9 from  15 sources of FEIGE67
r1166918.fit  5.41  1.79 0.058    44.7 from  18 sources of FEIGE67
r1166919.fit  5.75  1.90 0.053    42.5 from  17 sources of FEIGE67
r1166920.fit  5.13  1.69 0.081   112.5 from  26 sources of FEIGE67
r1166921.fit  5.50  1.82 0.036   111.6 from  25 sources of FEIGE67
r1166922.fit  6.58  2.17 0.051    14.7 from  15 sources of FEIGE67
r1166923.fit  5.43  1.79 0.058    15.8 from  15 sources of FEIGE67
r1166924.fit  6.33  2.09 0.052    16.6 from   4 sources of HZ44
r1166925.fit  6.60  2.18 0.062    19.3 from   3 sources of HZ44
r1166926.fit  4.55  1.50 0.082    86.8 from   1 sources of HZ44
r1166927.fit  4.16  1.37 0.119    87.6 from   5 sources of HZ44
r1166928.fit  6.05  2.00 0.107    14.4 from   5 sources of HZ44
r1166929.fit  4.83  1.59 0.081    13.7 from   7 sources of HZ44
r1166930.fit  4.98  1.64 0.042    50.7 from  13 sources of HZ44
r1166931.fit  3.88  1.28 0.104    38.8 from  16 sources of HZ44
r1166932.fit  4.94  1.63 0.025     9.8 from   9 sources of HZ44
r1166933.fit  4.49  1.48 0.058     9.8 from  10 sources of HZ44
r1166934.fit  5.43  1.79 0.024    19.0 from   9 sources of HZ44
r1166935.fit is not a target (BIAS)
r1166936.fit is not a target (BIAS)
r1166937.fit is not a target (BIAS)
r1166938.fit is not a target (BIAS)
r1166939.fit is not a target (BIAS)
r1166940.fit is not a target (BIAS)
r1166941.fit is not a target (BIAS)
r1166942.fit is not a target (BIAS)
r1166943.fit is not a target (BIAS)
r1166944.fit is not a target (BIAS)
r1166945.fit is not a target (BIAS)
r1166946.fit is not a target (BIAS)
r1166947.fit is not a target (BIAS)
r1166948.fit is not a target (BIAS)
r1166949.fit is not a target (BIAS)
