r1165977.fit is not a target (BIAS)
r1165978.fit is not a target (BIAS)
r1165979.fit is not a target (BIAS)
r1165980.fit is not a target (BIAS)
r1165981.fit is not a target (BIAS)
r1165982.fit is not a target (BIAS)
r1165983.fit is not a target (BIAS)
r1165984.fit is not a target (BIAS)
r1165985.fit is not a target (BIAS)
r1165986.fit is not a target (BIAS)
r1165987.fit is not a target (BIAS)
r1165988.fit is not a target (BIAS)
r1165989.fit is not a target (BIAS)
r1165990.fit is not a target (BIAS)
r1165991.fit is not a target (BIAS)
r1165992.fit is not a target (BIAS)
r1165993.fit is not a target (BIAS)
r1165994.fit is not a target (BIAS)
r1165995.fit is not a target (BIAS)
r1165996.fit is not a target (BIAS)
r1165997.fit is not a target (BIAS)
r1165998.fit is not a target (BIAS)
r1165999.fit is not a target (BIAS)
r1166000.fit is not a target (BIAS)
r1166001.fit is not a target (BIAS)
r1166002.fit is not a target (BIAS)
r1166003.fit is not a target (BIAS)
r1166004.fit is not a target (BIAS)
r1166005.fit is not a target (BIAS)
r1166006.fit is not a target (BIAS)
r1166007.fit is not a target (SKY)
r1166008.fit is not a target (SKY)
r1166009.fit is not a target (SKY)
r1166010.fit is not a target (SKY)
r1166011.fit is not a target (SKY)
r1166012.fit is not a target (SKY)
r1166013.fit is not a target (SKY)
r1166014.fit is not a target (SKY)
r1166015.fit is not a target (SKY)
r1166016.fit is not a target (SKY)
r1166017.fit is not a target (SKY)
r1166018.fit is not a target (SKY)
r1166019.fit is not a target (SKY)
r1166020.fit is not a target (SKY)
r1166021.fit is not a target (SKY)
r1166022.fit is not a target (SKY)
r1166023.fit is not a target (SKY)
r1166024.fit is not a target (SKY)
r1166025.fit is not a target (SKY)
r1166026.fit is not a target (SKY)
r1166027.fit is not a target (SKY)
r1166028.fit is not a target (SKY)
r1166029.fit is not a target (SKY)
r1166030.fit is not a target (SKY)
r1166031.fit is not a target (SKY)
r1166032.fit is not a target (SKY)
r1166033.fit is not a target (SKY)
r1166034.fit is not a target (SKY)
r1166035.fit is not a target (SKY)
r1166036.fit is not a target (SKY)
r1166037.fit is not a target (SKY)
r1166038.fit is not a target (FOCUS)
r1166039.fit is not a target (FOCUS)
r1166040.fit  4.27  1.41 0.079    93.6 from   5 sources of GD248
r1166041.fit  4.82  1.59 0.047    66.6 from  28 sources of GD248
r1166042.fit  5.01  1.65 0.031    66.8 from  26 sources of GD248
r1166043.fit  4.67  1.54 0.046   134.0 from  97 sources of GD248
r1166044.fit  4.62  1.52 0.037   128.9 from  96 sources of GD248
r1166045.fit  4.40  1.45 0.038   206.8 from 121 sources of GD248
r1166046.fit  4.21  1.39 0.035   222.5 from 132 sources of GD248
r1166047.fit  4.28  1.41 0.047   252.7 from 129 sources of GD248
r1166048.fit  4.48  1.48 0.065   287.7 from 141 sources of GD248
r1166049.fit  4.29  1.42 0.038    77.8 from  58 sources of GD248
r1166050.fit  4.28  1.41 0.034    87.1 from  71 sources of GD248
r1166051.fit  5.33  1.76 0.095     5.5 from   7 sources of FEIGE22
r1166052.fit  4.72  1.56 0.083     6.5 from  15 sources of FEIGE22
r1166053.fit  4.87  1.61 0.104    23.4 from  29 sources of FEIGE22
r1166054.fit  4.32  1.43 0.095    16.6 from  24 sources of FEIGE22
r1166055.fit  4.03  1.33 0.122    41.6 from  28 sources of FEIGE22
r1166056.fit  3.69  1.22 0.090    43.6 from  35 sources of FEIGE22
r1166057.fit  3.79  1.25 0.067    78.0 from  46 sources of FEIGE22
r1166058.fit  3.52  1.16 0.085    76.8 from  46 sources of FEIGE22
r1166059.fit  4.14  1.37 0.065    15.5 from  19 sources of FEIGE22
r1166060.fit  4.23  1.40 0.029    15.4 from  20 sources of FEIGE22
r1166061.fit  4.16  1.37 0.052    76.0 from 207 sources of intphas_0939o Ha
r1166062.fit  3.89  1.28 0.060   155.9 from 616 sources of intphas_0939o r
r1166063.fit  4.00  1.32 0.054   139.2 from 428 sources of intphas_0939o i
r1166064.fit  4.48  1.48 0.049    69.2 from 159 sources of intphas_0941o Ha
r1166065.fit  4.19  1.38 0.053   129.2 from 449 sources of intphas_0941o r
r1166066.fit  4.04  1.33 0.089   114.5 from 362 sources of intphas_0941o i
r1166067.fit  3.98  1.31 0.043    74.2 from 198 sources of intphas_0941 Ha
r1166068.fit  3.70  1.22 0.059   138.8 from 498 sources of intphas_0941 r
r1166069.fit  3.66  1.21 0.063   137.3 from 441 sources of intphas_0941 i
r1166070.fit  3.52  1.16 0.091    27.5 from  71 sources of intphas_1195 Ha
r1166071.fit  3.41  1.13 0.087   113.9 from 157 sources of intphas_1195 r
r1166072.fit  3.45  1.14 0.068    83.9 from 176 sources of intphas_1195 i
r1166073.fit  3.66  1.21 0.062    31.9 from 100 sources of intphas_1195o Ha
r1166074.fit  3.50  1.16 0.098   124.8 from 269 sources of intphas_1195o r
r1166075.fit  3.32  1.10 0.107    91.1 from 273 sources of intphas_1195o i
r1166076.fit  3.76  1.24 0.064    73.5 from 130 sources of intphas_1197 Ha
r1166077.fit  3.62  1.19 0.070   145.1 from 248 sources of intphas_1197 r
r1166078.fit  3.52  1.16 0.077   127.2 from 282 sources of intphas_1197 i
r1166079.fit  3.93  1.30 0.068    73.8 from 113 sources of intphas_1197o Ha
r1166080.fit  3.79  1.25 0.077   134.5 from 251 sources of intphas_1197o r
r1166081.fit  3.42  1.13 0.072   121.1 from 276 sources of intphas_1197o i
r1166082.fit  3.53  1.16 0.086    77.2 from 197 sources of intphas_1198 Ha
r1166083.fit  3.66  1.21 0.088   130.4 from 432 sources of intphas_1198 r
r1166084.fit  3.42  1.13 0.092   103.3 from 399 sources of intphas_1198 i
r1166085.fit  3.55  1.17 0.057    76.4 from 203 sources of intphas_1198o Ha
r1166086.fit  3.59  1.18 0.084   149.0 from 449 sources of intphas_1198o r
r1166087.fit  3.41  1.13 0.072   120.9 from 461 sources of intphas_1198o i
r1166088.fit  3.60  1.19 0.080    68.4 from 159 sources of intphas_1199 Ha
r1166089.fit  3.72  1.23 0.082   133.0 from 349 sources of intphas_1199 r
r1166090.fit  3.30  1.09 0.088   130.6 from 342 sources of intphas_1199 i
r1166091.fit  3.54  1.17 0.085    72.3 from 171 sources of intphas_1199o Ha
r1166092.fit  3.75  1.24 0.081   132.6 from 363 sources of intphas_1199o r
r1166093.fit  3.45  1.14 0.083   112.2 from 352 sources of intphas_1199o i
r1166094.fit  3.52  1.16 0.076    72.5 from 142 sources of intphas_1202 Ha
r1166095.fit  3.37  1.11 0.078   139.9 from 410 sources of intphas_1202 r
r1166096.fit  3.44  1.14 0.086   115.3 from 363 sources of intphas_1202 i
r1166097.fit  3.34  1.10 0.084    71.5 from 192 sources of intphas_1202o Ha
r1166098.fit  3.30  1.09 0.093   145.2 from 437 sources of intphas_1202o r
r1166099.fit  3.08  1.02 0.082   119.1 from 414 sources of intphas_1202o i
r1166100.fit  3.32  1.10 0.068    72.1 from 165 sources of intphas_1206 Ha
r1166101.fit  3.45  1.14 0.078   139.4 from 402 sources of intphas_1206 r
r1166102.fit  3.24  1.07 0.077   124.0 from 407 sources of intphas_1206 i
r1166103.fit  3.34  1.10 0.057    67.4 from 139 sources of intphas_1206o Ha
r1166104.fit  3.35  1.11 0.094   135.5 from 337 sources of intphas_1206o r
r1166105.fit  3.01  0.99 0.085   119.1 from 402 sources of intphas_1206o i
r1166106.fit  3.55  1.17 0.132    71.5 from  66 sources of intphas_1221 Ha
r1166107.fit  3.44  1.14 0.053   130.9 from 226 sources of intphas_1221 r
r1166108.fit  3.24  1.07 0.063   114.8 from 266 sources of intphas_1221 i
r1166109.fit  3.22  1.06 0.073    67.0 from 119 sources of intphas_1221o Ha
r1166110.fit  3.33  1.10 0.055   129.6 from 212 sources of intphas_1221o r
r1166111.fit  3.12  1.03 0.082   113.0 from 249 sources of intphas_1221o i
r1166112.fit  3.46  1.14 0.090    70.5 from 225 sources of intphas_1073 Ha
r1166113.fit  3.31  1.09 0.054   128.0 from 576 sources of intphas_1073 r
r1166114.fit  3.21  1.06 0.068   129.0 from 522 sources of intphas_1073 i
r1166115.fit  3.38  1.12 0.063    69.6 from 219 sources of intphas_1073o Ha
r1166116.fit  3.63  1.20 0.096   120.5 from 428 sources of intphas_1073o r
r1166117.fit  3.19  1.05 0.097   105.8 from 462 sources of intphas_1073o i
r1166118.fit  3.44  1.14 0.111    70.7 from 101 sources of intphas_1132 Ha
r1166119.fit  3.49  1.15 0.085   128.7 from 283 sources of intphas_1132 r
r1166120.fit  3.47  1.15 0.090   113.2 from 274 sources of intphas_1132 i
r1166121.fit  3.31  1.09 0.089    69.4 from 101 sources of intphas_1132o Ha
r1166122.fit  3.09  1.02 0.065   121.8 from 325 sources of intphas_1132o r
r1166123.fit  3.05  1.01 0.085   113.1 from 322 sources of intphas_1132o i
r1166124.fit  3.91  1.29 0.124    68.4 from  35 sources of intphas_1145 Ha
r1166125.fit  3.18  1.05 0.087   114.4 from 302 sources of intphas_1145 r
r1166126.fit  2.87  0.95 0.089   105.7 from 325 sources of intphas_1145 i
r1166127.fit  3.20  1.06 0.089    69.5 from 123 sources of intphas_1145o Ha
r1166128.fit  3.18  1.05 0.074   128.3 from 269 sources of intphas_1145o r
r1166129.fit  3.30  1.09 0.088   116.1 from 270 sources of intphas_1145o i
r1166130.fit  3.25  1.07 0.067    66.4 from 160 sources of intphas_1146 Ha
r1166131.fit  3.26  1.08 0.067   109.6 from 379 sources of intphas_1146 r
r1166132.fit  2.97  0.98 0.076    93.4 from 395 sources of intphas_1146 i
r1166133.fit  3.68  1.21 0.054    68.5 from 116 sources of intphas_1146o Ha
r1166134.fit  3.46  1.14 0.068   117.4 from 318 sources of intphas_1146o r
r1166135.fit  3.18  1.05 0.101   102.7 from 296 sources of intphas_1146o i
r1166136.fit  3.70  1.22 0.087    74.3 from 144 sources of intphas_1147 Ha
r1166137.fit  3.63  1.20 0.054   123.7 from 381 sources of intphas_1147 r
r1166138.fit  3.32  1.10 0.102   107.0 from 369 sources of intphas_1147 i
r1166139.fit  3.43  1.13 0.076    74.4 from 177 sources of intphas_1147o Ha
r1166140.fit  3.31  1.09 0.071   125.3 from 399 sources of intphas_1147o r
r1166141.fit  3.34  1.10 0.072   115.8 from 370 sources of intphas_1147o i
r1166142.fit  5.66  1.87 0.132    75.0 from  16 sources of GD248
r1166143.fit  4.46  1.47 0.098    79.9 from  10 sources of GD248
r1166144.fit  4.14  1.37 0.053   133.3 from  98 sources of GD248
r1166145.fit  4.22  1.39 0.053   127.1 from 101 sources of GD248
r1166146.fit  3.83  1.26 0.074   206.0 from 122 sources of GD248
r1166147.fit  3.72  1.23 0.067   212.5 from 131 sources of GD248
r1166148.fit  4.31  1.42 0.051    95.4 from   7 sources of GD248
r1166149.fit  4.27  1.41 0.040    95.9 from   7 sources of GD248
r1166150.fit  3.85  1.27 0.064   279.5 from 134 sources of GD248
r1166151.fit  4.33  1.43 0.109   289.0 from 109 sources of GD248
r1166152.fit  3.34  1.10 0.053    56.7 from  22 sources of FEIGE22
r1166153.fit  3.19  1.05 0.068    55.7 from  20 sources of FEIGE22
r1166154.fit  2.92  0.96 0.050    63.4 from  38 sources of FEIGE22
r1166155.fit  3.16  1.04 0.044    57.8 from  22 sources of FEIGE22
r1166156.fit  2.86  0.94 0.080    65.6 from  41 sources of FEIGE22
r1166157.fit  3.28  1.08 0.052    63.8 from  28 sources of FEIGE22
r1166158.fit  3.11  1.03 0.096    82.8 from  39 sources of FEIGE22
r1166159.fit  2.67  0.88 0.096    83.2 from  40 sources of FEIGE22
r1166160.fit  3.42  1.13 0.099    61.5 from  28 sources of FEIGE22
r1166161.fit  3.43  1.13 0.075    62.1 from  29 sources of FEIGE22
r1166162.fit  4.25  1.40 0.095   122.1 from 647 sources of uvex_3653 r
r1166163.fit  4.67  1.54 0.124    46.3 from 119 sources of uvex_3653 U
r1166164.fit  4.30  1.42 0.127    67.1 from 371 sources of uvex_3653 g
r1166165.fit  4.14  1.37 0.129   110.6 from 437 sources of uvex_3653o r
r1166166.fit  4.90  1.62 0.126    50.6 from  46 sources of uvex_3653o U
r1166167.fit  4.52  1.49 0.127    67.8 from 269 sources of uvex_3653o g
r1166168.fit  4.08  1.35 0.113   100.3 from 557 sources of uvex_3654 r
r1166169.fit  4.72  1.56 0.125    34.5 from  68 sources of uvex_3654 U
r1166170.fit  4.54  1.50 0.128    57.2 from 207 sources of uvex_3654 g
r1166171.fit  4.23  1.40 0.092   117.5 from 594 sources of uvex_3654o r
r1166172.fit  4.69  1.55 0.117    34.2 from 102 sources of uvex_3654o U
r1166173.fit  4.26  1.41 0.088    63.8 from 415 sources of uvex_3654o g
r1166174.fit  4.03  1.33 0.054   111.7 from 360 sources of uvex_3656 r
r1166175.fit  4.72  1.56 0.111    32.8 from  50 sources of uvex_3656 U
r1166176.fit  4.20  1.39 0.112    63.7 from 163 sources of uvex_3656 g
r1166177.fit  3.78  1.25 0.112   108.1 from 452 sources of uvex_3656o r
r1166178.fit  4.28  1.41 0.124    37.8 from  27 sources of uvex_3656o U
r1166179.fit  3.99  1.32 0.122    59.5 from 221 sources of uvex_3656o g
r1166180.fit  3.80  1.25 0.094   109.0 from 763 sources of uvex_3657 r
r1166181.fit  4.27  1.41 0.078    38.0 from 144 sources of uvex_3657 U
r1166182.fit  4.29  1.42 0.055    61.4 from 448 sources of uvex_3657 g
r1166183.fit  4.47  1.48 0.094   104.1 from 617 sources of uvex_3657o r
r1166184.fit  4.67  1.54 0.125    37.5 from  98 sources of uvex_3657o U
r1166185.fit  4.15  1.37 0.075    59.4 from 514 sources of uvex_3657o g
r1166186.fit  3.90  1.29 0.066    92.9 from 612 sources of uvex_3658 r
r1166187.fit  4.43  1.46 0.105    39.4 from  86 sources of uvex_3658 U
r1166188.fit  3.98  1.31 0.107    63.2 from 386 sources of uvex_3658 g
r1166189.fit  4.00  1.32 0.113    91.6 from 546 sources of uvex_3658o r
r1166190.fit  4.36  1.44 0.104    43.4 from  91 sources of uvex_3658o U
r1166191.fit  3.90  1.29 0.079    62.8 from 408 sources of uvex_3658o g
r1166192.fit  3.93  1.30 0.076   100.3 from 631 sources of uvex_3669 r
r1166193.fit  4.16  1.37 0.106    43.8 from 142 sources of uvex_3669 U
r1166194.fit  4.20  1.39 0.076    59.7 from 411 sources of uvex_3669 g
r1166195.fit  3.85  1.27 0.115    97.8 from 620 sources of uvex_3669o r
r1166196.fit  4.21  1.39 0.111    38.4 from 130 sources of uvex_3669o U
r1166197.fit  3.92  1.29 0.089    57.2 from 431 sources of uvex_3669o g
r1166198.fit  3.80  1.25 0.089   116.3 from 529 sources of uvex_3671 r
r1166199.fit  4.22  1.39 0.088    51.5 from 127 sources of uvex_3671 U
r1166200.fit  3.78  1.25 0.088    66.7 from 355 sources of uvex_3671 g
r1166201.fit  3.92  1.29 0.082    97.1 from 457 sources of uvex_3671o r
r1166202.fit  4.07  1.34 0.102    51.6 from 119 sources of uvex_3671o U
r1166203.fit  3.60  1.19 0.085    65.6 from 342 sources of uvex_3671o g
r1166204.fit  3.33  1.10 0.076    97.0 from 939 sources of uvex_3673 r
r1166205.fit  3.78  1.25 0.085    36.9 from 177 sources of uvex_3673 U
r1166206.fit  3.63  1.20 0.064    57.2 from 651 sources of uvex_3673 g
r1166207.fit  3.43  1.13 0.058    92.5 from 947 sources of uvex_3673o r
r1166208.fit  3.85  1.27 0.061    32.8 from 163 sources of uvex_3673o U
r1166209.fit  3.60  1.19 0.070    59.6 from 653 sources of uvex_3673o g
r1166210.fit  3.44  1.14 0.063    83.8 from 811 sources of uvex_3674 r
r1166211.fit  3.60  1.19 0.080    33.4 from 182 sources of uvex_3674 U
r1166212.fit  3.57  1.18 0.067    62.0 from 540 sources of uvex_3674 g
r1166213.fit  3.55  1.17 0.075    89.5 from 835 sources of uvex_3674o r
r1166214.fit  3.62  1.19 0.089    35.2 from 176 sources of uvex_3674o U
r1166215.fit  3.64  1.20 0.063    53.1 from 527 sources of uvex_3674o g
r1166216.fit  3.37  1.11 0.043    96.2 from 666 sources of uvex_3675 r
r1166217.fit  3.91  1.29 0.069    42.7 from  86 sources of uvex_3675 U
r1166218.fit  3.53  1.16 0.038    70.4 from 433 sources of uvex_3675 g
r1166219.fit  3.62  1.19 0.041    87.0 from 616 sources of uvex_3675o r
r1166220.fit  3.84  1.27 0.037    49.8 from  91 sources of uvex_3675o U
r1166221.fit  3.84  1.27 0.078    72.1 from 397 sources of uvex_3675o g
r1166222.fit  3.23  1.07 0.056    85.1 from 813 sources of uvex_3682 r
r1166223.fit  3.65  1.20 0.061    45.3 from 179 sources of uvex_3682 U
r1166224.fit  3.51  1.16 0.061    52.0 from 485 sources of uvex_3682 g
r1166225.fit  3.35  1.11 0.056   102.2 from 836 sources of uvex_3682o r
r1166226.fit  3.79  1.25 0.048    46.6 from 185 sources of uvex_3682o U
r1166227.fit  3.60  1.19 0.054    61.4 from 503 sources of uvex_3682o g
r1166228.fit  4.89  1.61 0.076    55.9 from  14 sources of FEIGE22
r1166229.fit  3.91  1.29 0.052    55.6 from  19 sources of FEIGE22
r1166230.fit  3.55  1.17 0.029    60.6 from  25 sources of FEIGE22
r1166231.fit  3.62  1.19 0.043    60.6 from  25 sources of FEIGE22
r1166232.fit  3.28  1.08 0.048    71.1 from  40 sources of FEIGE22
r1166233.fit  3.70  1.22 0.056    72.0 from  33 sources of FEIGE22
r1166234.fit  3.72  1.23 0.041    83.1 from  34 sources of FEIGE22
r1166235.fit  3.50  1.16 0.098    82.9 from  36 sources of FEIGE22
r1166236.fit  4.66  1.54 0.033    60.7 from  22 sources of FEIGE22
r1166237.fit  4.66  1.54 0.051    60.7 from  23 sources of FEIGE22
r1166238.fit  3.78  1.25 0.104    51.4 from  27 sources of SA98-650
r1166239.fit  3.84  1.27 0.086    50.5 from  38 sources of SA98-650
r1166240.fit  3.54  1.17 0.086    51.3 from  84 sources of SA98-650
r1166241.fit  3.63  1.20 0.085    50.6 from  81 sources of SA98-650
r1166242.fit  3.46  1.14 0.068    54.0 from 117 sources of SA98-650
r1166243.fit  3.48  1.15 0.053    56.3 from 131 sources of SA98-650
r1166244.fit  4.30  1.42 0.065    60.3 from 152 sources of SA98-650
r1166245.fit  3.44  1.14 0.069    60.6 from 171 sources of SA98-650
r1166246.fit  3.79  1.25 0.058    55.6 from 105 sources of SA98-650
r1166247.fit  3.49  1.15 0.052    55.2 from 105 sources of SA98-650
r1166248.fit  3.53  1.16 0.058   141.6 from 303 sources of uvex_3686 r
r1166249.fit  3.61  1.19 0.054    81.0 from  56 sources of uvex_3686 U
r1166250.fit  3.46  1.14 0.057    97.2 from 164 sources of uvex_3686 g
r1166251.fit  3.15  1.04 0.041   144.8 from 373 sources of uvex_3686o r
r1166252.fit  3.57  1.18 0.044    88.1 from  63 sources of uvex_3686o U
r1166253.fit  3.52  1.16 0.049    93.9 from 185 sources of uvex_3686o g
r1166254.fit  3.20  1.06 0.039   137.5 from 902 sources of uvex_3687 r
r1166255.fit  3.82  1.26 0.075    81.4 from 141 sources of uvex_3687 U
r1166256.fit  3.43  1.13 0.056   101.1 from 589 sources of uvex_3687 g
r1166257.fit  3.35  1.11 0.065   150.0 from 839 sources of uvex_3687o r
r1166258.fit  3.90  1.29 0.087    84.8 from 166 sources of uvex_3687o U
r1166259.fit  3.36  1.11 0.042   105.0 from 626 sources of uvex_3687o g
r1166260.fit  3.17  1.05 0.068   139.9 from 917 sources of uvex_3688 r
r1166261.fit  3.34  1.10 0.079    84.0 from 165 sources of uvex_3688 U
r1166262.fit  3.19  1.05 0.071   101.5 from 623 sources of uvex_3688 g
r1166263.fit  3.21  1.06 0.074   142.4 from 838 sources of uvex_3688o r
r1166264.fit  3.45  1.14 0.072    83.7 from 168 sources of uvex_3688o U
r1166265.fit  3.31  1.09 0.086    98.0 from 594 sources of uvex_3688o g
r1166266.fit  3.44  1.14 0.108   135.5 from 774 sources of uvex_3689 r
r1166267.fit  3.23  1.07 0.078    80.1 from 217 sources of uvex_3689 U
r1166268.fit  3.49  1.15 0.049    92.2 from 627 sources of uvex_3689 g
r1166269.fit  3.35  1.11 0.041   134.1 from 871 sources of uvex_3689o r
r1166270.fit  3.56  1.17 0.041    81.9 from 178 sources of uvex_3689o U
r1166271.fit  3.26  1.08 0.059   102.1 from 685 sources of uvex_3689o g
r1166272.fit  3.09  1.02 0.046   158.0 from 792 sources of uvex_3690 r
r1166273.fit  3.64  1.20 0.046    92.6 from 147 sources of uvex_3690 U
r1166274.fit  3.44  1.14 0.045   103.4 from 493 sources of uvex_3690 g
r1166275.fit  3.25  1.07 0.065   159.8 from 747 sources of uvex_3690o r
r1166276.fit  4.06  1.34 0.084    94.2 from 148 sources of uvex_3690o U
r1166277.fit  3.20  1.06 0.051   107.7 from 589 sources of uvex_3690o g
r1166278.fit  3.53  1.16 0.078   148.6 from 610 sources of uvex_3700 r
r1166279.fit  3.64  1.20 0.077    84.3 from 113 sources of uvex_3700 U
r1166280.fit  3.60  1.19 0.071    99.8 from 369 sources of uvex_3700 g
r1166281.fit  3.01  0.99 0.069   126.9 from 715 sources of uvex_3700o r
r1166282.fit  3.85  1.27 0.099    91.5 from 107 sources of uvex_3700o U
r1166283.fit  3.10  1.02 0.082    99.9 from 435 sources of uvex_3700o g
r1166284.fit  2.98  0.98 0.068   153.7 from 714 sources of uvex_3701 r
r1166285.fit  3.44  1.14 0.076    88.0 from 106 sources of uvex_3701 U
r1166286.fit  3.09  1.02 0.080    99.9 from 425 sources of uvex_3701 g
r1166287.fit  3.13  1.03 0.082   149.1 from 684 sources of uvex_3701o r
r1166288.fit  4.07  1.34 0.057    84.2 from  82 sources of uvex_3701o U
r1166289.fit  3.28  1.08 0.050    99.2 from 415 sources of uvex_3701o g
r1166290.fit  3.08  1.02 0.068   138.2 from 962 sources of uvex_3702 r
r1166291.fit  3.30  1.09 0.054    75.2 from 224 sources of uvex_3702 U
r1166292.fit  3.27  1.08 0.051    91.3 from 654 sources of uvex_3702 g
r1166293.fit  2.91  0.96 0.086   135.8 from 1039 sources of uvex_3702o r
r1166294.fit  3.35  1.11 0.084    81.8 from 241 sources of uvex_3702o U
r1166295.fit  3.02  1.00 0.055    96.4 from 749 sources of uvex_3702o g
r1166296.fit  2.59  0.85 0.059   145.2 from 1051 sources of uvex_3703 r
r1166297.fit  3.50  1.16 0.062    80.5 from 171 sources of uvex_3703 U
r1166298.fit  3.37  1.11 0.051    95.2 from 567 sources of uvex_3703 g
r1166299.fit  3.28  1.08 0.040   126.5 from 791 sources of uvex_3703o r
r1166300.fit  3.47  1.15 0.041    84.9 from 182 sources of uvex_3703o U
r1166301.fit  3.28  1.08 0.066    96.6 from 581 sources of uvex_3703o g
r1166302.fit  3.06  1.01 0.061   132.5 from 823 sources of uvex_3704 r
r1166303.fit  3.75  1.24 0.073    82.9 from 119 sources of uvex_3704 U
r1166304.fit  3.12  1.03 0.073    90.0 from 581 sources of uvex_3704 g
r1166305.fit  2.91  0.96 0.104   153.2 from 861 sources of uvex_3704o r
r1166306.fit  3.42  1.13 0.063    87.2 from 126 sources of uvex_3704o U
r1166307.fit  3.07  1.01 0.064   106.3 from 574 sources of uvex_3704o g
r1166308.fit  2.80  0.92 0.049   140.6 from 814 sources of uvex_3705 r
r1166309.fit  3.24  1.07 0.045    84.9 from 187 sources of uvex_3705 U
r1166310.fit  3.07  1.01 0.033    94.9 from 568 sources of uvex_3705 g
r1166311.fit  2.97  0.98 0.052   153.8 from 819 sources of uvex_3705o r
r1166312.fit  3.32  1.10 0.050    83.9 from 161 sources of uvex_3705o U
r1166313.fit  3.12  1.03 0.067   105.6 from 541 sources of uvex_3705o g
r1166314.fit  2.95  0.97 0.079   146.7 from 543 sources of uvex_3711 r
r1166315.fit  3.12  1.03 0.069    79.7 from 157 sources of uvex_3711 U
r1166316.fit  3.16  1.04 0.100   102.4 from 308 sources of uvex_3711 g
r1166317.fit  2.95  0.97 0.086   149.0 from 603 sources of uvex_3711o r
r1166318.fit  3.19  1.05 0.049    87.3 from 156 sources of uvex_3711o U
r1166319.fit  3.20  1.06 0.043    93.0 from 342 sources of uvex_3711o g
r1166320.fit  3.18  1.05 0.097   162.2 from 494 sources of uvex_3716 r
r1166321.fit  3.53  1.16 0.083    91.1 from 105 sources of uvex_3716 U
r1166322.fit  3.09  1.02 0.055   103.7 from 313 sources of uvex_3716 g
r1166323.fit  2.88  0.95 0.053   147.4 from 611 sources of uvex_3716o r
r1166324.fit  3.29  1.09 0.062    94.6 from 109 sources of uvex_3716o U
r1166325.fit  2.85  0.94 0.039   105.9 from 353 sources of uvex_3716o g
r1166326.fit  3.80  1.25 0.051    53.6 from  70 sources of SA98-650
r1166327.fit  3.43  1.13 0.067    55.5 from  78 sources of SA98-650
r1166328.fit  3.03  1.00 0.051    51.7 from  92 sources of SA98-650
r1166329.fit  3.41  1.13 0.040    50.2 from  77 sources of SA98-650
r1166330.fit  3.65  1.20 0.046    56.8 from 115 sources of SA98-650
r1166331.fit  3.56  1.17 0.064    53.1 from 116 sources of SA98-650
r1166332.fit  2.73  0.90 0.080    60.8 from 209 sources of SA98-650
r1166333.fit  3.25  1.07 0.040    64.6 from 181 sources of SA98-650
r1166334.fit  3.53  1.16 0.063    56.5 from 114 sources of SA98-650
r1166335.fit  3.40  1.12 0.059    53.8 from 108 sources of SA98-650
r1166336.fit  4.12  1.36 0.078    31.8 from  18 sources of GD108
r1166337.fit  4.11  1.36 0.050    32.9 from  16 sources of GD108
r1166338.fit  3.85  1.27 0.060    24.1 from  22 sources of GD108
r1166339.fit  3.97  1.31 0.066    23.4 from  19 sources of GD108
r1166340.fit  0.83  0.27 0.098   109.3 from   1 sources of GD108
r1166341.fit  7.28  2.40 0.019    60.7 from   8 sources of GD108
r1166342.fit  4.48  1.48 0.070    73.0 from  52 sources of GD108
r1166343.fit  5.10  1.68 0.056   134.6 from  45 sources of GD108
r1166344.fit  9.04  2.98 0.051   152.6 from  16 sources of GD108
r1166345.fit  5.46  1.80 0.030    33.8 from  16 sources of GD108
r1166346.fit  4.81  1.59 0.053    37.5 from  21 sources of GD108
r1166347.fit  3.60  1.19 0.036   146.9 from 702 sources of uvex_3717 r
r1166348.fit  5.00  1.65 0.024    90.8 from  73 sources of uvex_3717 U
r1166349.fit  6.41  2.12 0.056   110.4 from 183 sources of uvex_3717 g
r1166350.fit  6.38  2.11 0.059   156.0 from 255 sources of uvex_3717o r
r1166351.fit  6.28  2.07 0.050    91.3 from  54 sources of uvex_3717o U
r1166352.fit  6.60  2.18 0.075    97.2 from 166 sources of uvex_3717o g
r1166353.fit  5.75  1.90 0.081   141.4 from 350 sources of uvex_3718 r
r1166354.fit  5.64  1.86 0.056    78.1 from  86 sources of uvex_3718 U
r1166355.fit  5.20  1.72 0.062    94.3 from 303 sources of uvex_3718 g
r1166356.fit  5.37  1.77 0.038   162.1 from 360 sources of uvex_3718o r
r1166357.fit  7.39  2.44 0.026    82.9 from  43 sources of uvex_3718o U
r1166358.fit  7.04  2.32 0.123   104.4 from 175 sources of uvex_3718o g
r1166359.fit  3.87  1.28 0.060   162.2 from 606 sources of uvex_3720 r
r1166360.fit  9.26  3.06 0.125    96.6 from  33 sources of uvex_3720 U
r1166361.fit  5.73  1.89 0.041   116.5 from 262 sources of uvex_3720 g
r1166362.fit  4.47  1.48 0.125   191.4 from 348 sources of uvex_3720o r
r1166363.fit  9.94  3.28 0.024   104.5 from  16 sources of uvex_3720o U
r1166364.fit  7.78  2.57 0.049   116.1 from 178 sources of uvex_3720o g
r1166365.fit  3.92  1.29 0.058   170.7 from 459 sources of uvex_3721 r
r1166366.fit  9.75  3.22 0.031    89.7 from  19 sources of uvex_3721 U
r1166367.fit  4.50  1.49 0.081   104.3 from 240 sources of uvex_3721 g
r1166368.fit  3.87  1.28 0.085   172.5 from 510 sources of uvex_3721o r
r1166369.fit  7.36  2.43 0.027    90.2 from  44 sources of uvex_3721o U
r1166370.fit  4.89  1.61 0.065   111.2 from 218 sources of uvex_3721o g
r1166371.fit  4.05  1.34 0.046   172.6 from 547 sources of uvex_3729 r
r1166372.fit  3.63  1.20 0.048    89.0 from 155 sources of uvex_3729 U
r1166373.fit  3.68  1.21 0.058   111.9 from 388 sources of uvex_3729 g
r1166374.fit  2.96  0.98 0.047   144.7 from 820 sources of uvex_3729o r
r1166375.fit  3.59  1.18 0.042    89.0 from 154 sources of uvex_3729o U
r1166376.fit  3.51  1.16 0.050    95.1 from 525 sources of uvex_3729o g
r1166377.fit  3.08  1.02 0.049   182.6 from 513 sources of uvex_3731 r
r1166378.fit  3.75  1.24 0.086    97.7 from  71 sources of uvex_3731 U
r1166379.fit  3.59  1.18 0.042   114.4 from 257 sources of uvex_3731 g
r1166380.fit  3.40  1.12 0.049   186.7 from 441 sources of uvex_3731o r
r1166381.fit  4.06  1.34 0.100    98.1 from  71 sources of uvex_3731o U
r1166382.fit  3.72  1.23 0.054   114.1 from 263 sources of uvex_3731o g
r1166383.fit  3.08  1.02 0.056   154.2 from 819 sources of uvex_3732 r
r1166384.fit  3.41  1.13 0.083    91.3 from 163 sources of uvex_3732 U
r1166385.fit  3.50  1.16 0.057    94.7 from 489 sources of uvex_3732 g
r1166386.fit  3.27  1.08 0.062   151.0 from 744 sources of uvex_3732o r
r1166387.fit  4.00  1.32 0.123    79.0 from 106 sources of uvex_3732o U
r1166388.fit  3.70  1.22 0.041   116.2 from 429 sources of uvex_3732o g
r1166389.fit  3.21  1.06 0.051   143.9 from 588 sources of uvex_3733 r
r1166390.fit  5.82  1.92 0.054    92.5 from  42 sources of uvex_3733 U
r1166391.fit  8.87  2.93 0.048   115.3 from  88 sources of uvex_3733 g
r1166392.fit  6.51  2.15 0.074   170.2 from 276 sources of uvex_3733o r
r1166393.fit  3.79  1.25 0.054    87.0 from 148 sources of uvex_3733o U
r1166394.fit  3.66  1.21 0.083    93.9 from 525 sources of uvex_3733o g
r1166395.fit  3.72  1.23 0.056   146.1 from 551 sources of uvex_3744 r
r1166396.fit  4.73  1.56 0.122    90.7 from  62 sources of uvex_3744 U
r1166397.fit  3.86  1.27 0.043   101.5 from 344 sources of uvex_3744 g
r1166398.fit  3.82  1.26 0.089   158.8 from 448 sources of uvex_3744o r
r1166399.fit  4.49  1.48 0.095    91.5 from  95 sources of uvex_3744o U
r1166400.fit  3.97  1.31 0.057   105.3 from 299 sources of uvex_3744o g
r1166401.fit  3.35  1.11 0.056   168.3 from 488 sources of uvex_3746 r
r1166402.fit  3.88  1.28 0.071    90.8 from  82 sources of uvex_3746 U
r1166403.fit  3.63  1.20 0.092   108.6 from 258 sources of uvex_3746 g
r1166404.fit  4.42  1.46 0.048   177.4 from 385 sources of uvex_3746o r
r1166405.fit  5.53  1.82 0.019    93.6 from  46 sources of uvex_3746o U
r1166406.fit  4.04  1.33 0.077   107.6 from 291 sources of uvex_3746o g
r1166407.fit  4.06  1.34 0.079   161.5 from 663 sources of uvex_3747 r
r1166408.fit  4.31  1.42 0.121    90.1 from 103 sources of uvex_3747 U
r1166409.fit  3.91  1.29 0.065   107.9 from 509 sources of uvex_3747 g
r1166410.fit  3.53  1.16 0.074   173.3 from 645 sources of uvex_3747o r
r1166411.fit  4.68  1.54 0.119    87.0 from  93 sources of uvex_3747o U
r1166412.fit  4.15  1.37 0.068   108.3 from 432 sources of uvex_3747o g
r1166413.fit  4.10  1.35 0.052   167.2 from 642 sources of uvex_3748 r
r1166414.fit  4.87  1.61 0.106    88.0 from  84 sources of uvex_3748 U
r1166415.fit  4.85  1.60 0.049   113.9 from  98 sources of uvex_3748 g
r1166416.fit  3.82  1.26 0.075   207.7 from 217 sources of uvex_3748o r
r1166417.fit  4.50  1.49 0.121    85.5 from  26 sources of uvex_3748o U
r1166418.fit  4.10  1.35 0.052   115.8 from 152 sources of uvex_3748o g
r1166419.fit  3.71  1.22 0.049    68.0 from  11 sources of GD108
r1166420.fit  3.94  1.30 0.022    75.8 from  10 sources of GD108
r1166421.fit  3.17  1.05 0.079    68.0 from   8 sources of GD108
r1166422.fit  3.59  1.18 0.068    85.5 from  36 sources of GD108
r1166423.fit  3.28  1.08 0.066   113.6 from  40 sources of GD108
r1166424.fit  3.13  1.03 0.066   101.8 from  50 sources of GD108
r1166425.fit  3.29  1.09 0.065   211.3 from  85 sources of GD108
r1166426.fit  3.10  1.02 0.076   201.5 from 109 sources of GD108
r1166427.fit  3.58  1.18 0.054    67.0 from  46 sources of GD108
r1166428.fit  3.42  1.13 0.044    71.7 from  45 sources of GD108
r1166429.fit  4.29  1.42 0.060    23.4 from   5 sources of FEIGE67
r1166430.fit  4.26  1.41 0.087    23.9 from   7 sources of FEIGE67
r1166431.fit  3.67  1.21 0.066    20.2 from  17 sources of FEIGE67
r1166432.fit  4.36  1.44 0.067    21.2 from  14 sources of FEIGE67
r1166433.fit  3.69  1.22 0.069    30.6 from  19 sources of FEIGE67
r1166434.fit  3.59  1.18 0.082    34.0 from  19 sources of FEIGE67
r1166435.fit  4.52  1.49 0.088   119.1 from   1 sources of FEIGE67
r1166436.fit  3.48  1.15 0.105    79.9 from  32 sources of FEIGE67
r1166437.fit  3.73  1.23 0.043    25.2 from  21 sources of FEIGE67
r1166438.fit  3.79  1.25 0.063    25.0 from  20 sources of FEIGE67
r1166439.fit  4.52  1.49 0.092    21.7 from   4 sources of HZ44
r1166440.fit  3.97  1.31 0.085    20.3 from   3 sources of HZ44
r1166441.fit  4.03  1.33 0.105    21.1 from   4 sources of HZ44
r1166442.fit  4.76  1.57 0.112    22.5 from   5 sources of HZ44
r1166443.fit  3.66  1.21 0.108    27.6 from  13 sources of HZ44
r1166444.fit  3.42  1.13 0.061    27.7 from  14 sources of HZ44
r1166445.fit  3.48  1.15 0.086    53.0 from  15 sources of HZ44
r1166446.fit  3.70  1.22 0.077    53.3 from  15 sources of HZ44
r1166447.fit  3.44  1.14 0.076    24.5 from  14 sources of HZ44
r1166448.fit  3.51  1.16 0.052    24.8 from  13 sources of HZ44
r1166449.fit is not a target (BIAS)
r1166450.fit is not a target (BIAS)
r1166451.fit is not a target (BIAS)
r1166452.fit is not a target (BIAS)
r1166453.fit is not a target (BIAS)
r1166454.fit is not a target (BIAS)
r1166455.fit is not a target (BIAS)
r1166456.fit is not a target (BIAS)
r1166457.fit is not a target (BIAS)
r1166458.fit is not a target (BIAS)
