r1088268.fit is not a target (BIAS)
r1088269.fit is not a target (BIAS)
r1088270.fit is not a target (BIAS)
r1088271.fit is not a target (FLAT)
r1088272.fit is not a target (FLAT)
r1088273.fit is not a target (BIAS)
r1088274.fit is not a target (BIAS)
r1088275.fit is not a target (FLAT)
r1088276.fit is not a target (FLAT)
r1088277.fit is not a target (BIAS)
r1088278.fit is not a target (BIAS)
r1088279.fit is not a target (BIAS)
r1088280.fit is not a target (BIAS)
r1088281.fit is not a target (BIAS)
r1088282.fit is not a target (BIAS)
r1088283.fit is not a target (BIAS)
r1088284.fit is not a target (BIAS)
r1088285.fit is not a target (BIAS)
r1088286.fit is not a target (BIAS)
r1088287.fit is not a target (BIAS)
r1088288.fit is not a target (BIAS)
r1088289.fit is not a target (BIAS)
r1088290.fit is not a target (BIAS)
r1088291.fit is not a target (SKY)
r1088292.fit is not a target (SKY)
r1088293.fit is not a target (SKY)
r1088294.fit is not a target (SKY)
r1088295.fit is not a target (SKY)
r1088296.fit is not a target (SKY)
r1088297.fit is not a target (SKY)
r1088298.fit is not a target (SKY)
r1088299.fit is not a target (FLAT)
r1088300.fit is not a target (FLAT)
r1088301.fit is not a target (FLAT)
r1088302.fit is not a target (FLAT)
r1088303.fit is not a target (FLAT)
r1088304.fit is not a target (FLAT)
r1088305.fit is not a target (FLAT)
r1088306.fit is not a target (FLAT)
r1088307.fit is not a target (FLAT)
r1088308.fit is not a target (FLAT)
r1088309.fit is not a target (FLAT)
r1088310.fit is not a target (FLAT)
r1088311.fit is not a target (FLAT)
r1088312.fit is not a target (FLAT)
r1088313.fit is not a target (FLAT)
r1088314.fit is not a target (FOCUS)
r1088315.fit is not a target (FOCUS)
r1088316.fit  6.42  2.12 0.022   117.7 from  55 sources of SP2031+410
r1088317.fit  4.86  1.60 0.038    73.2 from  48 sources of SP2031+410
r1088318.fit  6.30  2.08 0.048    71.2 from  41 sources of SP2031+410
r1088319.fit  6.20  2.05 0.067   185.1 from 200 sources of uvex_6318o r
r1088320.fit  6.32  2.09 0.037    98.7 from  35 sources of uvex_6318o U
r1088321.fit  6.75  2.23 0.037   120.4 from  83 sources of uvex_6318o g
r1088322.fit  6.35  2.10 0.052   181.2 from 257 sources of uvex_6541 r
r1088323.fit  8.27  2.73 0.027   102.1 from  15 sources of uvex_6541 U
r1088324.fit  7.53  2.48 0.042   128.7 from  70 sources of uvex_6541 g
r1088325.fit  6.93  2.29 0.055   191.4 from  78 sources of uvex_6542o r
r1088326.fit  0.84  0.28 0.054   110.9 from   6 sources of uvex_6542o U
r1088327.fit  4.33  1.43 0.104   136.8 from   5 sources of uvex_6542o g
r1088328.fit  7.89  2.60 0.030   197.5 from  76 sources of uvex_6544 r
r1088329.fit  6.63  2.19 0.030    97.1 from  20 sources of uvex_6544 U
r1088330.fit  5.50  1.82 0.038   120.7 from  70 sources of uvex_6544 g
r1088331.fit  6.10  2.01 0.039   206.5 from 158 sources of uvex_6546 r
r1088332.fit  7.10  2.34 0.030   100.0 from  15 sources of uvex_6546 U
r1088333.fit  6.19  2.04 0.040   127.3 from  87 sources of uvex_6546 g
r1088334.fit  6.63  2.19 0.045   206.5 from 133 sources of uvex_6546o r
r1088335.fit  6.39  2.11 0.032    96.7 from  18 sources of uvex_6546o U
r1088336.fit  7.31  2.41 0.036   129.7 from  88 sources of uvex_6546o g
r1088337.fit  6.91  2.28 0.033   194.4 from 139 sources of uvex_6547 r
r1088338.fit  6.32  2.09 0.030   102.1 from  35 sources of uvex_6547 U
r1088339.fit  5.08  1.68 0.050   130.5 from 173 sources of uvex_6547 g
r1088340.fit  7.14  2.36 0.040   210.0 from 118 sources of uvex_6547o r
r1088341.fit  6.71  2.21 0.034   106.8 from  22 sources of uvex_6547o U
r1088342.fit  5.87  1.94 0.041   132.0 from 116 sources of uvex_6547o g
r1088343.fit  6.05  2.00 0.052   189.0 from 122 sources of uvex_6548 r
r1088344.fit  5.16  1.70 0.035    97.9 from  24 sources of uvex_6548 U
r1088345.fit  5.96  1.97 0.031   123.5 from  72 sources of uvex_6548 g
r1088346.fit  5.39  1.78 0.037   194.6 from 142 sources of uvex_6548o r
r1088347.fit  4.72  1.56 0.039   100.9 from  23 sources of uvex_6548o U
r1088348.fit  5.83  1.92 0.040   132.4 from  79 sources of uvex_6548o g
r1088349.fit  4.88  1.61 0.046   191.8 from 283 sources of uvex_6550o r
r1088350.fit  4.99  1.65 0.028    98.3 from  34 sources of uvex_6550o U
r1088351.fit  4.91  1.62 0.034   130.1 from 133 sources of uvex_6550o g
r1088352.fit  5.04  1.66 0.062   179.6 from 152 sources of uvex_6551 r
r1088353.fit  5.51  1.82 0.051    94.1 from  30 sources of uvex_6551 U
r1088354.fit  5.41  1.79 0.044   113.7 from  75 sources of uvex_6551 g
r1088355.fit  5.51  1.82 0.075   179.9 from 327 sources of uvex_6552 r
r1088356.fit  4.94  1.63 0.043    88.2 from  63 sources of uvex_6552 U
r1088357.fit  5.47  1.81 0.063   100.3 from 282 sources of uvex_6552 g
r1088358.fit  5.26  1.74 0.044   158.0 from 353 sources of uvex_6573o r
r1088359.fit  5.36  1.77 0.070    84.9 from  50 sources of uvex_6573o U
r1088360.fit  5.37  1.77 0.078   103.7 from 214 sources of uvex_6573o g
r1088361.fit  5.60  1.85 0.084   171.8 from 241 sources of uvex_6577o r
r1088362.fit  5.10  1.68 0.045    88.1 from  30 sources of uvex_6577o U
r1088363.fit  5.78  1.91 0.097   110.7 from  86 sources of uvex_6577o g
r1088364.fit  5.31  1.75 0.063   183.7 from 320 sources of uvex_6578 r
r1088365.fit  4.84  1.60 0.063    89.1 from  52 sources of uvex_6578 U
r1088366.fit  5.55  1.83 0.068   108.7 from 242 sources of uvex_6578 g
r1088367.fit  5.70  1.88 0.084   156.8 from 255 sources of uvex_6586 r
r1088368.fit  5.14  1.70 0.079    87.6 from  28 sources of uvex_6586 U
r1088369.fit  6.48  2.14 0.092   106.2 from 104 sources of uvex_6586 g
r1088370.fit  6.08  2.01 0.053   150.9 from 205 sources of uvex_6586o r
r1088371.fit  4.51  1.49 0.042    89.7 from  38 sources of uvex_6586o U
r1088372.fit  5.38  1.78 0.052   109.7 from 133 sources of uvex_6586o g
r1088373.fit  4.67  1.54 0.081   150.6 from 372 sources of uvex_6592 r
r1088374.fit  4.37  1.44 0.052    79.7 from  67 sources of uvex_6592 U
r1088375.fit  5.63  1.86 0.093    92.8 from 193 sources of uvex_6592 g
r1088376.fit  5.78  1.91 0.124   142.0 from 395 sources of uvex_6612o r
r1088377.fit  4.89  1.61 0.100    91.1 from  99 sources of uvex_6612o U
r1088378.fit  4.73  1.56 0.087   100.4 from 394 sources of uvex_6612o g
r1088379.fit  4.88  1.61 0.111   164.4 from 426 sources of uvex_6614o r
r1088380.fit  4.43  1.46 0.109    88.4 from  74 sources of uvex_6614o U
r1088381.fit  5.29  1.75 0.082   107.6 from 273 sources of uvex_6614o g
r1088382.fit  5.55  1.83 0.121   149.4 from 413 sources of uvex_6622o r
r1088383.fit  4.67  1.54 0.074    87.8 from  96 sources of uvex_6622o U
r1088384.fit  5.28  1.74 0.059   106.5 from 484 sources of uvex_6622o g
r1088385.fit  5.20  1.72 0.113   137.2 from 311 sources of uvex_6629o r
r1088386.fit  4.55  1.50 0.067    88.2 from  78 sources of uvex_6629o U
r1088387.fit  5.02  1.66 0.077   110.3 from 203 sources of uvex_6629o g
r1088388.fit  6.31  2.08 0.130   177.1 from 228 sources of uvex_6641 r
r1088389.fit  4.65  1.53 0.048    89.3 from  72 sources of uvex_6641 U
r1088390.fit  5.09  1.68 0.074   107.1 from 241 sources of uvex_6641 g
r1088391.fit  5.64  1.86 0.110   159.4 from 331 sources of uvex_6642o r
r1088392.fit  4.44  1.47 0.075    81.6 from  79 sources of uvex_6642o U
r1088393.fit  5.15  1.70 0.109   115.3 from 274 sources of uvex_6642o g
r1088394.fit  4.57  1.51 0.085    70.6 from  53 sources of SP2031+410
r1088395.fit  4.69  1.55 0.093    69.3 from  41 sources of SP2031+410
r1088396.fit  6.75  2.23 0.117    72.0 from  23 sources of SP2031+410
r1088397.fit is not a target (FOCUS)
r1088398.fit is not a target (FOCUS)
r1088399.fit  2.89  0.95 0.032    70.4 from 107 sources of SP2031+410
r1088400.fit  3.58  1.18 0.057    69.8 from  84 sources of SP2031+410
r1088401.fit  3.44  1.14 0.050    70.9 from 106 sources of SP2031+410
r1088402.fit  3.14  1.04 0.055    68.2 from 105 sources of SP2031+410
r1088403.fit  3.59  1.18 0.055    68.5 from  94 sources of SP2031+410
r1088404.fit  3.16  1.04 0.041    68.4 from  95 sources of SP2031+410
r1088405.fit  4.69  1.55 0.070    91.7 from  68 sources of SP2031+410
r1088406.fit  4.33  1.43 0.048    92.3 from  69 sources of SP2031+410
r1088407.fit  4.57  1.51 0.057    91.5 from  67 sources of SP2031+410
r1088408.fit  4.18  1.38 0.073   630.7 from 185 sources of EUHT461B
r1088409.fit  3.85  1.27 0.103   590.8 from 191 sources of EUHT461B
r1088410.fit  3.91  1.29 0.109   585.2 from 204 sources of EUHT461B
r1088411.fit  4.12  1.36 0.098   580.0 from 220 sources of EUHT461B
r1088412.fit  3.85  1.27 0.115   585.4 from 174 sources of EUHT461B
r1088413.fit  4.44  1.47 0.095   583.3 from 199 sources of EUHT461B
r1088414.fit  4.26  1.41 0.104   586.1 from 206 sources of EUHT461B
r1088415.fit  3.92  1.29 0.118   660.8 from 115 sources of EUHT461B
r1088416.fit  4.16  1.37 0.051   984.0 from 550 sources of EUMO207B
r1088417.fit  3.39  1.12 0.085   821.8 from 792 sources of EUMO207B
r1088418.fit  3.64  1.20 0.062   797.4 from 788 sources of EUMO207B
r1088419.fit  3.54  1.17 0.081   710.3 from 766 sources of EUMO207B
r1088420.fit  3.29  1.09 0.062   700.7 from 898 sources of EUMO207B
r1088421.fit  3.55  1.17 0.040   747.0 from 819 sources of EUMO207B
r1088422.fit  3.31  1.09 0.050   742.2 from 872 sources of EUMO207B
r1088423.fit  3.14  1.04 0.059   780.8 from 928 sources of EUMO207B
r1088424.fit  4.11  1.36 0.090   602.3 from 187 sources of EUHT462B
r1088425.fit  3.96  1.31 0.117   612.1 from 135 sources of EUHT462B
r1088426.fit  3.92  1.29 0.071   619.6 from 189 sources of EUHT462B
r1088427.fit  3.89  1.28 0.089   604.5 from 187 sources of EUHT462B
r1088428.fit  3.76  1.24 0.083   605.4 from 195 sources of EUHT462B
r1088429.fit  3.91  1.29 0.103   598.4 from 191 sources of EUHT462B
r1088430.fit  4.55  1.50 0.137   702.3 from  38 sources of EUMO209B
r1088431.fit  3.74  1.23 0.096   702.6 from  72 sources of EUMO209B
r1088432.fit  3.95  1.30 0.106   709.9 from  70 sources of EUMO209B
r1088433.fit  3.67  1.21 0.068   716.8 from  71 sources of EUMO209B
r1088434.fit  3.83  1.26 0.119   715.1 from  62 sources of EUMO209B
r1088435.fit  3.99  1.32 0.085   717.4 from  66 sources of EUMO209B
r1088436.fit  3.81  1.26 0.080   202.4 from 121 sources of uvex_0374 r
r1088437.fit  5.08  1.68 0.054   102.0 from  17 sources of uvex_0374 U
r1088438.fit  4.42  1.46 0.066   131.2 from  55 sources of uvex_0374 g
r1088439.fit  4.10  1.35 0.065   195.5 from 147 sources of uvex_0376 r
r1088440.fit  4.97  1.64 0.069   100.2 from  18 sources of uvex_0376 U
r1088441.fit  4.31  1.42 0.079   114.9 from  49 sources of uvex_0376 g
r1088442.fit  4.13  1.36 0.083   190.6 from 134 sources of uvex_0376o r
r1088443.fit  4.89  1.61 0.058   100.4 from  12 sources of uvex_0376o U
r1088444.fit  4.60  1.52 0.044   114.3 from  44 sources of uvex_0376o g
r1088445.fit  3.86  1.27 0.072   191.6 from 359 sources of uvex_0377 r
r1088446.fit  4.91  1.62 0.040   106.1 from  49 sources of uvex_0377 U
r1088447.fit  4.06  1.34 0.052   120.8 from 237 sources of uvex_0377 g
r1088448.fit  4.37  1.44 0.097   187.6 from  92 sources of uvex_0378o r
r1088449.fit  4.71  1.55 0.051   102.1 from  33 sources of uvex_0378o U
r1088450.fit  4.30  1.42 0.054   125.1 from  72 sources of uvex_0378o g
r1088451.fit  3.66  1.21 0.058   184.7 from 741 sources of uvex_0379o r
r1088452.fit  5.20  1.72 0.043   101.7 from  76 sources of uvex_0379o U
r1088453.fit  4.46  1.47 0.055   123.9 from 369 sources of uvex_0379o g
r1088454.fit  4.42  1.46 0.063   171.6 from 298 sources of uvex_0380o r
r1088455.fit  5.17  1.71 0.048    98.5 from  38 sources of uvex_0380o U
r1088456.fit  4.22  1.39 0.054   123.8 from 143 sources of uvex_0380o g
r1088457.fit  4.16  1.37 0.051   191.7 from 155 sources of uvex_0381 r
r1088458.fit  5.22  1.72 0.049   102.3 from  21 sources of uvex_0381 U
r1088459.fit  4.54  1.50 0.057   122.9 from  94 sources of uvex_0381 g
r1088460.fit  4.16  1.37 0.048   176.1 from 164 sources of uvex_0394o r
r1088461.fit  5.73  1.89 0.069   102.9 from  12 sources of uvex_0394o U
r1088462.fit  4.38  1.45 0.044   128.7 from  79 sources of uvex_0394o g
r1088463.fit  4.17  1.38 0.064   165.3 from 344 sources of uvex_0462o r
r1088464.fit  4.91  1.62 0.042    97.8 from  31 sources of uvex_0462o U
r1088465.fit  4.10  1.35 0.052   115.6 from 228 sources of uvex_0462o g
r1088466.fit  3.98  1.31 0.066   149.7 from 282 sources of uvex_0641 r
r1088467.fit  5.10  1.68 0.046   102.4 from  18 sources of uvex_0641 U
r1088468.fit  4.40  1.45 0.069   114.5 from 106 sources of uvex_0641 g
r1088469.fit  4.22  1.39 0.095   158.0 from 264 sources of uvex_0641o r
r1088470.fit  5.25  1.73 0.055   106.5 from  17 sources of uvex_0641o U
r1088471.fit  4.57  1.51 0.068   114.7 from 104 sources of uvex_0641o g
r1088472.fit  3.56  1.17 0.022   150.6 from  77 sources of GD248 r
r1088473.fit  4.51  1.49 0.053   100.9 from  12 sources of GD248 U
r1088474.fit  3.32  1.10 0.036    82.7 from  44 sources of GD248 g
r1088475.fit  4.09  1.35 0.084   159.0 from 272 sources of uvex_1020 r
r1088476.fit  5.09  1.68 0.066   104.3 from  30 sources of uvex_1020 U
r1088477.fit  4.63  1.53 0.064   126.1 from 130 sources of uvex_1020 g
r1088478.fit  4.96  1.64 0.126   147.8 from 136 sources of uvex_1020o r
r1088479.fit  5.54  1.83 0.079    99.7 from  29 sources of uvex_1020o U
r1088480.fit  4.36  1.44 0.066   119.6 from 147 sources of uvex_1020o g
r1088481.fit  4.74  1.56 0.055   155.5 from 213 sources of uvex_1021 r
r1088482.fit  5.86  1.93 0.071   102.5 from  16 sources of uvex_1021 U
r1088483.fit  5.35  1.77 0.057   127.0 from 102 sources of uvex_1021 g
r1088484.fit  4.41  1.46 0.059   172.8 from 286 sources of uvex_1021o r
r1088485.fit  5.42  1.79 0.046   102.3 from  24 sources of uvex_1021o U
r1088486.fit  4.85  1.60 0.050   123.9 from 127 sources of uvex_1021o g
r1088487.fit  4.42  1.46 0.074   173.0 from 235 sources of uvex_1025o r
r1088488.fit  5.11  1.69 0.058    91.2 from  19 sources of uvex_1025o U
r1088489.fit  4.80  1.58 0.062   128.1 from  81 sources of uvex_1025o g
r1088490.fit  4.05  1.34 0.073   197.7 from 277 sources of uvex_1026 r
r1088491.fit  5.24  1.73 0.043   113.1 from  26 sources of uvex_1026 U
r1088492.fit  4.76  1.57 0.068   155.4 from  76 sources of uvex_1026 g
r1088493.fit  4.34  1.43 0.062   227.3 from  88 sources of uvex_1026o r
r1088494.fit  5.64  1.86 0.063   117.0 from  18 sources of uvex_1026o U
r1088495.fit  4.94  1.63 0.050   158.8 from  29 sources of uvex_1026o g
r1088496.fit  5.08  1.68 0.089   262.7 from  27 sources of uvex_1694o r
r1088497.fit  5.53  1.82 0.101   102.0 from  12 sources of uvex_1694o U
r1088498.fit  4.76  1.57 0.063   159.2 from  38 sources of uvex_1694o g
r1088499.fit  4.74  1.56 0.083   233.7 from  70 sources of uvex_1698 r
r1088500.fit  5.47  1.81 0.090   119.7 from  13 sources of uvex_1698 U
r1088501.fit  5.00  1.65 0.060   156.7 from  73 sources of uvex_1698 g
r1088502.fit  5.48  1.81 0.112   206.3 from 107 sources of uvex_1698o r
r1088503.fit  5.82  1.92 0.079   108.7 from  26 sources of uvex_1698o U
r1088504.fit  4.94  1.63 0.073   127.4 from 118 sources of uvex_1698o g
r1088505.fit  4.50  1.49 0.079   179.7 from 303 sources of uvex_2107 r
r1088506.fit  6.30  2.08 0.091    83.5 from  33 sources of uvex_2107 U
r1088507.fit  4.90  1.62 0.072   126.4 from 179 sources of uvex_2107 g
r1088508.fit  5.82  1.92 0.084   214.3 from 148 sources of uvex_2107o r
r1088509.fit  5.42  1.79 0.092    88.3 from  16 sources of uvex_2107o U
r1088510.fit  4.95  1.63 0.097   119.6 from 168 sources of uvex_2107o g
r1088511.fit  4.43  1.46 0.096   164.4 from 197 sources of uvex_2108 r
r1088512.fit  5.53  1.82 0.100    88.5 from  21 sources of uvex_2108 U
r1088513.fit  4.92  1.62 0.093   120.0 from  91 sources of uvex_2108 g
r1088514.fit  5.32  1.76 0.057   178.7 from 171 sources of uvex_2108o r
r1088515.fit  6.19  2.04 0.082    90.0 from  19 sources of uvex_2108o U
r1088516.fit  4.96  1.64 0.094   132.7 from  95 sources of uvex_2108o g
r1088517.fit  4.43  1.46 0.065   188.8 from 276 sources of uvex_2111 r
r1088518.fit  5.42  1.79 0.103    90.3 from  38 sources of uvex_2111 U
r1088519.fit  4.61  1.52 0.096   120.3 from 216 sources of uvex_2111 g
r1088520.fit  4.07  1.34 0.097   170.5 from 362 sources of uvex_2111o r
r1088521.fit  5.29  1.75 0.089    89.0 from  43 sources of uvex_2111o U
r1088522.fit  4.74  1.56 0.067   120.3 from 201 sources of uvex_2111o g
r1088523.fit  4.42  1.46 0.089   156.8 from 388 sources of uvex_2112 r
r1088524.fit  5.73  1.89 0.079    90.5 from  26 sources of uvex_2112 U
r1088525.fit  5.24  1.73 0.097   124.8 from 166 sources of uvex_2112 g
r1088526.fit  4.85  1.60 0.093   156.3 from 328 sources of uvex_2112o r
r1088527.fit  5.40  1.78 0.088    90.4 from  31 sources of uvex_2112o U
r1088528.fit  4.89  1.61 0.084   129.9 from 188 sources of uvex_2112o g
r1088529.fit  4.91  1.62 0.076   161.3 from 183 sources of uvex_2115 r
r1088530.fit  5.27  1.74 0.077    89.4 from  21 sources of uvex_2115 U
r1088531.fit  4.47  1.48 0.079   130.0 from 120 sources of uvex_2115 g
r1088532.fit  4.97  1.64 0.131   170.7 from  56 sources of uvex_2115o r
r1088533.fit  5.07  1.67 0.078    95.3 from  15 sources of uvex_2115o U
r1088534.fit  4.30  1.42 0.080   131.0 from 123 sources of uvex_2115o g
r1088535.fit  4.16  1.37 0.106   203.9 from 488 sources of uvex_2116 r
r1088536.fit  5.17  1.71 0.075   100.2 from  57 sources of uvex_2116 U
r1088537.fit  4.32  1.43 0.083   166.2 from 312 sources of uvex_2116 g
r1088538.fit  3.82  1.26 0.091   252.5 from 388 sources of uvex_2116o r
r1088539.fit  4.78  1.58 0.096   113.1 from  49 sources of uvex_2116o U
r1088540.fit  4.08  1.35 0.060   192.6 from 277 sources of uvex_2116o g
r1088541.fit  3.57  1.18 0.090   124.4 from  40 sources of HZ4 r
r1088542.fit  5.53  1.82 0.094   103.7 from  13 sources of HZ4 U
r1088543.fit  4.24  1.40 0.054    91.8 from  31 sources of HZ4 g
r1088544.fit  3.75  1.24 0.099   205.3 from 269 sources of uvex_2152 r
r1088545.fit  5.06  1.67 0.104   100.0 from  34 sources of uvex_2152 U
r1088546.fit  4.30  1.42 0.074   161.9 from 143 sources of uvex_2152 g
r1088547.fit  4.03  1.33 0.066   236.1 from 250 sources of uvex_2152o r
r1088548.fit  4.81  1.59 0.082   109.1 from  12 sources of uvex_2152o U
r1088549.fit  4.32  1.43 0.065   146.9 from 164 sources of uvex_2152o g
r1088550.fit  4.07  1.34 0.075   195.3 from 271 sources of uvex_2154 r
r1088551.fit  5.36  1.77 0.101   136.7 from  31 sources of uvex_2154 U
r1088552.fit  4.31  1.42 0.072   184.9 from 149 sources of uvex_2154 g
r1088553.fit  4.31  1.42 0.068   225.6 from 242 sources of uvex_2154o r
r1088554.fit  5.55  1.83 0.090   133.3 from  32 sources of uvex_2154o U
r1088555.fit  4.39  1.45 0.055   183.1 from 137 sources of uvex_2154o g
r1088556.fit  4.27  1.41 0.086   239.7 from 301 sources of uvex_2157 r
r1088557.fit  5.66  1.87 0.075   138.5 from  40 sources of uvex_2157 U
r1088558.fit  4.68  1.54 0.080   181.1 from 190 sources of uvex_2157 g
r1088559.fit  4.46  1.47 0.078   252.4 from 293 sources of uvex_2157o r
r1088560.fit  5.49  1.81 0.085   131.5 from  40 sources of uvex_2157o U
r1088561.fit  4.63  1.53 0.078   181.9 from 218 sources of uvex_2157o g
r1088562.fit  4.46  1.47 0.077   248.7 from 245 sources of uvex_2169 r
r1088563.fit  5.34  1.76 0.077   131.5 from  26 sources of uvex_2169 U
r1088564.fit  4.81  1.59 0.080   172.0 from 161 sources of uvex_2169 g
r1088565.fit  3.97  1.31 0.091   220.6 from 359 sources of uvex_2169o r
r1088566.fit  5.11  1.69 0.092   136.0 from  27 sources of uvex_2169o U
r1088567.fit  4.18  1.38 0.062   193.0 from 149 sources of uvex_2169o g
r1088568.fit  3.71  1.22 0.093   284.6 from 275 sources of uvex_2171 r
r1088569.fit  4.99  1.65 0.080   138.4 from  24 sources of uvex_2171 U
r1088570.fit  3.77  1.24 0.075   179.8 from 244 sources of uvex_2171 g
r1088571.fit  4.10  1.35 0.109   222.7 from 339 sources of uvex_2171o r
r1088572.fit  5.02  1.66 0.072   132.7 from  34 sources of uvex_2171o U
r1088573.fit  4.22  1.39 0.052   155.1 from 270 sources of uvex_2171o g
r1088574.fit  4.22  1.39 0.059   197.6 from 657 sources of uvex_2173 r
r1088575.fit  5.45  1.80 0.070   134.1 from  95 sources of uvex_2173 U
r1088576.fit  4.53  1.49 0.085   170.6 from 368 sources of uvex_2173 g
r1088577.fit  4.14  1.37 0.081   213.9 from 526 sources of uvex_2173o r
r1088578.fit  5.57  1.84 0.099   144.8 from  59 sources of uvex_2173o U
r1088579.fit  4.40  1.45 0.056   201.9 from 371 sources of uvex_2173o g
r1088580.fit  4.55  1.50 0.070   269.4 from 394 sources of uvex_2174 r
r1088581.fit  5.71  1.88 0.077   129.5 from  45 sources of uvex_2174 U
r1088582.fit  4.74  1.56 0.059   197.4 from 263 sources of uvex_2174 g
r1088583.fit  4.44  1.47 0.080   272.2 from 351 sources of uvex_2174o r
r1088584.fit  5.91  1.95 0.094   126.4 from  44 sources of uvex_2174o U
r1088585.fit  4.26  1.41 0.067   203.2 from 228 sources of uvex_2174o g
r1088586.fit  4.59  1.51 0.113   304.7 from 276 sources of uvex_2257 r
r1088587.fit  5.47  1.81 0.069   145.4 from  48 sources of uvex_2257 U
r1088588.fit  4.68  1.54 0.064   217.5 from 206 sources of uvex_2257 g
r1088589.fit  4.50  1.49 0.111   280.8 from 277 sources of uvex_2257o r
r1088590.fit  5.39  1.78 0.087   146.9 from  56 sources of uvex_2257o U
r1088591.fit  4.53  1.49 0.070   219.7 from 240 sources of uvex_2257o g
r1088592.fit  4.30  1.42 0.094   291.8 from 181 sources of uvex_2258o r
r1088593.fit  5.22  1.72 0.079   161.2 from  25 sources of uvex_2258o U
r1088594.fit  4.45  1.47 0.101   234.2 from 112 sources of uvex_2258o g
r1088595.fit  4.35  1.44 0.086   273.6 from 300 sources of uvex_2259 r
r1088596.fit  5.19  1.71 0.046   187.1 from  34 sources of uvex_2259 U
r1088597.fit  4.34  1.43 0.051   319.4 from 140 sources of uvex_2259 g
r1088598.fit  4.36  1.44 0.118   333.2 from 181 sources of uvex_2259o r
r1088599.fit  5.24  1.73 0.040   242.3 from  37 sources of uvex_2259o U
r1088600.fit  4.50  1.49 0.066   401.7 from 165 sources of uvex_2259o g
r1088601.fit  4.22  1.39 0.097   373.2 from 186 sources of uvex_2264 r
r1088602.fit  5.37  1.77 0.119   400.6 from  28 sources of uvex_2264 U
r1088603.fit  4.18  1.38 0.080   898.1 from  31 sources of uvex_2264 g
r1088604.fit  4.37  1.44 0.100   682.8 from  40 sources of uvex_2264o r
r1088605.fit  5.25  1.73 0.087   757.8 from  28 sources of uvex_2264o U
r1088606.fit  4.98  1.64 0.081  1427.5 from  93 sources of uvex_2264o g
r1088607.fit is not a target (SKY)
r1088608.fit is not a target (SKY)
r1088609.fit is not a target (SKY)
r1088610.fit is not a target (SKY)
r1088611.fit is not a target (SKY)
r1088612.fit is not a target (SKY)
r1088613.fit is not a target (SKY)
r1088614.fit is not a target (SKY)
r1088615.fit is not a target (SKY)
r1088616.fit is not a target (SKY)
r1088617.fit is not a target (SKY)
r1088618.fit is not a target (SKY)
r1088619.fit is not a target (SKY)
r1088620.fit is not a target (SKY)
r1088621.fit is not a target (SKY)
r1088622.fit is not a target (SKY)
r1088623.fit is not a target (SKY)
r1088624.fit is not a target (SKY)
r1088625.fit is not a target (SKY)
