r1083978.fit is not a target (BIAS)
r1083979.fit is not a target (BIAS)
r1083980.fit is not a target (BIAS)
r1083981.fit is not a target (BIAS)
r1083982.fit is not a target (BIAS)
r1083983.fit is not a target (BIAS)
r1083984.fit is not a target (BIAS)
r1083985.fit is not a target (BIAS)
r1083986.fit is not a target (BIAS)
r1083987.fit is not a target (BIAS)
r1083988.fit is not a target (BIAS)
r1083989.fit is not a target (BIAS)
r1083990.fit is not a target (BIAS)
r1083991.fit is not a target (BIAS)
r1083992.fit is not a target (BIAS)
r1083993.fit is not a target (BIAS)
r1083994.fit is not a target (BIAS)
r1083995.fit is not a target (BIAS)
r1083996.fit is not a target (BIAS)
r1083997.fit is not a target (BIAS)
r1083998.fit is not a target (BIAS)
r1083999.fit is not a target (BIAS)
r1084000.fit is not a target (BIAS)
r1084001.fit is not a target (BIAS)
r1084002.fit is not a target (BIAS)
r1084003.fit is not a target (BIAS)
r1084004.fit is not a target (BIAS)
r1084005.fit is not a target (BIAS)
r1084006.fit is not a target (BIAS)
r1084007.fit is not a target (FLAT)
r1084008.fit is not a target (FLAT)
r1084009.fit is not a target (FLAT)
r1084010.fit is not a target (FLAT)
r1084011.fit is not a target (FLAT)
r1084012.fit is not a target (FLAT)
r1084013.fit is not a target (FLAT)
r1084014.fit is not a target (FLAT)
r1084015.fit is not a target (FLAT)
r1084016.fit is not a target (FLAT)
r1084017.fit is not a target (FLAT)
r1084018.fit is not a target (FLAT)
r1084019.fit is not a target (FLAT)
r1084020.fit is not a target (FOCUS)
r1084021.fit  4.00  1.32 0.103   914.5 from 590 sources of 2009TL4B
r1084022.fit  4.23  1.40 0.099   904.6 from 516 sources of 2009TL4B
r1084023.fit  4.72  1.56 0.125   903.1 from 291 sources of 2009TL4B
r1084024.fit  4.01  1.32 0.102   890.9 from 561 sources of 2009TL4B
r1084025.fit  4.38  1.45 0.102   888.2 from 491 sources of 2009TL4B
r1084026.fit  4.86  1.60 0.125   881.8 from 273 sources of 2009TL4B
r1084027.fit  4.47  1.48 0.120   888.6 from 338 sources of 2009TL4B
r1084028.fit  4.51  1.49 0.114   889.3 from 403 sources of 2009TL4B
r1084029.fit  5.16  1.70 0.117   840.7 from 1155 sources of 2011WE44B
r1084030.fit  4.68  1.54 0.134   831.0 from 516 sources of 2011WE44B
r1084031.fit  5.44  1.80 0.118   745.0 from 1055 sources of 2011WE44B
r1084032.fit  6.45  2.13 0.133   971.1 from 778 sources of 2011WE44B
r1084033.fit  5.54  1.83 0.136   806.3 from 352 sources of 2011WE44B
r1084034.fit  5.17  1.71 0.120   795.2 from  92 sources of 2011WE44B
r1084035.fit  4.70  1.55 0.129   779.7 from 653 sources of 2011WE44B
r1084036.fit  4.86  1.60 0.099   776.9 from 1447 sources of 2011WE44B
r1084037.fit  5.03  1.66 0.085   829.6 from 265 sources of 2002CV46B
r1084038.fit  5.56  1.83 0.050   731.4 from 260 sources of 2002CV46B
r1084039.fit  5.36  1.77 0.036   716.8 from 269 sources of 2002CV46B
r1084040.fit  4.91  1.62 0.099   791.9 from 257 sources of 2002CV46B
r1084041.fit  4.96  1.64 0.087   803.7 from 277 sources of 2002CV46B
r1084042.fit  5.04  1.66 0.052   804.1 from 280 sources of 2002CV46B
r1084043.fit  5.49  1.81 0.070   699.3 from 263 sources of 2002CV46B
r1084044.fit  5.63  1.86 0.073   683.1 from 261 sources of 2002CV46B
r1084045.fit  3.91  1.29 0.109    30.0 from  49 sources of SA112-250 r
r1084046.fit  5.01  1.65 0.088    32.0 from  12 sources of SA112-250 U
r1084047.fit  4.28  1.41 0.079    30.0 from  27 sources of SA112-250 g
r1084048.fit  4.16  1.37 0.101   112.9 from 496 sources of G24-9 r
r1084049.fit  5.74  1.89 0.115    62.8 from  52 sources of G24-9 U
r1084050.fit  4.88  1.61 0.097   109.9 from 366 sources of G24-9 g
r1084051.fit  4.07  1.34 0.041    37.6 from  79 sources of WOLF1346 r
r1084052.fit  6.46  2.13 0.138    81.1 from   4 sources of WOLF1346 U
r1084053.fit  3.68  1.21 0.057    36.1 from  61 sources of WOLF1346 g
r1084054.fit  4.37  1.44 0.095   138.7 from 720 sources of uvex_6301 r
r1084055.fit  5.34  1.76 0.118    89.1 from  59 sources of uvex_6301 U
r1084056.fit  4.24  1.40 0.087   110.0 from 461 sources of uvex_6301 g
r1084057.fit  4.06  1.34 0.098   135.9 from 812 sources of uvex_5523 r
r1084058.fit  5.97  1.97 0.117    86.4 from  90 sources of uvex_5523 U
r1084059.fit  4.46  1.47 0.090   105.0 from 444 sources of uvex_5523 g
r1084060.fit  3.62  1.19 0.103   138.2 from 825 sources of uvex_5523o r
r1084061.fit  5.04  1.66 0.096    84.3 from 117 sources of uvex_5523o U
r1084062.fit  4.04  1.33 0.085   104.7 from 502 sources of uvex_5523o g
r1084063.fit  3.55  1.17 0.085   159.7 from 1234 sources of uvex_5525 r
r1084064.fit  5.47  1.81 0.098    84.1 from 106 sources of uvex_5525 U
r1084065.fit  3.82  1.26 0.102   109.1 from 525 sources of uvex_5525 g
r1084066.fit  3.88  1.28 0.079   138.9 from 512 sources of uvex_5526 r
r1084067.fit  5.57  1.84 0.077    90.9 from  44 sources of uvex_5526 U
r1084068.fit  4.54  1.50 0.062   112.1 from 217 sources of uvex_5526 g
r1084069.fit  4.63  1.53 0.085   164.0 from 405 sources of uvex_5526o r
r1084070.fit  5.45  1.80 0.071    91.7 from  53 sources of uvex_5526o U
r1084071.fit  4.38  1.45 0.050   107.6 from 244 sources of uvex_5526o g
r1084072.fit  4.25  1.40 0.088   151.8 from 779 sources of uvex_5527 r
r1084073.fit  5.43  1.79 0.091    89.9 from  90 sources of uvex_5527 U
r1084074.fit  4.72  1.56 0.069   104.3 from 463 sources of uvex_5527 g
r1084075.fit  4.37  1.44 0.082   131.4 from 400 sources of uvex_5534 r
r1084076.fit  6.24  2.06 0.071    86.8 from  39 sources of uvex_5534 U
r1084077.fit  5.62  1.85 0.046    96.8 from 151 sources of uvex_5534 g
r1084078.fit  5.01  1.65 0.072   143.8 from 372 sources of uvex_5534o r
r1084079.fit  6.32  2.09 0.063    87.7 from  44 sources of uvex_5534o U
r1084080.fit  5.18  1.71 0.066   105.0 from 156 sources of uvex_5534o g
r1084081.fit  4.94  1.63 0.061   154.5 from 358 sources of uvex_5538 r
r1084082.fit  5.29  1.75 0.057    87.3 from  47 sources of uvex_5538 U
r1084083.fit  4.37  1.44 0.051   104.5 from 243 sources of uvex_5538 g
r1084084.fit  4.00  1.32 0.055   140.3 from 532 sources of uvex_5538o r
r1084085.fit  5.96  1.97 0.050    85.4 from  47 sources of uvex_5538o U
r1084086.fit  5.74  1.89 0.051   106.6 from 180 sources of uvex_5538o g
r1084087.fit  4.64  1.53 0.049   144.2 from 523 sources of uvex_5553 r
r1084088.fit  7.08  2.34 0.048    87.7 from  28 sources of uvex_5553 U
r1084089.fit  6.43  2.12 0.044   105.3 from 222 sources of uvex_5553 g
r1084090.fit  5.95  1.96 0.056   150.7 from 368 sources of uvex_5553o r
r1084091.fit  6.89  2.27 0.068    78.6 from  37 sources of uvex_5553o U
r1084092.fit  5.58  1.84 0.049   103.2 from 257 sources of uvex_5553o g
r1084093.fit  6.13  2.02 0.102   153.0 from 467 sources of uvex_5565o r
r1084094.fit  6.27  2.07 0.084    87.0 from  85 sources of uvex_5565o U
r1084095.fit  5.07  1.67 0.064   105.2 from 383 sources of uvex_5565o g
r1084096.fit  5.20  1.72 0.104   148.2 from 540 sources of uvex_5568 r
r1084097.fit  5.93  1.96 0.063    86.1 from  71 sources of uvex_5568 U
r1084098.fit  4.93  1.63 0.061   102.2 from 383 sources of uvex_5568 g
r1084099.fit  4.49  1.48 0.080   154.3 from 760 sources of uvex_5568o r
r1084100.fit  5.28  1.74 0.048    87.5 from  73 sources of uvex_5568o U
r1084101.fit  4.55  1.50 0.063   107.3 from 417 sources of uvex_5568o g
r1084102.fit  5.08  1.68 0.066   130.5 from 276 sources of uvex_5588 r
r1084103.fit  5.71  1.88 0.041    87.4 from  34 sources of uvex_5588 U
r1084104.fit  5.54  1.83 0.039    91.6 from 148 sources of uvex_5588 g
r1084105.fit  7.71  2.54 0.121   155.7 from 108 sources of uvex_5596o r
r1084106.fit  5.99  1.98 0.039    89.4 from  47 sources of uvex_5596o U
r1084107.fit  4.81  1.59 0.042   106.5 from 214 sources of uvex_5596o g
r1084108.fit  4.46  1.47 0.063   145.9 from 338 sources of uvex_5597 r
r1084109.fit  5.77  1.90 0.044    88.4 from  60 sources of uvex_5597 U
r1084110.fit  5.54  1.83 0.049   105.3 from 154 sources of uvex_5597 g
r1084111.fit  4.38  1.45 0.054   156.9 from 364 sources of uvex_5597o r
r1084112.fit  5.00  1.65 0.061    87.8 from  61 sources of uvex_5597o U
r1084113.fit  4.78  1.58 0.038   105.7 from 168 sources of uvex_5597o g
r1084114.fit  5.02  1.66 0.093   121.5 from 515 sources of uvex_5606 r
r1084115.fit  6.20  2.05 0.060    87.2 from  63 sources of uvex_5606 U
r1084116.fit  4.99  1.65 0.052   106.5 from 321 sources of uvex_5606 g
r1084117.fit  4.22  1.39 0.056   154.2 from 430 sources of uvex_5610 r
r1084118.fit  5.95  1.96 0.063    88.7 from  62 sources of uvex_5610 U
r1084119.fit  5.32  1.76 0.053   104.0 from 157 sources of uvex_5610 g
r1084120.fit  4.38  1.45 0.053   145.2 from 532 sources of uvex_5619 r
r1084121.fit  5.70  1.88 0.042    91.8 from  52 sources of uvex_5619 U
r1084122.fit  4.44  1.47 0.063   106.2 from 288 sources of uvex_5619 g
r1084123.fit  3.93  1.30 0.046    82.2 from 130 sources of ST_NGC7006 r
r1084124.fit  5.81  1.92 0.072    82.1 from  51 sources of ST_NGC7006 U
r1084125.fit  4.71  1.55 0.054    68.4 from  88 sources of ST_NGC7006 g
r1084126.fit  3.90  1.29 0.052   138.3 from 520 sources of G24-9 r
r1084127.fit  5.41  1.79 0.068    87.1 from  54 sources of G24-9 U
r1084128.fit  4.67  1.54 0.039   110.8 from 387 sources of G24-9 g
r1084129.fit  4.13  1.36 0.069   144.5 from 580 sources of uvex_6333 r
r1084130.fit  5.21  1.72 0.047    87.4 from  44 sources of uvex_6333 U
r1084131.fit  4.63  1.53 0.053   101.1 from 252 sources of uvex_6333 g
r1084132.fit  4.20  1.39 0.065   146.5 from 1282 sources of uvex_6335 r
r1084133.fit  5.03  1.66 0.050    92.1 from 154 sources of uvex_6335 U
r1084134.fit  3.97  1.31 0.062   104.1 from 998 sources of uvex_6335 g
r1084135.fit  4.36  1.44 0.105   164.0 from 1088 sources of uvex_6335o r
r1084136.fit  5.09  1.68 0.073    95.2 from 156 sources of uvex_6335o U
r1084137.fit  4.14  1.37 0.056   110.5 from 930 sources of uvex_6335o g
r1084138.fit  4.15  1.37 0.068   166.0 from 1033 sources of uvex_6353o r
r1084139.fit  5.27  1.74 0.095    91.3 from 112 sources of uvex_6353o U
r1084140.fit  3.90  1.29 0.067   106.8 from 715 sources of uvex_6353o g
r1084141.fit  3.62  1.19 0.073   136.6 from 200 sources of uvex_6358 r
r1084142.fit  4.74  1.56 0.060    86.3 from  25 sources of uvex_6358 U
r1084143.fit  4.33  1.43 0.061    98.5 from  73 sources of uvex_6358 g
r1084144.fit  4.02  1.33 0.056   141.6 from 389 sources of uvex_6361 r
r1084145.fit  4.98  1.64 0.034    90.1 from  37 sources of uvex_6361 U
r1084146.fit  4.68  1.54 0.037   106.0 from 131 sources of uvex_6361 g
r1084147.fit  4.24  1.40 0.067   143.2 from 873 sources of uvex_6363o r
r1084148.fit  5.18  1.71 0.049    90.2 from  99 sources of uvex_6363o U
r1084149.fit  4.96  1.64 0.074   109.0 from 457 sources of uvex_6363o g
r1084150.fit  4.86  1.60 0.050   161.3 from 306 sources of uvex_6383 r
r1084151.fit  5.14  1.70 0.036    89.8 from  31 sources of uvex_6383 U
r1084152.fit  3.99  1.32 0.060   102.0 from 188 sources of uvex_6383 g
r1084153.fit  4.29  1.42 0.100   136.9 from 658 sources of uvex_6390 r
r1084154.fit  4.71  1.55 0.052    88.0 from  76 sources of uvex_6390 U
r1084155.fit  4.12  1.36 0.046    95.2 from 425 sources of uvex_6390 g
r1084156.fit  3.76  1.24 0.070   149.7 from 702 sources of uvex_6390o r
r1084157.fit  4.81  1.59 0.064    81.1 from  65 sources of uvex_6390o U
r1084158.fit  4.30  1.42 0.053   102.2 from 329 sources of uvex_6390o g
r1084159.fit  4.10  1.35 0.091   137.0 from 275 sources of uvex_6409 r
r1084160.fit  5.31  1.75 0.053    87.5 from  23 sources of uvex_6409 U
r1084161.fit  4.08  1.35 0.048    97.4 from 129 sources of uvex_6409 g
r1084162.fit  4.19  1.38 0.057   142.3 from 1159 sources of uvex_6442o r
r1084163.fit  5.91  1.95 0.060    91.8 from  76 sources of uvex_6442o U
r1084164.fit  4.17  1.38 0.052   106.6 from 807 sources of uvex_6442o g
r1084165.fit  4.30  1.42 0.059   145.6 from 876 sources of uvex_6477 r
r1084166.fit  5.72  1.89 0.109    92.8 from  88 sources of uvex_6477 U
r1084167.fit  4.35  1.44 0.054   103.0 from 571 sources of uvex_6477 g
r1084168.fit  3.86  1.27 0.084   125.2 from 1151 sources of uvex_6487 r
r1084169.fit  5.07  1.67 0.056    89.7 from  95 sources of uvex_6487 U
r1084170.fit  4.10  1.35 0.053   107.1 from 731 sources of uvex_6487 g
r1084171.fit  4.37  1.44 0.098   141.5 from 846 sources of uvex_6487o r
r1084172.fit  5.00  1.65 0.060    91.9 from 106 sources of uvex_6487o U
r1084173.fit  3.74  1.23 0.061   103.7 from 753 sources of uvex_6487o g
r1084174.fit  3.62  1.19 0.052   138.0 from 837 sources of uvex_6493 r
r1084175.fit  4.41  1.46 0.063    86.0 from  90 sources of uvex_6493 U
r1084176.fit  3.44  1.14 0.048   102.4 from 536 sources of uvex_6493 g
r1084177.fit  3.63  1.20 0.061   142.0 from 755 sources of uvex_6493o r
r1084178.fit  4.58  1.51 0.042    90.4 from  60 sources of uvex_6493o U
r1084179.fit  3.72  1.23 0.052    99.8 from 406 sources of uvex_6493o g
r1084180.fit  4.16  1.37 0.084   144.7 from 768 sources of uvex_6500 r
r1084181.fit  4.95  1.63 0.102    85.0 from  85 sources of uvex_6500 U
r1084182.fit  4.29  1.42 0.084   104.1 from 507 sources of uvex_6500 g
r1084183.fit  4.33  1.43 0.119   149.7 from 504 sources of uvex_6500o r
r1084184.fit  5.40  1.78 0.086    91.5 from  66 sources of uvex_6500o U
r1084185.fit  4.50  1.49 0.059    99.4 from 378 sources of uvex_6500o g
r1084186.fit  4.08  1.35 0.064   143.3 from 378 sources of uvex_6515 r
r1084187.fit  4.70  1.55 0.059    87.9 from  31 sources of uvex_6515 U
r1084188.fit  4.23  1.40 0.049   100.4 from 178 sources of uvex_6515 g
r1084189.fit  4.57  1.51 0.081   157.4 from 640 sources of uvex_6520 r
r1084190.fit  5.05  1.67 0.069    95.1 from  78 sources of uvex_6520 U
r1084191.fit  4.44  1.47 0.057   111.5 from 400 sources of uvex_6520 g
r1084192.fit  3.73  1.23 0.063   141.0 from 1014 sources of uvex_6520o r
r1084193.fit  5.27  1.74 0.050    98.7 from  72 sources of uvex_6520o U
r1084194.fit  4.31  1.42 0.053   106.7 from 458 sources of uvex_6520o g
r1084195.fit  3.80  1.25 0.052   138.0 from 597 sources of uvex_6529 r
r1084196.fit  5.45  1.80 0.067    91.3 from  39 sources of uvex_6529 U
r1084197.fit  5.25  1.73 0.044   103.8 from 191 sources of uvex_6529 g
r1084198.fit  3.71  1.22 0.050   150.6 from 670 sources of uvex_6529o r
r1084199.fit  5.46  1.80 0.059    88.1 from  43 sources of uvex_6529o U
r1084200.fit  4.26  1.41 0.050   106.7 from 300 sources of uvex_6529o g
r1084201.fit  3.84  1.27 0.045   159.6 from 488 sources of uvex_6530 r
r1084202.fit  5.50  1.82 0.059    92.0 from  30 sources of uvex_6530 U
r1084203.fit  4.52  1.49 0.045   110.4 from 191 sources of uvex_6530 g
r1084204.fit  3.62  1.19 0.072    63.9 from  95 sources of WOLF1346 r
r1084205.fit  5.83  1.92 0.040    90.4 from   4 sources of WOLF1346 U
r1084206.fit  4.97  1.64 0.048    62.0 from  32 sources of WOLF1346 g
r1084207.fit  5.09  1.68 0.087   155.6 from 209 sources of uvex_0326o r
r1084208.fit  5.97  1.97 0.044    89.7 from  15 sources of uvex_0326o U
r1084209.fit  5.08  1.68 0.068   103.2 from  99 sources of uvex_0326o g
r1084210.fit  4.61  1.52 0.072   148.4 from 346 sources of uvex_0327 r
r1084211.fit  5.27  1.74 0.064    88.8 from  39 sources of uvex_0327 U
r1084212.fit  4.67  1.54 0.059   103.4 from 180 sources of uvex_0327 g
r1084213.fit  4.43  1.46 0.080   125.0 from 373 sources of uvex_0327o r
r1084214.fit  5.14  1.70 0.045    91.2 from  40 sources of uvex_0327o U
r1084215.fit  4.66  1.54 0.044   104.1 from 182 sources of uvex_0327o g
r1084216.fit  4.49  1.48 0.054   152.7 from 395 sources of uvex_0332 r
r1084217.fit  5.51  1.82 0.060    91.6 from  50 sources of uvex_0332 U
r1084218.fit  4.69  1.55 0.077   103.3 from 215 sources of uvex_0332 g
r1084219.fit  4.37  1.44 0.080   143.5 from 492 sources of uvex_0342 r
r1084220.fit  5.04  1.66 0.055    92.6 from  57 sources of uvex_0342 U
r1084221.fit  4.88  1.61 0.038   105.1 from 256 sources of uvex_0342 g
r1084222.fit  4.46  1.47 0.074   153.8 from 434 sources of uvex_0346 r
r1084223.fit  5.37  1.77 0.046    91.8 from  55 sources of uvex_0346 U
r1084224.fit  4.27  1.41 0.055   103.2 from 287 sources of uvex_0346 g
r1084225.fit  4.10  1.35 0.060   146.8 from 642 sources of uvex_0361 r
r1084226.fit  5.07  1.67 0.053    93.3 from  66 sources of uvex_0361 U
r1084227.fit  4.30  1.42 0.075   108.3 from 357 sources of uvex_0361 g
r1084228.fit  4.90  1.62 0.099   153.1 from 451 sources of uvex_0361o r
r1084229.fit  5.19  1.71 0.056    90.3 from  64 sources of uvex_0361o U
r1084230.fit  4.30  1.42 0.064   104.8 from 337 sources of uvex_0361o g
r1084231.fit  4.51  1.49 0.051   139.8 from 159 sources of uvex_0365 r
r1084232.fit  5.39  1.78 0.040    90.4 from  18 sources of uvex_0365 U
r1084233.fit  4.31  1.42 0.054   101.1 from  76 sources of uvex_0365 g
r1084234.fit  4.73  1.56 0.074   146.8 from 161 sources of uvex_0365o r
r1084235.fit  5.15  1.70 0.047    89.9 from  15 sources of uvex_0365o U
r1084236.fit  4.75  1.57 0.086   102.2 from  78 sources of uvex_0365o g
r1084237.fit  4.45  1.47 0.067   154.6 from 406 sources of uvex_0366 r
r1084238.fit  5.34  1.76 0.040    91.7 from  52 sources of uvex_0366 U
r1084239.fit  4.50  1.49 0.076   107.2 from 261 sources of uvex_0366 g
r1084240.fit  4.94  1.63 0.088   138.5 from 353 sources of uvex_0366o r
r1084241.fit  5.15  1.70 0.041    92.4 from  45 sources of uvex_0366o U
r1084242.fit  4.38  1.45 0.063    97.6 from 278 sources of uvex_0366o g
r1084243.fit  4.28  1.41 0.066   151.5 from 526 sources of uvex_0367 r
r1084244.fit  5.28  1.74 0.052    86.8 from  52 sources of uvex_0367 U
r1084245.fit  4.51  1.49 0.069   102.2 from 289 sources of uvex_0367 g
r1084246.fit  4.76  1.57 0.076   143.9 from 428 sources of uvex_0367o r
r1084247.fit  5.11  1.69 0.041    87.6 from  50 sources of uvex_0367o U
r1084248.fit  4.52  1.49 0.074    97.0 from 251 sources of uvex_0367o g
r1084249.fit  3.73  1.23 0.070   144.6 from 248 sources of uvex_0368 r
r1084250.fit  4.70  1.55 0.037    89.0 from  22 sources of uvex_0368 U
r1084251.fit  4.47  1.48 0.068   101.9 from  92 sources of uvex_0368 g
r1084252.fit  4.24  1.40 0.086   148.6 from 248 sources of uvex_0368o r
r1084253.fit  4.80  1.58 0.027    90.1 from  21 sources of uvex_0368o U
r1084254.fit  3.92  1.29 0.061   104.2 from 113 sources of uvex_0368o g
r1084255.fit  3.87  1.28 0.061   138.4 from 500 sources of uvex_0369 r
r1084256.fit  4.80  1.58 0.029    89.9 from  41 sources of uvex_0369 U
r1084257.fit  4.42  1.46 0.061   105.6 from 220 sources of uvex_0369 g
r1084258.fit  3.81  1.26 0.072   140.5 from 558 sources of uvex_0370 r
r1084259.fit  5.04  1.66 0.034    93.6 from  81 sources of uvex_0370 U
r1084260.fit  4.43  1.46 0.039   102.9 from 307 sources of uvex_0370 g
r1084261.fit  4.78  1.58 0.089   147.5 from 370 sources of uvex_0370o r
r1084262.fit  4.61  1.52 0.040    93.3 from  67 sources of uvex_0370o U
r1084263.fit  4.20  1.39 0.043    99.7 from 280 sources of uvex_0370o g
r1084264.fit  3.74  1.23 0.070   140.2 from 525 sources of uvex_0371 r
r1084265.fit  5.32  1.76 0.072    89.9 from  55 sources of uvex_0371 U
r1084266.fit  4.48  1.48 0.064    97.7 from 270 sources of uvex_0371 g
r1084267.fit  4.44  1.47 0.102   155.4 from 503 sources of uvex_0373o r
r1084268.fit  4.83  1.59 0.060    89.2 from  75 sources of uvex_0373o U
r1084269.fit  4.60  1.52 0.056   104.9 from 295 sources of uvex_0373o g
r1084270.fit  4.95  1.63 0.059   137.7 from 252 sources of uvex_1537 r
r1084271.fit  5.31  1.75 0.112    94.1 from  40 sources of uvex_1537 U
r1084272.fit  4.69  1.55 0.055   102.0 from 162 sources of uvex_1537 g
r1084273.fit  5.11  1.69 0.119   164.8 from 199 sources of uvex_1537o r
r1084274.fit  5.68  1.87 0.080    91.9 from  40 sources of uvex_1537o U
r1084275.fit  4.85  1.60 0.054   114.8 from 144 sources of uvex_1537o g
r1084276.fit  5.10  1.68 0.049   166.1 from 341 sources of uvex_1583 r
r1084277.fit  5.76  1.90 0.081    92.4 from  46 sources of uvex_1583 U
r1084278.fit  4.82  1.59 0.035   112.9 from 228 sources of uvex_1583 g
r1084279.fit  5.04  1.66 0.103   163.6 from 270 sources of uvex_1591o r
r1084280.fit  5.52  1.82 0.097    93.4 from  35 sources of uvex_1591o U
r1084281.fit  4.67  1.54 0.079   113.7 from 179 sources of uvex_1591o g
r1084282.fit  4.47  1.48 0.069   144.2 from 330 sources of uvex_1592 r
r1084283.fit  5.37  1.77 0.065    89.1 from  27 sources of uvex_1592 U
r1084284.fit  4.88  1.61 0.047   109.0 from 155 sources of uvex_1592 g
r1084285.fit  4.77  1.57 0.067   150.7 from 279 sources of uvex_1592o r
r1084286.fit  5.23  1.73 0.057    88.3 from  21 sources of uvex_1592o U
r1084287.fit  4.61  1.52 0.051   105.9 from 154 sources of uvex_1592o g
r1084288.fit  4.90  1.62 0.059   140.5 from 350 sources of uvex_1593o r
r1084289.fit  5.30  1.75 0.087    90.8 from  47 sources of uvex_1593o U
r1084290.fit  4.46  1.47 0.055    95.3 from 257 sources of uvex_1593o g
r1084291.fit  4.32  1.43 0.049   148.2 from 451 sources of uvex_1594o r
r1084292.fit  5.14  1.70 0.102    88.3 from  46 sources of uvex_1594o U
r1084293.fit  4.50  1.49 0.074   106.8 from 305 sources of uvex_1594o g
r1084294.fit  3.96  1.31 0.063   157.7 from 309 sources of uvex_1595 r
r1084295.fit  5.14  1.70 0.088    93.0 from  31 sources of uvex_1595 U
r1084296.fit  4.49  1.48 0.070   112.6 from 160 sources of uvex_1595 g
r1084297.fit  4.44  1.47 0.081   154.1 from 334 sources of uvex_1654o r
r1084298.fit  5.18  1.71 0.092    93.4 from  40 sources of uvex_1654o U
r1084299.fit  4.53  1.49 0.064   111.3 from 219 sources of uvex_1654o g
r1084300.fit  4.48  1.48 0.055   164.0 from 352 sources of uvex_1676o r
r1084301.fit  5.14  1.70 0.056    93.3 from  29 sources of uvex_1676o U
r1084302.fit  4.84  1.60 0.058   109.4 from 170 sources of uvex_1676o g
r1084303.fit  4.30  1.42 0.068   163.4 from 237 sources of uvex_1677o r
r1084304.fit  5.61  1.85 0.088    91.5 from  24 sources of uvex_1677o U
r1084305.fit  4.53  1.49 0.068   111.4 from 111 sources of uvex_1677o g
r1084306.fit  4.29  1.42 0.068   145.7 from 261 sources of uvex_2073 r
r1084307.fit  5.18  1.71 0.081    66.5 from  17 sources of uvex_2073 U
r1084308.fit  4.83  1.59 0.060    98.2 from 139 sources of uvex_2073 g
r1084309.fit  4.10  1.35 0.071   117.3 from 300 sources of uvex_2073o r
r1084310.fit  5.02  1.66 0.090    67.4 from  18 sources of uvex_2073o U
r1084311.fit  5.14  1.70 0.075    97.6 from 115 sources of uvex_2073o g
r1084312.fit  4.41  1.46 0.072   136.4 from 341 sources of uvex_2074 r
r1084313.fit  5.20  1.72 0.097    70.8 from  34 sources of uvex_2074 U
r1084314.fit  5.07  1.67 0.068    94.2 from 322 sources of uvex_2074 g
r1084315.fit  4.89  1.61 0.107   149.5 from 549 sources of uvex_2074o r
r1084316.fit  5.64  1.86 0.093    96.4 from  77 sources of uvex_2074o U
r1084317.fit  4.69  1.55 0.092   112.4 from 310 sources of uvex_2074o g
r1084318.fit  4.59  1.51 0.069   152.5 from 420 sources of uvex_2076 r
r1084319.fit  5.03  1.66 0.098    94.0 from  58 sources of uvex_2076 U
r1084320.fit  4.41  1.46 0.070   112.7 from 276 sources of uvex_2076 g
r1084321.fit  4.43  1.46 0.043   121.8 from 418 sources of uvex_2076o r
r1084322.fit  4.97  1.64 0.079    95.7 from  68 sources of uvex_2076o U
r1084323.fit  4.44  1.47 0.078   103.8 from 246 sources of uvex_2076o g
r1084324.fit  4.18  1.38 0.043   159.5 from 155 sources of uvex_1680o r
r1084325.fit  4.98  1.64 0.079    96.0 from  16 sources of uvex_1680o U
r1084326.fit  4.33  1.43 0.095   113.4 from  79 sources of uvex_1680o g
r1084327.fit  3.64  1.20 0.060   141.6 from 432 sources of uvex_1682 r
r1084328.fit  4.79  1.58 0.065    96.7 from  40 sources of uvex_1682 U
r1084329.fit  4.39  1.45 0.059   110.3 from 165 sources of uvex_1682 g
r1084330.fit  4.34  1.43 0.063   147.7 from 282 sources of uvex_1688o r
r1084331.fit  5.10  1.68 0.075   109.0 from  29 sources of uvex_1688o U
r1084332.fit  4.66  1.54 0.053   139.6 from 147 sources of uvex_1688o g
r1084333.fit  4.09  1.35 0.053   166.6 from 320 sources of uvex_1690 r
r1084334.fit  4.78  1.58 0.069   133.5 from  36 sources of uvex_1690 U
r1084335.fit  4.34  1.43 0.067   185.7 from 171 sources of uvex_1690 g
r1084336.fit  3.99  1.32 0.055   194.8 from 392 sources of uvex_1693 r
r1084337.fit  4.55  1.50 0.059   174.2 from  43 sources of uvex_1693 U
r1084338.fit  4.18  1.38 0.041   256.1 from 236 sources of uvex_1693 g
r1084339.fit  3.87  1.28 0.069   246.2 from 489 sources of uvex_1693o r
r1084340.fit  4.37  1.44 0.057   262.0 from  40 sources of uvex_1693o U
r1084341.fit  4.25  1.40 0.071   516.5 from 266 sources of uvex_1693o g
r1084342.fit  3.80  1.25 0.075   347.2 from 435 sources of uvex_1694 r
r1084343.fit  4.95  1.63 0.094   470.5 from  45 sources of uvex_1694 U
r1084344.fit  4.02  1.33 0.066  1000.8 from 262 sources of uvex_1694 g
r1084345.fit is not a target (BIAS)
r1084346.fit is not a target (BIAS)
r1084347.fit is not a target (FLAT)
r1084348.fit is not a target (FLAT)
r1084349.fit is not a target (FLAT)
r1084350.fit is not a target (FLAT)
r1084351.fit is not a target (FLAT)
r1084352.fit is not a target (FLAT)
r1084353.fit is not a target (FLAT)
r1084354.fit is not a target (FLAT)
r1084355.fit is not a target (FLAT)
r1084356.fit is not a target (FLAT)
r1084357.fit is not a target (FLAT)
r1084358.fit is not a target (FLAT)
r1084359.fit is not a target (FLAT)
r1084360.fit is not a target (FLAT)
r1084361.fit is not a target (FLAT)
r1084362.fit is not a target (FLAT)
