r1090112.fit is not a target (BIAS)
r1090113.fit is not a target (BIAS)
r1090114.fit is not a target (BIAS)
r1090115.fit is not a target (BIAS)
r1090116.fit is not a target (BIAS)
r1090117.fit is not a target (BIAS)
r1090118.fit is not a target (BIAS)
r1090119.fit is not a target (BIAS)
r1090120.fit is not a target (BIAS)
r1090121.fit is not a target (BIAS)
r1090122.fit is not a target (BIAS)
r1090123.fit is not a target (BIAS)
r1090124.fit is not a target (BIAS)
r1090125.fit is not a target (BIAS)
r1090126.fit is not a target (BIAS)
r1090127.fit is not a target (BIAS)
r1090128.fit is not a target (BIAS)
r1090129.fit is not a target (BIAS)
r1090130.fit is not a target (BIAS)
r1090131.fit is not a target (BIAS)
r1090132.fit is not a target (BIAS)
r1090133.fit is not a target (BIAS)
r1090134.fit is not a target (BIAS)
r1090135.fit is not a target (BIAS)
r1090136.fit is not a target (BIAS)
r1090137.fit is not a target (BIAS)
r1090138.fit is not a target (BIAS)
r1090139.fit is not a target (BIAS)
r1090140.fit is not a target (BIAS)
r1090141.fit is not a target (BIAS)
r1090142.fit is not a target (BIAS)
r1090143.fit is not a target (BIAS)
r1090144.fit is not a target (BIAS)
r1090145.fit is not a target (BIAS)
r1090146.fit is not a target (BIAS)
r1090147.fit is not a target (BIAS)
r1090148.fit is not a target (BIAS)
r1090149.fit is not a target (BIAS)
r1090150.fit is not a target (BIAS)
r1090151.fit is not a target (BIAS)
r1090152.fit is not a target (BIAS)
r1090153.fit is not a target (BIAS)
r1090154.fit is not a target (BIAS)
r1090155.fit is not a target (BIAS)
r1090156.fit is not a target (BIAS)
r1090157.fit is not a target (BIAS)
r1090158.fit is not a target (BIAS)
r1090159.fit is not a target (BIAS)
r1090160.fit is not a target (BIAS)
r1090161.fit is not a target (BIAS)
r1090162.fit is not a target (SKY)
r1090163.fit is not a target (SKY)
r1090164.fit is not a target (SKY)
r1090165.fit is not a target (SKY)
r1090166.fit is not a target (SKY)
r1090167.fit is not a target (SKY)
r1090168.fit is not a target (SKY)
r1090169.fit is not a target (SKY)
r1090170.fit is not a target (SKY)
r1090171.fit is not a target (SKY)
r1090172.fit is not a target (SKY)
r1090173.fit is not a target (SKY)
r1090174.fit is not a target (SKY)
r1090175.fit is not a target (SKY)
r1090176.fit is not a target (SKY)
r1090177.fit is not a target (SKY)
r1090178.fit is not a target (SKY)
r1090179.fit is not a target (SKY)
r1090180.fit is not a target (SKY)
r1090181.fit is not a target (FOCUS)
r1090182.fit  4.47  1.48 0.035    89.0 from  63 sources of st_pg1657 r
r1090183.fit  5.83  1.92 0.029    83.5 from  17 sources of st_pg1657 U
r1090184.fit  4.36  1.44 0.034    87.2 from  74 sources of st_pg1657 g
r1090185.fit  3.89  1.28 0.034    54.8 from  20 sources of sa110-246 r
r1090186.fit  4.89  1.61 0.084    54.2 from  10 sources of sa110-246 U
r1090187.fit  4.32  1.43 0.109    50.2 from  10 sources of sa110-246 g
r1090188.fit  5.67  1.87 0.035    54.6 from  47 sources of wolf1346 r
r1090189.fit  7.59  2.50 0.080    51.6 from   3 sources of wolf1346 U
r1090190.fit  6.28  2.07 0.078    48.4 from  21 sources of wolf1346 g
r1090191.fit  3.95  1.30 0.050   165.4 from 109 sources of uvex_4084o r
r1090192.fit  4.99  1.65 0.074    85.5 from  16 sources of uvex_4084o U
r1090193.fit  4.26  1.41 0.125   110.6 from  36 sources of uvex_4084o g
r1090194.fit  3.49  1.15 0.073   147.0 from  50 sources of uvex_4085 r
r1090195.fit  4.44  1.47 0.021    86.5 from  17 sources of uvex_4085 U
r1090196.fit  4.87  1.61 0.052   111.1 from  17 sources of uvex_4085 g
r1090197.fit  4.25  1.40 0.064   175.1 from  27 sources of uvex_4085o r
r1090198.fit  4.88  1.61 0.030    81.7 from  17 sources of uvex_4085o U
r1090199.fit  3.95  1.30 0.031   111.9 from  14 sources of uvex_4085o g
r1090200.fit  3.71  1.22 0.056   173.9 from 144 sources of uvex_4086 r
r1090201.fit  4.29  1.42 0.053    91.9 from  26 sources of uvex_4086 U
r1090202.fit  3.64  1.20 0.045   107.9 from  37 sources of uvex_4086 g
r1090203.fit  4.45  1.47 0.128   176.0 from  13 sources of uvex_4094 r
r1090204.fit  4.53  1.49 0.074    92.2 from  12 sources of uvex_4094 U
r1090205.fit  4.16  1.37 0.091   110.1 from  26 sources of uvex_4094 g
r1090206.fit  4.39  1.45 0.105   171.9 from  16 sources of uvex_4097 r
r1090207.fit  4.42  1.46 0.050   105.9 from   9 sources of uvex_4097 U
r1090208.fit  3.25  1.07 0.068   106.9 from  39 sources of uvex_4097 g
r1090209.fit  4.18  1.38 0.106   171.8 from  65 sources of uvex_4104 r
r1090210.fit  4.48  1.48 0.067    90.6 from  17 sources of uvex_4104 U
r1090211.fit  4.39  1.45 0.109   108.9 from  33 sources of uvex_4104 g
r1090212.fit  3.81  1.26 0.117   168.0 from 110 sources of uvex_4104o r
r1090213.fit  4.35  1.44 0.069    91.4 from  12 sources of uvex_4104o U
r1090214.fit  3.53  1.16 0.052   106.7 from  49 sources of uvex_4104o g
r1090215.fit  2.98  0.98 0.073   169.6 from 119 sources of uvex_4148 r
r1090216.fit  4.63  1.53 0.079    87.9 from  24 sources of uvex_4148 U
r1090217.fit  3.24  1.07 0.050   105.2 from  38 sources of uvex_4148 g
r1090218.fit  3.48  1.15 0.098   131.5 from 524 sources of uvex_5758 r
r1090219.fit  4.98  1.64 0.089    83.8 from  82 sources of uvex_5758 U
r1090220.fit  3.77  1.24 0.055    87.1 from 250 sources of uvex_5758 g
r1090221.fit  3.49  1.15 0.086   137.4 from 732 sources of uvex_5760o r
r1090222.fit  4.90  1.62 0.074    88.0 from 101 sources of uvex_5760o U
r1090223.fit  3.91  1.29 0.077    96.5 from 363 sources of uvex_5760o g
r1090224.fit  3.88  1.28 0.101   137.7 from 1216 sources of uvex_5762 r
r1090225.fit  5.01  1.65 0.076    84.1 from 118 sources of uvex_5762 U
r1090226.fit  3.70  1.22 0.109    92.3 from 620 sources of uvex_5762 g
r1090227.fit  3.62  1.19 0.108   139.1 from 422 sources of uvex_5786 r
r1090228.fit  4.71  1.55 0.096    84.7 from  62 sources of uvex_5786 U
r1090229.fit  3.44  1.14 0.082    92.4 from 271 sources of uvex_5786 g
r1090230.fit  3.43  1.13 0.105   125.2 from 947 sources of uvex_5787 r
r1090231.fit  5.15  1.70 0.089    90.7 from 101 sources of uvex_5787 U
r1090232.fit  3.85  1.27 0.071   102.4 from 444 sources of uvex_5787 g
r1090233.fit  3.54  1.17 0.098   138.8 from 1023 sources of uvex_5787o r
r1090234.fit  4.78  1.58 0.078    90.8 from 124 sources of uvex_5787o U
r1090235.fit  3.62  1.19 0.095    99.9 from 490 sources of uvex_5787o g
r1090236.fit  3.59  1.18 0.111   155.2 from 637 sources of uvex_5788 r
r1090237.fit  4.77  1.57 0.076    90.9 from 108 sources of uvex_5788 U
r1090238.fit  3.46  1.14 0.103   101.8 from 356 sources of uvex_5788 g
r1090239.fit  3.21  1.06 0.115   146.8 from 570 sources of uvex_5788o r
r1090240.fit  4.82  1.59 0.070    91.7 from  96 sources of uvex_5788o U
r1090241.fit  3.22  1.06 0.073   102.5 from 423 sources of uvex_5788o g
r1090242.fit  3.18  1.05 0.109   125.3 from 323 sources of uvex_5793 r
r1090243.fit  4.60  1.52 0.103    91.1 from  61 sources of uvex_5793 U
r1090244.fit  3.32  1.10 0.090    97.0 from 229 sources of uvex_5793 g
r1090245.fit  2.75  0.91 0.098   129.7 from 520 sources of uvex_5793o r
r1090246.fit  4.34  1.43 0.081    89.3 from  75 sources of uvex_5793o U
r1090247.fit  3.34  1.10 0.097    86.1 from 255 sources of uvex_5793o g
r1090248.fit  3.86  1.27 0.125   105.7 from 117 sources of uvex_5815o r
r1090249.fit  4.81  1.59 0.122    90.7 from  51 sources of uvex_5815o U
r1090250.fit  3.22  1.06 0.101    78.4 from 367 sources of uvex_5815o g
r1090251.fit  3.04  1.00 0.109   135.9 from 706 sources of uvex_5816o r
r1090252.fit  4.41  1.46 0.096    90.5 from  59 sources of uvex_5816o U
r1090253.fit  3.14  1.04 0.093    98.4 from 294 sources of uvex_5816o g
r1090254.fit  2.80  0.92 0.107   122.4 from 1012 sources of uvex_5818 r
r1090255.fit  4.28  1.41 0.080    91.2 from 103 sources of uvex_5818 U
r1090256.fit  2.93  0.97 0.114    92.5 from 362 sources of uvex_5818 g
r1090257.fit  3.32  1.10 0.115   146.6 from 380 sources of uvex_5818o r
r1090258.fit  4.38  1.45 0.095    93.6 from  89 sources of uvex_5818o U
r1090259.fit  2.90  0.96 0.091    92.1 from 512 sources of uvex_5818o g
r1090260.fit  2.95  0.97 0.112   139.4 from 717 sources of uvex_5842 r
r1090261.fit  3.95  1.30 0.099    91.5 from  80 sources of uvex_5842 U
r1090262.fit  3.08  1.02 0.096    95.9 from 387 sources of uvex_5842 g
r1090263.fit  2.71  0.89 0.093   126.0 from 719 sources of uvex_5849 r
r1090264.fit  3.84  1.27 0.090    94.6 from  98 sources of uvex_5849 U
r1090265.fit  2.97  0.98 0.090    93.3 from 364 sources of uvex_5849 g
r1090266.fit  3.13  1.03 0.116   129.4 from 653 sources of uvex_5905 r
r1090267.fit  4.56  1.50 0.085    94.1 from   9 sources of uvex_5905 U
r1090268.fit  3.64  1.20 0.121    85.2 from 287 sources of uvex_5905 g
r1090269.fit  3.23  1.07 0.114   144.6 from  67 sources of uvex_5905o r
r1090270.fit  4.26  1.41 0.094    91.2 from  78 sources of uvex_5905o U
r1090271.fit  2.98  0.98 0.100    92.3 from 452 sources of uvex_5905o g
r1090272.fit  2.91  0.96 0.081   152.0 from 495 sources of uvex_5906 r
r1090273.fit  4.23  1.40 0.085    88.2 from  79 sources of uvex_5906 U
r1090274.fit  3.11  1.03 0.065   101.4 from 317 sources of uvex_5906 g
r1090275.fit  2.81  0.93 0.107   145.9 from 589 sources of uvex_5907o r
r1090276.fit  4.02  1.33 0.113    94.6 from  60 sources of uvex_5907o U
r1090277.fit  3.03  1.00 0.075   100.8 from 365 sources of uvex_5907o g
r1090278.fit  3.48  1.15 0.087    44.0 from  25 sources of bd+284211 r
r1090279.fit  5.49  1.81 0.115    43.7 from   2 sources of bd+284211 U
r1090280.fit  3.92  1.29 0.092    44.0 from  12 sources of bd+284211 g
r1090281.fit  3.75  1.24 0.106   128.3 from 1086 sources of uvex_6816o r
r1090282.fit  4.56  1.50 0.067    92.9 from 184 sources of uvex_6816o U
r1090283.fit  3.56  1.17 0.100    83.9 from 946 sources of uvex_6816o g
r1090284.fit  3.29  1.09 0.108   138.0 from 1252 sources of uvex_6817o r
r1090285.fit  4.50  1.49 0.073    80.6 from 205 sources of uvex_6817o U
r1090286.fit  3.59  1.18 0.080    87.9 from 920 sources of uvex_6817o g
r1090287.fit  3.23  1.07 0.106   145.1 from 1059 sources of uvex_6819 r
r1090288.fit  4.77  1.57 0.071    89.8 from 104 sources of uvex_6819 U
r1090289.fit  3.49  1.15 0.091    90.1 from 569 sources of uvex_6819 g
r1090290.fit  3.38  1.12 0.109   156.5 from 557 sources of uvex_6820 r
r1090291.fit  4.66  1.54 0.048    84.9 from  54 sources of uvex_6820 U
r1090292.fit  3.24  1.07 0.073    93.4 from 301 sources of uvex_6820 g
r1090293.fit  3.62  1.19 0.113   133.3 from 385 sources of uvex_6820o r
r1090294.fit  4.45  1.47 0.055    88.7 from  48 sources of uvex_6820o U
r1090295.fit  3.35  1.11 0.081    91.5 from 282 sources of uvex_6820o g
r1090296.fit  3.44  1.14 0.105   124.3 from 665 sources of uvex_6821 r
r1090297.fit  4.48  1.48 0.055    85.9 from  42 sources of uvex_6821 U
r1090298.fit  3.33  1.10 0.073    85.6 from 422 sources of uvex_6821 g
r1090299.fit  3.65  1.20 0.115    80.0 from 906 sources of uvex_6822o r
r1090300.fit  4.61  1.52 0.060    84.3 from 198 sources of uvex_6822o U
r1090301.fit  3.65  1.20 0.091    70.8 from 1116 sources of uvex_6822o g
r1090302.fit  3.50  1.16 0.083   132.4 from 565 sources of uvex_6823 r
r1090303.fit  4.73  1.56 0.062    88.0 from  52 sources of uvex_6823 U
r1090304.fit  3.44  1.14 0.066    82.1 from 292 sources of uvex_6823 g
r1090305.fit  3.26  1.08 0.085   132.8 from 1460 sources of uvex_6824 r
r1090306.fit  4.48  1.48 0.070    89.8 from 173 sources of uvex_6824 U
r1090307.fit  3.21  1.06 0.080    91.4 from 967 sources of uvex_6824 g
r1090308.fit  3.27  1.08 0.112   139.5 from 976 sources of uvex_6824o r
r1090309.fit  4.36  1.44 0.061    81.6 from 183 sources of uvex_6824o U
r1090310.fit  3.50  1.16 0.079    81.9 from 871 sources of uvex_6824o g
r1090311.fit  3.09  1.02 0.105   153.2 from 824 sources of uvex_6825 r
r1090312.fit  4.40  1.45 0.058    79.8 from  56 sources of uvex_6825 U
r1090313.fit  3.51  1.16 0.087    93.3 from 382 sources of uvex_6825 g
r1090314.fit  4.01  1.32 0.110   141.3 from 688 sources of uvex_0180 r
r1090315.fit  4.95  1.63 0.086    90.2 from 115 sources of uvex_0180 U
r1090316.fit  4.16  1.37 0.111    90.0 from 498 sources of uvex_0180 g
r1090317.fit  4.21  1.39 0.101   139.3 from 746 sources of uvex_0180o r
r1090318.fit  5.10  1.68 0.099    91.1 from 100 sources of uvex_0180o U
r1090319.fit  4.30  1.42 0.099    89.2 from 476 sources of uvex_0180o g
r1090320.fit  4.23  1.40 0.138   589.9 from 213 sources of EUMO207C
r1090321.fit  3.85  1.27 0.097   587.5 from 1024 sources of EUMO207C
r1090322.fit  3.90  1.29 0.089   588.8 from 1091 sources of EUMO207C
r1090323.fit  3.50  1.16 0.082   871.4 from 1180 sources of EUMO207C
r1090324.fit  3.75  1.24 0.077   584.8 from 1125 sources of EUMO207C
r1090325.fit  4.53  1.49 0.110  1145.0 from 119 sources of 2004FZ5
r1090326.fit  4.61  1.52 0.121  1161.3 from 105 sources of 2004FZ5
r1090327.fit  4.89  1.61 0.124  1150.7 from  97 sources of 2004FZ5
r1090328.fit  6.20  2.05 0.124  1165.4 from  80 sources of 2004FZ5
r1090329.fit  5.25  1.73 0.079  1140.6 from 112 sources of 2004FZ5
r1090330.fit  5.31  1.75 0.064  1130.0 from 111 sources of 2004FZ5
r1090331.fit  6.99  2.31 0.099   867.0 from  90 sources of 2004FZ5
r1090332.fit  6.02  1.99 0.130   993.7 from  51 sources of 2008UW91
r1090333.fit  6.66  2.20 0.132   988.6 from  72 sources of 2008UW91
r1090334.fit  5.84  1.93 0.125   985.0 from 129 sources of 2008UW91
r1090335.fit  4.91  1.62 0.110   980.2 from 159 sources of 2008UW91
r1090336.fit  4.68  1.54 0.118   980.2 from 145 sources of 2008UW91
r1090337.fit  4.21  1.39 0.052   843.3 from  15 sources of 2008UW91
r1090338.fit  4.29  1.42 0.124   892.0 from 122 sources of 2008UW91
r1090339.fit  4.09  1.35 0.112   947.0 from 167 sources of 2008UW91
r1090340.fit  3.30  1.09 0.052   305.8 from 148 sources of gd248 r
r1090341.fit  4.98  1.64 0.089   258.2 from  33 sources of gd248 U
r1090342.fit  3.44  1.14 0.062   251.8 from  90 sources of gd248 g
r1090343.fit  3.53  1.16 0.075   397.8 from 940 sources of uvex_0181 r
r1090344.fit  4.80  1.58 0.069   300.2 from 121 sources of uvex_0181 U
r1090345.fit  3.72  1.23 0.108   303.8 from 552 sources of uvex_0181 g
r1090346.fit  3.88  1.28 0.116   380.7 from 649 sources of uvex_0181o r
r1090347.fit  4.88  1.61 0.069   292.7 from 111 sources of uvex_0181o U
r1090348.fit  3.70  1.22 0.094   299.5 from 511 sources of uvex_0181o g
r1090349.fit  3.61  1.19 0.110   397.2 from 1205 sources of uvex_0182o r
r1090350.fit  5.02  1.66 0.084   290.8 from 134 sources of uvex_0182o U
r1090351.fit  3.72  1.23 0.075   303.1 from 742 sources of uvex_0182o g
r1090352.fit  3.74  1.23 0.106   381.1 from 895 sources of uvex_0183 r
r1090353.fit  4.89  1.61 0.065   306.0 from 129 sources of uvex_0183 U
r1090354.fit  3.62  1.19 0.074   298.4 from 585 sources of uvex_0183 g
r1090355.fit  3.42  1.13 0.095   384.9 from 877 sources of uvex_0193o r
r1090356.fit  4.66  1.54 0.062   304.5 from  73 sources of uvex_0193o U
r1090357.fit  3.92  1.29 0.074   300.8 from 359 sources of uvex_0193o g
r1090358.fit  4.02  1.33 0.115   390.7 from 840 sources of uvex_0205 r
r1090359.fit  5.00  1.65 0.054   311.5 from 128 sources of uvex_0205 U
r1090360.fit  3.72  1.23 0.072   286.8 from 697 sources of uvex_0205 g
r1090361.fit  3.73  1.23 0.069   402.0 from 1350 sources of uvex_0206 r
r1090362.fit  4.80  1.58 0.054   283.7 from 160 sources of uvex_0206 U
r1090363.fit  4.12  1.36 0.072   297.3 from 762 sources of uvex_0206 g
r1090364.fit  3.67  1.21 0.059   393.1 from 860 sources of uvex_0207 r
r1090365.fit  4.98  1.64 0.044   297.0 from  62 sources of uvex_0207 U
r1090366.fit  3.94  1.30 0.061   301.4 from 410 sources of uvex_0207 g
r1090367.fit  3.65  1.20 0.085   407.9 from 1070 sources of uvex_0252 r
r1090368.fit  4.97  1.64 0.060   276.1 from 107 sources of uvex_0252 U
r1090369.fit  3.94  1.30 0.068   300.1 from 550 sources of uvex_0252 g
r1090370.fit  3.67  1.21 0.115   375.9 from 1231 sources of uvex_0253 r
r1090371.fit  4.80  1.58 0.067   296.9 from 178 sources of uvex_0253 U
r1090372.fit  3.82  1.26 0.064   301.0 from 1010 sources of uvex_0253 g
r1090373.fit  4.11  1.36 0.065   413.5 from 1261 sources of uvex_0253o r
r1090374.fit  5.36  1.77 0.048   294.5 from 166 sources of uvex_0253o U
r1090375.fit  3.97  1.31 0.059   307.9 from 932 sources of uvex_0253o g
r1090376.fit  3.73  1.23 0.062   407.2 from 544 sources of uvex_0254 r
r1090377.fit  4.85  1.60 0.054   295.4 from  36 sources of uvex_0254 U
r1090378.fit  3.97  1.31 0.063   311.6 from 224 sources of uvex_0254 g
r1090379.fit  3.93  1.30 0.109   433.6 from 513 sources of uvex_0254o r
r1090380.fit  4.34  1.43 0.049   275.6 from  42 sources of uvex_0254o U
r1090381.fit  4.30  1.42 0.057   287.9 from 221 sources of uvex_0254o g
r1090382.fit  4.90  1.62 0.114   397.1 from 424 sources of uvex_1699 r
r1090383.fit  5.52  1.82 0.092   290.8 from  67 sources of uvex_1699 U
r1090384.fit  4.70  1.55 0.093   294.5 from 287 sources of uvex_1699 g
r1090385.fit  4.77  1.57 0.115   428.1 from 631 sources of uvex_1700 r
r1090386.fit  5.85  1.93 0.107   296.2 from  96 sources of uvex_1700 U
r1090387.fit  4.66  1.54 0.105   317.0 from 468 sources of uvex_1700 g
r1090388.fit  4.24  1.40 0.114   388.2 from 683 sources of uvex_1700o r
r1090389.fit  5.62  1.85 0.106   272.9 from 101 sources of uvex_1700o U
r1090390.fit  4.69  1.55 0.105   317.2 from 462 sources of uvex_1700o g
r1090391.fit  4.34  1.43 0.088   379.6 from 398 sources of uvex_1703 r
r1090392.fit  5.44  1.80 0.096   291.7 from  40 sources of uvex_1703 U
r1090393.fit  4.50  1.49 0.112   288.7 from 213 sources of uvex_1703 g
r1090394.fit  4.14  1.37 0.106   398.9 from 381 sources of uvex_1703o r
r1090395.fit  5.68  1.87 0.081   285.3 from  41 sources of uvex_1703o U
r1090396.fit  4.73  1.56 0.102   301.0 from 217 sources of uvex_1703o g
r1090397.fit  4.22  1.39 0.107   413.9 from 633 sources of uvex_1704 r
r1090398.fit  5.88  1.94 0.098   281.7 from  65 sources of uvex_1704 U
r1090399.fit  4.48  1.48 0.095   310.1 from 398 sources of uvex_1704 g
r1090400.fit  4.46  1.47 0.104   410.3 from 551 sources of uvex_1704o r
r1090401.fit  5.59  1.84 0.115   280.8 from  62 sources of uvex_1704o U
r1090402.fit  4.34  1.43 0.099   311.9 from 429 sources of uvex_1704o g
r1090403.fit  4.07  1.34 0.121   416.6 from 543 sources of uvex_1705 r
r1090404.fit  5.73  1.89 0.090   281.5 from  57 sources of uvex_1705 U
r1090405.fit  4.60  1.52 0.102   300.7 from 340 sources of uvex_1705 g
r1090406.fit  4.26  1.41 0.118   392.1 from 496 sources of uvex_1705o r
r1090407.fit  5.66  1.87 0.104   297.5 from  61 sources of uvex_1705o U
r1090408.fit  4.44  1.47 0.099   299.0 from 330 sources of uvex_1705o g
r1090409.fit  4.05  1.34 0.119   378.2 from 339 sources of uvex_1706 r
r1090410.fit  5.43  1.79 0.101   267.8 from  82 sources of uvex_1706 U
r1090411.fit  4.64  1.53 0.102   291.2 from 437 sources of uvex_1706 g
r1090412.fit  4.10  1.35 0.108   384.1 from 691 sources of uvex_1706o r
r1090413.fit  5.34  1.76 0.077   274.3 from  79 sources of uvex_1706o U
r1090414.fit  4.18  1.38 0.094   299.6 from 457 sources of uvex_1706o g
r1090415.fit  4.04  1.33 0.105   406.1 from 432 sources of uvex_1708o r
r1090416.fit  5.07  1.67 0.085   289.2 from  39 sources of uvex_1708o U
r1090417.fit  4.31  1.42 0.100   307.6 from 222 sources of uvex_1708o g
r1090418.fit  4.16  1.37 0.109   412.4 from 455 sources of uvex_1710o r
r1090419.fit  5.27  1.74 0.112   291.4 from  61 sources of uvex_1710o U
r1090420.fit  4.33  1.43 0.107   317.5 from 205 sources of uvex_1710o g
r1090421.fit  3.80  1.25 0.112   278.6 from  70 sources of hz4 r
r1090422.fit  5.20  1.72 0.083   282.1 from  50 sources of hz4 U
r1090423.fit  4.61  1.52 0.085   253.8 from  67 sources of hz4 g
r1090424.fit  2.89  0.95 0.043   365.0 from 143 sources of gd248 r
r1090425.fit  4.09  1.35 0.070   248.9 from  38 sources of gd248 U
r1090426.fit  3.47  1.15 0.062   244.6 from  85 sources of gd248 g
r1090428.fit is not a target (FOCUS)
r1090429.fit  4.30  1.42 0.112   112.2 from 289 sources of uvex_2360 r
r1090430.fit  6.44  2.13 0.104    79.9 from  54 sources of uvex_2360 U
r1090431.fit  4.82  1.59 0.121    50.6 from 134 sources of uvex_2360 g
r1090432.fit  3.78  1.25 0.109    62.7 from  48 sources of hz4 r
r1090433.fit  6.04  1.99 0.094    68.5 from  22 sources of hz4 U
r1090434.fit  4.12  1.36 0.088    51.9 from  49 sources of hz4 g
r1090435.fit  4.87  1.61 0.104   145.9 from 359 sources of uvex_2360o r
r1090436.fit  6.16  2.03 0.100    72.1 from  54 sources of uvex_2360o U
r1090437.fit  5.09  1.68 0.117    92.7 from 241 sources of uvex_2360o g
r1090438.fit  5.08  1.68 0.130   141.7 from 104 sources of uvex_2394 r
r1090439.fit  6.31  2.08 0.111    85.1 from  71 sources of uvex_2394 U
r1090440.fit  4.82  1.59 0.114    99.2 from 335 sources of uvex_2394 g
r1090441.fit  4.53  1.49 0.110   144.4 from 326 sources of uvex_3053o r
r1090442.fit  6.86  2.26 0.118    67.7 from  42 sources of uvex_3053o U
r1090443.fit  5.89  1.94 0.119    89.2 from 123 sources of uvex_3053o g
r1090444.fit  5.47  1.81 0.105   161.0 from 131 sources of uvex_3054 r
r1090445.fit  6.97  2.30 0.104    70.0 from  38 sources of uvex_3054 U
r1090446.fit  5.48  1.81 0.117    90.2 from 112 sources of uvex_3054 g
r1090447.fit  5.66  1.87 0.122   121.4 from  87 sources of uvex_3054o r
r1090448.fit  7.25  2.39 0.111    68.3 from  33 sources of uvex_3054o U
r1090449.fit  5.58  1.84 0.096    82.0 from 156 sources of uvex_3054o g
r1090450.fit  5.50  1.82 0.113   141.3 from 275 sources of uvex_3055 r
r1090451.fit  7.08  2.34 0.092    65.3 from  44 sources of uvex_3055 U
r1090452.fit  5.41  1.79 0.117    84.2 from 168 sources of uvex_3055 g
r1090453.fit  4.91  1.62 0.116   142.3 from 175 sources of uvex_3055o r
r1090454.fit  6.39  2.11 0.122    75.1 from  55 sources of uvex_3055o U
r1090455.fit  5.08  1.68 0.119    89.7 from  91 sources of uvex_3055o g
r1090456.fit  5.04  1.66 0.110   154.2 from 272 sources of uvex_3061 r
r1090457.fit  6.71  2.21 0.118    74.0 from  58 sources of uvex_3061 U
r1090458.fit  5.46  1.80 0.107    94.8 from 170 sources of uvex_3061 g
r1090459.fit  5.47  1.81 0.110   160.5 from 337 sources of uvex_3061o r
r1090460.fit  7.07  2.33 0.116    76.0 from  45 sources of uvex_3061o U
r1090461.fit  5.57  1.84 0.108   105.4 from 146 sources of uvex_3061o g
r1090462.fit  5.12  1.69 0.117   158.3 from 137 sources of uvex_3064 r
r1090463.fit  6.66  2.20 0.105    74.4 from  27 sources of uvex_3064 U
r1090464.fit  5.42  1.79 0.121    98.9 from  49 sources of uvex_3064 g
r1090465.fit  5.32  1.76 0.115   155.6 from 106 sources of uvex_3064o r
r1090466.fit  7.26  2.40 0.107    69.6 from  26 sources of uvex_3064o U
r1090467.fit  5.20  1.72 0.119   101.5 from  61 sources of uvex_3064o g
r1090468.fit  4.89  1.61 0.117   136.3 from 147 sources of uvex_3066 r
r1090469.fit  6.94  2.29 0.116    73.9 from  33 sources of uvex_3066 U
r1090470.fit  5.03  1.66 0.114    84.7 from 110 sources of uvex_3066 g
r1090471.fit  5.12  1.69 0.116   148.7 from  62 sources of uvex_3066o r
r1090472.fit  6.58  2.17 0.125    64.3 from  29 sources of uvex_3066o U
r1090473.fit  5.08  1.68 0.111    88.0 from  61 sources of uvex_3066o g
r1090474.fit  5.15  1.70 0.109   154.4 from 228 sources of uvex_3067 r
r1090475.fit  7.02  2.32 0.118    78.6 from  25 sources of uvex_3067 U
r1090476.fit  4.95  1.63 0.089   103.8 from 150 sources of uvex_3067 g
r1090477.fit  4.65  1.53 0.111   130.2 from 205 sources of uvex_3067o r
r1090478.fit  6.77  2.23 0.119    78.1 from  36 sources of uvex_3067o U
r1090479.fit  4.76  1.57 0.100   100.0 from 141 sources of uvex_3067o g
r1090480.fit  4.96  1.64 0.107   133.8 from 245 sources of uvex_3074 r
r1090481.fit  6.78  2.24 0.099    77.3 from  54 sources of uvex_3074 U
r1090482.fit  5.18  1.71 0.096    99.1 from 239 sources of uvex_3074 g
r1090483.fit  4.84  1.60 0.109   158.7 from 308 sources of uvex_3074o r
r1090484.fit  6.86  2.26 0.096    79.2 from  47 sources of uvex_3074o U
r1090485.fit  5.26  1.74 0.130   110.2 from  60 sources of uvex_3074o g
r1090486.fit  4.73  1.56 0.102   152.3 from 295 sources of uvex_3077 r
r1090487.fit  6.95  2.29 0.093    81.1 from  64 sources of uvex_3077 U
r1090488.fit  4.97  1.64 0.098   104.0 from 176 sources of uvex_3077 g
r1090489.fit  4.95  1.63 0.112   151.3 from 279 sources of uvex_3077o r
r1090490.fit  7.13  2.35 0.098    85.7 from  61 sources of uvex_3077o U
r1090491.fit  5.01  1.65 0.114   118.2 from 168 sources of uvex_3077o g
r1090492.fit  5.42  1.79 0.117   165.3 from 157 sources of uvex_3079 r
r1090493.fit  6.76  2.23 0.081    93.4 from  38 sources of uvex_3079 U
r1090494.fit  5.43  1.79 0.105   143.1 from 101 sources of uvex_3079 g
r1090495.fit  4.64  1.53 0.112   183.5 from 211 sources of uvex_3079o r
r1090496.fit  6.40  2.11 0.088   122.5 from  45 sources of uvex_3079o U
r1090497.fit  4.90  1.62 0.098   198.9 from 114 sources of uvex_3079o g
r1090498.fit  3.60  1.19 0.094   150.7 from  68 sources of hz4 r
r1090499.fit  5.43  1.79 0.086   262.8 from  34 sources of hz4 U
r1090500.fit  3.29  1.09 0.083   245.2 from  59 sources of hz4 g
r1090501.fit  4.52  1.49 0.077   353.2 from 262 sources of uvex_3092 r
r1090502.fit  6.83  2.25 0.114   601.3 from  37 sources of uvex_3092 U
r1090503.fit  4.79  1.58 0.086  1301.9 from 153 sources of uvex_3092 g
r1090504.fit is not a target (SKY)
r1090505.fit is not a target (SKY)
r1090506.fit is not a target (SKY)
r1090507.fit is not a target (SKY)
r1090508.fit is not a target (SKY)
r1090509.fit is not a target (SKY)
r1090510.fit is not a target (SKY)
r1090511.fit is not a target (SKY)
r1090512.fit is not a target (SKY)
r1090513.fit is not a target (SKY)
r1090514.fit is not a target (SKY)
r1090515.fit is not a target (SKY)
r1090516.fit is not a target (SKY)
r1090517.fit is not a target (SKY)
