r1169039.fit is not a target (BIAS)
r1169040.fit is not a target (BIAS)
r1169041.fit is not a target (BIAS)
r1169042.fit is not a target (BIAS)
r1169043.fit is not a target (BIAS)
r1169044.fit is not a target (BIAS)
r1169045.fit is not a target (BIAS)
r1169046.fit is not a target (BIAS)
r1169047.fit is not a target (BIAS)
r1169048.fit is not a target (BIAS)
r1169049.fit is not a target (BIAS)
r1169050.fit is not a target (BIAS)
r1169051.fit is not a target (BIAS)
r1169052.fit is not a target (BIAS)
r1169053.fit is not a target (BIAS)
r1169054.fit is not a target (BIAS)
r1169055.fit is not a target (BIAS)
r1169056.fit is not a target (BIAS)
r1169057.fit is not a target (BIAS)
r1169058.fit is not a target (BIAS)
r1169059.fit is not a target (BIAS)
r1169060.fit  4.39  1.45 0.113 55569.2 from   2 sources of WFCBLANK2
r1169061.fit  5.23  1.73 0.115 46741.3 from  28 sources of WFCBLANK2
r1169062.fit  4.17  1.38 0.106 51495.5 from  66 sources of WFCBLANK2
r1169063.fit  2.36  0.78 0.065 27372.5 from   1 sources of WFCBLANK2
r1169064.fit  2.69  0.89 0.041 23671.1 from   1 sources of WFCBLANK2
r1169065.fit  2.74  0.90 0.094 42445.9 from   1 sources of WFCBLANK2
r1169066.fit  2.88  0.95 0.085 35708.0 from   1 sources of WFCBLANK2
r1169067.fit  2.82  0.93 0.017 29724.8 from   1 sources of WFCBLANK2
r1169068.fit  6.19  2.04 0.119 29547.9 from   2 sources of WFCBLANK2
r1169069.fit  2.41  0.80 0.045 25398.2 from   1 sources of WFCBLANK2
r1169070.fit  4.96  1.64 0.055 22747.2 from   3 sources of WFCBLANK2
r1169071.fit  2.65  0.87 0.094 23870.7 from   3 sources of WFCBLANK2
r1169072.fit  2.97  0.98 0.111 25831.6 from   3 sources of WFCBLANK2
r1169073.fit  3.63  1.20 0.102 55700.4 from  49 sources of WFCBLANK2
r1169074.fit  3.63  1.20 0.100 26196.2 from   7 sources of WFCBLANK2
r1169075.fit  2.98  0.98 0.096 40812.7 from  13 sources of WFCBLANK2
r1169076.fit  3.07  1.01 0.084 32092.0 from  16 sources of WFCBLANK2
r1169077.fit  3.23  1.07 0.082 25379.6 from  13 sources of WFCBLANK2
r1169078.fit  3.25  1.07 0.078 29668.2 from  18 sources of WFCBLANK2
r1169079.fit  3.10  1.02 0.077 39660.2 from  38 sources of WFCBLANK2
r1169080.fit  3.18  1.05 0.087 30566.0 from  52 sources of WFCBLANK2
r1169081.fit  3.10  1.02 0.080 23985.4 from  52 sources of WFCBLANK2
r1169082.fit  3.19  1.05 0.084 23060.8 from  58 sources of WFCBLANK2
r1169083.fit  3.28  1.08 0.074 23122.4 from  72 sources of WFCBLANK2
r1169084.fit  3.28  1.08 0.107 24380.3 from  55 sources of WFCBLANK2
r1169085.fit  2.73  0.90 0.091 25695.8 from  92 sources of WFCBLANK2
r1169086.fit  2.83  0.93 0.076 24990.9 from 139 sources of WFCBLANK2
r1169087.fit  3.13  1.03 0.128 26276.2 from  44 sources of WFCBLANK2
r1169088.fit  3.00  0.99 0.100 24761.7 from 182 sources of WFCBLANK2
r1169089.fit is not a target (FOCUS)
r1169090.fit  3.36  1.11 0.094   207.9 from 102 sources of GD248 Ha
r1169091.fit  3.48  1.15 0.102   425.2 from 133 sources of GD248 i
r1169092.fit  3.70  1.22 0.119   469.5 from 104 sources of GD248 r
r1169093.fit  4.34  1.43 0.048   279.5 from  54 sources of GD248 U
r1169094.fit  3.38  1.12 0.064   474.7 from 107 sources of GD248 g
r1169095.fit  3.67  1.21 0.090    71.6 from  31 sources of FEIGE22 r
r1169096.fit  4.43  1.46 0.090    91.0 from  18 sources of FEIGE22 U
r1169097.fit  3.79  1.25 0.107    68.2 from  24 sources of FEIGE22 g
r1169098.fit  4.37  1.44 0.059    81.7 from  25 sources of FEIGE22 Ha
r1169099.fit  4.08  1.35 0.077    62.0 from  29 sources of FEIGE22 Ha
r1169100.fit  4.26  1.41 0.039    67.9 from   9 sources of intphas_1736 Ha
r1169101.fit  3.77  1.24 0.117   193.3 from 121 sources of intphas_1736 r
r1169102.fit  3.94  1.30 0.116   124.4 from 195 sources of intphas_1736 i
r1169103.fit  4.24  1.40 0.111    58.9 from  79 sources of intphas_1736o Ha
r1169104.fit  3.93  1.30 0.117   206.9 from 114 sources of intphas_1736o r
r1169105.fit  3.86  1.27 0.109   141.9 from 180 sources of intphas_1736o i
r1169106.fit  3.78  1.25 0.100    55.4 from 147 sources of intphas_1738 Ha
r1169107.fit  3.59  1.18 0.102   196.2 from 203 sources of intphas_1738 r
r1169108.fit  3.63  1.20 0.096   120.1 from 248 sources of intphas_1738 i
r1169109.fit  3.96  1.31 0.108    49.9 from 134 sources of intphas_1738o Ha
r1169110.fit  3.71  1.22 0.109   203.5 from 181 sources of intphas_1738o r
r1169111.fit  3.67  1.21 0.099   121.3 from 255 sources of intphas_1738o i
r1169112.fit  4.04  1.33 0.108    57.4 from 148 sources of intphas_1740 Ha
r1169113.fit  4.11  1.36 0.111   189.5 from 375 sources of intphas_1740 r
r1169114.fit  3.89  1.28 0.111   111.6 from 286 sources of intphas_1740 i
r1169115.fit  4.09  1.35 0.107    52.1 from 169 sources of intphas_1740o Ha
r1169116.fit  4.16  1.37 0.112   192.5 from 409 sources of intphas_1740o r
r1169117.fit  3.73  1.23 0.105   123.2 from 312 sources of intphas_1740o i
r1169118.fit  4.14  1.37 0.113    68.1 from 153 sources of intphas_1463 Ha
r1169119.fit  4.38  1.45 0.098   185.7 from 366 sources of intphas_1463 r
r1169120.fit  4.04  1.33 0.108   126.9 from 313 sources of intphas_1463 i
r1169121.fit  4.14  1.37 0.103    62.0 from 203 sources of intphas_1463o Ha
r1169122.fit  3.83  1.26 0.113   175.2 from 404 sources of intphas_1463o r
r1169123.fit  3.35  1.11 0.113   104.0 from 298 sources of intphas_1463o i
r1169124.fit  3.56  1.17 0.124    56.2 from 135 sources of intphas_1742o Ha
r1169125.fit  3.71  1.22 0.118   175.9 from 355 sources of intphas_1742o r
r1169126.fit  3.49  1.15 0.118   105.5 from 297 sources of intphas_1742o i
r1169127.fit  3.61  1.19 0.113    61.4 from 187 sources of intphas_1744 Ha
r1169128.fit  3.53  1.16 0.115   192.0 from 372 sources of intphas_1744 r
r1169129.fit  3.59  1.18 0.120   121.0 from 239 sources of intphas_1744 i
r1169130.fit  3.79  1.25 0.118    62.6 from  75 sources of intphas_1747o Ha
r1169131.fit  3.93  1.30 0.123   134.0 from 194 sources of intphas_1747o r
r1169132.fit  3.70  1.22 0.118   103.6 from 170 sources of intphas_1747o i
r1169133.fit  3.61  1.19 0.102    62.5 from 127 sources of intphas_1756 Ha
r1169134.fit  3.63  1.20 0.113   143.0 from 209 sources of intphas_1756 r
r1169135.fit  3.54  1.17 0.118   130.0 from 201 sources of intphas_1756 i
r1169136.fit  3.96  1.31 0.121    52.4 from  90 sources of intphas_1757 Ha
r1169137.fit  3.58  1.18 0.119   158.2 from 282 sources of intphas_1757 r
r1169138.fit  3.65  1.20 0.109    93.4 from 257 sources of intphas_1757 i
r1169139.fit  3.85  1.27 0.116    63.8 from 110 sources of intphas_1807o Ha
r1169140.fit  4.03  1.33 0.116   161.5 from 225 sources of intphas_1807o r
r1169141.fit  3.89  1.28 0.111    98.3 from 248 sources of intphas_1807o i
r1169142.fit  4.23  1.40 0.095    60.2 from 129 sources of intphas_1809o Ha
r1169143.fit  4.03  1.33 0.121   173.0 from 219 sources of intphas_1809o r
r1169144.fit  4.23  1.40 0.112   118.9 from 234 sources of intphas_1809o i
r1169145.fit  4.33  1.43 0.082    55.7 from 132 sources of intphas_1824 Ha
r1169146.fit  3.95  1.30 0.104   184.0 from 315 sources of intphas_1824 r
r1169147.fit  3.91  1.29 0.085   110.7 from 290 sources of intphas_1824 i
r1169148.fit  3.76  1.24 0.106    55.8 from 157 sources of intphas_1824o Ha
r1169149.fit  3.96  1.31 0.101   170.7 from 324 sources of intphas_1824o r
r1169150.fit  4.19  1.38 0.089   103.9 from 255 sources of intphas_1824o i
r1169151.fit  3.52  1.16 0.089    54.5 from 115 sources of intphas_1828 Ha
r1169152.fit  3.86  1.27 0.111   152.9 from 243 sources of intphas_1828 r
r1169153.fit  3.50  1.16 0.109    91.8 from 294 sources of intphas_1828 i
r1169154.fit  3.69  1.22 0.088    63.2 from 132 sources of intphas_1828o Ha
r1169155.fit  3.96  1.31 0.098   166.3 from 269 sources of intphas_1828o r
r1169156.fit  3.59  1.18 0.105   104.1 from 292 sources of intphas_1828o i
r1169157.fit  3.54  1.17 0.107    49.9 from 157 sources of intphas_1829 Ha
r1169158.fit  3.41  1.13 0.114   164.5 from 337 sources of intphas_1829 r
r1169159.fit  3.26  1.08 0.105   102.4 from 356 sources of intphas_1829 i
r1169160.fit  3.69  1.22 0.090    50.3 from 169 sources of intphas_1829o Ha
r1169161.fit  3.43  1.13 0.119   143.9 from 308 sources of intphas_1829o r
r1169162.fit  3.26  1.08 0.112    87.6 from 255 sources of intphas_1829o i
r1169163.fit  3.32  1.10 0.095    53.3 from 180 sources of intphas_1854 Ha
r1169164.fit  3.62  1.19 0.100   150.7 from 459 sources of intphas_1854 r
r1169165.fit  3.20  1.06 0.105    93.1 from 373 sources of intphas_1854 i
r1169166.fit  3.58  1.18 0.091    49.6 from 195 sources of intphas_1854o Ha
r1169167.fit  3.75  1.24 0.107   164.0 from 448 sources of intphas_1854o r
r1169168.fit  3.45  1.14 0.099   103.6 from 417 sources of intphas_1854o i
r1169169.fit  3.58  1.18 0.086    61.9 from 189 sources of intphas_1857 Ha
r1169170.fit  3.70  1.22 0.108   157.7 from 299 sources of intphas_1857 r
r1169171.fit  3.54  1.17 0.103    90.1 from 368 sources of intphas_1857 i
r1169172.fit  3.65  1.20 0.108    58.9 from 146 sources of intphas_1857o Ha
r1169173.fit  4.43  1.46 0.066   172.7 from 294 sources of intphas_1857o r
r1169174.fit  3.64  1.20 0.078   102.6 from 348 sources of intphas_1857o i
r1169175.fit  3.55  1.17 0.113    50.0 from 178 sources of intphas_1859 Ha
r1169176.fit  3.79  1.25 0.105   142.4 from 510 sources of intphas_1859 r
r1169177.fit  4.07  1.34 0.064    84.7 from 367 sources of intphas_1859 i
r1169178.fit  3.65  1.20 0.085    49.5 from 241 sources of intphas_1859o Ha
r1169179.fit  3.86  1.27 0.089   142.7 from 533 sources of intphas_1859o r
r1169180.fit  4.14  1.37 0.089    93.1 from 400 sources of intphas_1859o i
r1169181.fit  3.78  1.25 0.063    54.8 from 178 sources of intphas_1861 Ha
r1169182.fit  4.17  1.38 0.075   159.0 from 386 sources of intphas_1861 r
r1169183.fit  3.84  1.27 0.078    99.8 from 378 sources of intphas_1861 i
r1169184.fit  3.86  1.27 0.068    50.8 from 127 sources of intphas_1861o Ha
r1169185.fit  4.13  1.36 0.072   168.9 from 271 sources of intphas_1861o r
r1169186.fit  3.89  1.28 0.085   103.0 from 134 sources of intphas_1861o i
r1169187.fit  4.45  1.47 0.083    99.8 from  21 sources of FEIGE22 r
r1169188.fit  4.95  1.63 0.048   113.1 from  17 sources of FEIGE22 U
r1169189.fit  4.18  1.38 0.034   102.5 from  19 sources of FEIGE22 g
r1169190.fit  3.25  1.07 0.043    97.6 from  33 sources of FEIGE22 i
r1169191.fit  4.27  1.41 0.038    96.8 from   7 sources of FEIGE22 Ha
r1169192.fit  3.82  1.26 0.061    89.7 from  34 sources of SA95-271 r
r1169193.fit  4.82  1.59 0.093   175.5 from  21 sources of SA95-271 U
r1169194.fit  4.45  1.47 0.065   131.4 from  33 sources of SA95-271 g
r1169195.fit  5.55  1.83 0.035    87.0 from  22 sources of SA95-271 i
r1169196.fit  4.64  1.53 0.073    80.1 from  34 sources of SA95-271 Ha
r1169197.fit  4.43  1.46 0.085   100.7 from 181 sources of intphas_2522 Ha
r1169198.fit  4.65  1.53 0.057   157.6 from 394 sources of intphas_2522 r
r1169199.fit  5.24  1.73 0.072   145.1 from 271 sources of intphas_2522 i
r1169200.fit  4.51  1.49 0.078    86.2 from 157 sources of intphas_2522o Ha
r1169201.fit  4.04  1.33 0.077   195.8 from 449 sources of intphas_2522o r
r1169202.fit  3.80  1.25 0.088   134.9 from 394 sources of intphas_2522o i
r1169203.fit  4.54  1.50 0.073    91.0 from 195 sources of intphas_2547o Ha
r1169204.fit  5.11  1.69 0.079   197.5 from 354 sources of intphas_2547o r
r1169205.fit  4.28  1.41 0.070   133.2 from 359 sources of intphas_2547o i
r1169206.fit  4.22  1.39 0.097    99.7 from 166 sources of intphas_2622 Ha
r1169207.fit  4.26  1.41 0.090   206.2 from 388 sources of intphas_2622 r
r1169208.fit  3.86  1.27 0.077   126.9 from 346 sources of intphas_2622 i
r1169209.fit  4.72  1.56 0.102    97.8 from 124 sources of intphas_2622o Ha
r1169210.fit  4.49  1.48 0.108   185.2 from 355 sources of intphas_2622o r
r1169211.fit  4.06  1.34 0.107   128.7 from 333 sources of intphas_2622o i
r1169212.fit  4.47  1.48 0.078    94.1 from 158 sources of intphas_2623 Ha
r1169213.fit  4.60  1.52 0.081   195.4 from 323 sources of intphas_2623 r
r1169214.fit  4.13  1.36 0.079   123.8 from 317 sources of intphas_2623 i
r1169215.fit  4.37  1.44 0.078    84.7 from 155 sources of intphas_2623o Ha
r1169216.fit  4.37  1.44 0.069   195.2 from 318 sources of intphas_2623o r
r1169217.fit  5.11  1.69 0.094   124.9 from 226 sources of intphas_2623o i
r1169218.fit  4.51  1.49 0.067    98.3 from 178 sources of intphas_2626 Ha
r1169219.fit  5.32  1.76 0.108   205.4 from 315 sources of intphas_2626 r
r1169220.fit  5.24  1.73 0.061   135.0 from 259 sources of intphas_2626 i
r1169221.fit  4.74  1.56 0.068    92.2 from  91 sources of intphas_2628o Ha
r1169222.fit  5.16  1.70 0.068   212.0 from 170 sources of intphas_2628o r
r1169223.fit  5.12  1.69 0.060   139.7 from 144 sources of intphas_2628o i
r1169224.fit  4.86  1.60 0.054    99.9 from  75 sources of intphas_2632 Ha
r1169225.fit  5.17  1.71 0.072   196.6 from 190 sources of intphas_2632 r
r1169226.fit  4.44  1.47 0.061   124.6 from 195 sources of intphas_2632 i
r1169227.fit  4.35  1.44 0.079    96.3 from  97 sources of intphas_2632o Ha
r1169228.fit  4.45  1.47 0.083   204.0 from 244 sources of intphas_2632o r
r1169229.fit  5.58  1.84 0.063   142.6 from 135 sources of intphas_2632o i
r1169230.fit  4.59  1.51 0.081    96.7 from 119 sources of intphas_2634 Ha
r1169231.fit  4.39  1.45 0.058   188.5 from 337 sources of intphas_2634 r
r1169232.fit  3.73  1.23 0.105   141.1 from 257 sources of intphas_2634 i
r1169233.fit  4.40  1.45 0.065    93.4 from 148 sources of intphas_2634o Ha
r1169234.fit  4.88  1.61 0.056   200.6 from 286 sources of intphas_2634o r
r1169235.fit  4.51  1.49 0.053   124.8 from 265 sources of intphas_2634o i
r1169236.fit  4.64  1.53 0.062    92.9 from 166 sources of intphas_2639o Ha
r1169237.fit  4.79  1.58 0.082   198.0 from 388 sources of intphas_2639o r
r1169238.fit  4.83  1.59 0.053    99.2 from 291 sources of intphas_2639o i
r1169239.fit  4.67  1.54 0.050    96.7 from 100 sources of intphas_2640o Ha
r1169240.fit  5.06  1.67 0.048   200.9 from 181 sources of intphas_2640o r
r1169241.fit  5.44  1.80 0.065   145.7 from 136 sources of intphas_2640o i
r1169242.fit  4.98  1.64 0.069    99.1 from 133 sources of intphas_2648 Ha
r1169243.fit  4.46  1.47 0.073   199.1 from 379 sources of intphas_2648 r
r1169244.fit  4.22  1.39 0.062   140.3 from 331 sources of intphas_2648 i
r1169245.fit  6.07  2.00 0.133    99.6 from  24 sources of intphas_2652 Ha
r1169246.fit  4.80  1.58 0.046   191.8 from 207 sources of intphas_2652 r
r1169247.fit  4.47  1.48 0.041   141.3 from 196 sources of intphas_2652 i
r1169248.fit  4.88  1.61 0.045    92.0 from  97 sources of intphas_2652o Ha
r1169249.fit  4.95  1.63 0.032   190.5 from 217 sources of intphas_2652o r
r1169250.fit  4.57  1.51 0.044   128.2 from 216 sources of intphas_2652o i
r1169251.fit  4.35  1.44 0.050    94.8 from 152 sources of intphas_2660o Ha
r1169252.fit  4.61  1.52 0.047   188.7 from 307 sources of intphas_2660o r
r1169253.fit  4.46  1.47 0.047   141.5 from 277 sources of intphas_2660o i
r1169254.fit  4.95  1.63 0.026    96.7 from 113 sources of intphas_2667 Ha
r1169255.fit  5.12  1.69 0.049   174.4 from 226 sources of intphas_2667 r
r1169256.fit  4.28  1.41 0.060   123.6 from 240 sources of intphas_2667 i
r1169257.fit  4.36  1.44 0.046    95.0 from 124 sources of intphas_2667o Ha
r1169258.fit  4.36  1.44 0.042   174.7 from 260 sources of intphas_2667o r
r1169259.fit  5.42  1.79 0.030   137.3 from 162 sources of intphas_2667o i
r1169260.fit  4.64  1.53 0.060    93.7 from 158 sources of intphas_2695o Ha
r1169261.fit  3.99  1.32 0.067   147.1 from 477 sources of intphas_2695o r
r1169262.fit  4.45  1.47 0.046   145.4 from 297 sources of intphas_2695o i
r1169263.fit  4.82  1.59 0.059    87.2 from 145 sources of intphas_2696o Ha
r1169264.fit  4.99  1.65 0.047   177.8 from 353 sources of intphas_2696o r
r1169265.fit  4.34  1.43 0.054   137.0 from 321 sources of intphas_2696o i
r1169266.fit  4.85  1.60 0.049    94.5 from 131 sources of intphas_2697 Ha
r1169267.fit  4.56  1.50 0.046   173.3 from 344 sources of intphas_2697 r
r1169268.fit  4.39  1.45 0.077   148.0 from 308 sources of intphas_2697 i
r1169269.fit  4.59  1.51 0.043    92.2 from 149 sources of intphas_2697o Ha
r1169270.fit  4.23  1.40 0.047   166.4 from 403 sources of intphas_2697o r
r1169271.fit  3.91  1.29 0.066   141.9 from 359 sources of intphas_2697o i
r1169272.fit  4.03  1.33 0.070    85.1 from 174 sources of intphas_2698 Ha
r1169273.fit  4.19  1.38 0.061   161.3 from 432 sources of intphas_2698 r
r1169274.fit  3.91  1.29 0.066   139.5 from 372 sources of intphas_2698 i
r1169275.fit  3.92  1.29 0.047    79.1 from 174 sources of intphas_2698o Ha
r1169276.fit  5.23  1.73 0.030   162.4 from 292 sources of intphas_2698o r
r1169277.fit  4.29  1.42 0.060   130.7 from 300 sources of intphas_2698o i
r1169278.fit  4.31  1.42 0.075    83.4 from 183 sources of intphas_2699 Ha
r1169279.fit  4.52  1.49 0.064   170.2 from 367 sources of intphas_2699 r
r1169280.fit  3.77  1.24 0.050   131.3 from 385 sources of intphas_2699 i
r1169281.fit  4.24  1.40 0.032    81.6 from 180 sources of intphas_2699o Ha
r1169282.fit  3.85  1.27 0.052   166.6 from 444 sources of intphas_2699o r
r1169283.fit  4.12  1.36 0.063   126.7 from 349 sources of intphas_2699o i
r1169284.fit  3.92  1.29 0.059    79.0 from 195 sources of intphas_2701 Ha
r1169285.fit  4.32  1.43 0.073   160.6 from 391 sources of intphas_2701 r
r1169286.fit  4.39  1.45 0.069   130.2 from 277 sources of intphas_2701 i
r1169287.fit  3.90  1.29 0.056    77.3 from 192 sources of intphas_2701o Ha
r1169288.fit  4.13  1.36 0.045   160.5 from 458 sources of intphas_2701o r
r1169289.fit  3.57  1.18 0.060   105.9 from 405 sources of intphas_2701o i
r1169290.fit  4.26  1.41 0.084    81.5 from 156 sources of intphas_2725 Ha
r1169291.fit  4.17  1.38 0.072   158.6 from 420 sources of intphas_2725 r
r1169292.fit  3.80  1.25 0.044   140.6 from 367 sources of intphas_2725 i
r1169293.fit  4.09  1.35 0.049    86.4 from 155 sources of intphas_2729 Ha
r1169294.fit  3.62  1.19 0.062   175.3 from 396 sources of intphas_2729 r
r1169295.fit  3.69  1.22 0.100   129.3 from 292 sources of intphas_2729 i
r1169296.fit  4.04  1.33 0.055    84.6 from 153 sources of intphas_2729o Ha
r1169297.fit  3.72  1.23 0.081   173.7 from 388 sources of intphas_2729o r
r1169298.fit  3.47  1.15 0.076   133.0 from 341 sources of intphas_2729o i
r1169299.fit  4.56  1.50 0.050    72.4 from 196 sources of SA98-650 r
r1169300.fit  5.48  1.81 0.050    73.1 from  88 sources of SA98-650 U
r1169301.fit  5.75  1.90 0.028    60.0 from  84 sources of SA98-650 g
r1169302.fit  4.25  1.40 0.097    68.5 from 171 sources of SA98-650 i
r1169303.fit  3.81  1.26 0.069    55.5 from 109 sources of SA98-650 Ha
r1169304.fit  6.41  2.12 0.038    70.9 from  77 sources of RUBIN149B r
r1169305.fit  5.44  1.80 0.054    69.7 from  67 sources of RUBIN149B U
r1169306.fit  4.27  1.41 0.067    58.5 from 140 sources of RUBIN149B g
r1169307.fit  4.59  1.51 0.080    70.7 from 126 sources of RUBIN149B i
r1169308.fit  5.11  1.69 0.058    58.6 from  80 sources of RUBIN149B Ha
r1169309.fit  4.56  1.50 0.056   166.6 from 241 sources of uvex_3133 r
r1169310.fit  5.58  1.84 0.031   100.4 from  50 sources of uvex_3133 U
r1169311.fit  5.28  1.74 0.043   118.5 from 143 sources of uvex_3133 g
r1169312.fit  4.53  1.49 0.045   166.2 from 240 sources of uvex_3133o r
r1169313.fit  6.76  2.23 0.039   101.5 from  37 sources of uvex_3133o U
r1169314.fit  4.84  1.60 0.053    64.0 from 154 sources of uvex_3133o g
r1169315.fit  4.62  1.52 0.041   162.1 from 267 sources of uvex_3134 r
r1169316.fit  6.48  2.14 0.043   103.6 from  50 sources of uvex_3134 U
r1169317.fit  7.38  2.44 0.089   120.6 from  21 sources of uvex_3134 g
r1169318.fit  4.27  1.41 0.036   177.3 from   4 sources of uvex_3134o r
r1169319.fit  6.28  2.07 0.100   104.0 from  56 sources of uvex_3134o U
r1169320.fit  4.62  1.52 0.064   102.4 from 200 sources of uvex_3134o g
r1169321.fit  5.10  1.68 0.060   158.9 from 466 sources of uvex_3265o r
r1169322.fit  4.49  1.48 0.083   105.4 from  10 sources of uvex_3265o U
r1169323.fit  6.23  2.06 0.116   117.0 from  34 sources of uvex_3265o g
r1169324.fit  4.72  1.56 0.112   135.1 from 476 sources of uvex_3267o r
r1169325.fit  6.18  2.04 0.099   104.3 from  83 sources of uvex_3267o U
r1169326.fit  5.92  1.95 0.084   117.7 from 235 sources of uvex_3267o g
r1169327.fit  8.58  2.83 0.099   182.5 from   8 sources of uvex_3275 r
r1169328.fit  4.25  1.40 0.034   111.3 from   9 sources of uvex_3275 U
r1169329.fit  5.92  1.95 0.043   115.8 from 246 sources of uvex_3275 g
r1169330.fit  5.21  1.72 0.033   173.6 from 316 sources of uvex_3277o r
r1169331.fit  7.46  2.46 0.022   110.1 from  44 sources of uvex_3277o U
r1169332.fit  6.80  2.24 0.038   126.9 from 162 sources of uvex_3277o g
r1169333.fit  6.30  2.08 0.061   173.4 from 262 sources of uvex_3278 r
r1169334.fit  7.42  2.45 0.029   101.4 from  55 sources of uvex_3278 U
r1169335.fit  6.66  2.20 0.043   124.3 from 179 sources of uvex_3278 g
r1169336.fit  6.20  2.05 0.062   176.3 from 282 sources of uvex_3278o r
r1169337.fit  7.68  2.53 0.024   104.2 from  48 sources of uvex_3278o U
r1169338.fit  7.85  2.59 0.041   122.8 from 146 sources of uvex_3278o g
r1169339.fit  5.62  1.85 0.043   185.5 from 372 sources of uvex_3279 r
r1169340.fit  8.73  2.88 0.044   115.0 from  54 sources of uvex_3279 U
r1169341.fit  8.32  2.75 0.033   126.8 from 150 sources of uvex_3279 g
r1169342.fit  7.47  2.47 0.045   181.0 from 219 sources of uvex_3279o r
r1169343.fit  7.37  2.43 0.038   104.8 from  69 sources of uvex_3279o U
r1169344.fit  7.19  2.37 0.051   123.7 from 181 sources of uvex_3279o g
r1169345.fit  6.79  2.24 0.029   188.3 from 324 sources of uvex_3280 r
r1169346.fit  6.67  2.20 0.052   111.5 from  94 sources of uvex_3280 U
r1169347.fit  7.06  2.33 0.061   125.0 from 205 sources of uvex_3280 g
r1169348.fit  4.76  1.57 0.054   184.3 from 557 sources of uvex_3280o r
r1169349.fit  6.31  2.08 0.054   114.5 from  84 sources of uvex_3280o U
r1169350.fit  5.85  1.93 0.041   123.0 from 315 sources of uvex_3280o g
r1169351.fit  4.61  1.52 0.047   196.8 from 272 sources of uvex_3281 r
r1169352.fit  5.27  1.74 0.033   112.4 from  62 sources of uvex_3281 U
r1169353.fit  5.16  1.70 0.036   126.6 from 162 sources of uvex_3281 g
r1169354.fit  5.37  1.77 0.047   173.2 from 312 sources of uvex_3284 r
r1169355.fit  5.21  1.72 0.050    53.3 from  69 sources of uvex_3284 U
r1169356.fit  5.08  1.68 0.069    51.2 from 250 sources of uvex_3284 g
r1169357.fit  6.58  2.17 0.044   197.1 from 172 sources of uvex_3285 r
r1169358.fit  7.09  2.34 0.052   110.1 from  50 sources of uvex_3285 U
r1169359.fit  6.03  1.99 0.026   126.1 from 140 sources of uvex_3285 g
r1169360.fit  6.84  2.26 0.049   191.7 from 146 sources of uvex_3286 r
r1169361.fit  5.66  1.87 0.052   113.0 from  45 sources of uvex_3286 U
r1169362.fit  5.25  1.73 0.041   127.8 from 146 sources of uvex_3286 g
r1169363.fit  4.65  1.53 0.074   186.1 from 543 sources of uvex_3292 r
r1169364.fit  6.77  2.23 0.036   112.6 from  82 sources of uvex_3292 U
r1169365.fit  6.18  2.04 0.042   127.9 from 259 sources of uvex_3292 g
r1169366.fit  6.56  2.16 0.037   194.1 from 351 sources of uvex_3294 r
r1169367.fit  9.39  3.10 0.028   113.6 from  33 sources of uvex_3294 U
r1169368.fit  8.69  2.87 0.054   126.4 from 143 sources of uvex_3294 g
r1169369.fit  7.69  2.54 0.037   193.2 from 281 sources of uvex_3294o r
r1169370.fit  7.89  2.60 0.031   110.9 from  51 sources of uvex_3294o U
r1169371.fit  7.46  2.46 0.035   120.5 from 243 sources of uvex_3294o g
r1169372.fit  5.55  1.83 0.032   194.3 from 377 sources of uvex_3296o r
r1169373.fit  6.77  2.23 0.066   112.2 from  73 sources of uvex_3296o U
r1169374.fit  6.09  2.01 0.044   116.8 from 236 sources of uvex_3296o g
r1169375.fit  5.03  1.66 0.030   179.4 from 350 sources of uvex_3302 r
r1169376.fit  6.37  2.10 0.029   111.3 from  60 sources of uvex_3302 U
r1169377.fit  5.98  1.97 0.041   110.6 from 189 sources of uvex_3302 g
r1169378.fit  6.06  2.00 0.038   187.6 from 235 sources of uvex_3303 r
r1169379.fit  7.01  2.31 0.044   109.4 from  45 sources of uvex_3303 U
r1169380.fit  6.62  2.18 0.039   126.1 from 133 sources of uvex_3303 g
r1169381.fit  5.58  1.84 0.053   193.3 from 283 sources of uvex_3303o r
r1169382.fit  7.24  2.39 0.045   111.7 from  50 sources of uvex_3303o U
r1169383.fit  6.43  2.12 0.035   130.0 from 162 sources of uvex_3303o g
r1169384.fit  5.29  1.75 0.043   188.6 from 389 sources of uvex_3305 r
r1169385.fit  6.36  2.10 0.058   105.0 from  79 sources of uvex_3305 U
r1169386.fit  6.57  2.17 0.063   118.7 from 232 sources of uvex_3305 g
r1169387.fit  4.85  1.60 0.052   186.1 from 447 sources of uvex_3305o r
r1169388.fit  7.05  2.33 0.056   104.2 from  65 sources of uvex_3305o U
r1169389.fit  4.56  1.50 0.034   123.6 from 365 sources of uvex_3305o g
r1169390.fit  9.05  2.99 0.064   176.0 from 151 sources of uvex_3306 r
r1169391.fit  6.84  2.26 0.061   102.5 from  74 sources of uvex_3306 U
r1169392.fit  6.73  2.22 0.058   108.5 from 203 sources of uvex_3306 g
r1169393.fit  6.33  2.09 0.044   171.6 from 290 sources of uvex_3306o r
r1169394.fit  6.64  2.19 0.026   102.2 from  65 sources of uvex_3306o U
r1169395.fit  5.89  1.94 0.063   110.7 from 262 sources of uvex_3306o g
r1169396.fit  5.19  1.71 0.044   173.9 from 490 sources of uvex_3308 r
r1169397.fit  8.29  2.74 0.080   101.7 from  44 sources of uvex_3308 U
r1169398.fit  5.86  1.93 0.039    95.7 from 374 sources of uvex_3308 g
r1169399.fit  6.54  2.16 0.052   178.7 from 325 sources of uvex_3308o r
r1169400.fit  6.80  2.24 0.062   102.8 from  82 sources of uvex_3308o U
r1169401.fit  7.56  2.49 0.037   122.1 from 231 sources of uvex_3308o g
r1169402.fit  6.53  2.15 0.033    74.7 from  75 sources of RUBIN149B r
r1169403.fit  6.55  2.16 0.031    73.3 from  40 sources of RUBIN149B U
r1169404.fit  7.00  2.31 0.040    60.5 from  58 sources of RUBIN149B g
r1169405.fit  7.28  2.40 0.033    78.8 from  56 sources of RUBIN149B i
r1169406.fit  6.66  2.20 0.040    96.7 from  13 sources of GD108 r
r1169407.fit  7.82  2.58 0.033    76.5 from  10 sources of GD108 U
r1169408.fit  7.69  2.54 0.049    70.9 from  12 sources of GD108 g
r1169409.fit  6.17  2.04 0.029   103.3 from  13 sources of GD108 i
r1169410.fit  6.57  2.17 0.055   288.5 from  33 sources of GD108 r
r1169411.fit  6.78  2.24 0.013   233.1 from  16 sources of GD108 B
r1169412.fit  8.75  2.89 0.059   295.2 from  26 sources of P67 B 30
r1169413.fit  6.46  2.13 0.078   419.4 from  36 sources of P67 r 30
r1169414.fit  4.16  1.37 0.076  3878.1 from  20 sources of P67 r 460
r1169415.fit  1.10  0.36 0.070  3794.3 from  24 sources of P67 r 460
r1169416.fit  0.94  0.31 0.089  2572.0 from  24 sources of P67 r 460
r1169417.fit  4.20  1.39 0.075  1414.9 from  22 sources of P67 B 460
r1169418.fit  4.03  1.33 0.095  1448.6 from  18 sources of P67 B 460
r1169419.fit  1.18  0.39 0.101  1456.6 from  18 sources of P67 B 460
r1169420.fit  7.84  2.59 0.016   225.7 from  19 sources of SA104 B
r1169421.fit  9.18  3.03 0.035   283.3 from  22 sources of SA104 r
r1169422.fit is not a target (BIAS)
r1169423.fit is not a target (BIAS)
r1169424.fit is not a target (BIAS)
r1169425.fit is not a target (BIAS)
r1169426.fit is not a target (BIAS)
r1169427.fit is not a target (BIAS)
r1169428.fit is not a target (BIAS)
r1169429.fit is not a target (BIAS)
r1169430.fit is not a target (BIAS)
r1169431.fit is not a target (BIAS)
r1169432.fit is not a target (BIAS)
r1169433.fit is not a target (BIAS)
