r1159132.fit is not a target (BIAS)
r1159133.fit is not a target (BIAS)
r1159134.fit is not a target (BIAS)
r1159135.fit is not a target (BIAS)
r1159136.fit is not a target (BIAS)
r1159137.fit is not a target (BIAS)
r1159138.fit is not a target (BIAS)
r1159139.fit is not a target (BIAS)
r1159140.fit is not a target (BIAS)
r1159141.fit is not a target (BIAS)
r1159142.fit is not a target (BIAS)
r1159143.fit is not a target (BIAS)
r1159144.fit is not a target (BIAS)
r1159145.fit is not a target (BIAS)
r1159146.fit  4.54  1.50 0.082   132.0 from   1 sources of SA113-260
r1159147.fit  8.45  2.79 0.090   143.6 from   3 sources of SA113-260
r1159148.fit  4.18  1.38 0.003   323.7 from   3 sources of GD40
r1159149.fit  4.19  1.38 0.003   312.6 from   3 sources of GD40
r1159150.fit  2.73  0.90 0.053   699.3 from  12 sources of GD40
r1159151.fit  3.18  1.05 0.055   402.2 from   9 sources of GD40
r1159152.fit  3.12  1.03 0.048   414.0 from   8 sources of GD40
r1159153.fit  3.02  1.00 0.028   404.5 from  10 sources of GD40
r1159154.fit  2.77  0.91 0.023   404.7 from  10 sources of GD40
r1159155.fit  3.08  1.02 0.024   407.5 from   8 sources of GD40
r1159156.fit  2.86  0.94 0.051   412.3 from   9 sources of GD40
r1159157.fit  2.71  0.89 0.031   410.1 from  10 sources of GD40
r1159158.fit  3.23  1.07 0.023   422.1 from   5 sources of GD40
r1159159.fit  3.10  1.02 0.070   399.0 from   9 sources of GD40
r1159160.fit  2.81  0.93 0.036   408.3 from  10 sources of GD40
r1159161.fit  2.85  0.94 0.060   398.2 from  10 sources of GD40
r1159162.fit  2.81  0.93 0.039   404.3 from  10 sources of GD40
r1159163.fit  4.18  1.38 0.046   409.6 from   4 sources of GD40
r1159164.fit  3.00  0.99 0.056   400.5 from   9 sources of GD40
r1159165.fit  3.12  1.03 0.035   398.1 from  10 sources of GD40
r1159166.fit  3.20  1.06 0.074   418.1 from   5 sources of GD40
r1159167.fit  4.19  1.38 0.016   425.7 from   4 sources of GD40
r1159168.fit  4.19  1.38 0.001   452.5 from   2 sources of GD40
r1159169.fit  3.07  1.01 0.001   455.9 from   3 sources of GD40
r1159170.fit  4.19  1.38 0.002   458.5 from   2 sources of GD40
r1159171.fit  3.14  1.04 0.003   451.8 from   3 sources of GD40
r1159172.fit  4.19  1.38 0.002   441.9 from   2 sources of GD40
r1159173.fit  2.87  0.95 0.059   423.9 from   4 sources of GD40
r1159174.fit  4.18  1.38 0.002   432.2 from   3 sources of GD40
r1159175.fit  3.13  1.03 0.055   420.7 from   4 sources of GD40
r1159176.fit  4.18  1.38 0.061   428.2 from   4 sources of GD40
r1159177.fit  2.90  0.96 0.061   391.1 from  10 sources of GD40
r1159178.fit  2.81  0.93 0.043   385.5 from  11 sources of GD40
r1159179.fit  2.90  0.96 0.029   380.6 from  11 sources of GD40
r1159180.fit  2.93  0.97 0.037   378.7 from  11 sources of GD40
r1159181.fit  2.87  0.95 0.051   378.6 from  11 sources of GD40
r1159182.fit  2.86  0.94 0.026   372.3 from  11 sources of GD40
r1159183.fit  2.78  0.92 0.029   378.7 from  11 sources of GD40
r1159184.fit  2.74  0.90 0.067   379.7 from  11 sources of GD40
r1159185.fit  2.72  0.90 0.043   380.2 from  11 sources of GD40
r1159186.fit  2.56  0.84 0.054   380.4 from  12 sources of GD40
r1159187.fit  2.56  0.84 0.047   377.8 from  12 sources of GD40
r1159188.fit  2.16  0.71 0.073   377.9 from  13 sources of GD40
r1159189.fit  2.16  0.71 0.061   379.0 from  14 sources of GD40
r1159190.fit  2.19  0.72 0.067   378.5 from  14 sources of GD40
r1159191.fit  2.33  0.77 0.030   378.7 from  13 sources of GD40
r1159192.fit  2.29  0.76 0.065   378.5 from  13 sources of GD40
r1159193.fit  2.36  0.78 0.038   378.9 from  12 sources of GD40
r1159194.fit  2.30  0.76 0.057   378.4 from  14 sources of GD40
r1159195.fit  2.23  0.74 0.077   376.5 from  14 sources of GD40
r1159196.fit  2.26  0.75 0.089   375.8 from  13 sources of GD40
r1159197.fit  2.17  0.72 0.042   375.8 from  15 sources of GD40
r1159198.fit  2.11  0.70 0.069   374.6 from  14 sources of GD40
r1159199.fit  2.16  0.71 0.077   374.0 from  14 sources of GD40
r1159200.fit  2.16  0.71 0.064   374.2 from  14 sources of GD40
r1159201.fit  1.96  0.65 0.045   372.8 from  15 sources of GD40
r1159202.fit  1.96  0.65 0.036   373.5 from  14 sources of GD40
r1159203.fit  1.87  0.62 0.061   371.3 from  15 sources of GD40
r1159204.fit  2.08  0.69 0.040   370.2 from  15 sources of GD40
r1159205.fit  2.16  0.71 0.057   370.2 from  15 sources of GD40
r1159206.fit  2.08  0.69 0.050   369.0 from  15 sources of GD40
r1159207.fit  1.96  0.65 0.017   361.7 from  16 sources of GD40
r1159208.fit  2.01  0.66 0.054   367.4 from  15 sources of GD40
r1159209.fit  2.02  0.67 0.070   367.8 from  15 sources of GD40
r1159210.fit  1.89  0.62 0.050   366.6 from  16 sources of GD40
r1159214.fit  5.76  1.90 0.053    97.9 from  19 sources of 0231+051E
r1159215.fit is not a target (FOCUS)
r1159216.fit is not a target (FOCUS)
r1159217.fit  2.15  0.71 0.063   298.8 from   8 sources of 20
r1159218.fit  1.96  0.65 0.026   589.0 from  16 sources of GD40
r1159219.fit  1.94  0.64 0.010   588.4 from  15 sources of GD40
r1159220.fit  1.90  0.63 0.026   589.6 from  16 sources of GD40
r1159221.fit  1.93  0.64 0.023   589.4 from  16 sources of GD40
r1159222.fit  1.81  0.60 0.025   591.5 from  16 sources of GD40
r1159223.fit  2.17  0.72 0.046   593.4 from  14 sources of GD40
r1159224.fit  2.44  0.81 0.027   594.2 from  12 sources of GD40
r1159225.fit  2.10  0.69 0.037   594.7 from  16 sources of GD40
r1159226.fit  2.04  0.67 0.036   595.5 from  15 sources of GD40
r1159227.fit  1.68  0.55 0.034   596.3 from  16 sources of GD40
r1159228.fit  1.96  0.65 0.041   123.5 from   7 sources of FEIGE22 r
r1159229.fit  2.42  0.80 0.026    30.9 from   3 sources of FEIGE22 U
r1159230.fit  2.32  0.77 0.015    43.7 from   5 sources of FEIGE22 g
r1159231.fit  6.28  2.07 0.041    63.9 from  11 sources of FEIGE22 r
r1159232.fit  4.62  1.52 0.080    50.6 from   4 sources of FEIGE22 U
r1159233.fit  6.43  2.12 0.058    52.5 from  10 sources of FEIGE22 g
r1159234.fit  7.68  2.53 0.046    80.0 from  26 sources of GD40
r1159235.fit  7.42  2.45 0.044    80.0 from  26 sources of GD40
r1159236.fit  6.99  2.31 0.047    80.2 from  26 sources of GD40
r1159237.fit  7.68  2.53 0.046    80.2 from  26 sources of GD40
r1159238.fit  6.62  2.18 0.042    79.2 from  27 sources of GD40
r1159239.fit  6.29  2.08 0.022    77.8 from  27 sources of GD40
r1159240.fit  5.98  1.97 0.047    77.7 from  29 sources of GD40
r1159241.fit  4.89  1.61 0.024    78.0 from  33 sources of GD40
r1159242.fit  5.66  1.87 0.031    78.1 from  32 sources of GD40
r1159243.fit  5.60  1.85 0.031    78.1 from  34 sources of GD40
r1159244.fit  5.80  1.91 0.049   134.1 from 314 sources of uvex_2000 r
r1159245.fit  6.62  2.18 0.062    89.7 from  49 sources of uvex_2000 U
r1159246.fit  5.74  1.89 0.043    99.6 from 211 sources of uvex_2000 g
r1159247.fit  5.44  1.80 0.048   146.4 from 349 sources of uvex_2000o r
r1159248.fit  6.15  2.03 0.042    82.3 from  54 sources of uvex_2000o U
r1159249.fit  6.14  2.03 0.055    96.3 from 184 sources of uvex_2000o g
r1159250.fit  6.41  2.12 0.046   141.3 from  48 sources of uvex_2001o r
r1159251.fit  4.55  1.50 0.046    91.9 from  11 sources of uvex_2001o U
r1159252.fit  6.19  2.04 0.036   100.4 from  29 sources of uvex_2001o g
r1159253.fit  5.02  1.66 0.070   143.2 from 242 sources of uvex_2003 r
r1159254.fit  6.25  2.06 0.040    91.6 from  20 sources of uvex_2003 U
r1159255.fit  6.42  2.12 0.047   104.8 from  90 sources of uvex_2003 g
r1159256.fit  7.54  2.49 0.076   117.4 from 179 sources of uvex_3372o r
r1159257.fit  8.87  2.93 0.032    48.2 from  29 sources of uvex_3372o U
r1159258.fit  6.69  2.21 0.041    61.5 from 141 sources of uvex_3372o g
r1159259.fit  6.84  2.26 0.060   116.7 from 259 sources of uvex_3373 r
r1159260.fit  8.32  2.75 0.071    48.7 from  46 sources of uvex_3373 U
r1159261.fit  7.12  2.35 0.068    55.1 from 171 sources of uvex_3373 g
r1159262.fit  7.83  2.58 0.055   125.5 from 212 sources of uvex_3373o r
r1159263.fit  8.99  2.97 0.040    50.7 from  41 sources of uvex_3373o U
r1159264.fit  7.76  2.56 0.037    60.8 from 145 sources of uvex_3373o g
r1159265.fit  6.66  2.20 0.061   119.4 from 255 sources of uvex_3374 r
r1159270.fit  8.32  2.75 0.057    50.2 from  49 sources of uvex_3374 U
r1159271.fit  0.84  0.28 0.015    69.1 from   7 sources of GD40
r1159272.fit  5.07  1.67 0.056    68.9 from   6 sources of GD40
r1159273.fit  7.50  2.48 0.044    68.7 from   8 sources of GD40
r1159274.fit  7.61  2.51 0.028    68.9 from   7 sources of GD40
r1159275.fit  7.75  2.56 0.040    69.9 from   8 sources of GD40
r1159276.fit  6.92  2.28 0.038    69.2 from   8 sources of GD40
r1159277.fit  7.33  2.42 0.035    68.8 from   7 sources of GD40
r1159278.fit  5.34  1.76 0.016    68.9 from   5 sources of GD40
r1159279.fit  7.27  2.40 0.064    68.9 from   8 sources of GD40
r1159280.fit  6.79  2.24 0.039    68.9 from   9 sources of GD40
r1159281.fit  6.98  2.30 0.039    69.1 from   9 sources of GD40
r1159282.fit  4.70  1.55 0.078    69.9 from   6 sources of GD40
r1159283.fit  6.52  2.15 0.037    70.3 from   9 sources of GD40
r1159284.fit  6.63  2.19 0.034    70.3 from   9 sources of GD40
r1159285.fit  7.74  2.55 0.052    70.0 from   8 sources of GD40
r1159286.fit  4.19  1.38 0.019    40.2 from   4 sources of GD40
r1159287.fit -87.19 -28.77 0.002    40.9 from   3 sources of GD40
r1159288.fit  4.19  1.38 0.007    42.3 from   4 sources of GD40
r1159289.fit  4.19  1.38 0.002    42.4 from   3 sources of GD40
r1159290.fit  4.19  1.38 0.002    43.5 from   3 sources of GD40
r1159291.fit  4.19  1.38 0.003    43.3 from   3 sources of GD40
r1159292.fit  4.19  1.38 0.002    43.4 from   3 sources of GD40
r1159293.fit  4.19  1.38 0.004    43.4 from   3 sources of GD40
r1159294.fit  2.20  0.73 0.003    43.2 from   4 sources of GD40
r1159295.fit  4.19  1.38 0.002    42.9 from   3 sources of GD40
r1159296.fit  4.18  1.38 0.003    42.8 from   3 sources of GD40
r1159297.fit  6.49  2.14 0.038    69.8 from  10 sources of GD40
r1159298.fit  6.57  2.17 0.088   124.3 from 277 sources of uvex_3374o r
r1159299.fit  7.44  2.46 0.078    50.6 from  65 sources of uvex_3374o U
r1159300.fit  6.67  2.20 0.052    64.7 from 194 sources of uvex_3374o g
r1159301.fit  6.31  2.08 0.084    98.7 from 297 sources of uvex_3375 r
r1159302.fit  6.92  2.28 0.059    49.1 from  58 sources of uvex_3375 U
r1159303.fit  6.16  2.03 0.061    63.3 from 223 sources of uvex_3375 g
r1159304.fit  6.16  2.03 0.096   118.6 from 279 sources of uvex_3375o r
r1159305.fit  6.98  2.30 0.040    49.7 from  54 sources of uvex_3375o U
r1159306.fit  6.18  2.04 0.035    64.1 from 204 sources of uvex_3375o g
r1159307.fit  5.97  1.97 0.064   115.9 from 358 sources of uvex_3377 r
r1159308.fit  6.85  2.26 0.059    46.0 from  67 sources of uvex_3377 U
r1159309.fit  5.98  1.97 0.056    63.1 from 288 sources of uvex_3377 g
r1159310.fit  5.60  1.85 0.042   110.9 from 418 sources of uvex_3377o r
r1159311.fit  6.83  2.25 0.055    44.5 from  77 sources of uvex_3377o U
r1159312.fit  6.26  2.07 0.044    63.1 from 272 sources of uvex_3377o g
r1159313.fit  5.55  1.83 0.050   124.5 from 357 sources of uvex_3387 r
r1159314.fit  7.17  2.37 0.051    40.6 from  62 sources of uvex_3387 U
r1159315.fit  5.77  1.90 0.050    56.6 from 253 sources of uvex_3387 g
r1159316.fit  5.87  1.94 0.048   115.5 from 344 sources of uvex_3387o r
r1159317.fit  7.00  2.31 0.030    38.7 from  77 sources of uvex_3387o U
r1159318.fit  6.43  2.12 0.038    59.7 from 255 sources of uvex_3387o g
r1159319.fit  7.11  2.35 0.092   110.2 from 205 sources of uvex_3388 r
r1159320.fit  7.60  2.51 0.024    41.4 from  53 sources of uvex_3388 U
r1159321.fit  6.34  2.09 0.062    48.1 from 166 sources of uvex_3388 g
r1159322.fit  5.44  1.80 0.045   117.1 from 288 sources of uvex_3388o r
r1159323.fit  6.78  2.24 0.023    41.4 from  73 sources of uvex_3388o U
r1159324.fit  6.89  2.27 0.033    62.0 from 160 sources of uvex_3388o g
r1159325.fit  4.98  1.64 0.042    79.3 from  21 sources of GD50 r
r1159326.fit  5.84  1.93 0.028    58.1 from  11 sources of GD50 U
r1159327.fit  5.53  1.82 0.074    59.0 from  20 sources of GD50 g
r1159328.fit  6.45  2.13 0.043   149.6 from 287 sources of uvex_3390 r
r1159329.fit  6.57  2.17 0.047    88.7 from  91 sources of uvex_3390 U
r1159330.fit  5.72  1.89 0.055    99.0 from 267 sources of uvex_3390 g
r1159331.fit  5.17  1.71 0.046   151.1 from 369 sources of uvex_3390o r
r1159332.fit  5.70  1.88 0.041    89.4 from 102 sources of uvex_3390o U
r1159333.fit  5.20  1.72 0.048    99.6 from 273 sources of uvex_3390o g
r1159334.fit  5.58  1.84 0.069   149.6 from 409 sources of uvex_3391 r
r1159335.fit  5.99  1.98 0.045    89.5 from  98 sources of uvex_3391 U
r1159336.fit  5.75  1.90 0.068    99.0 from 308 sources of uvex_3391 g
r1159337.fit  4.78  1.58 0.033   142.6 from 485 sources of uvex_3391o r
r1159338.fit  6.09  2.01 0.079    88.1 from 106 sources of uvex_3391o U
r1159339.fit  5.19  1.71 0.034    89.0 from 329 sources of uvex_3391o g
r1159340.fit  6.06  2.00 0.133   147.4 from 251 sources of uvex_3393 r
r1159341.fit  6.33  2.09 0.049    86.5 from 101 sources of uvex_3393 U
r1159342.fit  5.10  1.68 0.043    97.7 from 388 sources of uvex_3393 g
r1159343.fit  5.77  1.90 0.050   148.1 from 406 sources of uvex_3395 r
r1159344.fit  6.26  2.07 0.052    87.7 from  80 sources of uvex_3395 U
r1159345.fit  5.86  1.93 0.040    96.8 from 324 sources of uvex_3395 g
r1159346.fit  4.73  1.56 0.038   147.5 from 514 sources of uvex_3395o r
r1159347.fit  6.26  2.07 0.018    89.8 from  93 sources of uvex_3395o U
r1159348.fit  6.36  2.10 0.032    90.6 from 273 sources of uvex_3395o g
r1159349.fit  5.68  1.87 0.038   148.8 from 301 sources of uvex_3400 r
r1159350.fit  6.27  2.07 0.024    90.4 from  73 sources of uvex_3400 U
r1159351.fit  5.67  1.87 0.040    93.8 from 225 sources of uvex_3400 g
r1159352.fit  5.06  1.67 0.052   148.4 from 347 sources of uvex_3400o r
r1159353.fit  6.27  2.07 0.025    90.5 from  64 sources of uvex_3400o U
r1159354.fit  6.09  2.01 0.053    99.4 from 187 sources of uvex_3400o g
r1159355.fit  8.15  2.69 0.128   128.5 from  45 sources of uvex_3401 r
r1159356.fit  6.02  1.99 0.030    86.9 from  87 sources of uvex_3401 U
r1159357.fit  5.97  1.97 0.043    90.1 from 217 sources of uvex_3401 g
r1159358.fit  5.86  1.93 0.044   145.1 from 312 sources of uvex_3401o r
r1159359.fit  6.39  2.11 0.032    88.8 from  61 sources of uvex_3401o U
r1159360.fit  5.63  1.86 0.034    97.9 from 231 sources of uvex_3401o g
r1159361.fit  5.03  1.66 0.068   145.6 from 501 sources of uvex_3406 r
r1159362.fit  6.20  2.05 0.030    85.8 from 117 sources of uvex_3406 U
r1159363.fit  6.67  2.20 0.047    96.1 from 261 sources of uvex_3406 g
r1159364.fit  5.46  1.80 0.064   143.7 from 446 sources of uvex_3406o r
r1159365.fit  6.61  2.18 0.063    86.3 from 108 sources of uvex_3406o U
r1159366.fit  6.26  2.07 0.036    97.6 from 281 sources of uvex_3406o g
r1159367.fit  5.98  1.97 0.057   148.3 from 383 sources of uvex_3415 r
r1159368.fit  6.34  2.09 0.026    86.1 from 102 sources of uvex_3415 U
r1159369.fit  5.93  1.96 0.035    97.2 from 263 sources of uvex_3415 g
r1159370.fit  4.89  1.61 0.038   149.0 from 492 sources of uvex_3415o r
r1159371.fit  6.45  2.13 0.052    86.1 from  87 sources of uvex_3415o U
r1159372.fit  6.40  2.11 0.039    96.5 from 232 sources of uvex_3415o g
r1159373.fit  6.31  2.08 0.048   144.6 from 273 sources of uvex_3416 r
r1159374.fit  7.29  2.41 0.042    87.8 from  54 sources of uvex_3416 U
r1159375.fit  7.13  2.35 0.029    97.4 from 151 sources of uvex_3416 g
r1159376.fit  6.64  2.19 0.034   143.9 from 261 sources of uvex_3416o r
r1159377.fit  6.85  2.26 0.026    88.5 from  56 sources of uvex_3416o U
r1159378.fit  6.46  2.13 0.037    94.6 from 182 sources of uvex_3416o g
r1159379.fit  7.75  2.56 0.133   148.8 from 116 sources of uvex_3417 r
r1159380.fit  7.14  2.36 0.039    92.4 from  41 sources of uvex_3417 U
r1159381.fit  6.29  2.08 0.032    94.0 from 169 sources of uvex_3417 g
r1159382.fit  5.69  1.88 0.052   149.2 from 287 sources of uvex_3417o r
r1159383.fit  6.82  2.25 0.027    89.7 from  45 sources of uvex_3417o U
r1159384.fit  6.94  2.29 0.036    99.5 from 151 sources of uvex_3417o g
r1159385.fit  5.47  1.81 0.043   148.0 from 391 sources of uvex_3419 r
r1159386.fit  5.94  1.96 0.029    83.8 from  92 sources of uvex_3419 U
r1159387.fit  5.94  1.96 0.041    97.4 from 248 sources of uvex_3419 g
r1159388.fit  6.62  2.18 0.031   154.4 from 260 sources of uvex_3419o r
r1159389.fit  6.65  2.19 0.025    88.4 from  75 sources of uvex_3419o U
r1159390.fit  5.70  1.88 0.031    93.7 from 253 sources of uvex_3419o g
r1159391.fit  6.50  2.15 0.047   125.7 from 333 sources of uvex_3420 r
r1159392.fit  6.81  2.25 0.026    87.7 from  81 sources of uvex_3420 U
r1159393.fit  6.41  2.12 0.046    92.4 from 259 sources of uvex_3420 g
r1159394.fit  4.86  1.60 0.058   145.7 from 520 sources of uvex_3420o r
r1159395.fit  7.42  2.45 0.026    86.8 from  70 sources of uvex_3420o U
r1159396.fit  5.54  1.83 0.057    97.2 from 339 sources of uvex_3420o g
r1159397.fit  5.99  1.98 0.040   142.3 from 423 sources of uvex_3422 r
r1159398.fit  5.88  1.94 0.023    90.0 from 161 sources of uvex_3422 U
r1159399.fit  5.56  1.83 0.034    98.2 from 388 sources of uvex_3422 g
r1159400.fit  4.41  1.46 0.044   157.7 from 658 sources of uvex_3422o r
r1159401.fit  5.81  1.92 0.027    87.8 from 148 sources of uvex_3422o U
r1159402.fit  5.67  1.87 0.072    97.4 from 404 sources of uvex_3422o g
r1159403.fit  5.57  1.84 0.102   153.4 from 413 sources of uvex_3424 r
r1159404.fit  5.68  1.87 0.036    89.6 from  86 sources of uvex_3424 U
r1159405.fit  5.37  1.77 0.037    97.6 from 329 sources of uvex_3424 g
r1159406.fit  5.06  1.67 0.049   158.3 from 455 sources of uvex_3424o r
r1159407.fit  6.13  2.02 0.034    82.2 from  74 sources of uvex_3424o U
r1159408.fit  5.45  1.80 0.046    96.3 from 312 sources of uvex_3424o g
r1159409.fit  4.45  1.47 0.041   138.2 from 490 sources of uvex_3429 r
r1159410.fit  6.05  2.00 0.044    91.3 from  90 sources of uvex_3429 U
r1159411.fit  4.90  1.62 0.053    95.0 from 308 sources of uvex_3429 g
r1159412.fit  5.23  1.73 0.050   155.4 from 352 sources of uvex_3429o r
r1159413.fit  6.05  2.00 0.066    86.9 from  87 sources of uvex_3429o U
r1159414.fit  4.94  1.63 0.034   104.0 from 270 sources of uvex_3429o g
r1159415.fit  5.42  1.79 0.081   155.8 from 327 sources of uvex_3430 r
r1159416.fit  5.58  1.84 0.027    88.8 from  92 sources of uvex_3430 U
r1159417.fit  5.23  1.73 0.031   101.2 from 272 sources of uvex_3430 g
r1159418.fit  5.12  1.69 0.037   151.9 from 379 sources of uvex_3430o r
r1159419.fit  5.72  1.89 0.040    90.6 from  76 sources of uvex_3430o U
r1159420.fit  4.74  1.56 0.031    97.5 from 288 sources of uvex_3430o g
r1159421.fit  4.90  1.62 0.057   160.8 from 364 sources of uvex_3432 r
r1159422.fit  6.24  2.06 0.042    90.1 from  83 sources of uvex_3432 U
r1159423.fit  5.48  1.81 0.048    98.0 from 233 sources of uvex_3432 g
r1159424.fit  4.79  1.58 0.047   137.0 from 339 sources of uvex_3432o r
r1159425.fit  5.36  1.77 0.035    88.9 from  94 sources of uvex_3432o U
r1159426.fit  5.73  1.89 0.052    92.0 from 193 sources of uvex_3432o g
r1159427.fit  5.61  1.85 0.070   156.0 from 327 sources of uvex_3439 r
r1159428.fit  6.58  2.17 0.021    87.4 from  70 sources of uvex_3439 U
r1159429.fit  5.50  1.82 0.031   100.4 from 235 sources of uvex_3439 g
r1159430.fit  5.70  1.88 0.034   157.4 from 304 sources of uvex_3439o r
r1159431.fit  8.02  2.65 0.022    89.8 from  59 sources of uvex_3439o U
r1159432.fit  7.19  2.37 0.049    98.8 from 159 sources of uvex_3439o g
r1159433.fit  6.88  2.27 0.034   172.3 from 162 sources of uvex_3443 r
r1159434.fit  8.88  2.93 0.016    91.8 from  27 sources of uvex_3443 U
r1159435.fit  6.91  2.28 0.038   106.0 from 103 sources of uvex_3443 g
r1159436.fit  7.64  2.52 0.032    61.3 from  12 sources of G191B2B r
r1159437.fit  4.79  1.58 0.074    83.6 from   2 sources of G191B2B U
r1159438.fit  7.97  2.63 0.037    65.5 from   8 sources of G191B2B g
r1159439.fit is not a target (BIAS)
r1159440.fit is not a target (BIAS)
r1159441.fit is not a target (FLAT)
r1159442.fit is not a target (SKY)
r1159443.fit is not a target (SKY)
r1159444.fit is not a target (SKY)
r1159445.fit is not a target (SKY)
r1159446.fit is not a target (SKY)
r1159447.fit is not a target (SKY)
r1159448.fit is not a target (SKY)
r1159449.fit is not a target (SKY)
r1159450.fit is not a target (SKY)
r1159451.fit is not a target (SKY)
r1159453.fit is not a target (SKY)
r1159454.fit is not a target (SKY)
r1159455.fit is not a target (SKY)
r1159456.fit is not a target (SKY)
r1159457.fit is not a target (SKY)
r1159458.fit is not a target (SKY)
r1159459.fit is not a target (SKY)
r1159460.fit is not a target (SKY)
r1159461.fit is not a target (SKY)
r1159462.fit is not a target (SKY)
r1159463.fit is not a target (SKY)
r1159464.fit is not a target (SKY)
r1159465.fit is not a target (SKY)
r1159466.fit is not a target (SKY)
r1159467.fit is not a target (SKY)
