r1088626.fit is not a target (BIAS)
r1088627.fit is not a target (BIAS)
r1088628.fit is not a target (BIAS)
r1088629.fit is not a target (BIAS)
r1088630.fit is not a target (BIAS)
r1088631.fit is not a target (BIAS)
r1088632.fit is not a target (BIAS)
r1088633.fit is not a target (BIAS)
r1088634.fit is not a target (BIAS)
r1088635.fit is not a target (BIAS)
r1088636.fit is not a target (BIAS)
r1088637.fit is not a target (BIAS)
r1088638.fit is not a target (BIAS)
r1088639.fit is not a target (BIAS)
r1088640.fit is not a target (BIAS)
r1088641.fit is not a target (BIAS)
r1088642.fit is not a target (BIAS)
r1088643.fit is not a target (BIAS)
r1088644.fit is not a target (BIAS)
r1088645.fit is not a target (BIAS)
r1088646.fit is not a target (BIAS)
r1088647.fit is not a target (BIAS)
r1088648.fit is not a target (BIAS)
r1088649.fit is not a target (BIAS)
r1088650.fit is not a target (BIAS)
r1088651.fit is not a target (BIAS)
r1088652.fit is not a target (BIAS)
r1088653.fit is not a target (BIAS)
r1088654.fit is not a target (BIAS)
r1088655.fit is not a target (BIAS)
r1088656.fit is not a target (BIAS)
r1088657.fit is not a target (BIAS)
r1088658.fit is not a target (BIAS)
r1088659.fit is not a target (BIAS)
r1088660.fit is not a target (BIAS)
r1088661.fit is not a target (BIAS)
r1088662.fit is not a target (BIAS)
r1088663.fit is not a target (BIAS)
r1088664.fit is not a target (BIAS)
r1088665.fit is not a target (BIAS)
r1088666.fit is not a target (BIAS)
r1088667.fit is not a target (BIAS)
r1088668.fit is not a target (SKY)
r1088669.fit is not a target (SKY)
r1088670.fit is not a target (FLAT)
r1088671.fit is not a target (FLAT)
r1088672.fit is not a target (FLAT)
r1088673.fit is not a target (FLAT)
r1088674.fit is not a target (FLAT)
r1088675.fit is not a target (FLAT)
r1088676.fit is not a target (FLAT)
r1088677.fit is not a target (FLAT)
r1088678.fit is not a target (FLAT)
r1088679.fit is not a target (FLAT)
r1088680.fit is not a target (FLAT)
r1088681.fit is not a target (FLAT)
r1088682.fit is not a target (FLAT)
r1088683.fit is not a target (FLAT)
r1088684.fit is not a target (FLAT)
r1088685.fit is not a target (FLAT)
r1088686.fit is not a target (FLAT)
r1088687.fit is not a target (FLAT)
r1088688.fit is not a target (FLAT)
r1088689.fit is not a target (FLAT)
r1088690.fit  9.24  3.05 0.025    70.3 from  11 sources of WOLF1346 r
r1088691.fit  9.81  3.24 0.078    68.1 from   2 sources of WOLF1346 U
r1088692.fit  9.40  3.10 0.031    64.9 from   7 sources of WOLF1346 g
r1088693.fit is not a target (FOCUS)
r1088694.fit  8.17  2.70 0.061    69.6 from  15 sources of WOLF1346 r
r1088695.fit  9.92  3.27 0.035    67.6 from   2 sources of WOLF1346 U
r1088696.fit  9.04  2.98 0.049    65.6 from   6 sources of WOLF1346 g
r1088697.fit  7.59  2.50 0.061   206.7 from 202 sources of uvex_4395 r
r1088698.fit  9.13  3.01 0.045   108.8 from  18 sources of uvex_4395 U
r1088699.fit  6.95  2.29 0.058   130.8 from 135 sources of uvex_4395 g
r1088700.fit  6.94  2.29 0.061   204.7 from 245 sources of uvex_4395o r
r1088701.fit  8.37  2.76 0.045   107.4 from  24 sources of uvex_4395o U
r1088702.fit  7.81  2.58 0.057   123.8 from 107 sources of uvex_4395o g
r1088703.fit  7.73  2.55 0.072   202.6 from 206 sources of uvex_4396 r
r1088704.fit  9.08  3.00 0.064   108.8 from  29 sources of uvex_4396 U
r1088705.fit  7.28  2.40 0.061   131.0 from 137 sources of uvex_4396 g
r1088706.fit is not a target (FOCUS)
r1088707.fit  7.37  2.43 0.078   221.0 from 300 sources of uvex_4406o r
r1088708.fit  4.53  1.49 0.084   116.3 from   8 sources of uvex_4406o U
r1088709.fit  9.27  3.06 0.086   145.0 from  67 sources of uvex_4406o g
r1088710.fit is not a target (FOCUS)
r1088711.fit  6.18  2.04 0.064   186.5 from 535 sources of uvex_6643o r
r1088712.fit  8.03  2.65 0.041   115.1 from  61 sources of uvex_6643o U
r1088713.fit  6.25  2.06 0.055   124.4 from 352 sources of uvex_6643o g
r1088714.fit  5.55  1.83 0.082   181.9 from 528 sources of uvex_6647o r
r1088715.fit  6.39  2.11 0.052   111.5 from  57 sources of uvex_6647o U
r1088716.fit  5.63  1.86 0.062    65.8 from 332 sources of uvex_6647o g
r1088717.fit  5.40  1.78 0.077   186.7 from 802 sources of uvex_6650 r
r1088718.fit  6.61  2.18 0.074   112.2 from  79 sources of uvex_6650 U
r1088719.fit  5.41  1.79 0.077   128.5 from 573 sources of uvex_6650 g
r1088720.fit  5.32  1.76 0.115   172.3 from 612 sources of uvex_6655 r
r1088721.fit  6.42  2.12 0.074   112.1 from  68 sources of uvex_6655 U
r1088722.fit  6.48  2.14 0.078   126.6 from 346 sources of uvex_6655 g
r1088723.fit  5.32  1.76 0.096   169.5 from 641 sources of uvex_6658 r
r1088724.fit  7.12  2.35 0.052   113.4 from  53 sources of uvex_6658 U
r1088725.fit  5.90  1.95 0.084   119.4 from 367 sources of uvex_6658 g
r1088726.fit  5.43  1.79 0.085   186.3 from 653 sources of uvex_6658o r
r1088727.fit  7.00  2.31 0.054   114.0 from  52 sources of uvex_6658o U
r1088728.fit  6.56  2.16 0.066   116.1 from 314 sources of uvex_6658o g
r1088729.fit  6.12  2.02 0.067   193.4 from 579 sources of uvex_6659 r
r1088730.fit  7.28  2.40 0.051   110.5 from  89 sources of uvex_6659 U
r1088731.fit  6.24  2.06 0.061   124.0 from 422 sources of uvex_6659 g
r1088732.fit  6.57  2.17 0.070   188.5 from 444 sources of uvex_6664o r
r1088733.fit  6.89  2.27 0.050   107.0 from  64 sources of uvex_6664o U
r1088734.fit  5.75  1.90 0.056   112.9 from 348 sources of uvex_6664o g
r1088735.fit  5.70  1.88 0.074   190.3 from 724 sources of uvex_6667 r
r1088736.fit  6.67  2.20 0.056   115.2 from  91 sources of uvex_6667 U
r1088737.fit  5.68  1.87 0.071   119.0 from 519 sources of uvex_6667 g
r1088738.fit  5.30  1.75 0.068   173.6 from 675 sources of uvex_6669 r
r1088739.fit  6.82  2.25 0.049   105.1 from  76 sources of uvex_6669 U
r1088740.fit  5.71  1.88 0.060   109.9 from 453 sources of uvex_6669 g
r1088741.fit  6.38  2.11 0.052    67.0 from  10 sources of BD+284211 r
r1088742.fit -28.21 -9.31 0.070    87.2 from   1 sources of BD+284211 U
r1088743.fit  7.86  2.59 0.061    67.4 from   5 sources of BD+284211 g
r1088744.fit no objects found
r1088745.fit no objects found
r1088746.fit  7.36  2.43 0.091    69.5 from   4 sources of BD+284211 g
r1088747.fit  8.75  2.89 0.108    93.2 from   4 sources of BD+284211 r
r1088748.fit no objects found
r1088749.fit  8.48  2.80 0.051    71.2 from   5 sources of BD+284211 g
r1088750.fit  5.44  1.80 0.096   103.8 from 606 sources of uvex_6884 r
r1088751.fit  6.27  2.07 0.053   111.7 from  90 sources of uvex_6884 U
r1088752.fit  5.23  1.73 0.066   133.0 from 424 sources of uvex_6884 g
r1088753.fit  4.85  1.60 0.095   216.6 from 142 sources of uvex_6901o r
r1088754.fit  5.83  1.92 0.074   122.7 from  14 sources of uvex_6901o U
r1088755.fit  5.38  1.78 0.069   145.1 from  65 sources of uvex_6901o g
r1088756.fit  5.29  1.75 0.087   212.3 from 113 sources of uvex_6903o r
r1088757.fit  6.09  2.01 0.066   121.1 from  18 sources of uvex_6903o U
r1088758.fit  5.66  1.87 0.086   125.2 from 137 sources of uvex_6903o g
r1088759.fit  4.94  1.63 0.084   204.9 from 393 sources of uvex_6904 r
r1088760.fit  5.51  1.82 0.074   114.2 from  51 sources of uvex_6904 U
r1088761.fit  4.62  1.52 0.075   144.8 from  67 sources of uvex_6904 g
r1088762.fit  5.80  1.91 0.105   145.9 from  56 sources of gd248 r
r1088763.fit  4.42  1.46 0.093   101.4 from   4 sources of gd248 U
r1088764.fit  6.30  2.08 0.084    81.8 from  25 sources of gd248 g
r1088765.fit  6.07  2.00 0.079   147.5 from  58 sources of gd248 r
r1088766.fit  0.85  0.28 0.075    81.8 from   5 sources of gd248 U
r1088767.fit  6.37  2.10 0.086    82.2 from  28 sources of gd248 g
r1088768.fit  6.22  2.05 0.117   145.7 from  51 sources of gd248 r
r1088769.fit  4.39  1.45 0.121   102.8 from   4 sources of gd248 U
r1088770.fit  5.97  1.97 0.031    83.2 from  30 sources of gd248 g
r1088771.fit  5.09  1.68 0.100   179.5 from 493 sources of uvex_0004 r
r1088772.fit  6.35  2.10 0.051   116.1 from  66 sources of uvex_0004 U
r1088773.fit  5.09  1.68 0.066   122.0 from 390 sources of uvex_0004 g
r1088774.fit  5.25  1.73 0.116   182.6 from 473 sources of uvex_0004o r
r1088775.fit  5.86  1.93 0.055   115.0 from  82 sources of uvex_0004o U
r1088776.fit  5.24  1.73 0.069   118.4 from 369 sources of uvex_0004o g
r1088777.fit  5.01  1.65 0.072   190.8 from 517 sources of uvex_0090o r
r1088778.fit  5.70  1.88 0.042   119.1 from  83 sources of uvex_0090o U
r1088779.fit  4.98  1.64 0.054   121.1 from 360 sources of uvex_0090o g
r1088780.fit  4.43  1.46 0.067   177.5 from 533 sources of uvex_0091 r
r1088781.fit  5.73  1.89 0.043   120.5 from  68 sources of uvex_0091 U
r1088782.fit  4.89  1.61 0.045   125.5 from 304 sources of uvex_0091 g
r1088783.fit  4.31  1.42 0.076   190.4 from 425 sources of uvex_0093 r
r1088784.fit  6.15  2.03 0.044   121.1 from  35 sources of uvex_0093 U
r1088785.fit  5.19  1.71 0.084   128.3 from 168 sources of uvex_0093 g
r1088786.fit  4.77  1.57 0.110   187.3 from 460 sources of uvex_0094o r
r1088787.fit  5.91  1.95 0.069   110.0 from  26 sources of uvex_0094o U
r1088788.fit  5.07  1.67 0.070   135.6 from 204 sources of uvex_0094o g
r1088789.fit  4.72  1.56 0.087   204.6 from 225 sources of uvex_0096 r
r1088790.fit  5.91  1.95 0.065   130.4 from  22 sources of uvex_0096 U
r1088791.fit  5.33  1.76 0.078   150.3 from 145 sources of uvex_0096 g
r1088792.fit  4.42  1.46 0.075   184.5 from 555 sources of uvex_0096o r
r1088793.fit  5.42  1.79 0.068   127.3 from  68 sources of uvex_0096o U
r1088794.fit  4.63  1.53 0.049   135.6 from 343 sources of uvex_0096o g
r1088795.fit  4.35  1.44 0.075   185.3 from 573 sources of uvex_0097 r
r1088796.fit  5.25  1.73 0.061   126.4 from  79 sources of uvex_0097 U
r1088797.fit  4.45  1.47 0.080   132.2 from 364 sources of uvex_0097 g
r1088798.fit  4.42  1.46 0.101   209.9 from  80 sources of uvex_0098o r
r1088799.fit  5.46  1.80 0.058   131.1 from  15 sources of uvex_0098o U
r1088800.fit  4.68  1.54 0.056   136.2 from  34 sources of uvex_0098o g
r1088801.fit  4.64  1.53 0.095   196.2 from 513 sources of uvex_0099 r
r1088802.fit  5.72  1.89 0.079   118.9 from  67 sources of uvex_0099 U
r1088803.fit  4.66  1.54 0.070   140.0 from 319 sources of uvex_0099 g
r1088804.fit  4.93  1.63 0.071   162.3 from 536 sources of uvex_0710 r
r1088805.fit  6.42  2.12 0.053   116.2 from  67 sources of uvex_0710 U
r1088806.fit  5.34  1.76 0.057   124.6 from 314 sources of uvex_0710 g
r1088807.fit  4.69  1.55 0.074   177.2 from 254 sources of uvex_0711 r
r1088808.fit  6.04  1.99 0.059   115.2 from  34 sources of uvex_0711 U
r1088809.fit  4.96  1.64 0.041   114.1 from 118 sources of uvex_0711 g
r1088810.fit  4.54  1.50 0.080   189.0 from 264 sources of uvex_0713 r
r1088811.fit  5.93  1.96 0.059   114.9 from  19 sources of uvex_0713 U
r1088812.fit  5.24  1.73 0.040   129.6 from  73 sources of uvex_0713 g
r1088813.fit  4.24  1.40 0.064   168.8 from 560 sources of uvex_0714 r
r1088814.fit  5.44  1.80 0.047    96.9 from  73 sources of uvex_0714 U
r1088815.fit  4.75  1.57 0.074   111.2 from 341 sources of uvex_0714 g
r1088816.fit  4.42  1.46 0.081   168.3 from 405 sources of uvex_0734 r
r1088817.fit  5.86  1.93 0.105   116.4 from  34 sources of uvex_0734 U
r1088818.fit  4.84  1.60 0.091   118.9 from 188 sources of uvex_0734 g
r1088819.fit  4.31  1.42 0.091   163.7 from 647 sources of uvex_0735 r
r1088820.fit  5.81  1.92 0.053   115.2 from  77 sources of uvex_0735 U
r1088821.fit  4.62  1.52 0.051   118.4 from 436 sources of uvex_0735 g
r1088822.fit  4.68  1.54 0.100   187.7 from 518 sources of uvex_0735o r
r1088823.fit  5.24  1.73 0.052   116.7 from  80 sources of uvex_0735o U
r1088824.fit  4.56  1.50 0.062   111.9 from 448 sources of uvex_0735o g
r1088825.fit  4.15  1.37 0.095   198.0 from 209 sources of uvex_0837 r
r1088826.fit  4.42  1.46 0.065   117.1 from  11 sources of uvex_0837 U
r1088827.fit  4.55  1.50 0.067   119.1 from  93 sources of uvex_0837 g
r1088828.fit  5.64  1.86 0.048    77.9 from  11 sources of FEIGE22 r
r1088829.fit  5.36  1.77 0.070    65.9 from   5 sources of FEIGE22 U
r1088830.fit  4.20  1.39 0.070    65.6 from  12 sources of FEIGE22 g
r1088831.fit  5.55  1.83 0.054    80.7 from  11 sources of FEIGE22 r
r1088832.fit  5.41  1.79 0.050    66.7 from   6 sources of FEIGE22 U
r1088833.fit  4.83  1.59 0.059    67.1 from  12 sources of FEIGE22 g
r1088834.fit  4.44  1.47 0.047    80.2 from  19 sources of FEIGE22 r
r1088835.fit  5.41  1.79 0.038    66.9 from   6 sources of FEIGE22 U
r1088836.fit  4.96  1.64 0.032    66.9 from  12 sources of FEIGE22 g
r1088837.fit  5.74  1.89 0.102   152.0 from 414 sources of uvex_2265o r
r1088838.fit  7.16  2.36 0.081    76.3 from  46 sources of uvex_2265o U
r1088839.fit  7.02  2.32 0.078    97.4 from 229 sources of uvex_2265o g
r1088840.fit  6.30  2.08 0.070   161.4 from 253 sources of uvex_2268 r
r1088841.fit  7.83  2.58 0.074    82.8 from  43 sources of uvex_2268 U
r1088842.fit  6.86  2.26 0.047    97.6 from 160 sources of uvex_2268 g
r1088843.fit  6.15  2.03 0.057   160.7 from 241 sources of uvex_2268o r
r1088844.fit  7.27  2.40 0.068    80.7 from  45 sources of uvex_2268o U
r1088845.fit  6.09  2.01 0.072    98.2 from 170 sources of uvex_2268o g
r1088846.fit  5.69  1.88 0.093   151.8 from 414 sources of uvex_2269 r
r1088847.fit  6.76  2.23 0.103    85.7 from  52 sources of uvex_2269 U
r1088848.fit  5.83  1.92 0.071    97.7 from 286 sources of uvex_2269 g
r1088849.fit  5.12  1.69 0.112   153.8 from 350 sources of uvex_2269o r
r1088850.fit  6.96  2.30 0.071    89.2 from  27 sources of uvex_2269o U
r1088851.fit  6.22  2.05 0.089   101.8 from 194 sources of uvex_2269o g
r1088852.fit  5.60  1.85 0.040   165.1 from 233 sources of uvex_2270 r
r1088853.fit  6.53  2.15 0.077    84.1 from  30 sources of uvex_2270 U
r1088854.fit  5.42  1.79 0.099   104.8 from 167 sources of uvex_2270 g
r1088855.fit  4.28  1.41 0.094   200.5 from 569 sources of uvex_2272 r
r1088856.fit  6.03  1.99 0.089   123.2 from  85 sources of uvex_2272 U
r1088857.fit  4.56  1.50 0.098   117.1 from 392 sources of uvex_2272 g
r1088858.fit  4.71  1.55 0.105   200.1 from 514 sources of uvex_2272o r
r1088859.fit  5.42  1.79 0.090   124.8 from  88 sources of uvex_2272o U
r1088860.fit  4.90  1.62 0.091   138.0 from 364 sources of uvex_2272o g
r1088861.fit  4.18  1.38 0.119   200.1 from 276 sources of uvex_2273 r
r1088862.fit  5.31  1.75 0.088   128.5 from  54 sources of uvex_2273 U
r1088863.fit  4.35  1.44 0.090   124.5 from 284 sources of uvex_2273 g
r1088864.fit  4.01  1.32 0.115   208.3 from 367 sources of uvex_2273o r
r1088865.fit  5.54  1.83 0.100   127.6 from  54 sources of uvex_2273o U
r1088866.fit  4.79  1.58 0.091   127.0 from 261 sources of uvex_2273o g
r1088867.fit  8.52  2.81 0.124   221.5 from  10 sources of uvex_2289 r
r1088868.fit  5.50  1.82 0.091   111.8 from  69 sources of uvex_2289 U
r1088869.fit  4.31  1.42 0.070   135.2 from 344 sources of uvex_2289 g
r1088870.fit  4.51  1.49 0.075   176.0 from 491 sources of uvex_2289o r
r1088871.fit  5.67  1.87 0.070   122.4 from  76 sources of uvex_2289o U
r1088872.fit  4.98  1.64 0.102   138.3 from 289 sources of uvex_2289o g
r1088873.fit  4.31  1.42 0.107   206.8 from 441 sources of uvex_2291 r
r1088874.fit  6.05  2.00 0.084   126.2 from  73 sources of uvex_2291 U
r1088875.fit  4.51  1.49 0.084   131.0 from 327 sources of uvex_2291 g
r1088876.fit  4.14  1.37 0.085   163.9 from 323 sources of uvex_2294 r
r1088877.fit  5.82  1.92 0.087   128.5 from  35 sources of uvex_2294 U
r1088878.fit  4.44  1.47 0.062   131.2 from 188 sources of uvex_2294 g
r1088879.fit  3.77  1.24 0.113   222.3 from 314 sources of uvex_2294o r
r1088880.fit  5.18  1.71 0.091   127.1 from  35 sources of uvex_2294o U
r1088881.fit  4.50  1.49 0.062   146.4 from 185 sources of uvex_2294o g
r1088882.fit  4.34  1.43 0.073   130.6 from  55 sources of hz4 r
r1088883.fit  5.08  1.68 0.079   124.4 from  28 sources of hz4 U
r1088884.fit  3.50  1.16 0.038    92.5 from  56 sources of hz4 g
r1088885.fit  3.88  1.28 0.055   130.0 from  64 sources of hz4 r
r1088886.fit  5.19  1.71 0.043   126.2 from  26 sources of hz4 U
r1088887.fit  4.56  1.50 0.051    92.5 from  42 sources of hz4 g
r1088888.fit  5.94  1.96 0.150    93.6 from   2 sources of hz4 r
r1088889.fit  5.73  1.89 0.047   126.3 from  24 sources of hz4 U
r1088890.fit  4.95  1.63 0.031    93.2 from  36 sources of hz4 g
r1088891.fit  5.11  1.69 0.079   214.1 from 353 sources of uvex_2295 r
r1088892.fit  6.20  2.05 0.070   136.9 from  65 sources of uvex_2295 U
r1088893.fit  5.62  1.85 0.095   153.1 from 216 sources of uvex_2295 g
r1088894.fit  5.08  1.68 0.083   227.1 from 348 sources of uvex_2295o r
r1088895.fit  6.61  2.18 0.091   150.1 from  56 sources of uvex_2295o U
r1088896.fit  5.59  1.84 0.072   187.3 from 224 sources of uvex_2295o g
r1088897.fit  4.90  1.62 0.069   219.5 from 494 sources of uvex_2296 r
r1088898.fit  6.16  2.03 0.058   173.8 from  76 sources of uvex_2296 U
r1088899.fit  5.04  1.66 0.043   237.0 from 365 sources of uvex_2296 g
r1088900.fit  4.52  1.49 0.056   243.5 from 568 sources of uvex_2296o r
r1088901.fit  5.38  1.78 0.048   245.8 from  89 sources of uvex_2296o U
r1088902.fit  4.36  1.44 0.049   404.6 from 446 sources of uvex_2296o g
r1088903.fit  3.72  1.23 0.038   226.1 from 578 sources of uvex_2302 r
r1088904.fit  5.15  1.70 0.049   441.5 from  87 sources of uvex_2302 U
r1088905.fit  5.28  1.74 0.037   843.6 from 257 sources of uvex_2302 g
r1088906.fit is not a target (SKY)
r1088907.fit is not a target (SKY)
r1088908.fit is not a target (SKY)
r1088909.fit is not a target (SKY)
r1088910.fit is not a target (SKY)
r1088911.fit is not a target (SKY)
r1088912.fit is not a target (SKY)
r1088913.fit is not a target (SKY)
r1088914.fit is not a target (SKY)
r1088915.fit is not a target (SKY)
r1088916.fit is not a target (SKY)
r1088917.fit is not a target (SKY)
r1088918.fit is not a target (SKY)
r1088919.fit is not a target (SKY)
r1088920.fit is not a target (SKY)
