r1161483.fit is not a target (BIAS)
r1161484.fit is not a target (BIAS)
r1161485.fit is not a target (BIAS)
r1161486.fit is not a target (BIAS)
r1161487.fit is not a target (BIAS)
r1161488.fit is not a target (FLAT)
r1161489.fit is not a target (FLAT)
r1161490.fit is not a target (FLAT)
r1161491.fit is not a target (FLAT)
r1161492.fit is not a target (FLAT)
r1161493.fit is not a target (FLAT)
r1161494.fit is not a target (FLAT)
r1161495.fit is not a target (FLAT)
r1161496.fit is not a target (FLAT)
r1161497.fit is not a target (FLAT)
r1161498.fit is not a target (FLAT)
r1161499.fit is not a target (FLAT)
r1161500.fit is not a target (FLAT)
r1161501.fit is not a target (FLAT)
r1161502.fit is not a target (FLAT)
r1161503.fit is not a target (FOCUS)
r1161504.fit is not a target (FOCUS)
r1161505.fit  4.71  1.55 0.068    66.6 from  20 sources of sa113-260 Ha
r1161506.fit  4.85  1.60 0.049   128.2 from  46 sources of sa113-260 r
r1161507.fit  4.10  1.35 0.055   107.2 from  42 sources of sa113-260 i
r1161508.fit  3.63  1.20 0.039    71.5 from  27 sources of sa113-260 r
r1161509.fit  4.77  1.57 0.044    84.6 from  13 sources of sa113-260 U
r1161510.fit  4.22  1.39 0.038    80.8 from  21 sources of sa113-260 g
r1161511.fit  4.52  1.49 0.056    44.6 from  69 sources of intphas_0635 Ha
r1161512.fit  3.46  1.14 0.121   152.4 from 222 sources of intphas_0635 r
r1161513.fit  3.48  1.15 0.102   138.3 from 272 sources of intphas_0635 i
r1161514.fit  4.33  1.43 0.059    40.6 from  84 sources of intphas_0635o Ha
r1161515.fit  3.80  1.25 0.085   114.0 from 225 sources of intphas_0635o r
r1161516.fit  3.78  1.25 0.107   126.0 from 250 sources of intphas_0635o i
r1161517.fit  4.50  1.49 0.062    39.0 from 172 sources of intphas_0814 Ha
r1161518.fit  4.44  1.47 0.074   150.0 from 469 sources of intphas_0814 r
r1161519.fit  4.04  1.33 0.096   114.0 from 426 sources of intphas_0814 i
r1161520.fit  4.18  1.38 0.082    53.6 from 192 sources of intphas_0958o Ha
r1161521.fit  4.10  1.35 0.122   151.1 from 508 sources of intphas_0958o r
r1161522.fit  4.03  1.33 0.116   131.8 from 470 sources of intphas_0958o i
r1161523.fit  4.01  1.32 0.080    57.5 from 165 sources of intphas_0959 Ha
r1161524.fit  4.34  1.43 0.093   141.8 from 336 sources of intphas_0959 r
r1161525.fit  4.25  1.40 0.068   115.2 from 310 sources of intphas_0959 i
r1161526.fit  4.54  1.50 0.051    60.5 from 181 sources of intphas_0965 Ha
r1161527.fit  4.99  1.65 0.061   161.9 from 391 sources of intphas_0965 r
r1161528.fit  3.79  1.25 0.103   130.0 from 501 sources of intphas_0965 i
r1161529.fit  4.35  1.44 0.067    45.1 from 116 sources of intphas_0837 Ha
r1161530.fit  4.29  1.42 0.075   136.7 from 263 sources of intphas_0837 r
r1161531.fit  4.42  1.46 0.079   136.0 from 250 sources of intphas_0837 i
r1161532.fit  4.56  1.50 0.070    44.5 from 190 sources of intphas_0843 Ha
r1161533.fit  4.34  1.43 0.078   115.8 from 486 sources of intphas_0843 r
r1161534.fit  4.33  1.43 0.092   113.2 from 395 sources of intphas_0843 i
r1161535.fit  4.38  1.45 0.089    46.1 from 208 sources of intphas_0843o Ha
r1161536.fit  3.91  1.29 0.089     4.0 from 670 sources of intphas_0843o r
r1161537.fit  3.74  1.23 0.106   125.6 from 537 sources of intphas_0843o i
r1161538.fit  4.37  1.44 0.090    50.7 from 191 sources of intphas_0844 Ha
r1161539.fit  4.07  1.34 0.101   128.4 from 584 sources of intphas_0844 r
r1161540.fit  4.23  1.40 0.070   107.6 from 440 sources of intphas_0844 i
r1161541.fit  3.76  1.24 0.085    41.6 from 257 sources of intphas_0844o Ha
r1161542.fit  4.02  1.33 0.104   124.0 from 627 sources of intphas_0844o r
r1161543.fit  3.90  1.29 0.106   127.1 from 510 sources of intphas_0844o i
r1161544.fit  4.24  1.40 0.066    43.3 from 140 sources of intphas_0846 Ha
r1161545.fit  3.98  1.31 0.050   145.0 from 356 sources of intphas_0846 r
r1161546.fit  3.90  1.29 0.097   131.3 from 335 sources of intphas_0846 i
r1161547.fit  4.03  1.33 0.099    48.7 from 123 sources of intphas_0846o Ha
r1161548.fit  3.70  1.22 0.092   137.1 from 402 sources of intphas_0846o r
r1161549.fit  4.02  1.33 0.084   116.8 from 311 sources of intphas_0846o i
r1161550.fit  4.53  1.49 0.074    39.8 from 104 sources of intphas_0849 Ha
r1161551.fit  3.83  1.26 0.078   140.7 from 362 sources of intphas_0849 r
r1161552.fit  3.90  1.29 0.075   121.7 from 308 sources of intphas_0849 i
r1161553.fit  4.13  1.36 0.089    32.5 from 113 sources of intphas_0849o Ha
r1161554.fit  4.19  1.38 0.061   124.0 from 272 sources of intphas_0849o r
r1161555.fit  4.24  1.40 0.095   136.5 from 244 sources of intphas_0849o i
r1161556.fit  4.19  1.38 0.074    41.9 from 136 sources of intphas_0852o Ha
r1161557.fit  3.93  1.30 0.096   126.9 from 335 sources of intphas_0852o r
r1161558.fit  3.98  1.31 0.084   127.3 from 306 sources of intphas_0852o i
r1161559.fit  4.16  1.37 0.072    35.9 from 140 sources of intphas_0852 Ha
r1161560.fit  3.74  1.23 0.102   123.7 from 365 sources of intphas_0852 r
r1161561.fit  3.70  1.22 0.094   108.8 from 342 sources of intphas_0852 i
r1161562.fit  4.13  1.36 0.065    59.9 from 219 sources of intphas_0851o Ha
r1161563.fit  4.92  1.62 0.059   143.3 from 379 sources of intphas_0851o r
r1161564.fit  4.13  1.36 0.077   134.3 from 400 sources of intphas_0851o i
r1161565.fit  4.17  1.38 0.056    61.8 from 227 sources of intphas_0851 Ha
r1161566.fit  4.03  1.33 0.113   144.6 from 517 sources of intphas_0851 r
r1161567.fit  3.55  1.17 0.124   132.1 from 411 sources of intphas_0851 i
r1161568.fit  3.61  1.19 0.082    51.7 from 223 sources of intphas_0856o Ha
r1161569.fit  3.99  1.32 0.087   138.0 from 479 sources of intphas_0856o r
r1161570.fit  4.57  1.51 0.063   118.3 from 319 sources of intphas_0856o i
r1161571.fit  3.98  1.31 0.073    53.4 from 192 sources of intphas_0856 Ha
r1161572.fit  4.05  1.34 0.075   134.0 from 468 sources of intphas_0856 r
r1161573.fit  3.75  1.24 0.077   119.4 from 441 sources of intphas_0856 i
r1161574.fit  3.74  1.23 0.070    54.7 from 156 sources of intphas_0855 Ha
r1161575.fit  3.83  1.26 0.084   129.9 from 381 sources of intphas_0855 r
r1161576.fit  3.70  1.22 0.063   109.0 from 346 sources of intphas_0855 i
r1161577.fit  3.96  1.31 0.082    57.6 from 132 sources of intphas_0855o Ha
r1161578.fit  3.38  1.12 0.096   111.2 from 472 sources of intphas_0855o r
r1161579.fit  3.62  1.19 0.101   133.1 from 373 sources of intphas_0855o i
r1161580.fit  3.61  1.19 0.100    54.6 from 259 sources of intphas_0859 Ha
r1161581.fit  3.66  1.21 0.097   140.3 from 550 sources of intphas_0859 r
r1161582.fit  3.52  1.16 0.101   125.4 from 437 sources of intphas_0859 i
r1161583.fit  3.93  1.30 0.127    98.6 from 141 sources of intphas_0859o Ha
r1161584.fit  3.86  1.27 0.071   171.5 from 553 sources of intphas_0859o r
r1161585.fit  3.38  1.12 0.093   183.1 from 562 sources of intphas_0859o i
r1161586.fit  3.74  1.23 0.069    92.0 from 169 sources of intphas_0863 Ha
r1161587.fit  3.95  1.30 0.088   165.2 from 378 sources of intphas_0863 r
r1161588.fit  3.55  1.17 0.081   149.4 from 379 sources of intphas_0863 i
r1161589.fit  3.95  1.30 0.065    94.9 from 129 sources of intphas_0863o Ha
r1161590.fit  3.66  1.21 0.073   170.0 from 430 sources of intphas_0863o r
r1161591.fit  3.78  1.25 0.079   163.3 from 351 sources of intphas_0863o i
r1161592.fit  4.20  1.39 0.051    92.3 from 144 sources of intphas_0867 Ha
r1161593.fit  3.90  1.29 0.067   165.5 from 366 sources of intphas_0867 r
r1161594.fit  3.72  1.23 0.078   151.1 from 381 sources of intphas_0867 i
r1161595.fit  3.96  1.31 0.126    97.6 from  65 sources of intphas_0867o Ha
r1161596.fit  4.03  1.33 0.072   173.5 from 305 sources of intphas_0867o r
r1161597.fit  3.68  1.21 0.053   174.4 from 327 sources of intphas_0867o i
r1161598.fit  4.06  1.34 0.080    98.7 from 216 sources of intphas_0871o Ha
r1161599.fit  3.87  1.28 0.079   171.0 from 641 sources of intphas_0871o r
r1161600.fit  3.79  1.25 0.074   144.5 from 515 sources of intphas_0871o i
r1161601.fit  3.90  1.29 0.087    97.7 from 225 sources of intphas_0871 Ha
r1161602.fit  3.48  1.15 0.099   168.1 from 791 sources of intphas_0871 r
r1161603.fit  3.68  1.21 0.080   172.0 from 523 sources of intphas_0871 i
r1161604.fit  4.02  1.33 0.125    93.5 from  97 sources of intphas_0876o Ha
r1161605.fit  3.79  1.25 0.091   169.6 from 643 sources of intphas_0876o r
r1161606.fit  3.55  1.17 0.079   147.3 from 519 sources of intphas_0876o i
r1161607.fit  3.45  1.14 0.078    91.5 from 263 sources of intphas_0876 Ha
r1161608.fit  3.55  1.17 0.094   168.7 from 719 sources of intphas_0876 r
r1161609.fit  3.29  1.09 0.098   138.2 from 616 sources of intphas_0876 i
r1161610.fit  3.70  1.22 0.059    90.2 from 212 sources of intphas_0929 Ha
r1161611.fit  3.92  1.29 0.091   168.4 from 491 sources of intphas_0929 r
r1161612.fit  3.35  1.11 0.093   138.9 from 562 sources of intphas_0929 i
r1161613.fit  3.67  1.21 0.103    92.8 from 215 sources of intphas_0929o Ha
r1161614.fit  3.46  1.14 0.078   146.6 from 633 sources of intphas_0929o r
r1161615.fit  3.44  1.14 0.095   158.9 from 519 sources of intphas_0929o i
r1161616.fit  3.48  1.15 0.088    87.3 from 241 sources of intphas_0931 Ha
r1161617.fit  3.54  1.17 0.109   145.5 from 560 sources of intphas_0931 r
r1161618.fit  3.11  1.03 0.106   143.2 from 505 sources of intphas_0931 i
r1161619.fit  3.52  1.16 0.096    90.4 from 215 sources of intphas_0931o Ha
r1161620.fit  3.21  1.06 0.100   160.8 from 624 sources of intphas_0931o r
r1161621.fit  3.03  1.00 0.104   151.6 from 495 sources of intphas_0931o i
r1161622.fit  3.16  1.04 0.082    89.0 from 260 sources of intphas_0932 Ha
r1161623.fit  3.24  1.07 0.080   146.9 from 633 sources of intphas_0932 r
r1161624.fit  3.35  1.11 0.085   132.2 from 516 sources of intphas_0932 i
r1161625.fit  3.58  1.18 0.118    86.1 from 129 sources of intphas_0932o Ha
r1161626.fit  3.26  1.08 0.081   151.8 from 575 sources of intphas_0932o r
r1161627.fit  3.24  1.07 0.072   136.4 from 510 sources of intphas_0932o i
r1161628.fit  3.30  1.09 0.068    92.3 from 214 sources of intphas_0933 Ha
r1161629.fit  3.35  1.11 0.107   170.7 from 519 sources of intphas_0933 r
r1161630.fit  3.29  1.09 0.083   148.2 from 467 sources of intphas_0933 i
r1161631.fit  3.74  1.23 0.087    92.1 from 158 sources of intphas_0933o Ha
r1161632.fit  3.38  1.12 0.086   148.8 from 498 sources of intphas_0933o r
r1161633.fit  3.29  1.09 0.080   151.6 from 447 sources of intphas_0933o i
r1161634.fit  3.93  1.30 0.044    89.7 from 181 sources of intphas_0934 Ha
r1161635.fit  4.20  1.39 0.077   166.1 from 352 sources of intphas_0934 r
r1161636.fit  3.51  1.16 0.079   144.8 from 391 sources of intphas_0934 i
r1161637.fit  4.17  1.38 0.074    89.2 from 148 sources of intphas_0934o Ha
r1161638.fit  3.37  1.11 0.078   137.3 from 461 sources of intphas_0934o r
r1161639.fit  3.66  1.21 0.073   138.2 from 387 sources of intphas_0934o i
r1161640.fit  3.80  1.25 0.061    85.9 from 216 sources of intphas_0935 Ha
r1161641.fit  4.68  1.54 0.053   146.9 from 384 sources of intphas_0935 r
r1161642.fit  3.95  1.30 0.055   129.2 from 410 sources of intphas_0935 i
r1161643.fit  4.77  1.57 0.050    89.2 from 132 sources of intphas_0935o Ha
r1161644.fit  4.80  1.58 0.056   143.4 from 353 sources of intphas_0935o r
r1161645.fit  4.67  1.54 0.046   143.4 from 278 sources of intphas_0935o i
r1161646.fit  4.27  1.41 0.048    89.0 from 175 sources of intphas_0936 Ha
r1161647.fit  3.86  1.27 0.080   151.9 from 587 sources of intphas_0936 r
r1161648.fit  3.84  1.27 0.094   142.8 from 428 sources of intphas_0936 i
r1161649.fit  4.17  1.38 0.089    85.0 from 167 sources of intphas_0936o Ha
r1161650.fit  4.29  1.42 0.051   142.3 from 421 sources of intphas_0936o r
r1161651.fit  4.12  1.36 0.076   133.4 from 376 sources of intphas_0936o i
r1161652.fit  4.74  1.56 0.055    82.2 from 115 sources of intphas_0937 Ha
r1161653.fit  5.01  1.65 0.069   130.5 from 249 sources of intphas_0937 r
r1161654.fit  4.54  1.50 0.058   138.2 from 223 sources of intphas_0937 i
r1161655.fit  4.76  1.57 0.062    83.6 from 119 sources of intphas_0937o Ha
r1161656.fit  5.03  1.66 0.046   146.4 from 237 sources of intphas_0937o r
r1161657.fit  4.34  1.43 0.086   146.5 from 277 sources of intphas_0937o i
r1161658.fit  4.12  1.36 0.044    83.3 from 187 sources of intphas_0940 Ha
r1161659.fit  4.58  1.51 0.033   130.4 from 350 sources of intphas_0940 r
r1161660.fit  3.70  1.22 0.067   125.9 from 387 sources of intphas_0940 i
r1161661.fit  4.21  1.39 0.069    84.7 from 189 sources of intphas_0940o Ha
r1161662.fit  4.67  1.54 0.045   144.0 from 348 sources of intphas_0940o r
r1161663.fit  4.08  1.35 0.076   141.3 from 341 sources of intphas_0940o i
r1161664.fit  4.36  1.44 0.065    85.3 from 166 sources of intphas_0939 Ha
r1161665.fit  3.97  1.31 0.076   143.7 from 552 sources of intphas_0939 r
r1161666.fit  3.59  1.18 0.052   138.5 from 512 sources of intphas_0939 i
r1161667.fit  4.81  1.59 0.050    58.7 from  13 sources of feige22 Ha
r1161668.fit  7.65  2.52 0.056    60.2 from  10 sources of feige22 r
r1161669.fit  5.41  1.79 0.074    65.9 from  10 sources of feige22 i
r1161670.fit  4.07  1.34 0.047    63.5 from  18 sources of feige22 r
r1161671.fit  4.68  1.54 0.036    56.0 from  11 sources of feige22 U
r1161672.fit  4.64  1.53 0.024    55.8 from  12 sources of feige22 g
r1161673.fit  4.72  1.56 0.082   120.1 from 410 sources of uvex_2970 r
r1161674.fit  6.43  2.12 0.106    42.0 from  63 sources of uvex_2970 U
r1161675.fit  4.99  1.65 0.066    60.6 from 287 sources of uvex_2970 g
r1161676.fit  4.72  1.56 0.077    93.3 from 422 sources of uvex_2970o r
r1161677.fit  5.31  1.75 0.079    39.8 from  82 sources of uvex_2970o U
r1161678.fit  5.59  1.84 0.035    58.4 from 221 sources of uvex_2970o g
r1161679.fit  4.67  1.54 0.084    96.3 from 528 sources of uvex_2972 r
r1161680.fit  5.95  1.96 0.060    39.9 from  85 sources of uvex_2972 U
r1161681.fit  5.72  1.89 0.105    48.0 from 301 sources of uvex_2972 g
r1161682.fit  5.12  1.69 0.089   110.6 from 413 sources of uvex_2972o r
r1161683.fit  5.99  1.98 0.080    42.1 from  89 sources of uvex_2972o U
r1161684.fit  5.98  1.97 0.049    62.3 from 244 sources of uvex_2972o g
r1161685.fit  5.70  1.88 0.111    33.0 from 363 sources of uvex_2973 r
r1161686.fit  5.79  1.91 0.089    40.5 from  91 sources of uvex_2973 U
r1161687.fit  5.19  1.71 0.065    60.7 from 316 sources of uvex_2973 g
r1161688.fit  5.40  1.78 0.068   106.9 from 377 sources of uvex_2973o r
r1161689.fit  6.82  2.25 0.031    43.3 from  54 sources of uvex_2973o U
r1161690.fit  7.60  2.51 0.046    63.0 from 153 sources of uvex_2973o g
r1161691.fit  6.92  2.28 0.045   111.8 from 197 sources of uvex_3446o r
r1161692.fit  6.03  1.99 0.056    39.7 from  50 sources of uvex_3446o U
r1161693.fit  5.55  1.83 0.069    61.9 from 181 sources of uvex_3446o g
r1161694.fit  6.41  2.12 0.042   111.7 from 298 sources of uvex_3447 r
r1161695.fit  7.88  2.60 0.030    44.8 from  64 sources of uvex_3447 U
r1161696.fit  7.46  2.46 0.040    46.8 from 174 sources of uvex_3447 g
r1161697.fit  6.42  2.12 0.067   111.7 from 352 sources of uvex_3447o r
r1161698.fit  6.86  2.26 0.052    36.3 from  75 sources of uvex_3447o U
r1161699.fit  5.53  1.82 0.043    56.1 from 327 sources of uvex_3447o g
r1161700.fit  6.30  2.08 0.061   109.3 from 382 sources of uvex_3448 r
r1161701.fit  5.68  1.87 0.051    40.3 from  80 sources of uvex_3448 U
r1161702.fit  5.78  1.91 0.056    55.3 from 323 sources of uvex_3448 g
r1161703.fit  5.20  1.72 0.074   105.6 from 454 sources of uvex_3448o r
r1161704.fit  6.51  2.15 0.041    44.0 from  63 sources of uvex_3448o U
r1161705.fit  6.25  2.06 0.033    59.5 from 274 sources of uvex_3448o g
r1161706.fit  6.16  2.03 0.033   107.9 from 353 sources of uvex_3449 r
r1161707.fit  6.78  2.24 0.035    43.7 from  76 sources of uvex_3449 U
r1161708.fit  7.02  2.32 0.042    60.1 from 216 sources of uvex_3449 g
r1161709.fit  5.57  1.84 0.041    98.4 from 404 sources of uvex_3449o r
r1161710.fit  6.54  2.16 0.033    42.4 from  90 sources of uvex_3449o U
r1161711.fit  6.51  2.15 0.047    58.3 from 251 sources of uvex_3449o g
r1161712.fit  6.08  2.01 0.045   114.0 from 428 sources of uvex_3451 r
r1161713.fit  7.46  2.46 0.021    35.3 from  78 sources of uvex_3451 U
r1161714.fit  7.85  2.59 0.043    61.5 from 193 sources of uvex_3451 g
r1161715.fit  7.42  2.45 0.036   110.2 from 275 sources of uvex_3451o r
r1161716.fit  7.59  2.50 0.021    38.2 from  75 sources of uvex_3451o U
r1161717.fit  5.77  1.90 0.046    54.5 from 345 sources of uvex_3451o g
r1161718.fit  6.02  1.99 0.043   106.3 from 324 sources of uvex_3453 r
r1161719.fit  7.49  2.47 0.020    39.6 from  71 sources of uvex_3453 U
r1161720.fit  5.79  1.91 0.032    57.6 from 256 sources of uvex_3453 g
r1161721.fit  5.51  1.82 0.032    96.3 from 372 sources of uvex_3453o r
r1161722.fit  6.84  2.26 0.026    38.5 from  76 sources of uvex_3453o U
r1161723.fit  5.12  1.69 0.035    49.7 from 323 sources of uvex_3453o g
r1161724.fit  5.08  1.68 0.052    92.9 from 393 sources of uvex_3454 r
r1161725.fit  5.87  1.94 0.039    39.4 from  73 sources of uvex_3454 U
r1161726.fit  5.74  1.89 0.026    53.6 from 251 sources of uvex_3454 g
r1161727.fit  5.80  1.91 0.037    96.0 from 353 sources of uvex_3454o r
r1161728.fit  6.04  1.99 0.037    40.5 from  74 sources of uvex_3454o U
r1161729.fit  4.64  1.53 0.043    50.4 from 352 sources of uvex_3454o g
r1161730.fit  5.15  1.70 0.044   102.3 from 428 sources of uvex_3456 r
r1161731.fit  5.78  1.91 0.061    34.8 from  80 sources of uvex_3456 U
r1161732.fit  5.06  1.67 0.055    59.1 from 315 sources of uvex_3456 g
r1161733.fit  4.80  1.58 0.070    99.8 from 466 sources of uvex_3456o r
r1161734.fit  5.00  1.65 0.052    44.6 from 119 sources of uvex_3456o U
r1161735.fit  5.05  1.67 0.052    59.6 from 335 sources of uvex_3456o g
r1161736.fit  4.74  1.56 0.027   120.8 from 341 sources of uvex_3457 r
r1161737.fit  5.19  1.71 0.068    54.3 from  87 sources of uvex_3457 U
r1161738.fit  4.65  1.53 0.052    71.1 from 276 sources of uvex_3457 g
r1161739.fit  4.47  1.48 0.101   125.4 from 403 sources of uvex_3457o r
r1161740.fit  5.14  1.70 0.054    52.0 from  90 sources of uvex_3457o U
r1161741.fit  4.86  1.60 0.038    70.8 from 252 sources of uvex_3457o g
r1161742.fit  4.51  1.49 0.058   110.0 from 532 sources of uvex_3458 r
r1161743.fit  4.75  1.57 0.061    36.7 from 125 sources of uvex_3458 U
r1161744.fit  5.40  1.78 0.052    53.1 from 287 sources of uvex_3458 g
r1161745.fit  3.70  1.22 0.066    89.5 from 734 sources of uvex_3458o r
r1161746.fit  4.98  1.64 0.060    38.7 from  92 sources of uvex_3458o U
r1161747.fit  5.22  1.72 0.034    54.3 from 294 sources of uvex_3458o g
r1161748.fit  3.99  1.32 0.042    80.4 from 489 sources of uvex_3459 r
r1161749.fit  4.96  1.64 0.093    37.2 from  86 sources of uvex_3459 U
r1161750.fit  4.49  1.48 0.065    54.8 from 247 sources of uvex_3459 g
r1161751.fit  4.95  1.63 0.064   101.4 from 360 sources of uvex_3459o r
r1161752.fit  4.11  1.36 0.085    39.0 from 106 sources of uvex_3459o U
r1161753.fit  3.93  1.30 0.094    52.9 from 336 sources of uvex_3459o g
r1161754.fit  3.92  1.29 0.070    97.2 from 700 sources of uvex_3460 r
r1161755.fit  4.22  1.39 0.109    39.4 from 162 sources of uvex_3460 U
r1161756.fit  4.03  1.33 0.125    52.2 from 429 sources of uvex_3460 g
r1161757.fit  3.92  1.29 0.090    94.8 from 678 sources of uvex_3460o r
r1161758.fit  5.51  1.82 0.092    40.3 from 111 sources of uvex_3460o U
r1161759.fit  4.79  1.58 0.056    56.2 from 362 sources of uvex_3460o g
r1161760.fit  5.46  1.80 0.057   102.5 from 429 sources of uvex_3462 r
r1161761.fit  4.30  1.42 0.100    41.6 from 160 sources of uvex_3462 U
r1161762.fit  4.36  1.44 0.076    52.1 from 461 sources of uvex_3462 g
r1161763.fit  4.21  1.39 0.057   104.8 from 678 sources of uvex_3462o r
r1161764.fit  4.55  1.50 0.080    40.8 from 114 sources of uvex_3462o U
r1161765.fit  4.61  1.52 0.119    62.4 from 384 sources of uvex_3462o g
r1161766.fit  5.38  1.78 0.105    75.8 from 470 sources of uvex_3464 r
r1161767.fit  5.68  1.87 0.054    44.7 from 126 sources of uvex_3464 U
r1161768.fit  5.63  1.86 0.056    63.1 from 366 sources of uvex_3464 g
r1161769.fit  4.48  1.48 0.075    98.0 from 665 sources of uvex_3464o r
r1161770.fit  5.61  1.85 0.059    45.4 from 140 sources of uvex_3464o U
r1161771.fit  5.78  1.91 0.086    61.3 from 360 sources of uvex_3464o g
r1161772.fit  4.00  1.32 0.104    99.2 from 703 sources of uvex_3466 r
r1161773.fit  5.24  1.73 0.102    43.4 from 110 sources of uvex_3466 U
r1161774.fit  3.92  1.29 0.079    62.6 from 568 sources of uvex_3466 g
r1161775.fit  4.28  1.41 0.065    82.9 from 617 sources of uvex_3466o r
r1161776.fit  4.22  1.39 0.082    46.5 from 154 sources of uvex_3466o U
r1161777.fit  3.55  1.17 0.093    46.3 from 636 sources of uvex_3466o g
r1161778.fit  3.68  1.21 0.106    92.2 from 719 sources of uvex_3467 r
r1161779.fit  4.91  1.62 0.071    46.4 from 130 sources of uvex_3467 U
r1161780.fit  4.39  1.45 0.108    51.1 from 405 sources of uvex_3467 g
r1161781.fit  3.50  1.16 0.100   104.9 from 747 sources of uvex_3467o r
r1161782.fit  4.79  1.58 0.099    46.9 from 139 sources of uvex_3467o U
r1161783.fit  6.40  2.11 0.036    63.4 from 257 sources of uvex_3467o g
r1161784.fit  4.80  1.58 0.078    92.6 from 472 sources of uvex_3469 r
r1161785.fit  5.61  1.85 0.082    43.2 from  93 sources of uvex_3469 U
r1161786.fit  5.03  1.66 0.038    53.5 from 317 sources of uvex_3469 g
r1161787.fit  4.74  1.56 0.046   112.6 from 519 sources of uvex_3469o r
r1161788.fit  5.90  1.95 0.073    50.1 from  77 sources of uvex_3469o U
r1161789.fit  4.10  1.35 0.049    53.5 from 486 sources of uvex_3469o g
r1161790.fit  4.39  1.45 0.070   112.6 from 512 sources of uvex_3470 r
r1161791.fit  4.64  1.53 0.079    54.3 from 114 sources of uvex_3470 U
r1161792.fit  5.57  1.84 0.056    65.1 from 260 sources of uvex_3470 g
r1161793.fit  4.67  1.54 0.073   112.5 from 429 sources of uvex_3470o r
r1161794.fit  4.75  1.57 0.061    52.9 from 104 sources of uvex_3470o U
r1161795.fit  4.76  1.57 0.093    62.3 from 311 sources of uvex_3470o g
r1161796.fit  3.69  1.22 0.073   102.1 from 683 sources of uvex_3471 r
r1161797.fit  4.64  1.53 0.104    43.5 from 116 sources of uvex_3471 U
r1161798.fit  3.58  1.18 0.073    58.6 from 544 sources of uvex_3471 g
r1161799.fit  3.62  1.19 0.080    98.1 from 688 sources of uvex_3471o r
r1161800.fit  4.67  1.54 0.130    49.3 from  93 sources of uvex_3471o U
r1161801.fit  3.75  1.24 0.061    52.1 from 489 sources of uvex_3471o g
r1161802.fit  4.07  1.34 0.132   123.5 from 324 sources of uvex_3473 r
r1161803.fit  4.43  1.46 0.110    52.7 from 112 sources of uvex_3473 U
r1161804.fit  3.42  1.13 0.052    66.4 from 534 sources of uvex_3473 g
r1161805.fit  3.76  1.24 0.058    91.3 from 740 sources of uvex_3473o r
r1161806.fit  3.74  1.23 0.066    51.5 from 156 sources of uvex_3473o U
r1161807.fit  4.32  1.43 0.052    67.0 from 396 sources of uvex_3473o g
r1161808.fit  3.92  1.29 0.082   111.6 from 503 sources of uvex_3474 r
r1161809.fit  4.25  1.40 0.047    53.9 from 111 sources of uvex_3474 U
r1161810.fit  4.06  1.34 0.084    70.5 from 293 sources of uvex_3474 g
r1161811.fit  3.58  1.18 0.041   115.2 from 561 sources of uvex_3474o r
r1161812.fit  4.14  1.37 0.044    51.2 from 110 sources of uvex_3474o U
r1161813.fit  3.83  1.26 0.047    63.7 from 330 sources of uvex_3474o g
r1161814.fit  3.59  1.18 0.067   101.2 from 706 sources of uvex_3475 r
r1161815.fit  4.22  1.39 0.048    56.1 from 143 sources of uvex_3475 U
r1161816.fit  3.84  1.27 0.032   112.3 from 468 sources of uvex_3475 g
r1161817.fit  3.71  1.22 0.036   139.5 from 630 sources of uvex_3475o r
r1161818.fit  4.58  1.51 0.044   101.2 from 112 sources of uvex_3475o U
r1161819.fit  4.04  1.33 0.026   111.0 from 396 sources of uvex_3475o g
r1161820.fit  3.92  1.29 0.101   154.8 from 698 sources of uvex_3476 r
r1161821.fit  5.36  1.77 0.026    91.2 from 118 sources of uvex_3476 U
r1161822.fit  4.95  1.63 0.064   110.5 from 351 sources of uvex_3476 g
r1161823.fit  3.84  1.27 0.053   155.6 from 679 sources of uvex_3476o r
r1161824.fit  4.43  1.46 0.066    98.7 from 146 sources of uvex_3476o U
r1161825.fit  4.04  1.33 0.107    98.7 from 402 sources of uvex_3476o g
r1161826.fit  3.58  1.18 0.104   156.8 from 830 sources of uvex_3478 r
r1161827.fit  4.31  1.42 0.073    94.5 from 189 sources of uvex_3478 U
r1161828.fit  3.74  1.23 0.051   110.0 from 618 sources of uvex_3478 g
r1161829.fit  3.62  1.19 0.079   146.0 from 837 sources of uvex_3478o r
r1161830.fit  4.34  1.43 0.038    93.4 from 194 sources of uvex_3478o U
r1161831.fit  3.74  1.23 0.037   104.4 from 603 sources of uvex_3478o g
r1161832.fit  3.65  1.20 0.098   146.2 from 802 sources of uvex_3479 r
r1161833.fit  4.63  1.53 0.043    96.2 from 135 sources of uvex_3479 U
r1161834.fit  3.96  1.31 0.041   113.1 from 545 sources of uvex_3479 g
r1161835.fit  3.55  1.17 0.054   143.6 from 808 sources of uvex_3479o r
r1161836.fit  4.92  1.62 0.039    98.5 from 140 sources of uvex_3479o U
r1161837.fit  4.42  1.46 0.060   100.0 from 461 sources of uvex_3479o g
r1161838.fit  4.18  1.38 0.049   143.3 from 645 sources of uvex_3480 r
r1161839.fit  5.08  1.68 0.035    99.1 from 137 sources of uvex_3480 U
r1161840.fit  4.75  1.57 0.041   101.4 from 423 sources of uvex_3480 g
r1161841.fit  4.55  1.50 0.038   155.5 from 592 sources of uvex_3480o r
r1161842.fit  5.21  1.72 0.025    94.1 from 133 sources of uvex_3480o U
r1161843.fit  4.26  1.41 0.053   107.3 from 499 sources of uvex_3480o g
r1161844.fit  4.30  1.42 0.047   155.6 from 359 sources of uvex_3482 r
r1161845.fit  5.02  1.66 0.021    93.8 from 100 sources of uvex_3482 U
r1161846.fit  4.25  1.40 0.038   105.4 from 249 sources of uvex_3482 g
r1161847.fit  4.12  1.36 0.047   154.7 from 408 sources of uvex_3482o r
r1161848.fit  5.31  1.75 0.026    99.4 from  81 sources of uvex_3482o U
r1161849.fit  4.57  1.51 0.038   107.7 from 253 sources of uvex_3482o g
r1161850.fit  3.32  1.10 0.043   159.0 from 842 sources of uvex_3483 r
r1161851.fit  4.57  1.51 0.044    99.2 from 127 sources of uvex_3483 U
r1161852.fit  4.57  1.51 0.049   115.1 from 403 sources of uvex_3483 g
r1161853.fit  3.95  1.30 0.060    84.1 from 616 sources of uvex_3483o r
r1161854.fit  4.89  1.61 0.053    98.6 from 134 sources of uvex_3483o U
r1161855.fit  4.72  1.56 0.066   113.5 from 384 sources of uvex_3483o g
r1161856.fit  3.89  1.28 0.037   158.2 from 642 sources of uvex_3484 r
r1161857.fit  5.36  1.77 0.044    99.2 from 107 sources of uvex_3484 U
r1161858.fit  3.93  1.30 0.046   108.7 from 501 sources of uvex_3484 g
r1161859.fit  3.67  1.21 0.055   158.5 from 742 sources of uvex_3484o r
r1161860.fit  5.08  1.68 0.034    95.3 from 119 sources of uvex_3484o U
r1161861.fit  4.03  1.33 0.035   112.3 from 493 sources of uvex_3484o g
r1161862.fit  4.79  1.58 0.061   150.4 from 423 sources of uvex_3485 r
r1161863.fit  5.58  1.84 0.048    99.1 from  80 sources of uvex_3485 U
r1161864.fit  4.06  1.34 0.034   114.8 from 406 sources of uvex_3485 g
r1161865.fit  4.31  1.42 0.076   124.7 from 501 sources of uvex_3485o r
r1161866.fit  5.04  1.66 0.043    95.7 from  87 sources of uvex_3485o U
r1161867.fit  5.03  1.66 0.054   120.8 from 315 sources of uvex_3485o g
r1161868.fit  4.20  1.39 0.039   162.5 from 448 sources of uvex_3488 r
r1161869.fit  5.71  1.88 0.050    97.4 from  67 sources of uvex_3488 U
r1161870.fit  4.51  1.49 0.048   110.4 from 274 sources of uvex_3488 g
r1161871.fit  4.02  1.33 0.045   163.5 from 491 sources of uvex_3488o r
r1161872.fit  5.82  1.92 0.053    99.3 from  74 sources of uvex_3488o U
r1161873.fit  4.84  1.60 0.033   109.7 from 289 sources of uvex_3488o g
r1161874.fit  5.52  1.82 0.079   162.5 from 362 sources of uvex_3489 r
r1161875.fit  6.04  1.99 0.052    94.0 from  85 sources of uvex_3489 U
r1161876.fit  5.00  1.65 0.049   110.0 from 323 sources of uvex_3489 g
r1161877.fit  4.40  1.45 0.046   152.4 from 482 sources of uvex_3489o r
r1161878.fit  5.49  1.81 0.050    96.0 from  87 sources of uvex_3489o U
r1161879.fit  6.13  2.02 0.084   107.7 from 219 sources of uvex_3489o g
r1161880.fit  4.94  1.63 0.071   154.9 from 442 sources of uvex_3490 r
r1161881.fit  5.00  1.65 0.046    92.6 from 103 sources of uvex_3490 U
r1161882.fit  4.61  1.52 0.063   108.6 from 373 sources of uvex_3490 g
r1161883.fit  4.88  1.61 0.045   144.3 from 449 sources of uvex_3490o r
r1161884.fit  5.80  1.91 0.078    92.4 from  81 sources of uvex_3490o U
r1161885.fit  5.47  1.81 0.050   104.1 from 288 sources of uvex_3490o g
r1161886.fit  4.11  1.36 0.048   151.8 from 490 sources of uvex_3496 r
r1161887.fit  5.18  1.71 0.036    90.8 from  90 sources of uvex_3496 U
r1161888.fit  5.01  1.65 0.072    97.5 from 268 sources of uvex_3496 g
r1161889.fit  4.65  1.53 0.048   153.2 from 422 sources of uvex_3496o r
r1161890.fit  5.84  1.93 0.037    91.1 from  76 sources of uvex_3496o U
r1161891.fit  5.90  1.95 0.041   105.3 from 218 sources of uvex_3496o g
r1161892.fit  4.24  1.40 0.044   146.2 from 598 sources of uvex_3497 r
r1161893.fit  5.82  1.92 0.043    95.4 from  98 sources of uvex_3497 U
r1161894.fit  5.31  1.75 0.038   106.1 from 343 sources of uvex_3497 g
r1161895.fit  4.69  1.55 0.074   163.5 from 523 sources of uvex_3497o r
r1161896.fit  5.86  1.93 0.095    94.8 from 102 sources of uvex_3497o U
r1161897.fit  4.22  1.39 0.036   111.6 from 490 sources of uvex_3497o g
r1161898.fit  4.33  1.43 0.063   154.5 from 528 sources of uvex_3498 r
r1161899.fit  5.57  1.84 0.091    94.4 from  79 sources of uvex_3498 U
r1161900.fit  4.98  1.64 0.052   104.4 from 331 sources of uvex_3498 g
r1161901.fit  5.72  1.89 0.034   167.6 from 352 sources of uvex_3498o r
r1161902.fit  6.65  2.19 0.048   101.4 from  54 sources of uvex_3498o U
r1161903.fit  6.14  2.03 0.074   126.0 from 248 sources of uvex_3498o g
r1161904.fit  5.37  1.77 0.053   183.2 from 371 sources of uvex_3499 r
r1161905.fit  5.59  1.84 0.078   114.9 from  83 sources of uvex_3499 U
r1161906.fit  4.79  1.58 0.039   143.7 from 338 sources of uvex_3499 g
r1161907.fit  4.61  1.52 0.090   195.5 from 443 sources of uvex_3499o r
r1161908.fit  5.77  1.90 0.082   134.7 from  86 sources of uvex_3499o U
r1161909.fit  5.96  1.97 0.041   184.7 from 236 sources of uvex_3499o g
r1161910.fit  5.66  1.87 0.040   228.2 from 319 sources of uvex_3500 r
r1161911.fit  7.09  2.34 0.070   177.4 from  53 sources of uvex_3500 U
r1161912.fit  7.37  2.43 0.030   259.8 from 160 sources of uvex_3500 g
r1161913.fit  7.25  2.39 0.088   323.3 from 209 sources of uvex_3500o r
r1161914.fit  7.42  2.45 0.069   290.2 from  52 sources of uvex_3500o U
r1161915.fit  7.04  2.32 0.076   560.6 from 180 sources of uvex_3500o g
r1161916.fit  6.06  2.00 0.100   529.0 from 285 sources of uvex_3502 r
r1161917.fit  7.68  2.53 0.072   619.5 from  41 sources of uvex_3502 U
r1161918.fit  7.27  2.40 0.040  1282.7 from 158 sources of uvex_3502 g
r1161919.fit  6.71  2.21 0.040  1565.7 from 269 sources of uvex_3502o r
r1161920.fit  7.05  2.33 0.080  1282.8 from  54 sources of uvex_3502o U
r1161921.fit  5.46  1.80 0.075  3509.8 from 279 sources of uvex_3502o g
