r1173636.fit is not a target (BIAS)
r1173637.fit is not a target (BIAS)
r1173638.fit is not a target (BIAS)
r1173639.fit is not a target (BIAS)
r1173640.fit is not a target (BIAS)
r1173641.fit is not a target (BIAS)
r1173642.fit is not a target (BIAS)
r1173643.fit is not a target (BIAS)
r1173644.fit is not a target (BIAS)
r1173645.fit is not a target (BIAS)
r1173646.fit is not a target (FLAT)
r1173647.fit is not a target (FLAT)
r1173648.fit is not a target (FLAT)
r1173649.fit is not a target (FLAT)
r1173650.fit is not a target (FLAT)
r1173651.fit is not a target (FLAT)
r1173652.fit is not a target (FLAT)
r1173653.fit is not a target (FLAT)
r1173654.fit is not a target (FLAT)
r1173655.fit is not a target (FLAT)
r1173656.fit is not a target (FLAT)
r1173657.fit is not a target (FLAT)
r1173658.fit is not a target (FLAT)
r1173659.fit is not a target (FLAT)
r1173660.fit is not a target (FLAT)
r1173661.fit is not a target (FLAT)
r1173662.fit is not a target (FLAT)
r1173663.fit is not a target (FLAT)
r1173664.fit is not a target (FLAT)
r1173665.fit is not a target (FLAT)
r1173666.fit is not a target (FOCUS)
r1173667.fit  5.45  1.80 0.026  1403.7 from 273 sources of 20080N_U
r1173668.fit  5.42  1.79 0.056  1092.0 from 281 sources of 20080N_U
r1173669.fit  5.61  1.85 0.059   876.8 from 278 sources of 20080N_U
r1173670.fit  5.42  1.79 0.061   507.7 from 285 sources of 20080N_U
r1173671.fit  5.21  1.72 0.056   628.5 from 285 sources of 20080N_U
r1173672.fit  5.19  1.71 0.091   382.3 from 295 sources of 20080N_U
r1173673.fit  5.73  1.89 0.107   521.2 from 273 sources of 20080N_U
r1173674.fit  5.17  1.71 0.070   481.2 from 297 sources of 20080N_U
r1173675.fit  5.66  1.87 0.089   428.8 from 321 sources of 2008ON_B
r1173676.fit  5.01  1.65 0.062   420.4 from 352 sources of 2008ON_B
r1173677.fit  5.39  1.78 0.128   416.3 from 263 sources of 2008ON_B
r1173678.fit  5.48  1.81 0.108   415.3 from 317 sources of 2008ON_B
r1173679.fit  5.70  1.88 0.107   415.8 from 312 sources of 2008ON_B
r1173680.fit  5.85  1.93 0.092   417.0 from 310 sources of 2008ON_B
r1173681.fit  5.55  1.83 0.085   414.8 from 323 sources of 2008ON_B
r1173682.fit  5.64  1.86 0.118   415.9 from 306 sources of 2008ON_B
r1173683.fit  5.35  1.77 0.034    82.5 from  13 sources of ST_L92 Ha
r1173684.fit  6.12  2.02 0.062   142.0 from  26 sources of ST_L92 r
r1173685.fit  4.99  1.65 0.038    96.3 from  14 sources of ST_L92 i
r1173686.fit  6.22  2.05 0.041    88.8 from  10 sources of ST_L92 U
r1173687.fit  7.07  2.33 0.047    85.6 from  15 sources of ST_L92 g
r1173688.fit  4.00  1.32 0.064    87.7 from 211 sources of intphas_1425o Ha
r1173689.fit  4.25  1.40 0.064   182.7 from 436 sources of intphas_1425o r
r1173690.fit  3.77  1.24 0.081   171.0 from 431 sources of intphas_1425o i
r1173691.fit  4.30  1.42 0.089    92.5 from 155 sources of intphas_1445 Ha
r1173692.fit  4.10  1.35 0.062   175.2 from 319 sources of intphas_1445 r
r1173693.fit  4.17  1.38 0.078   152.7 from 245 sources of intphas_1445 i
r1173694.fit  4.03  1.33 0.117   137.6 from 290 sources of uvex_1855 r
r1173695.fit  4.94  1.63 0.103    76.3 from  57 sources of uvex_1855 U
r1173696.fit  4.41  1.46 0.108    81.0 from 246 sources of uvex_1855 g
r1173697.fit  4.20  1.39 0.088   139.5 from 450 sources of uvex_1855o r
r1173698.fit  4.65  1.53 0.095    75.8 from  57 sources of uvex_1855o U
r1173699.fit  4.24  1.40 0.090    92.2 from 283 sources of uvex_1855o g
r1173700.fit  4.41  1.46 0.109   343.1 from 185 sources of 2012US68
r1173701.fit  4.34  1.43 0.123   345.0 from 153 sources of 2012US68
r1173702.fit  4.04  1.33 0.111   347.9 from 181 sources of 2012US68
r1173703.fit  4.43  1.46 0.119   346.1 from 169 sources of 2012US68
r1173704.fit  4.46  1.47 0.122   322.6 from 168 sources of 2012US68
r1173705.fit  3.76  1.24 0.096   363.1 from 127 sources of 2012US68
r1173706.fit  4.03  1.33 0.111   365.7 from 229 sources of 2012US68
r1173707.fit  3.98  1.31 0.093   347.1 from 235 sources of 2012US68
r1173708.fit  7.12  2.35 0.026   373.5 from  87 sources of 2011LH
r1173709.fit  6.84  2.26 0.066   371.7 from  93 sources of 2011LH
r1173710.fit  6.71  2.21 0.081   371.7 from  94 sources of 2011LH
r1173711.fit  6.55  2.16 0.047   376.2 from  94 sources of 2011LH
r1173712.fit  6.64  2.19 0.051   381.2 from  92 sources of 2011LH
r1173713.fit  6.47  2.14 0.037   385.7 from  93 sources of 2011LH
r1173714.fit  6.50  2.15 0.045   384.5 from  92 sources of 2011LH
r1173715.fit  7.47  2.47 0.083   386.0 from  82 sources of 2011LH
r1173716.fit  7.23  2.39 0.125   406.0 from 129 sources of 2012TO139
r1173717.fit  6.74  2.22 0.064   404.0 from 149 sources of 2012TO139
r1173718.fit  6.50  2.15 0.087   410.4 from 156 sources of 2012TO139
r1173719.fit  6.31  2.08 0.115   403.3 from 147 sources of 2012TO139
r1173720.fit  5.98  1.97 0.048   387.6 from 166 sources of 2012TO139
r1173721.fit  6.58  2.17 0.043   336.1 from 150 sources of 2012TO139
r1173722.fit  6.93  2.29 0.083   402.6 from 144 sources of 2012TO139
r1173723.fit  6.56  2.16 0.071   340.1 from 154 sources of 2012TO139
r1173724.fit  5.25  1.73 0.094    66.4 from 149 sources of intphas_2764 Ha
r1173725.fit  5.21  1.72 0.118   171.2 from 351 sources of intphas_2764 r
r1173726.fit  4.61  1.52 0.094   159.0 from 301 sources of intphas_2764 i
r1173727.fit  4.88  1.61 0.103    65.6 from 163 sources of intphas_2764o Ha
r1173728.fit  4.90  1.62 0.117   172.2 from 309 sources of intphas_2764o r
r1173729.fit  4.34  1.43 0.092   147.9 from 351 sources of intphas_2764o i
r1173730.fit  4.86  1.60 0.088    60.1 from 203 sources of intphas_2765 Ha
r1173731.fit  4.96  1.64 0.081   159.2 from 532 sources of intphas_2765 r
r1173732.fit  4.31  1.42 0.090   138.7 from 417 sources of intphas_2765 i
r1173733.fit  4.72  1.56 0.091    64.2 from 219 sources of intphas_2765o Ha
r1173734.fit  4.66  1.54 0.122   164.4 from 415 sources of intphas_2765o r
r1173735.fit  4.04  1.33 0.096   156.6 from 364 sources of intphas_2765o i
r1173736.fit  4.32  1.43 0.112    68.1 from 176 sources of intphas_2777 Ha
r1173737.fit  3.86  1.27 0.113   160.0 from 458 sources of intphas_2777 r
r1173738.fit  3.88  1.28 0.116   154.6 from 323 sources of intphas_2777 i
r1173739.fit  4.70  1.55 0.071    70.6 from 156 sources of intphas_2778 Ha
r1173740.fit  4.23  1.40 0.091   163.3 from 446 sources of intphas_2778 r
r1173741.fit  4.48  1.48 0.064   137.6 from 309 sources of intphas_2778 i
r1173742.fit  4.54  1.50 0.131    63.4 from  68 sources of intphas_2783o Ha
r1173743.fit  4.34  1.43 0.101   156.9 from 427 sources of intphas_2783o r
r1173744.fit  4.55  1.50 0.082   150.2 from 278 sources of intphas_2783o i
r1173745.fit  5.46  1.80 0.086    69.1 from  95 sources of intphas_2789 Ha
r1173746.fit  4.60  1.52 0.088   168.4 from 303 sources of intphas_2789 r
r1173747.fit  4.60  1.52 0.062   145.5 from 248 sources of intphas_2789 i
r1173748.fit  5.04  1.66 0.041    69.8 from 110 sources of intphas_2789o Ha
r1173749.fit  5.07  1.67 0.052   162.3 from 261 sources of intphas_2789o r
r1173750.fit  4.92  1.62 0.101   156.3 from 198 sources of intphas_2789o i
r1173751.fit  4.91  1.62 0.070    68.0 from 134 sources of intphas_2791 Ha
r1173752.fit  5.82  1.92 0.061   162.5 from 240 sources of intphas_2791 r
r1173753.fit  4.45  1.47 0.039   148.6 from 271 sources of intphas_2791 i
r1173754.fit  5.15  1.70 0.090    66.3 from 125 sources of intphas_2791o Ha
r1173755.fit  5.61  1.85 0.089   168.6 from 273 sources of intphas_2791o r
r1173756.fit  4.14  1.37 0.089   140.0 from 295 sources of intphas_2791o i
r1173757.fit  4.74  1.56 0.061    67.6 from 221 sources of intphas_2792 Ha
r1173758.fit  4.63  1.53 0.074   146.1 from 585 sources of intphas_2792 r
r1173759.fit  4.39  1.45 0.088   126.6 from 400 sources of intphas_2792 i
r1173760.fit  5.02  1.66 0.085    67.8 from 223 sources of intphas_2792o Ha
r1173761.fit  5.07  1.67 0.088   151.5 from 517 sources of intphas_2792o r
r1173762.fit  4.66  1.54 0.096   127.3 from 380 sources of intphas_2792o i
r1173763.fit  4.27  1.41 0.029    81.0 from  20 sources of ST_L92 Ha
r1173764.fit  4.05  1.34 0.053   146.8 from  35 sources of ST_L92 r
r1173765.fit  3.38  1.12 0.034   102.0 from  25 sources of ST_L92 i
r1173766.fit  5.21  1.72 0.072    81.9 from  13 sources of ST_L92 U
r1173767.fit  4.34  1.43 0.043    82.9 from  21 sources of ST_L92 g
r1173768.fit  5.89  1.94 0.107   162.3 from 386 sources of uvex_3444 r
r1173769.fit  6.28  2.07 0.071    28.5 from  68 sources of uvex_3444 U
r1173770.fit  5.67  1.87 0.042    89.1 from 279 sources of uvex_3444 g
r1173771.fit  4.88  1.61 0.067   158.4 from 526 sources of uvex_3444o r
r1173772.fit  5.82  1.92 0.071    72.1 from  84 sources of uvex_3444o U
r1173773.fit  5.57  1.84 0.068    89.2 from 333 sources of uvex_3444o g
r1173774.fit  5.06  1.67 0.063   154.5 from 431 sources of uvex_3445 r
r1173775.fit  6.07  2.00 0.063    63.8 from  74 sources of uvex_3445 U
r1173776.fit  5.23  1.73 0.046    86.3 from 265 sources of uvex_3445 g
r1173777.fit  4.98  1.64 0.061   141.2 from 464 sources of uvex_3445o r
r1173778.fit  5.39  1.78 0.061    70.8 from 110 sources of uvex_3445o U
r1173779.fit  4.86  1.60 0.059    89.5 from 337 sources of uvex_3445o g
r1173780.fit  5.18  1.71 0.079   148.8 from 344 sources of uvex_3446 r
r1173781.fit  6.29  2.08 0.074    69.7 from  54 sources of uvex_3446 U
r1173782.fit  5.62  1.85 0.081    92.0 from 198 sources of uvex_3446 g
r1173783.fit  5.21  1.72 0.056   147.0 from 290 sources of uvex_3446o r
r1173784.fit  6.11  2.02 0.069    67.7 from  56 sources of uvex_3446o U
r1173785.fit  5.92  1.95 0.051    90.8 from 178 sources of uvex_3446o g
r1173786.fit  5.48  1.81 0.082   139.0 from 440 sources of uvex_3447 r
r1173787.fit  6.23  2.06 0.074    67.2 from  85 sources of uvex_3447 U
r1173788.fit  5.31  1.75 0.066    85.4 from 334 sources of uvex_3447 g
r1173789.fit  5.11  1.69 0.076   140.1 from 524 sources of uvex_3447o r
r1173790.fit  6.16  2.03 0.098    66.8 from  81 sources of uvex_3447o U
r1173791.fit  5.37  1.77 0.064    88.6 from 343 sources of uvex_3447o g
r1173792.fit  5.01  1.65 0.096   132.6 from 539 sources of uvex_3449 r
r1173793.fit  5.67  1.87 0.077    56.7 from 109 sources of uvex_3449 U
r1173794.fit  4.81  1.59 0.086    77.6 from 414 sources of uvex_3449 g
r1173795.fit  4.28  1.41 0.067   104.7 from 695 sources of uvex_3449o r
r1173796.fit  5.31  1.75 0.081    62.9 from 125 sources of uvex_3449o U
r1173797.fit  4.53  1.49 0.118    81.5 from 361 sources of uvex_3449o g
r1173798.fit  3.97  1.31 0.118   109.4 from 491 sources of uvex_3451 r
r1173799.fit  4.59  1.51 0.114    62.9 from 151 sources of uvex_3451 U
r1173800.fit  4.06  1.34 0.112    80.9 from 493 sources of uvex_3451 g
r1173801.fit  3.97  1.31 0.128   139.3 from 282 sources of uvex_3451o r
r1173802.fit  4.75  1.57 0.096    65.5 from 155 sources of uvex_3451o U
r1173803.fit  4.32  1.43 0.095    81.1 from 576 sources of uvex_3451o g
r1173804.fit  4.03  1.33 0.098   137.9 from 559 sources of uvex_3500 r
r1173805.fit  4.30  1.42 0.105    65.1 from  94 sources of uvex_3500 U
r1173806.fit  4.08  1.35 0.085    93.0 from 449 sources of uvex_3500 g
r1173807.fit  3.66  1.21 0.109   123.5 from 431 sources of uvex_3500o r
r1173808.fit  4.61  1.52 0.088    65.6 from 121 sources of uvex_3500o U
r1173809.fit  3.89  1.28 0.073    77.5 from 508 sources of uvex_3500o g
r1173810.fit  4.14  1.37 0.103   136.9 from 623 sources of uvex_3502 r
r1173811.fit  4.71  1.55 0.063    67.3 from 113 sources of uvex_3502 U
r1173812.fit  4.56  1.50 0.092    82.2 from 365 sources of uvex_3502 g
r1173813.fit  4.33  1.43 0.120   132.5 from 526 sources of uvex_3502o r
r1173814.fit  4.62  1.52 0.085    69.0 from 114 sources of uvex_3502o U
r1173815.fit  3.88  1.28 0.086    90.4 from 480 sources of uvex_3502o g
r1173816.fit  4.34  1.43 0.094   136.9 from 431 sources of uvex_3519 r
r1173817.fit  5.14  1.70 0.093    62.8 from  66 sources of uvex_3519 U
r1173818.fit  4.33  1.43 0.115    84.8 from 259 sources of uvex_3519 g
r1173819.fit  3.93  1.30 0.114   129.4 from 424 sources of uvex_3519o r
r1173820.fit  4.46  1.47 0.094    62.0 from  73 sources of uvex_3519o U
r1173821.fit  3.84  1.27 0.085    88.5 from 354 sources of uvex_3519o g
r1173822.fit  3.53  1.16 0.072   121.9 from 806 sources of uvex_3520 r
r1173823.fit  4.75  1.57 0.102    64.7 from  97 sources of uvex_3520 U
r1173824.fit  4.31  1.42 0.061    76.0 from 436 sources of uvex_3520 g
r1173825.fit  4.09  1.35 0.064   123.2 from 657 sources of uvex_3520o r
r1173826.fit  4.56  1.50 0.060    62.4 from 100 sources of uvex_3520o U
r1173827.fit  3.66  1.21 0.084    78.2 from 497 sources of uvex_3520o g
r1173828.fit  5.29  1.75 0.124   112.6 from 283 sources of uvex_3522 r
r1173829.fit  4.63  1.53 0.084    57.5 from 131 sources of uvex_3522 U
r1173830.fit  4.09  1.35 0.050    75.3 from 480 sources of uvex_3522 g
r1173831.fit  3.98  1.31 0.094   116.4 from 637 sources of uvex_3522o r
r1173832.fit  5.27  1.74 0.051    68.3 from 115 sources of uvex_3522o U
r1173833.fit  4.67  1.54 0.041    90.7 from 406 sources of uvex_3522o g
r1173834.fit  4.48  1.48 0.041   132.6 from 573 sources of uvex_3523 r
r1173835.fit  5.00  1.65 0.031    68.1 from 116 sources of uvex_3523 U
r1173836.fit  3.82  1.26 0.070    78.5 from 491 sources of uvex_3523 g
r1173837.fit  4.14  1.37 0.098   131.4 from 657 sources of uvex_3523o r
r1173838.fit  4.90  1.62 0.064    70.4 from 118 sources of uvex_3523o U
r1173839.fit  4.37  1.44 0.057    83.0 from 451 sources of uvex_3523o g
r1173840.fit  3.99  1.32 0.109   136.9 from 546 sources of uvex_3528 r
r1173841.fit  4.38  1.45 0.074    67.0 from 128 sources of uvex_3528 U
r1173842.fit  3.35  1.11 0.053    84.6 from 670 sources of uvex_3528 g
r1173843.fit  3.32  1.10 0.080   120.6 from 791 sources of uvex_3528o r
r1173844.fit  4.29  1.42 0.076    65.3 from 139 sources of uvex_3528o U
r1173845.fit  3.95  1.30 0.057    85.1 from 459 sources of uvex_3528o g
r1173846.fit  3.66  1.21 0.091   158.9 from 789 sources of uvex_3530 r
r1173847.fit  4.19  1.38 0.042    98.4 from 149 sources of uvex_3530 U
r1173848.fit  3.48  1.15 0.053   113.7 from 659 sources of uvex_3530 g
r1173849.fit  3.65  1.20 0.070   167.8 from 803 sources of uvex_3530o r
r1173850.fit  4.15  1.37 0.047    98.2 from 174 sources of uvex_3530o U
r1173851.fit  3.85  1.27 0.072   117.2 from 576 sources of uvex_3530o g
r1173852.fit  3.72  1.23 0.100   174.1 from 674 sources of uvex_3533 r
r1173853.fit  4.56  1.50 0.070   101.8 from 132 sources of uvex_3533 U
r1173854.fit  3.74  1.23 0.065   121.2 from 464 sources of uvex_3533 g
r1173855.fit  3.86  1.27 0.089   158.5 from 618 sources of uvex_3533o r
r1173856.fit  4.41  1.46 0.048    91.3 from 128 sources of uvex_3533o U
r1173857.fit  3.98  1.31 0.043   113.9 from 376 sources of uvex_3533o g
r1173858.fit  3.21  1.06 0.081   172.9 from 897 sources of uvex_3543 r
r1173859.fit  4.27  1.41 0.082    93.4 from 184 sources of uvex_3543 U
r1173860.fit  3.34  1.10 0.080   119.2 from 650 sources of uvex_3543 g
r1173861.fit  3.74  1.23 0.112   163.5 from 738 sources of uvex_3543o r
r1173862.fit  4.15  1.37 0.068    99.6 from 192 sources of uvex_3543o U
r1173863.fit  3.50  1.16 0.052   114.2 from 647 sources of uvex_3543o g
r1173864.fit  3.67  1.21 0.105   176.1 from 728 sources of uvex_3551 r
r1173865.fit  4.24  1.40 0.062    96.9 from 146 sources of uvex_3551 U
r1173866.fit  3.48  1.15 0.050   121.4 from 588 sources of uvex_3551 g
r1173867.fit  3.02  1.00 0.051   172.0 from 963 sources of uvex_3551o r
r1173868.fit  4.18  1.38 0.046    95.5 from 169 sources of uvex_3551o U
r1173869.fit  4.53  1.49 0.118   121.3 from 366 sources of uvex_3551o g
r1173870.fit  3.56  1.17 0.079   151.6 from 785 sources of uvex_3553 r
r1173871.fit  4.21  1.39 0.059    94.4 from 162 sources of uvex_3553 U
r1173872.fit  3.24  1.07 0.044   102.7 from 642 sources of uvex_3553 g
r1173873.fit  3.52  1.16 0.094   171.6 from 748 sources of uvex_3553o r
r1173874.fit  4.22  1.39 0.056   102.4 from 179 sources of uvex_3553o U
r1173875.fit  3.47  1.15 0.042   112.6 from 566 sources of uvex_3553o g
r1173876.fit  3.32  1.10 0.084   157.3 from 927 sources of uvex_3571 r
r1173877.fit  4.42  1.46 0.056    92.8 from 167 sources of uvex_3571 U
r1173878.fit  9.26  3.06 0.060   124.8 from 137 sources of uvex_3571 g
r1173879.fit  3.45  1.14 0.071   171.2 from 861 sources of uvex_3571o r
r1173880.fit  4.19  1.38 0.073    99.3 from 181 sources of uvex_3571o U
r1173881.fit  3.53  1.16 0.034    75.7 from 606 sources of uvex_3571o g
r1173882.fit  3.21  1.06 0.102   163.6 from 833 sources of uvex_3572 r
r1173883.fit  4.21  1.39 0.102   102.0 from 149 sources of uvex_3572 U
r1173884.fit  3.46  1.14 0.076   116.2 from 557 sources of uvex_3572 g
r1173885.fit  3.26  1.08 0.064   174.1 from 842 sources of uvex_3572o r
r1173886.fit  4.42  1.46 0.062    97.3 from 151 sources of uvex_3572o U
r1173887.fit  3.25  1.07 0.053   118.8 from 657 sources of uvex_3572o g
r1173888.fit  4.43  1.46 0.078   176.2 from 216 sources of uvex_3577 r
r1173889.fit  4.24  1.40 0.035   101.3 from  40 sources of uvex_3577 U
r1173890.fit  3.44  1.14 0.054   113.7 from 168 sources of uvex_3577 g
r1173891.fit  3.38  1.12 0.063   177.5 from 319 sources of uvex_3577o r
r1173892.fit  4.40  1.45 0.059   100.5 from  49 sources of uvex_3577o U
r1173893.fit  3.70  1.22 0.083   121.7 from 139 sources of uvex_3577o g
r1173894.fit  3.23  1.07 0.096   176.6 from 952 sources of uvex_3571 r
r1173895.fit  4.51  1.49 0.069   100.3 from 152 sources of uvex_3571 U
r1173896.fit  3.56  1.17 0.067   125.1 from 653 sources of uvex_3571 g
r1173897.fit  3.97  1.31 0.128   181.3 from 450 sources of uvex_3585 r
r1173898.fit  4.40  1.45 0.062   101.3 from 119 sources of uvex_3585 U
r1173899.fit  3.83  1.26 0.056    90.7 from 477 sources of uvex_3585 g
r1173900.fit  3.29  1.09 0.060   169.2 from 827 sources of uvex_3585o r
r1173901.fit  4.37  1.44 0.058    96.9 from 122 sources of uvex_3585o U
r1173902.fit  4.17  1.38 0.050   125.5 from 432 sources of uvex_3585o g
r1173903.fit  4.14  1.37 0.072    95.8 from 224 sources of intphas_2821 Ha
r1173904.fit  4.25  1.40 0.069   181.0 from 571 sources of intphas_2821 r
r1173905.fit  3.35  1.11 0.049   191.4 from 546 sources of intphas_2821 i
r1173906.fit  3.61  1.19 0.037    91.7 from 258 sources of intphas_2821o Ha
r1173907.fit  3.15  1.04 0.032   180.8 from 762 sources of intphas_2821o r
r1173908.fit  2.74  0.90 0.030   170.6 from 643 sources of intphas_2821o i
r1173909.fit  3.54  1.17 0.027    92.0 from 221 sources of intphas_2823 Ha
r1173910.fit  3.31  1.09 0.056   188.7 from 561 sources of intphas_2823 r
r1173911.fit  2.60  0.86 0.043   190.2 from 576 sources of intphas_2823 i
r1173912.fit  4.52  1.49 0.133    92.5 from  67 sources of intphas_2823o Ha
r1173913.fit  3.39  1.12 0.105   172.8 from 502 sources of intphas_2823o r
r1173914.fit  2.78  0.92 0.050   181.8 from 527 sources of intphas_2823o i
r1173915.fit  4.56  1.50 0.129    98.5 from  91 sources of intphas_2824 Ha
r1173916.fit  3.46  1.14 0.064   165.6 from 668 sources of intphas_2824 r
r1173917.fit  2.99  0.99 0.053   174.8 from 602 sources of intphas_2824 i
r1173918.fit  3.29  1.09 0.082    89.5 from 693 sources of intphas_2849o Ha
r1173919.fit  3.22  1.06 0.058   183.3 from 1335 sources of intphas_2849o r
r1173920.fit  2.96  0.98 0.057   163.6 from 1129 sources of intphas_2849o i
r1173921.fit  3.75  1.24 0.063    92.5 from 239 sources of intphas_2852 Ha
r1173922.fit  3.36  1.11 0.034   164.6 from 619 sources of intphas_2852 r
r1173923.fit  2.98  0.98 0.051   194.5 from 556 sources of intphas_2852 i
r1173924.fit  3.62  1.19 0.078    92.9 from 260 sources of intphas_2852o Ha
r1173925.fit  3.32  1.10 0.046   192.3 from 644 sources of intphas_2852o r
r1173926.fit  3.22  1.06 0.062   184.6 from 503 sources of intphas_2852o i
r1173927.fit  3.78  1.25 0.081   104.6 from 205 sources of intphas_2853 Ha
r1173928.fit  3.23  1.07 0.069   204.2 from 530 sources of intphas_2853 r
r1173929.fit  2.98  0.98 0.048   205.5 from 465 sources of intphas_2853 i
r1173930.fit  3.82  1.26 0.122    96.3 from 183 sources of intphas_2853o Ha
r1173931.fit  2.78  0.92 0.040   179.6 from 680 sources of intphas_2853o r
r1173932.fit  2.80  0.92 0.047   192.9 from 584 sources of intphas_2853o i
r1173933.fit  3.19  1.05 0.057    97.5 from 253 sources of intphas_2854 Ha
r1173934.fit  3.18  1.05 0.081   207.6 from 514 sources of intphas_2854 r
r1173935.fit  3.08  1.02 0.077   194.0 from 469 sources of intphas_2854 i
r1173936.fit  3.67  1.21 0.094   105.1 from 214 sources of intphas_2854o Ha
r1173937.fit  2.89  0.95 0.055   210.4 from 595 sources of intphas_2854o r
r1173938.fit  2.32  0.77 0.043   211.2 from 619 sources of intphas_2854o i
r1173939.fit  4.09  1.35 0.110    97.0 from 311 sources of intphas_2855 Ha
r1173940.fit  3.15  1.04 0.047   200.8 from 990 sources of intphas_2855 r
r1173941.fit  2.58  0.85 0.039   185.9 from 890 sources of intphas_2855 i
r1173942.fit  3.55  1.17 0.094   103.2 from 365 sources of intphas_2855o Ha
r1173943.fit  2.89  0.95 0.062   210.7 from 1084 sources of intphas_2855o r
r1173944.fit  2.59  0.85 0.053   188.5 from 885 sources of intphas_2855o i
r1173945.fit  3.15  1.04 0.086   109.0 from 300 sources of intphas_2856 Ha
r1173946.fit  2.83  0.93 0.066   168.6 from 793 sources of intphas_2856 r
r1173947.fit  2.52  0.83 0.049   155.7 from 677 sources of intphas_2856 i
r1173948.fit  3.96  1.31 0.129    96.0 from 207 sources of intphas_2856o Ha
r1173949.fit  3.18  1.05 0.045   215.3 from 695 sources of intphas_2856o r
r1173950.fit  2.74  0.90 0.078   214.7 from 650 sources of intphas_2856o i
r1173951.fit  3.57  1.18 0.084   109.0 from 301 sources of intphas_2858 Ha
r1173952.fit  3.07  1.01 0.052   219.6 from 888 sources of intphas_2858 r
r1173953.fit  2.42  0.80 0.040   204.4 from 799 sources of intphas_2858 i
r1173954.fit  3.64  1.20 0.069   121.9 from 179 sources of intphas_2858o Ha
r1173955.fit  3.40  1.12 0.037   240.1 from 508 sources of intphas_2858o r
r1173956.fit  2.44  0.81 0.037   221.4 from 524 sources of intphas_2858o i
r1173957.fit  4.86  1.60 0.129   120.8 from  51 sources of intphas_2860 Ha
r1173958.fit  3.06  1.01 0.055   238.8 from 549 sources of intphas_2860 r
r1173959.fit  2.87  0.95 0.036   207.1 from 370 sources of intphas_2860 i
r1173960.fit  3.96  1.31 0.082   115.0 from 135 sources of intphas_2860o Ha
r1173961.fit  3.78  1.25 0.079   309.5 from 101 sources of intphas_2860o r
r1173962.fit  3.36  1.11 0.052   244.7 from 118 sources of intphas_2860o i
r1173963.fit  3.73  1.23 0.060   126.3 from 140 sources of intphas_3145 Ha
r1173964.fit  3.54  1.17 0.042   292.0 from 272 sources of intphas_3145 r
r1173965.fit  3.23  1.07 0.044   257.3 from 283 sources of intphas_3145 i
r1173966.fit  4.07  1.34 0.068   128.8 from 150 sources of intphas_3161 Ha
r1173967.fit  3.49  1.15 0.040   257.9 from 466 sources of intphas_3161 r
r1173968.fit  3.12  1.03 0.037   222.6 from 405 sources of intphas_3161 i
r1173969.fit  3.99  1.32 0.069    66.3 from 229 sources of intphas_3161o Ha
r1173970.fit  3.46  1.14 0.076   191.9 from 738 sources of intphas_3161o r
r1173971.fit  2.96  0.98 0.063   198.0 from 673 sources of intphas_3161o i
r1173972.fit  4.06  1.34 0.081   112.3 from 301 sources of intphas_3164 Ha
r1173973.fit  3.51  1.16 0.060   216.0 from 781 sources of intphas_3164 r
r1173974.fit  3.51  1.16 0.040   221.3 from 536 sources of intphas_3164 i
r1173975.fit  4.76  1.57 0.125   127.7 from 112 sources of intphas_3164o Ha
r1173976.fit  3.96  1.31 0.037   294.7 from 231 sources of intphas_3164o r
r1173977.fit  3.55  1.17 0.034   305.5 from  68 sources of intphas_3164o i
r1173978.fit  4.26  1.41 0.101   146.2 from  11 sources of intphas_3167 Ha
r1173979.fit  3.44  1.14 0.031   336.2 from  31 sources of intphas_3167 r
r1173980.fit  3.58  1.18 0.037   302.0 from  24 sources of intphas_3167 i
r1173981.fit  4.25  1.40 0.058   146.7 from  12 sources of intphas_3167o Ha
r1173982.fit  4.10  1.35 0.038   336.3 from  51 sources of intphas_3167o r
r1173983.fit  3.38  1.12 0.048   243.4 from 189 sources of intphas_3167o i
r1173984.fit  4.43  1.46 0.066   104.0 from  36 sources of ST_L101 Ha
r1173985.fit  3.85  1.27 0.086   207.3 from  72 sources of ST_L101 r
r1173986.fit  3.83  1.26 0.045   123.1 from  34 sources of ST_L101 i
r1173987.fit  4.62  1.52 0.043   133.4 from  21 sources of ST_L101 U
r1173988.fit  4.10  1.35 0.047   143.8 from  37 sources of ST_L101 g
r1173989.fit  4.65  1.53 0.088   133.5 from  19 sources of ST_Pal4 U
r1173990.fit  3.81  1.26 0.093   133.9 from  33 sources of ST_Pal4 g
r1173991.fit  3.53  1.16 0.059   124.9 from  27 sources of ST_Pal4 Ha
r1173992.fit  3.74  1.23 0.092   340.0 from  27 sources of ST_Pal4 r
r1173993.fit  3.30  1.09 0.098   203.3 from   6 sources of ST_Pal4 i
r1173994.fit  2.19  0.72 0.104   455.0 from   1 sources of WD1145+017
r1173995.fit  2.17  0.72 0.084   496.4 from   1 sources of WD1145+017
r1173996.fit no objects found
r1173997.fit no objects found
r1173998.fit  2.15  0.71 0.026   483.2 from   1 sources of WD1145+017
r1174000.fit no objects found
r1174001.fit no objects found
r1174002.fit  2.00  0.66 0.036   660.0 from   1 sources of WD1145+017
r1174003.fit  2.06  0.68 0.046   642.6 from   1 sources of WD1145+017
r1174004.fit  2.01  0.66 0.054   771.0 from   1 sources of WD1145+017
r1174005.fit no objects found
r1174006.fit no objects found
r1174007.fit  2.39  0.79 0.049   347.9 from   1 sources of WD1145+017
r1174008.fit  2.10  0.69 0.073   498.8 from   1 sources of WD1145+017
r1174009.fit no objects found
r1174010.fit no objects found
r1174011.fit no objects found
r1174012.fit  2.16  0.71 0.033   714.9 from   1 sources of WD1145+017
r1174013.fit  2.17  0.72 0.071   782.4 from   1 sources of WD1145+017
r1174014.fit no objects found
r1174015.fit no objects found
r1174016.fit no objects found
r1174017.fit no objects found
r1174018.fit  2.14  0.71 0.047   551.2 from   1 sources of WD1145+017
r1174019.fit no objects found
r1174020.fit no objects found
r1174021.fit no objects found
r1174022.fit no objects found
r1174023.fit  1.88  0.62 0.026   668.5 from   1 sources of WD1145+017
r1174024.fit  2.27  0.75 0.091   546.8 from   1 sources of WD1145+017
r1174025.fit no objects found
r1174026.fit no objects found
r1174027.fit  2.18  0.72 0.060   540.8 from   1 sources of WD1145+017
r1174028.fit no objects found
r1174029.fit no objects found
r1174030.fit  2.34  0.77 0.052   503.4 from   1 sources of WD1145+017
r1174031.fit  2.04  0.67 0.051   563.5 from   1 sources of WD1145+017
r1174032.fit no objects found
r1174034.fit is not a target (BIAS)
r1174035.fit is not a target (BIAS)
r1174036.fit is not a target (BIAS)
r1174037.fit is not a target (BIAS)
r1174038.fit is not a target (BIAS)
r1174039.fit is not a target (BIAS)
r1174040.fit is not a target (BIAS)
r1174041.fit is not a target (BIAS)
r1174042.fit is not a target (BIAS)
r1174043.fit is not a target (BIAS)
r1174044.fit is not a target (BIAS)
r1174045.fit is not a target (BIAS)
r1174046.fit is not a target (BIAS)
r1174047.fit is not a target (BIAS)
r1174048.fit is not a target (BIAS)
r1174049.fit is not a target (BIAS)
r1174050.fit is not a target (BIAS)
r1174051.fit is not a target (BIAS)
r1174052.fit is not a target (BIAS)
r1174053.fit is not a target (BIAS)
r1174054.fit no objects found
r1174055.fit no objects found
r1174056.fit no objects found
r1174057.fit no objects found
r1174058.fit no objects found
r1174059.fit no objects found
r1174060.fit no objects found
r1174061.fit no objects found
r1174062.fit no objects found
r1174063.fit no objects found
r1174064.fit no objects found
r1174065.fit no objects found
r1174066.fit no objects found
r1174067.fit no objects found
r1174068.fit no objects found
r1174069.fit no objects found
r1174070.fit no objects found
r1174071.fit no objects found
r1174072.fit no objects found
r1174073.fit no objects found
r1174074.fit no objects found
r1174075.fit no objects found
r1174076.fit no objects found
r1174077.fit no objects found
r1174078.fit no objects found
r1174079.fit no objects found
r1174080.fit no objects found
r1174081.fit no objects found
r1174082.fit no objects found
r1174083.fit no objects found
r1174084.fit no objects found
r1174085.fit no objects found
r1174086.fit no objects found
r1174087.fit no objects found
r1174088.fit no objects found
r1174089.fit no objects found
r1174090.fit no objects found
r1174091.fit no objects found
r1174092.fit no objects found
r1174093.fit no objects found
r1174094.fit no objects found
r1174095.fit no objects found
r1174096.fit no objects found
r1174097.fit no objects found
r1174098.fit no objects found
r1174099.fit no objects found
r1174100.fit no objects found
r1174101.fit no objects found
r1174102.fit no objects found
r1174103.fit no objects found
r1174104.fit no objects found
r1174105.fit no objects found
r1174106.fit no objects found
r1174107.fit no objects found
r1174108.fit no objects found
r1174109.fit no objects found
r1174110.fit no objects found
r1174111.fit no objects found
r1174112.fit no objects found
r1174113.fit no objects found
r1174114.fit no objects found
r1174115.fit no objects found
r1174116.fit no objects found
r1174117.fit no objects found
r1174118.fit no objects found
r1174119.fit no objects found
r1174120.fit no objects found
r1174121.fit no objects found
r1174122.fit no objects found
r1174123.fit no objects found
r1174124.fit no objects found
r1174125.fit no objects found
r1174126.fit no objects found
r1174127.fit no objects found
r1174128.fit no objects found
r1174129.fit no objects found
r1174130.fit no objects found
r1174131.fit no objects found
r1174132.fit no objects found
r1174133.fit no objects found
r1174134.fit no objects found
r1174135.fit no objects found
r1174136.fit no objects found
r1174137.fit no objects found
r1174138.fit no objects found
r1174139.fit no objects found
r1174140.fit no objects found
r1174141.fit no objects found
r1174142.fit no objects found
r1174143.fit no objects found
r1174144.fit no objects found
r1174145.fit no objects found
r1174146.fit no objects found
r1174147.fit no objects found
r1174148.fit no objects found
r1174149.fit no objects found
r1174150.fit no objects found
r1174151.fit no objects found
r1174152.fit no objects found
r1174153.fit no objects found
r1174154.fit no objects found
r1174155.fit no objects found
r1174156.fit no objects found
r1174157.fit no objects found
r1174158.fit no objects found
r1174159.fit no objects found
r1174160.fit no objects found
r1174161.fit no objects found
r1174162.fit no objects found
r1174163.fit no objects found
r1174164.fit no objects found
r1174165.fit no objects found
r1174166.fit no objects found
r1174167.fit no objects found
r1174168.fit no objects found
r1174169.fit no objects found
r1174170.fit no objects found
r1174171.fit no objects found
r1174172.fit no objects found
r1174173.fit no objects found
r1174174.fit no objects found
r1174175.fit no objects found
r1174176.fit no objects found
r1174177.fit no objects found
r1174178.fit no objects found
r1174179.fit no objects found
r1174180.fit no objects found
r1174181.fit no objects found
r1174182.fit no objects found
r1174183.fit no objects found
r1174184.fit no objects found
r1174185.fit no objects found
r1174186.fit no objects found
r1174187.fit no objects found
r1174188.fit no objects found
r1174189.fit no objects found
r1174190.fit no objects found
r1174191.fit no objects found
r1174192.fit no objects found
r1174193.fit no objects found
r1174194.fit no objects found
r1174195.fit no objects found
r1174196.fit no objects found
r1174197.fit no objects found
r1174198.fit no objects found
r1174199.fit no objects found
r1174200.fit no objects found
r1174201.fit  4.55  1.50 0.046   168.1 from   1 sources of WD1145+017
r1174202.fit no objects found
r1174203.fit no objects found
r1174204.fit no objects found
r1174205.fit no objects found
r1174206.fit no objects found
r1174207.fit no objects found
r1174208.fit no objects found
r1174209.fit no objects found
r1174210.fit no objects found
r1174211.fit no objects found
r1174212.fit no objects found
r1174213.fit no objects found
r1174214.fit no objects found
r1174215.fit no objects found
r1174216.fit no objects found
r1174217.fit no objects found
r1174218.fit no objects found
r1174219.fit no objects found
r1174220.fit no objects found
r1174221.fit no objects found
r1174222.fit no objects found
r1174223.fit no objects found
r1174224.fit no objects found
r1174225.fit no objects found
r1174226.fit no objects found
r1174227.fit no objects found
r1174228.fit no objects found
r1174229.fit no objects found
r1174230.fit no objects found
r1174231.fit no objects found
r1174232.fit no objects found
r1174233.fit no objects found
r1174234.fit no objects found
r1174235.fit no objects found
r1174236.fit no objects found
r1174237.fit no objects found
r1174238.fit no objects found
r1174239.fit no objects found
r1174240.fit no objects found
r1174241.fit no objects found
r1174242.fit no objects found
r1174243.fit no objects found
r1174244.fit no objects found
r1174245.fit no objects found
r1174246.fit no objects found
r1174247.fit no objects found
r1174248.fit no objects found
r1174249.fit no objects found
r1174250.fit no objects found
r1174251.fit no objects found
r1174252.fit no objects found
r1174253.fit no objects found
r1174254.fit no objects found
r1174255.fit no objects found
r1174256.fit no objects found
r1174257.fit no objects found
r1174258.fit no objects found
r1174259.fit no objects found
r1174260.fit no objects found
r1174261.fit no objects found
r1174262.fit no objects found
r1174263.fit no objects found
r1174264.fit no objects found
r1174265.fit no objects found
r1174266.fit no objects found
r1174267.fit no objects found
r1174268.fit no objects found
r1174269.fit no objects found
r1174270.fit no objects found
r1174271.fit no objects found
r1174272.fit no objects found
r1174273.fit no objects found
r1174274.fit no objects found
r1174275.fit no objects found
r1174276.fit no objects found
r1174277.fit no objects found
r1174278.fit no objects found
r1174279.fit no objects found
r1174280.fit no objects found
r1174281.fit no objects found
r1174282.fit no objects found
r1174283.fit no objects found
r1174284.fit no objects found
r1174285.fit no objects found
r1174286.fit no objects found
r1174287.fit no objects found
r1174288.fit no objects found
r1174289.fit no objects found
r1174290.fit no objects found
r1174291.fit no objects found
r1174292.fit no objects found
r1174293.fit no objects found
r1174294.fit no objects found
r1174295.fit no objects found
r1174296.fit no objects found
r1174297.fit no objects found
r1174298.fit no objects found
r1174299.fit no objects found
r1174300.fit no objects found
r1174301.fit no objects found
r1174302.fit no objects found
r1174303.fit no objects found
r1174304.fit no objects found
r1174305.fit no objects found
r1174306.fit no objects found
r1174307.fit no objects found
r1174308.fit no objects found
r1174309.fit no objects found
r1174310.fit no objects found
r1174311.fit no objects found
r1174312.fit no objects found
r1174313.fit no objects found
r1174314.fit no objects found
r1174315.fit no objects found
r1174316.fit  2.61  0.86 0.011   103.2 from   1 sources of WD1145+017
r1174317.fit no objects found
r1174318.fit  2.59  0.85 0.095   103.0 from   1 sources of WD1145+017
r1174319.fit no objects found
r1174320.fit  2.60  0.86 0.067   103.3 from   1 sources of WD1145+017
r1174321.fit no objects found
r1174322.fit no objects found
r1174323.fit no objects found
r1174324.fit  2.25  0.74 0.042   102.0 from   1 sources of WD1145+017
r1174325.fit  2.63  0.87 0.021   101.8 from   1 sources of WD1145+017
r1174326.fit  2.32  0.77 0.046   103.0 from   1 sources of WD1145+017
r1174327.fit  2.38  0.79 0.038   102.0 from   1 sources of WD1145+017
r1174328.fit  2.40  0.79 0.033   101.9 from   1 sources of WD1145+017
r1174329.fit  2.43  0.80 0.039   102.0 from   1 sources of WD1145+017
r1174330.fit  2.44  0.81 0.026   102.2 from   1 sources of WD1145+017
r1174331.fit  2.41  0.80 0.027   102.1 from   1 sources of WD1145+017
r1174332.fit  2.53  0.83 0.051   102.4 from   1 sources of WD1145+017
r1174333.fit  2.23  0.74 0.061   102.0 from   1 sources of WD1145+017
r1174334.fit  2.44  0.81 0.047   102.0 from   1 sources of WD1145+017
r1174335.fit  2.59  0.85 0.060   102.1 from   1 sources of WD1145+017
r1174336.fit  2.42  0.80 0.047   103.1 from   1 sources of WD1145+017
r1174337.fit  2.30  0.76 0.050   102.8 from   1 sources of WD1145+017
r1174338.fit  2.56  0.84 0.049   103.1 from   1 sources of WD1145+017
