r1082937.fit is not a target (BIAS)
r1082938.fit is not a target (FLAT)
r1082939.fit is not a target (BIAS)
r1082940.fit is not a target (BIAS)
r1082941.fit is not a target (BIAS)
r1082942.fit is not a target (BIAS)
r1082943.fit is not a target (BIAS)
r1082944.fit is not a target (BIAS)
r1082945.fit is not a target (BIAS)
r1082946.fit is not a target (BIAS)
r1082947.fit is not a target (BIAS)
r1082948.fit is not a target (BIAS)
r1082949.fit is not a target (BIAS)
r1082950.fit is not a target (BIAS)
r1082951.fit is not a target (BIAS)
r1082952.fit is not a target (BIAS)
r1082953.fit is not a target (BIAS)
r1082954.fit is not a target (BIAS)
r1082955.fit is not a target (BIAS)
r1082956.fit is not a target (BIAS)
r1082957.fit is not a target (BIAS)
r1082958.fit is not a target (BIAS)
r1082959.fit is not a target (BIAS)
r1082960.fit is not a target (BIAS)
r1082961.fit is not a target (BIAS)
r1082962.fit is not a target (BIAS)
r1082963.fit is not a target (BIAS)
r1082964.fit is not a target (BIAS)
r1082965.fit is not a target (BIAS)
r1082966.fit is not a target (BIAS)
r1082967.fit is not a target (BIAS)
r1082968.fit is not a target (BIAS)
r1082969.fit is not a target (FLAT)
r1082970.fit is not a target (FLAT)
r1082971.fit is not a target (FLAT)
r1082972.fit is not a target (FLAT)
r1082973.fit is not a target (FLAT)
r1082974.fit is not a target (FLAT)
r1082975.fit is not a target (FLAT)
r1082976.fit is not a target (FLAT)
r1082977.fit is not a target (FLAT)
r1082978.fit is not a target (FLAT)
r1082979.fit is not a target (FLAT)
r1082980.fit is not a target (FLAT)
r1082981.fit is not a target (FLAT)
r1082982.fit is not a target (FLAT)
r1082983.fit is not a target (FLAT)
r1082984.fit is not a target (FOCUS)
r1082985.fit  3.68  1.21 0.128  1677.0 from 243 sources of 2009TL4
r1082986.fit  3.31  1.09 0.102  1680.7 from 664 sources of 2009TL4
r1082987.fit  3.27  1.08 0.101  1684.0 from 715 sources of 2009TL4
r1082988.fit  3.30  1.09 0.106  1685.8 from 714 sources of 2009TL4
r1082989.fit  3.34  1.10 0.115  1691.9 from 522 sources of 2009TL4
r1082990.fit  3.15  1.04 0.094  1703.0 from 782 sources of 2009TL4
r1082991.fit  4.60  1.52 0.124  1533.4 from 784 sources of 2007GU4
r1082992.fit  4.23  1.40 0.122  1515.0 from 1665 sources of 2007GU4
r1082993.fit  4.70  1.55 0.128  1526.4 from 534 sources of 2007GU4
r1082994.fit  4.95  1.63 0.129  1516.1 from 519 sources of 2007GU4
r1082995.fit  4.21  1.39 0.107  1482.9 from 2216 sources of 2007GU4
r1082996.fit  4.80  1.58 0.127  1471.3 from 666 sources of 2007GU4
r1082997.fit  4.34  1.43 0.086  1657.3 from  53 sources of 2011WE44
r1082998.fit  3.61  1.19 0.132  1115.8 from 561 sources of 2011WE44
r1082999.fit  3.70  1.22 0.130  1104.2 from 708 sources of 2011WE44
r1083000.fit  3.56  1.17 0.122  1086.7 from 1292 sources of 2011WE44
r1083001.fit  3.54  1.17 0.126  1079.8 from 1128 sources of 2011WE44
r1083002.fit  3.62  1.19 0.123  1069.6 from 1241 sources of 2011WE44
r1083003.fit  4.19  1.38 0.057  1059.1 from 233 sources of 2002CV46
r1083004.fit  4.19  1.38 0.045  1048.4 from 234 sources of 2002CV46
r1083005.fit  4.13  1.36 0.042   372.0 from 234 sources of 2002CV46
r1083006.fit  4.16  1.37 0.065  1007.9 from 235 sources of 2002CV46
r1083007.fit  4.42  1.46 0.117  1043.7 from 143 sources of 2002CV46
r1083008.fit  3.98  1.31 0.044   831.4 from 240 sources of 2002CV46
r1083010.fit is not a target (FOCUS)
r1083011.fit  2.83  0.93 0.086    49.3 from  54 sources of SA112-250 r
r1083012.fit  3.81  1.26 0.090    29.6 from  15 sources of SA112-250 U
r1083013.fit  3.09  1.02 0.071    31.5 from  32 sources of SA112-250 g
r1083014.fit  2.88  0.95 0.101   124.7 from 144 sources of ST_NGC7006 r
r1083015.fit  3.91  1.29 0.119    60.2 from  59 sources of ST_NGC7006 U
r1083016.fit  3.07  1.01 0.105    73.6 from 105 sources of ST_NGC7006 g
r1083017.fit  2.87  0.95 0.106   204.8 from 1065 sources of uvex_4466o r
r1083018.fit  3.47  1.15 0.103    75.3 from  58 sources of uvex_4466o U
r1083019.fit  3.11  1.03 0.117   139.7 from 362 sources of uvex_4466o g
r1083020.fit  2.88  0.95 0.095   249.7 from 1280 sources of uvex_4467 r
r1083021.fit  3.44  1.14 0.103    77.6 from  71 sources of uvex_4467 U
r1083022.fit  2.94  0.97 0.092   144.0 from 516 sources of uvex_4467 g
r1083023.fit  2.90  0.96 0.091   248.3 from 1369 sources of uvex_4555 r
r1083024.fit  3.81  1.26 0.128    77.9 from  58 sources of uvex_4555 U
r1083025.fit  3.05  1.01 0.099   139.4 from 550 sources of uvex_4555 g
r1083026.fit  2.90  0.96 0.096   241.0 from 1230 sources of uvex_4604 r
r1083027.fit  4.26  1.41 0.076   110.5 from   4 sources of uvex_4604 U
r1083028.fit  3.29  1.09 0.060   148.9 from 417 sources of uvex_4604 g
r1083029.fit  2.85  0.94 0.113   250.2 from 401 sources of uvex_4840 r
r1083030.fit  4.12  1.36 0.123   110.7 from  13 sources of uvex_4840 U
r1083031.fit  3.44  1.14 0.114   141.4 from 115 sources of uvex_4840 g
r1083032.fit  3.16  1.04 0.107   248.6 from 244 sources of uvex_4488o r
r1083033.fit  3.32  1.10 0.112    79.5 from  29 sources of uvex_4488o U
r1083034.fit  3.47  1.15 0.097   132.6 from 116 sources of uvex_4488o g
r1083035.fit  2.88  0.95 0.081   246.6 from 249 sources of uvex_4489 r
r1083036.fit  3.44  1.14 0.066    79.3 from  27 sources of uvex_4489 U
r1083037.fit  3.17  1.05 0.051   101.4 from  80 sources of uvex_4489 g
r1083038.fit  3.55  1.17 0.128   177.1 from 103 sources of uvex_4489o r
r1083039.fit  3.64  1.20 0.084    68.3 from  33 sources of uvex_4489o U
r1083040.fit  2.90  0.96 0.044   108.3 from  99 sources of uvex_4489o g
r1083041.fit  3.03  1.00 0.101   185.9 from 708 sources of uvex_4491 r
r1083042.fit  3.72  1.23 0.118    72.4 from  71 sources of uvex_4491 U
r1083043.fit  2.99  0.99 0.063   100.9 from 393 sources of uvex_4491 g
r1083044.fit  3.20  1.06 0.076   153.4 from 559 sources of uvex_4560 r
r1083045.fit  0.86  0.28 0.090   110.0 from   6 sources of uvex_4560 U
r1083046.fit  3.05  1.01 0.119   105.7 from 194 sources of uvex_4560 g
r1083047.fit  2.96  0.98 0.111   160.0 from 561 sources of uvex_4560o r
r1083048.fit  3.89  1.28 0.140    82.0 from  16 sources of uvex_4560o U
r1083049.fit  2.73  0.90 0.073   103.2 from 291 sources of uvex_4560o g
r1083050.fit  3.61  1.19 0.133   185.6 from  54 sources of uvex_4562 r
r1083051.fit  3.41  1.13 0.116    77.2 from  23 sources of uvex_4562 U
r1083052.fit  3.23  1.07 0.095    98.4 from  76 sources of uvex_4562 g
r1083053.fit  2.36  0.78 0.058   131.3 from 254 sources of uvex_4562o r
r1083054.fit  3.58  1.18 0.110    72.5 from  35 sources of uvex_4562o U
r1083055.fit  3.33  1.10 0.110    84.4 from  80 sources of uvex_4562o g
r1083056.fit  2.95  0.97 0.114   164.7 from 189 sources of uvex_4563 r
r1083057.fit  3.65  1.20 0.130    78.3 from  34 sources of uvex_4563 U
r1083058.fit  2.88  0.95 0.069   102.4 from 131 sources of uvex_4563 g
r1083059.fit  2.53  0.83 0.061   158.0 from 293 sources of uvex_4563o r
r1083060.fit  3.13  1.03 0.082    75.4 from  45 sources of uvex_4563o U
r1083061.fit  2.95  0.97 0.073    82.8 from 136 sources of uvex_4563o g
r1083062.fit  2.54  0.84 0.071   158.3 from 1060 sources of uvex_4564 r
r1083063.fit  3.38  1.12 0.132    74.7 from  44 sources of uvex_4564 U
r1083064.fit  3.51  1.16 0.122   102.0 from 196 sources of uvex_4564 g
r1083065.fit  3.19  1.05 0.122   142.2 from 411 sources of uvex_4564o r
r1083066.fit  4.35  1.44 0.093   107.1 from   6 sources of uvex_4564o U
r1083067.fit  3.10  1.02 0.052    90.2 from 307 sources of uvex_4564o g
r1083068.fit  3.08  1.02 0.089   160.0 from 1007 sources of uvex_4565 r
r1083069.fit  3.79  1.25 0.101    67.4 from   9 sources of uvex_4565 U
r1083070.fit  3.17  1.05 0.059   100.7 from 376 sources of uvex_4565 g
r1083071.fit  2.91  0.96 0.073   166.4 from 1028 sources of uvex_4565o r
r1083072.fit  3.67  1.21 0.119    71.6 from  70 sources of uvex_4565o U
r1083073.fit  3.57  1.18 0.098    86.5 from 295 sources of uvex_4565o g
r1083074.fit  3.37  1.11 0.090   170.0 from 571 sources of uvex_4574 r
r1083075.fit  3.52  1.16 0.129    76.9 from  24 sources of uvex_4574 U
r1083076.fit  3.37  1.11 0.111   100.1 from 206 sources of uvex_4574 g
r1083077.fit  2.98  0.98 0.076   170.5 from 609 sources of uvex_4574o r
r1083078.fit  3.45  1.14 0.106    76.3 from  35 sources of uvex_4574o U
r1083079.fit  3.78  1.25 0.121   101.8 from 131 sources of uvex_4574o g
r1083080.fit  2.76  0.91 0.058   144.8 from 404 sources of uvex_4575 r
r1083081.fit  3.86  1.27 0.126    77.0 from  15 sources of uvex_4575 U
r1083082.fit  3.51  1.16 0.098   104.2 from 134 sources of uvex_4575 g
r1083083.fit  3.10  1.02 0.097   159.3 from 293 sources of uvex_4575o r
r1083084.fit  3.77  1.24 0.117    80.8 from  12 sources of uvex_4575o U
r1083085.fit  3.23  1.07 0.052    98.5 from 147 sources of uvex_4575o g
r1083086.fit  3.20  1.06 0.100   177.1 from 369 sources of uvex_4576 r
r1083087.fit  3.93  1.30 0.127    69.5 from  27 sources of uvex_4576 U
r1083088.fit  3.39  1.12 0.063    95.0 from 162 sources of uvex_4576 g
r1083089.fit  2.97  0.98 0.066   157.2 from 410 sources of uvex_4576o r
r1083090.fit  3.67  1.21 0.130    72.9 from  20 sources of uvex_4576o U
r1083091.fit  5.53  1.82 0.106   100.7 from   9 sources of uvex_4576o g
r1083092.fit  2.89  0.95 0.074   147.5 from 421 sources of uvex_4729 r
r1083093.fit  4.02  1.33 0.117    70.4 from  20 sources of uvex_4729 U
r1083094.fit  3.38  1.12 0.066    95.0 from 114 sources of uvex_4729 g
r1083095.fit  3.08  1.02 0.065   141.3 from 420 sources of uvex_4729o r
r1083096.fit  3.63  1.20 0.113    71.4 from  18 sources of uvex_4729o U
r1083097.fit  3.98  1.31 0.094    96.4 from 108 sources of uvex_4729o g
r1083098.fit  2.56  0.84 0.049    74.0 from 210 sources of ST_NGC7006 r
r1083099.fit  4.23  1.40 0.115    71.3 from  20 sources of ST_NGC7006 U
r1083100.fit  2.53  0.83 0.047    57.9 from 157 sources of ST_NGC7006 g
r1083101.fit  2.18  0.72 0.046    52.9 from 172 sources of WOLF1346 r
r1083102.fit  3.02  1.00 0.080    45.8 from  10 sources of WOLF1346 U
r1083103.fit  2.54  0.84 0.050    45.9 from  57 sources of WOLF1346 g
r1083104.fit  3.52  1.16 0.093   131.6 from 129 sources of uvex_0098 r
r1083105.fit  4.36  1.44 0.077    73.5 from  27 sources of uvex_0098 U
r1083106.fit  4.01  1.32 0.057    97.7 from  51 sources of uvex_0098 g
r1083107.fit  3.87  1.28 0.079   155.0 from 172 sources of uvex_0103o r
r1083108.fit  4.26  1.41 0.111    80.1 from  18 sources of uvex_0103o U
r1083109.fit  3.83  1.26 0.097    96.9 from  74 sources of uvex_0103o g
r1083110.fit  3.62  1.19 0.103   154.4 from 315 sources of uvex_0126o r
r1083111.fit  4.08  1.35 0.101    78.7 from  38 sources of uvex_0126o U
r1083112.fit  3.68  1.21 0.071    97.3 from 167 sources of uvex_0126o g
r1083113.fit  3.34  1.10 0.077   128.7 from 599 sources of uvex_0127 r
r1083114.fit  4.20  1.39 0.084    77.8 from  63 sources of uvex_0127 U
r1083115.fit  3.75  1.24 0.062    86.6 from 333 sources of uvex_0127 g
r1083116.fit  3.55  1.17 0.088   131.1 from 776 sources of uvex_0128 r
r1083117.fit  4.28  1.41 0.097    82.2 from 125 sources of uvex_0128 U
r1083118.fit  3.78  1.25 0.067    96.4 from 495 sources of uvex_0128 g
r1083119.fit  4.06  1.34 0.126   145.0 from 298 sources of uvex_0128o r
r1083120.fit  4.25  1.40 0.088    77.5 from 107 sources of uvex_0128o U
r1083121.fit  3.89  1.28 0.068    97.7 from 482 sources of uvex_0128o g
r1083122.fit  3.98  1.31 0.079   136.2 from 154 sources of uvex_0129 r
r1083123.fit  4.30  1.42 0.080    83.3 from  37 sources of uvex_0129 U
r1083124.fit  3.62  1.19 0.068    93.2 from  87 sources of uvex_0129 g
r1083125.fit  3.49  1.15 0.060   137.5 from 452 sources of uvex_0252o r
r1083126.fit  4.21  1.39 0.084    79.8 from  60 sources of uvex_0252o U
r1083127.fit  3.62  1.19 0.063    91.9 from 257 sources of uvex_0252o g
r1083128.fit  3.45  1.14 0.053   144.8 from 286 sources of uvex_0256 r
r1083129.fit  4.12  1.36 0.081    80.2 from  28 sources of uvex_0256 U
r1083130.fit  3.66  1.21 0.048    92.6 from 137 sources of uvex_0256 g
r1083131.fit  3.45  1.14 0.112   151.4 from 410 sources of uvex_0260 r
r1083132.fit  4.08  1.35 0.098    74.9 from  56 sources of uvex_0260 U
r1083133.fit  3.66  1.21 0.064    94.0 from 256 sources of uvex_0260 g
r1083134.fit  3.70  1.22 0.118   151.4 from 418 sources of uvex_0263 r
r1083135.fit  4.26  1.41 0.101    81.7 from  74 sources of uvex_0263 U
r1083136.fit  3.61  1.19 0.073   101.0 from 389 sources of uvex_0263 g
r1083137.fit  4.12  1.36 0.115   159.2 from 403 sources of uvex_0263o r
r1083138.fit  4.24  1.40 0.089    82.6 from  83 sources of uvex_0263o U
r1083139.fit  3.57  1.18 0.051   104.0 from 427 sources of uvex_0263o g
r1083140.fit  3.30  1.09 0.082   131.0 from 694 sources of uvex_0264 r
r1083141.fit  3.98  1.31 0.080    76.2 from 102 sources of uvex_0264 U
r1083142.fit  3.44  1.14 0.068    97.5 from 417 sources of uvex_0264 g
r1083143.fit  3.10  1.02 0.089   157.7 from 727 sources of uvex_0268 r
r1083144.fit  4.02  1.33 0.098    76.4 from  96 sources of uvex_0268 U
r1083145.fit  3.60  1.19 0.082    93.3 from 422 sources of uvex_0268 g
r1083146.fit  3.36  1.11 0.067   138.3 from 445 sources of uvex_0314 r
r1083147.fit  3.99  1.32 0.098    90.1 from  63 sources of uvex_0314 U
r1083148.fit  3.63  1.20 0.068    94.8 from 245 sources of uvex_0314 g
r1083149.fit  3.43  1.13 0.095   129.8 from 563 sources of uvex_0424o r
r1083150.fit  4.26  1.41 0.092    79.2 from  67 sources of uvex_0424o U
r1083151.fit  3.47  1.15 0.068    93.1 from 335 sources of uvex_0424o g
r1083152.fit  3.65  1.20 0.102   139.8 from 544 sources of uvex_0461 r
r1083153.fit  4.10  1.35 0.087    84.5 from  82 sources of uvex_0461 U
r1083154.fit  3.69  1.22 0.075    96.0 from 381 sources of uvex_0461 g
r1083155.fit  3.78  1.25 0.097   149.0 from 503 sources of uvex_0628o r
r1083156.fit  4.19  1.38 0.121    76.5 from  68 sources of uvex_0628o U
r1083157.fit  3.76  1.24 0.104   101.2 from 279 sources of uvex_0628o g
r1083158.fit  3.60  1.19 0.094   152.2 from 549 sources of uvex_0333 r
r1083159.fit  3.86  1.27 0.084    82.1 from  67 sources of uvex_0333 U
r1083160.fit  3.40  1.12 0.087    96.7 from 369 sources of uvex_0333 g
r1083161.fit  3.87  1.28 0.130   149.9 from 471 sources of uvex_0341 r
r1083162.fit  4.14  1.37 0.090    86.4 from 131 sources of uvex_0341 U
r1083163.fit  3.53  1.16 0.070   104.5 from 569 sources of uvex_0341 g
r1083164.fit  4.62  1.52 0.128   157.4 from 120 sources of uvex_0342o r
r1083165.fit  3.84  1.27 0.086    83.7 from  73 sources of uvex_0342o U
r1083166.fit  3.39  1.12 0.076   105.2 from 301 sources of uvex_0342o g
r1083167.fit  3.48  1.15 0.107   157.5 from 439 sources of uvex_0346o r
r1083168.fit  3.98  1.31 0.080    84.5 from  58 sources of uvex_0346o U
r1083169.fit  3.47  1.15 0.090   101.7 from 288 sources of uvex_0346o g
r1083170.fit  3.31  1.09 0.091   139.8 from 689 sources of uvex_0359 r
r1083171.fit  4.39  1.45 0.106    84.7 from  89 sources of uvex_0359 U
r1083172.fit  3.40  1.12 0.086    96.8 from 499 sources of uvex_0359 g
r1083173.fit  4.67  1.54 0.132   157.2 from  71 sources of uvex_0359o r
r1083174.fit  4.50  1.49 0.085    74.9 from  84 sources of uvex_0359o U
r1083175.fit  3.85  1.27 0.108    93.0 from 414 sources of uvex_0359o g
r1083176.fit  3.28  1.08 0.085   129.5 from 739 sources of uvex_0360 r
r1083177.fit  4.18  1.38 0.099    85.8 from 105 sources of uvex_0360 U
r1083178.fit  3.42  1.13 0.077    90.5 from 528 sources of uvex_0360 g
r1083179.fit  5.28  1.74 0.128   155.5 from  49 sources of uvex_0360o r
r1083180.fit  3.97  1.31 0.076    85.3 from  96 sources of uvex_0360o U
r1083181.fit  3.71  1.22 0.104   105.1 from 364 sources of uvex_0360o g
r1083182.fit  2.57  0.85 0.061   104.2 from  98 sources of GD248 r
r1083183.fit  3.82  1.26 0.106    64.8 from  15 sources of GD248 U
r1083184.fit  2.73  0.90 0.053    63.3 from  51 sources of GD248 g
r1083185.fit  3.73  1.23 0.113   151.4 from 224 sources of uvex_1924 r
r1083186.fit  5.05  1.67 0.125    58.5 from  15 sources of uvex_1924 U
r1083187.fit  4.17  1.38 0.132    88.5 from  69 sources of uvex_1924 g
r1083188.fit  3.82  1.26 0.120   117.1 from 214 sources of uvex_1924o r
r1083189.fit  4.84  1.60 0.136    75.5 from  11 sources of uvex_1924o U
r1083190.fit  4.08  1.35 0.111    86.7 from 131 sources of uvex_1924o g
r1083191.fit  3.91  1.29 0.090   150.8 from 232 sources of uvex_1931 r
r1083192.fit  4.51  1.49 0.107    57.8 from   6 sources of uvex_1931 U
r1083193.fit  3.95  1.30 0.067    68.1 from 134 sources of uvex_1931 g
r1083194.fit  3.79  1.25 0.117   142.0 from 192 sources of uvex_1726 r
r1083195.fit  4.40  1.45 0.133    56.7 from  16 sources of uvex_1726 U
r1083196.fit  3.73  1.23 0.097    79.9 from 124 sources of uvex_1726 g
r1083197.fit  3.79  1.25 0.119   145.2 from 192 sources of uvex_1726o r
r1083198.fit  4.33  1.43 0.128    55.7 from  12 sources of uvex_1726o U
r1083199.fit  3.81  1.26 0.099    77.4 from 119 sources of uvex_1726o g
r1083200.fit  3.76  1.24 0.116   132.9 from 202 sources of uvex_1727 r
r1083201.fit  4.23  1.40 0.123    59.9 from  24 sources of uvex_1727 U
r1083202.fit  4.00  1.32 0.128    85.7 from  80 sources of uvex_1727 g
r1083203.fit  4.19  1.38 0.114   140.7 from  11 sources of uvex_1727o r
r1083204.fit  4.51  1.49 0.110    55.8 from  19 sources of uvex_1727o U
r1083205.fit  3.77  1.24 0.094    85.8 from 100 sources of uvex_1727o g
r1083206.fit  3.82  1.26 0.109   110.2 from 324 sources of uvex_1755 r
r1083207.fit  4.42  1.46 0.127    59.8 from  55 sources of uvex_1755 U
r1083208.fit  3.76  1.24 0.071    66.4 from 227 sources of uvex_1755 g
r1083209.fit  3.32  1.10 0.129   126.3 from 161 sources of uvex_1755o r
r1083210.fit  4.29  1.42 0.126    58.8 from  57 sources of uvex_1755o U
r1083211.fit  3.71  1.22 0.097    73.5 from 253 sources of uvex_1755o g
r1083212.fit  3.54  1.17 0.109   144.9 from 308 sources of uvex_1759 r
r1083213.fit  4.59  1.51 0.132    58.7 from  17 sources of uvex_1759 U
r1083214.fit  3.82  1.26 0.096    81.8 from 196 sources of uvex_1759 g
r1083215.fit  3.50  1.16 0.097   117.0 from 311 sources of uvex_1931o r
r1083216.fit  4.68  1.54 0.117    61.0 from  17 sources of uvex_1931o U
r1083217.fit  3.76  1.24 0.080    70.7 from 170 sources of uvex_1931o g
r1083218.fit  3.85  1.27 0.074   143.8 from 363 sources of uvex_2035 r
r1083219.fit  4.53  1.49 0.112    60.9 from  18 sources of uvex_2035 U
r1083220.fit  3.99  1.32 0.085    82.5 from 191 sources of uvex_2035 g
r1083221.fit  3.60  1.19 0.083   119.6 from 390 sources of uvex_2035o r
r1083222.fit  4.29  1.42 0.112    58.7 from  24 sources of uvex_2035o U
r1083223.fit  3.79  1.25 0.086    69.0 from 207 sources of uvex_2035o g
r1083224.fit  3.60  1.19 0.101   137.1 from 371 sources of uvex_2044 r
r1083225.fit  4.42  1.46 0.116    57.4 from  37 sources of uvex_2044 U
r1083226.fit  3.88  1.28 0.125    88.0 from 160 sources of uvex_2044 g
r1083227.fit  4.16  1.37 0.108   152.0 from  28 sources of uvex_2044o r
r1083228.fit  4.31  1.42 0.135    57.9 from  24 sources of uvex_2044o U
r1083229.fit  3.64  1.20 0.104    90.6 from 221 sources of uvex_2044o g
r1083230.fit  3.46  1.14 0.107   120.2 from 252 sources of uvex_2047 r
r1083231.fit  1.24  0.41 0.081    22.1 from   9 sources of uvex_2047 U
r1083232.fit  3.58  1.18 0.122    89.0 from 114 sources of uvex_2047 g
r1083233.fit  3.41  1.13 0.125   122.6 from 212 sources of uvex_2047o r
r1083234.fit  4.52  1.49 0.131    61.5 from  14 sources of uvex_2047o U
r1083235.fit  4.06  1.34 0.106    93.1 from 131 sources of uvex_2047o g
r1083236.fit  3.39  1.12 0.078   153.1 from 261 sources of uvex_2052 r
r1083237.fit  4.26  1.41 0.124    59.2 from  22 sources of uvex_2052 U
r1083238.fit  3.89  1.28 0.118    92.4 from 112 sources of uvex_2052 g
r1083239.fit  3.58  1.18 0.083   153.8 from 271 sources of uvex_2052o r
r1083240.fit  4.26  1.41 0.115    62.7 from  20 sources of uvex_2052o U
r1083241.fit  3.74  1.23 0.126    93.9 from 126 sources of uvex_2052o g
r1083242.fit  3.61  1.19 0.100   152.4 from 365 sources of uvex_2057 r
r1083243.fit  4.43  1.46 0.119    63.6 from  32 sources of uvex_2057 U
r1083244.fit  3.63  1.20 0.128    92.8 from 181 sources of uvex_2057 g
r1083245.fit  3.72  1.23 0.102   117.5 from 340 sources of uvex_2057o r
r1083246.fit  4.58  1.51 0.100    62.9 from  33 sources of uvex_2057o U
r1083247.fit  3.81  1.26 0.091    96.1 from 198 sources of uvex_2057o g
r1083248.fit  3.55  1.17 0.084   121.3 from 295 sources of uvex_2058 r
r1083249.fit  4.40  1.45 0.120    65.0 from  14 sources of uvex_2058 U
r1083250.fit  3.52  1.16 0.117    93.8 from 129 sources of uvex_2058 g
r1083251.fit  4.12  1.36 0.128   151.6 from  84 sources of uvex_2058o r
r1083252.fit  4.30  1.42 0.130    66.5 from  21 sources of uvex_2058o U
r1083253.fit  3.60  1.19 0.094    86.0 from 166 sources of uvex_2058o g
r1083254.fit  3.62  1.19 0.081   160.8 from 231 sources of uvex_2065 r
r1083255.fit  4.40  1.45 0.109    69.1 from  12 sources of uvex_2065 U
r1083256.fit  3.70  1.22 0.096   112.0 from 116 sources of uvex_2065 g
r1083257.fit  3.44  1.14 0.119   165.8 from  93 sources of uvex_2065o r
r1083258.fit  4.24  1.40 0.094    87.7 from   8 sources of uvex_2065o U
r1083259.fit  3.60  1.19 0.101   141.0 from 143 sources of uvex_2065o g
r1083260.fit  3.34  1.10 0.096   163.3 from 435 sources of uvex_2067 r
r1083261.fit  4.03  1.33 0.124   111.8 from  40 sources of uvex_2067 U
r1083262.fit  3.59  1.18 0.123   187.8 from 210 sources of uvex_2067 g
r1083263.fit  3.26  1.08 0.086   211.7 from 465 sources of uvex_2067o r
r1083264.fit  4.22  1.39 0.129   163.7 from  33 sources of uvex_2067o U
r1083265.fit  3.55  1.17 0.103   313.2 from 300 sources of uvex_2067o g
r1083266.fit  3.16  1.04 0.120   299.3 from 336 sources of uvex_2069 r
r1083267.fit  4.21  1.39 0.111   277.5 from  16 sources of uvex_2069 U
r1083268.fit  3.47  1.15 0.111   650.1 from 177 sources of uvex_2069 g
r1083269.fit  4.19  1.38 0.111   499.5 from  13 sources of uvex_2069o r
r1083270.fit  3.96  1.31 0.128   530.3 from  17 sources of uvex_2069o U
r1083271.fit  3.17  1.05 0.098  1346.6 from 238 sources of uvex_2069o g
r1083272.fit is not a target (BIAS)
r1083273.fit is not a target (BIAS)
r1083274.fit is not a target (FLAT)
r1083275.fit is not a target (FLAT)
r1083276.fit is not a target (FLAT)
r1083277.fit is not a target (FLAT)
r1083278.fit is not a target (FLAT)
r1083279.fit is not a target (FLAT)
r1083280.fit is not a target (FLAT)
r1083281.fit is not a target (FLAT)
r1083282.fit is not a target (FLAT)
r1083283.fit is not a target (FLAT)
r1083285.fit is not a target (FLAT)
r1083286.fit is not a target (FLAT)
r1083287.fit is not a target (FLAT)
r1083288.fit is not a target (FLAT)
r1083289.fit is not a target (FLAT)
r1083290.fit is not a target (FLAT)
