r1168579.fit is not a target (BIAS)
r1168580.fit is not a target (BIAS)
r1168581.fit is not a target (BIAS)
r1168582.fit is not a target (BIAS)
r1168583.fit no objects found
r1168584.fit no objects found
r1168585.fit no objects found
r1168586.fit no objects found
r1168587.fit no objects found
r1168588.fit no objects found
r1168589.fit no objects found
r1168590.fit no objects found
r1168591.fit no objects found
r1168592.fit no objects found
r1168593.fit no objects found
r1168594.fit no objects found
r1168595.fit no objects found
r1168596.fit no objects found
r1168597.fit no objects found
r1168598.fit no objects found
r1168599.fit no objects found
r1168600.fit no objects found
r1168601.fit no objects found
r1168602.fit no objects found
r1168603.fit  0.82  0.27 0.124   481.9 from   1 sources of MABLANK8
r1168604.fit  0.81  0.27 0.121   486.9 from   1 sources of MABLANK8
r1168605.fit  0.82  0.27 0.116   480.9 from   1 sources of MABLANK8
r1168606.fit  0.80  0.26 0.124   480.6 from   1 sources of MABLANK8
r1168607.fit  0.82  0.27 0.121   487.8 from   1 sources of MABLANK8
r1168608.fit  0.83  0.27 0.115   484.8 from   1 sources of MABLANK8
r1168609.fit no objects found
r1168610.fit  0.83  0.27 0.117   483.7 from   1 sources of MABLANK8
r1168611.fit  0.84  0.28 0.118   487.1 from   1 sources of MABLANK8
r1168612.fit  0.83  0.27 0.121   486.2 from   1 sources of MABLANK8
r1168613.fit no objects found
r1168614.fit  0.82  0.27 0.121   466.7 from   1 sources of MABLANK8
r1168615.fit  0.81  0.27 0.123   470.7 from   1 sources of MABLANK8
r1168616.fit  4.70  1.55 0.121   455.3 from   2 sources of MABLANK8
r1168617.fit  0.84  0.28 0.117   469.6 from   1 sources of MABLANK8
r1168618.fit -4.13 -1.36 0.119   468.8 from   1 sources of MABLANK8
r1168619.fit  0.81  0.27 0.121   468.6 from   1 sources of MABLANK8
r1168620.fit no objects found
r1168621.fit  0.81  0.27 0.120   649.5 from   1 sources of MABLANK8
r1168622.fit  0.81  0.27 0.144   418.4 from   2 sources of MABLANK8
r1168623.fit  0.83  0.27 0.113   530.8 from   1 sources of MABLANK8
r1168624.fit is not a target (BIAS)
r1168625.fit -5.14 -1.70 0.101   174.1 from   1 sources of MABLANK8
r1168626.fit  3.97  1.31 0.150  6427.2 from   1 sources of MABLANK8
r1168627.fit is not a target (BIAS)
r1168628.fit is not a target (BIAS)
r1168629.fit is not a target (BIAS)
r1168630.fit is not a target (BIAS)
r1168631.fit is not a target (BIAS)
r1168632.fit is not a target (BIAS)
r1168633.fit is not a target (BIAS)
r1168634.fit is not a target (BIAS)
r1168635.fit is not a target (BIAS)
r1168636.fit is not a target (BIAS)
r1168637.fit is not a target (BIAS)
r1168638.fit is not a target (BIAS)
r1168639.fit is not a target (BIAS)
r1168640.fit is not a target (BIAS)
r1168641.fit is not a target (BIAS)
r1168642.fit is not a target (BIAS)
r1168643.fit is not a target (BIAS)
r1168644.fit is not a target (BIAS)
r1168645.fit is not a target (BIAS)
r1168646.fit is not a target (BIAS)
r1168647.fit is not a target (BIAS)
r1168648.fit is not a target (BIAS)
r1168649.fit is not a target (BIAS)
r1168650.fit is not a target (BIAS)
r1168651.fit is not a target (BIAS)
r1168652.fit is not a target (BIAS)
r1168653.fit is not a target (BIAS)
r1168654.fit is not a target (BIAS)
r1168655.fit is not a target (BIAS)
r1168656.fit is not a target (BIAS)
r1168657.fit no objects found
r1168658.fit  3.22  1.06 0.096 54496.1 from  50 sources of WFCBLANK2
r1168659.fit  4.02  1.33 0.106 55955.0 from  57 sources of WFCBLANK2
r1168660.fit  5.77  1.90 0.091 55558.3 from  12 sources of WFCBLANK2
r1168661.fit  3.20  1.06 0.107 51913.7 from   4 sources of WFCBLANK2
r1168662.fit no objects found
r1168663.fit no objects found
r1168664.fit no objects found
r1168665.fit no objects found
r1168666.fit no objects found
r1168667.fit  3.81  1.26 0.036 35805.9 from   1 sources of WFCBLANK2
r1168668.fit  5.40  1.78 0.115 26767.4 from   7 sources of WFCBLANK2
r1168669.fit  3.01  0.99 0.111 27367.0 from   1 sources of WFCBLANK2
r1168670.fit no objects found
r1168671.fit no objects found
r1168672.fit no objects found
r1168673.fit  3.83  1.26 0.103 56482.7 from  22 sources of WFCBLANK2
r1168674.fit  4.41  1.46 0.065 32530.0 from   7 sources of WFCBLANK2
r1168675.fit  4.13  1.36 0.065 29540.4 from  10 sources of WFCBLANK2
r1168676.fit no objects found
r1168677.fit  5.98  1.97 0.071 25951.0 from   3 sources of WFCBLANK2
r1168678.fit  7.22  2.38 0.111 30291.5 from   5 sources of WFCBLANK2
r1168679.fit  7.98  2.63 0.134 20477.6 from   4 sources of WFCBLANK2
r1168680.fit  4.93  1.63 0.126 24956.6 from  18 sources of WFCBLANK2
r1168681.fit  4.62  1.52 0.067 28478.5 from  37 sources of WFCBLANK2
r1168682.fit  4.16  1.37 0.095 24127.7 from  61 sources of WFCBLANK2
r1168683.fit  4.75  1.57 0.054 28888.0 from  58 sources of WFCBLANK2
r1168684.fit  4.37  1.44 0.088 24536.5 from  72 sources of WFCBLANK2
r1168685.fit  4.66  1.54 0.101 24706.1 from  65 sources of WFCBLANK2
r1168686.fit  5.14  1.70 0.054 18459.8 from  82 sources of WFCBLANK2
r1168687.fit  4.33  1.43 0.071 18000.7 from  97 sources of WFCBLANK2
r1168688.fit  4.12  1.36 0.094 17504.0 from 104 sources of WFCBLANK2
r1168689.fit is not a target (FOCUS)
r1168690.fit is not a target (FOCUS)
r1168691.fit  3.83  1.26 0.061   394.2 from 124 sources of GD248 r
r1168692.fit  4.75  1.57 0.047   204.8 from  51 sources of GD248 U
r1168693.fit  4.25  1.40 0.074   291.0 from  96 sources of GD248 g
r1168694.fit  3.45  1.14 0.050   379.1 from 127 sources of GD248 i
r1168695.fit  3.89  1.28 0.046   149.5 from  81 sources of GD248 Ha
r1168696.fit  4.81  1.59 0.101    52.9 from  22 sources of FEIGE22 r
r1168697.fit  5.47  1.81 0.074    57.1 from  15 sources of FEIGE22 U
r1168698.fit  4.47  1.48 0.039    42.7 from  17 sources of FEIGE22 g
r1168699.fit  4.31  1.42 0.031    67.0 from  25 sources of FEIGE22 i
r1168700.fit  5.22  1.72 0.088    45.7 from  24 sources of FEIGE22 Ha
r1168701.fit  3.32  1.10 0.045   205.2 from 1497 sources of uvex_6957 r
r1168702.fit  4.34  1.43 0.066   154.4 from 272 sources of uvex_6957 U
r1168703.fit  3.83  1.26 0.079   186.5 from 976 sources of uvex_6957 g
r1168704.fit  3.47  1.15 0.068   202.6 from 1032 sources of uvex_7010 r
r1168705.fit  4.11  1.36 0.036   143.5 from 186 sources of uvex_7010 U
r1168706.fit  3.87  1.28 0.043   180.3 from 575 sources of uvex_7010 g
r1168707.fit  3.82  1.26 0.043   199.3 from 917 sources of uvex_7010o r
r1168708.fit  4.34  1.43 0.039   156.9 from 164 sources of uvex_7010o U
r1168709.fit  3.67  1.21 0.042   187.2 from 624 sources of uvex_7010o g
r1168710.fit  3.42  1.13 0.046   197.9 from 442 sources of uvex_7056 r
r1168711.fit  4.21  1.39 0.048   162.3 from  33 sources of uvex_7056 U
r1168712.fit  3.79  1.25 0.044   180.7 from 146 sources of uvex_7056 g
r1168713.fit  3.26  1.08 0.054   212.1 from 1618 sources of uvex_7058o r
r1168714.fit  3.77  1.24 0.071   158.2 from 346 sources of uvex_7058o U
r1168715.fit  3.43  1.13 0.049   181.3 from 1206 sources of uvex_7058o g
r1168716.fit  3.13  1.03 0.049   203.4 from 1725 sources of uvex_7061 r
r1168717.fit  4.25  1.40 0.040   154.5 from 275 sources of uvex_7061 U
r1168718.fit  4.14  1.37 0.051   175.7 from 932 sources of uvex_7061 g
r1168719.fit  3.59  1.18 0.047   211.4 from 1157 sources of uvex_7075o r
r1168720.fit  4.27  1.41 0.044   160.8 from 183 sources of uvex_7075o U
r1168721.fit  3.79  1.25 0.051   190.6 from 703 sources of uvex_7075o g
r1168722.fit  3.37  1.11 0.041   214.5 from 515 sources of uvex_7083 r
r1168723.fit  4.68  1.54 0.043   159.2 from  54 sources of uvex_7083 U
r1168724.fit  3.43  1.13 0.052   187.9 from 262 sources of uvex_7083 g
r1168725.fit  3.39  1.12 0.063   215.2 from 1480 sources of uvex_7091o r
r1168726.fit  4.24  1.40 0.058   150.6 from 245 sources of uvex_7091o U
r1168727.fit  3.90  1.29 0.056   186.2 from 885 sources of uvex_7091o g
r1168728.fit  3.32  1.10 0.047   204.5 from 1419 sources of uvex_7106o r
r1168729.fit  4.33  1.43 0.059   138.4 from 231 sources of uvex_7106o U
r1168730.fit  3.88  1.28 0.052   176.8 from 880 sources of uvex_7106o g
r1168731.fit  3.47  1.15 0.049   195.0 from 1053 sources of uvex_7258 r
r1168732.fit  4.26  1.41 0.060   157.3 from 160 sources of uvex_7258 U
r1168733.fit  3.94  1.30 0.046   186.6 from 580 sources of uvex_7258 g
r1168734.fit  3.64  1.20 0.045   195.0 from 372 sources of uvex_7259 r
r1168735.fit  4.61  1.52 0.028   168.8 from  54 sources of uvex_7259 U
r1168736.fit  3.70  1.22 0.041   191.3 from 169 sources of uvex_7259 g
r1168737.fit  4.66  1.54 0.081    96.3 from  64 sources of intphas_1323 Ha
r1168738.fit  4.53  1.49 0.065   194.0 from 142 sources of intphas_1323 r
r1168739.fit  3.95  1.30 0.084   160.0 from 173 sources of intphas_1323 i
r1168740.fit  4.57  1.51 0.067    97.4 from  73 sources of intphas_1323o Ha
r1168741.fit  4.30  1.42 0.069   191.7 from 161 sources of intphas_1323o r
r1168742.fit  4.45  1.47 0.069   152.8 from 154 sources of intphas_1323o i
r1168743.fit  4.27  1.41 0.054    94.4 from 104 sources of intphas_1324 Ha
r1168744.fit  4.64  1.53 0.052   204.3 from 161 sources of intphas_1324 r
r1168745.fit  4.28  1.41 0.070   168.5 from 192 sources of intphas_1324 i
r1168746.fit  4.49  1.48 0.063    96.0 from  96 sources of intphas_1324o Ha
r1168747.fit  4.68  1.54 0.072   190.8 from 187 sources of intphas_1324o r
r1168748.fit  4.20  1.39 0.048   153.8 from 185 sources of intphas_1324o i
r1168749.fit  4.38  1.45 0.074    93.2 from 133 sources of intphas_1325 Ha
r1168750.fit  5.11  1.69 0.054   186.9 from 300 sources of intphas_1325 r
r1168751.fit  4.74  1.56 0.049   149.9 from 251 sources of intphas_1325 i
r1168752.fit  4.45  1.47 0.073    82.5 from 135 sources of intphas_1325o Ha
r1168753.fit  4.34  1.43 0.094   189.1 from 339 sources of intphas_1325o r
r1168754.fit  4.09  1.35 0.080   131.0 from 326 sources of intphas_1325o i
r1168755.fit  4.51  1.49 0.063    87.5 from 119 sources of intphas_1326 Ha
r1168756.fit  4.80  1.58 0.066   155.7 from 251 sources of intphas_1326 r
r1168757.fit  4.14  1.37 0.083   125.5 from 291 sources of intphas_1326 i
r1168758.fit  4.13  1.36 0.070    90.6 from 137 sources of intphas_1326o Ha
r1168759.fit  4.11  1.36 0.086   188.7 from 335 sources of intphas_1326o r
r1168760.fit  4.59  1.51 0.073   151.4 from 224 sources of intphas_1326o i
r1168761.fit  4.23  1.40 0.065    93.4 from 124 sources of intphas_1331 Ha
r1168762.fit  4.10  1.35 0.084   171.9 from 298 sources of intphas_1331 r
r1168763.fit  4.16  1.37 0.088   133.1 from 292 sources of intphas_1331 i
r1168764.fit  4.60  1.52 0.056    89.1 from 123 sources of intphas_1331o Ha
r1168765.fit  4.26  1.41 0.072   182.2 from 337 sources of intphas_1331o r
r1168766.fit  4.43  1.46 0.063   142.5 from 274 sources of intphas_1331o i
r1168767.fit  3.93  1.30 0.073    88.7 from 212 sources of intphas_1333 Ha
r1168768.fit  4.29  1.42 0.072   180.8 from 383 sources of intphas_1333 r
r1168769.fit  4.10  1.35 0.106   127.9 from 288 sources of intphas_1333 i
r1168770.fit  4.14  1.37 0.068    85.8 from 185 sources of intphas_1333o Ha
r1168771.fit  4.12  1.36 0.076   166.8 from 367 sources of intphas_1333o r
r1168772.fit  4.16  1.37 0.070   134.0 from 310 sources of intphas_1333o i
r1168773.fit  4.17  1.38 0.075    86.3 from 106 sources of intphas_1335 Ha
r1168774.fit  4.49  1.48 0.062   180.9 from 228 sources of intphas_1335 r
r1168775.fit  3.89  1.28 0.074   129.0 from 259 sources of intphas_1335 i
r1168776.fit  3.97  1.31 0.080    90.4 from 106 sources of intphas_1335o Ha
r1168777.fit  4.09  1.35 0.076   173.4 from 237 sources of intphas_1335o r
r1168778.fit  3.83  1.26 0.098   144.4 from 241 sources of intphas_1335o i
r1168779.fit  4.11  1.36 0.066    89.8 from 116 sources of intphas_1259 Ha
r1168780.fit  4.19  1.38 0.068   189.6 from 258 sources of intphas_1259 r
r1168781.fit  4.43  1.46 0.082   142.9 from 231 sources of intphas_1259 i
r1168782.fit  4.13  1.36 0.115    91.4 from 107 sources of intphas_1259o Ha
r1168783.fit  4.29  1.42 0.086   186.6 from 227 sources of intphas_1259o r
r1168784.fit  4.03  1.33 0.068   143.7 from 221 sources of intphas_1259o i
r1168785.fit  4.17  1.38 0.048    89.8 from  79 sources of intphas_1247 Ha
r1168786.fit  4.03  1.33 0.052   176.1 from 167 sources of intphas_1247 r
r1168787.fit  3.82  1.26 0.083   144.6 from 196 sources of intphas_1247 i
r1168788.fit  4.30  1.42 0.096    91.8 from  78 sources of intphas_1247o Ha
r1168789.fit  3.52  1.16 0.078   178.7 from 192 sources of intphas_1247o r
r1168790.fit  3.62  1.19 0.076   142.2 from 187 sources of intphas_1247o i
r1168791.fit  4.08  1.35 0.034    85.7 from  66 sources of intphas_1339 Ha
r1168792.fit  3.73  1.23 0.082   169.8 from 176 sources of intphas_1339 r
r1168793.fit  3.49  1.15 0.096   139.6 from 180 sources of intphas_1339 i
r1168794.fit  3.98  1.31 0.043    91.1 from  63 sources of intphas_1339o Ha
r1168795.fit  3.82  1.26 0.078   172.0 from 170 sources of intphas_1339o r
r1168796.fit  3.95  1.30 0.068   144.8 from 172 sources of intphas_1339o i
r1168797.fit  3.69  1.22 0.062    89.6 from 104 sources of intphas_1340 Ha
r1168798.fit  4.06  1.34 0.074   172.0 from 188 sources of intphas_1340 r
r1168799.fit  4.04  1.33 0.083   132.7 from 186 sources of intphas_1340 i
r1168800.fit  3.91  1.29 0.059    87.2 from  94 sources of intphas_1340o Ha
r1168801.fit  3.82  1.26 0.088   172.8 from 223 sources of intphas_1340o r
r1168802.fit  3.82  1.26 0.068   136.9 from 210 sources of intphas_1340o i
r1168803.fit  4.38  1.45 0.035    86.2 from  30 sources of FEIGE22 Ha
r1168804.fit  3.40  1.12 0.057    98.8 from  28 sources of FEIGE22 i
r1168805.fit  3.35  1.11 0.031    87.6 from  31 sources of FEIGE22 r
r1168806.fit  4.57  1.51 0.040    85.8 from  19 sources of FEIGE22 U
r1168807.fit  6.90  2.28 0.048    85.3 from  12 sources of FEIGE22 g
r1168808.fit  5.70  1.88 0.027    83.2 from  19 sources of SA95-271 r
r1168809.fit  4.70  1.55 0.043   127.1 from  21 sources of SA95-271 U
r1168810.fit  4.64  1.53 0.032    99.6 from  30 sources of SA95-271 g
r1168811.fit  3.62  1.19 0.075    94.7 from  43 sources of SA95-271 i
r1168812.fit  3.74  1.23 0.055    82.0 from  46 sources of SA95-271 Ha
r1168813.fit  4.27  1.41 0.080   168.7 from 449 sources of uvex_3031 r
r1168814.fit  5.30  1.75 0.081   114.4 from  75 sources of uvex_3031 U
r1168815.fit  4.83  1.59 0.093   154.3 from 230 sources of uvex_3031 g
r1168816.fit  4.35  1.44 0.081   165.4 from 418 sources of uvex_3031o r
r1168817.fit  5.22  1.72 0.071   105.3 from  76 sources of uvex_3031o U
r1168818.fit  5.26  1.74 0.068   146.9 from 217 sources of uvex_3031o g
r1168819.fit  5.10  1.68 0.051   161.9 from 492 sources of uvex_3034 r
r1168820.fit  5.37  1.77 0.095    96.1 from 152 sources of uvex_3034 U
r1168821.fit  4.64  1.53 0.096   137.1 from 428 sources of uvex_3034 g
r1168822.fit  4.24  1.40 0.082   156.8 from 752 sources of uvex_3034o r
r1168823.fit  5.08  1.68 0.054    98.5 from 175 sources of uvex_3034o U
r1168824.fit  4.34  1.43 0.082   136.7 from 597 sources of uvex_3034o g
r1168825.fit  4.56  1.50 0.048   159.4 from 351 sources of uvex_3035 r
r1168826.fit  5.11  1.69 0.069    99.3 from  97 sources of uvex_3035 U
r1168827.fit  4.40  1.45 0.084   114.1 from 244 sources of uvex_3035 g
r1168828.fit  4.78  1.58 0.066   167.7 from 335 sources of uvex_3035o r
r1168829.fit  5.07  1.67 0.078    99.4 from 107 sources of uvex_3035o U
r1168830.fit  5.34  1.76 0.093   136.7 from 202 sources of uvex_3035o g
r1168831.fit  4.55  1.50 0.093   146.1 from 663 sources of uvex_3037 r
r1168832.fit  5.23  1.73 0.067    79.5 from 132 sources of uvex_3037 U
r1168833.fit  4.25  1.40 0.101   114.5 from 574 sources of uvex_3037 g
r1168834.fit  4.82  1.59 0.111   155.8 from 284 sources of uvex_3103o r
r1168835.fit  5.00  1.65 0.069    88.1 from  74 sources of uvex_3103o U
r1168836.fit  5.22  1.72 0.073    28.4 from 187 sources of uvex_3103o g
r1168837.fit  4.67  1.54 0.058   162.4 from 271 sources of uvex_3105o r
r1168838.fit  4.83  1.59 0.092    84.7 from  64 sources of uvex_3105o U
r1168839.fit  4.11  1.36 0.092   119.5 from 170 sources of uvex_3105o g
r1168840.fit  3.70  1.22 0.107   136.6 from 904 sources of uvex_3107 r
r1168841.fit  4.48  1.48 0.070    74.0 from 182 sources of uvex_3107 U
r1168842.fit  3.71  1.22 0.087    89.8 from 800 sources of uvex_3107 g
r1168843.fit  3.95  1.30 0.115   148.3 from 735 sources of uvex_3107o r
r1168844.fit  5.18  1.71 0.125    71.3 from  52 sources of uvex_3107o U
r1168845.fit  4.11  1.36 0.078   107.3 from 675 sources of uvex_3107o g
r1168846.fit  4.99  1.65 0.067   132.6 from 282 sources of uvex_3108 r
r1168847.fit  4.68  1.54 0.059    69.4 from  67 sources of uvex_3108 U
r1168848.fit  4.04  1.33 0.087   108.0 from 232 sources of uvex_3108 g
r1168849.fit  4.00  1.32 0.086   124.3 from 382 sources of uvex_3108o r
r1168850.fit  4.46  1.47 0.067    63.0 from  70 sources of uvex_3108o U
r1168851.fit  3.90  1.29 0.075    81.2 from 250 sources of uvex_3108o g
r1168852.fit  4.97  1.64 0.113   124.9 from 330 sources of uvex_3115o r
r1168853.fit  4.78  1.58 0.090    59.9 from 106 sources of uvex_3115o U
r1168854.fit  4.14  1.37 0.108    78.8 from 238 sources of uvex_3115o g
r1168855.fit  3.47  1.15 0.116   131.5 from 421 sources of uvex_3117 r
r1168856.fit  4.63  1.53 0.068    60.7 from  89 sources of uvex_3117 U
r1168857.fit  3.86  1.27 0.077    80.2 from 375 sources of uvex_3117 g
r1168858.fit  3.61  1.19 0.106   134.5 from 644 sources of uvex_3117o r
r1168859.fit  4.98  1.64 0.071    55.3 from 100 sources of uvex_3117o U
r1168860.fit  4.08  1.35 0.065    82.8 from 360 sources of uvex_3117o g
r1168861.fit  4.10  1.35 0.061   106.9 from 343 sources of uvex_3118 r
r1168862.fit  4.84  1.60 0.065    59.3 from  69 sources of uvex_3118 U
r1168863.fit  4.87  1.61 0.080    84.7 from 175 sources of uvex_3118 g
r1168864.fit  3.64  1.20 0.116   119.0 from 289 sources of uvex_3118o r
r1168865.fit  4.51  1.49 0.083    50.4 from  65 sources of uvex_3118o U
r1168866.fit  4.50  1.49 0.070    84.3 from 154 sources of uvex_3118o g
r1168867.fit  4.33  1.43 0.106   120.5 from 654 sources of uvex_3119 r
r1168868.fit  4.45  1.47 0.073    57.1 from 180 sources of uvex_3119 U
r1168869.fit  4.48  1.48 0.064    74.1 from 466 sources of uvex_3119 g
r1168870.fit  3.75  1.24 0.101   117.0 from 690 sources of uvex_3119o r
r1168871.fit  4.86  1.60 0.058    61.3 from  50 sources of uvex_3119o U
r1168872.fit  4.06  1.34 0.070    82.4 from 374 sources of uvex_3119o g
r1168873.fit  4.24  1.40 0.078   149.9 from 698 sources of uvex_3119 r
r1168874.fit  4.84  1.60 0.061    87.7 from 166 sources of uvex_3119 U
r1168875.fit  4.17  1.38 0.067   112.4 from 548 sources of uvex_3119 g
r1168876.fit  4.38  1.45 0.084   146.0 from 667 sources of uvex_3119 r
r1168877.fit  5.36  1.77 0.046    83.9 from 152 sources of uvex_3119 U
r1168878.fit  5.20  1.72 0.078   108.3 from 424 sources of uvex_3119 g
r1168879.fit  4.98  1.64 0.082   163.0 from 607 sources of uvex_3119o r
r1168880.fit  5.38  1.78 0.050    90.2 from 156 sources of uvex_3119o U
r1168881.fit  4.61  1.52 0.078   119.3 from 524 sources of uvex_3119o g
r1168882.fit  4.97  1.64 0.067   134.1 from 218 sources of uvex_3120 r
r1168883.fit  5.91  1.95 0.057    80.3 from  48 sources of uvex_3120 U
r1168884.fit  5.17  1.71 0.047   104.2 from 129 sources of uvex_3120 g
r1168885.fit  4.83  1.59 0.096   137.7 from 193 sources of uvex_3120 r
r1168886.fit  4.42  1.46 0.042   141.8 from 227 sources of uvex_3120o r
r1168887.fit  5.70  1.88 0.055    87.5 from  46 sources of uvex_3120o U
r1168888.fit  4.92  1.62 0.076   101.9 from 131 sources of uvex_3120o g
r1168889.fit  5.04  1.66 0.075   142.5 from 268 sources of uvex_3121 r
r1168890.fit  5.70  1.88 0.040    87.4 from  68 sources of uvex_3121 U
r1168891.fit  5.15  1.70 0.052   104.2 from 184 sources of uvex_3121 g
r1168892.fit  5.44  1.80 0.080   144.2 from 250 sources of uvex_3121o r
r1168893.fit  5.57  1.84 0.057    89.3 from  76 sources of uvex_3121o U
r1168894.fit  4.66  1.54 0.040    99.1 from 208 sources of uvex_3121o g
r1168895.fit  4.83  1.59 0.062   135.3 from 576 sources of uvex_3122 r
r1168896.fit  5.23  1.73 0.041    87.6 from 143 sources of uvex_3122 U
r1168897.fit  5.11  1.69 0.064   107.8 from 418 sources of uvex_3122 g
r1168898.fit  4.99  1.65 0.075   140.4 from 586 sources of uvex_3122o r
r1168899.fit  5.74  1.89 0.040    88.4 from 114 sources of uvex_3122o U
r1168900.fit  4.88  1.61 0.054   105.3 from 472 sources of uvex_3122o g
r1168901.fit  4.60  1.52 0.088   147.3 from 306 sources of uvex_3129 r
r1168902.fit  5.23  1.73 0.066    73.6 from 120 sources of uvex_3129 U
r1168903.fit  4.91  1.62 0.086   117.5 from 224 sources of uvex_3129 g
r1168904.fit  4.60  1.52 0.097   150.3 from 293 sources of uvex_3129o r
r1168905.fit  5.18  1.71 0.057    92.6 from 107 sources of uvex_3129o U
r1168906.fit  4.58  1.51 0.065   118.4 from 240 sources of uvex_3129o g
r1168907.fit  4.42  1.46 0.094   154.9 from 495 sources of uvex_3130 r
r1168908.fit  5.13  1.69 0.058    89.0 from 109 sources of uvex_3130 U
r1168909.fit  4.28  1.41 0.084   119.7 from 369 sources of uvex_3130 g
r1168910.fit  4.49  1.48 0.085   133.6 from 485 sources of uvex_3130o r
r1168911.fit  5.42  1.79 0.044    82.2 from  89 sources of uvex_3130o U
r1168912.fit  4.63  1.53 0.060   114.8 from 336 sources of uvex_3130o g
r1168913.fit  3.92  1.29 0.080   135.8 from 378 sources of uvex_3131 r
r1168914.fit  5.17  1.71 0.062    92.0 from  64 sources of uvex_3131 U
r1168915.fit  4.83  1.59 0.062    99.8 from 189 sources of uvex_3131 g
r1168916.fit  4.25  1.40 0.095   132.5 from 362 sources of uvex_3131o r
r1168917.fit  6.17  2.04 0.076    90.6 from  46 sources of uvex_3131o U
r1168918.fit  4.28  1.41 0.065   112.4 from 249 sources of uvex_3131o g
r1168919.fit  3.88  1.28 0.064   141.4 from 793 sources of uvex_3132 r
r1168920.fit  4.98  1.64 0.042    94.0 from 148 sources of uvex_3132 U
r1168921.fit  4.74  1.56 0.052   106.8 from 445 sources of uvex_3132 g
r1168922.fit  4.41  1.46 0.058   149.3 from 660 sources of uvex_3132o r
r1168923.fit  4.95  1.63 0.050    95.7 from 157 sources of uvex_3132o U
r1168924.fit  4.76  1.57 0.041   107.5 from 477 sources of uvex_3132o g
r1168925.fit  5.10  1.68 0.035    75.5 from 171 sources of SA98-650 r
r1168926.fit  5.08  1.68 0.029    74.9 from 100 sources of SA98-650 U
r1168927.fit  4.03  1.33 0.055    65.5 from 169 sources of SA98-650 g
r1168928.fit  5.01  1.65 0.046    70.8 from 115 sources of RUBIN149B r
r1168929.fit  4.96  1.64 0.038    72.1 from  76 sources of RUBIN149B U
r1168930.fit  4.36  1.44 0.053    61.2 from 110 sources of RUBIN149B g
r1168931.fit  4.33  1.43 0.049   144.7 from 254 sources of uvex_3133 r
r1168932.fit  5.07  1.67 0.120    93.7 from  50 sources of uvex_3133 U
r1168933.fit  8.60  2.84 0.133   123.4 from   6 sources of uvex_3133 g
r1168934.fit  4.19  1.38 0.039   150.7 from   6 sources of uvex_3133o r
r1168935.fit  4.26  1.41 0.040   103.3 from   8 sources of uvex_3133o U
r1168936.fit  5.79  1.91 0.124   119.4 from  31 sources of uvex_3133o g
r1168937.fit  4.64  1.53 0.058   151.1 from 294 sources of uvex_3134 r
r1168938.fit  4.24  1.40 0.031    99.2 from   9 sources of uvex_3134 U
r1168939.fit  4.25  1.40 0.036   127.0 from   4 sources of uvex_3134 g
r1168940.fit  4.20  1.39 0.031   162.4 from   5 sources of uvex_3134o r
r1168941.fit  4.28  1.41 0.052   100.7 from   8 sources of uvex_3134o U
r1168942.fit  4.63  1.53 0.033   104.7 from 202 sources of uvex_3134o g
r1168943.fit  4.16  1.37 0.048   144.5 from 646 sources of uvex_3135 r
r1168944.fit  4.41  1.46 0.056    99.0 from 170 sources of uvex_3135 U
r1168945.fit  4.18  1.38 0.077   106.2 from 480 sources of uvex_3135 g
r1168946.fit  3.88  1.28 0.054   143.0 from 701 sources of uvex_3135o r
r1168947.fit  4.66  1.54 0.025    93.2 from 115 sources of uvex_3135o U
r1168948.fit  3.89  1.28 0.097   106.6 from 456 sources of uvex_3135o g
r1168949.fit  4.27  1.41 0.042   143.2 from 560 sources of uvex_3139 r
r1168950.fit  4.27  1.41 0.050    95.3 from 127 sources of uvex_3139 U
r1168951.fit  4.45  1.47 0.049   118.1 from 372 sources of uvex_3139 g
r1168952.fit  3.73  1.23 0.085   138.2 from 579 sources of uvex_3139o r
r1168953.fit  4.80  1.58 0.050    98.0 from 115 sources of uvex_3139o U
r1168954.fit  4.69  1.55 0.065   118.8 from 331 sources of uvex_3139o g
r1168955.fit  4.04  1.33 0.048   164.6 from 329 sources of uvex_3143 r
r1168956.fit  5.46  1.80 0.032    99.8 from  91 sources of uvex_3143 U
r1168957.fit  3.47  1.15 0.033   121.6 from 259 sources of uvex_3143 g
r1168958.fit  4.68  1.54 0.061   163.0 from 280 sources of uvex_3143o r
r1168959.fit  4.37  1.44 0.033    98.1 from 125 sources of uvex_3143o U
r1168960.fit  3.61  1.19 0.041   121.6 from 260 sources of uvex_3143o g
r1168961.fit  4.07  1.34 0.045   134.4 from 350 sources of uvex_3144 r
r1168962.fit  4.65  1.53 0.069   101.2 from  88 sources of uvex_3144 U
r1168963.fit  5.51  1.82 0.040   124.4 from 177 sources of uvex_3144 g
r1168964.fit  5.21  1.72 0.048   147.5 from 247 sources of uvex_3144o r
r1168965.fit  5.07  1.67 0.049    99.2 from  80 sources of uvex_3144o U
r1168966.fit  5.52  1.82 0.031   124.6 from 173 sources of uvex_3144o g
r1168967.fit  4.94  1.63 0.051   161.2 from 403 sources of uvex_3145 r
r1168968.fit  4.50  1.49 0.052    98.3 from 118 sources of uvex_3145 U
r1168969.fit  3.45  1.14 0.041   111.2 from 436 sources of uvex_3145 g
r1168970.fit  3.52  1.16 0.078   154.9 from 710 sources of uvex_3145o r
r1168971.fit  5.11  1.69 0.039    92.3 from 115 sources of uvex_3145o U
r1168972.fit  4.04  1.33 0.031   113.4 from 395 sources of uvex_3145o g
r1168973.fit  3.99  1.32 0.044   165.5 from 262 sources of uvex_3146 r
r1168974.fit  4.84  1.60 0.037    99.6 from  51 sources of uvex_3146 U
r1168975.fit  4.03  1.33 0.096   118.8 from 170 sources of uvex_3146 g
r1168976.fit  3.52  1.16 0.042   153.3 from 318 sources of uvex_3146o r
r1168977.fit  5.32  1.76 0.078   100.0 from  51 sources of uvex_3146o U
r1168978.fit  3.99  1.32 0.026   109.4 from 163 sources of uvex_3146o g
r1168979.fit  3.22  1.06 0.051   160.6 from 313 sources of uvex_3147 r
r1168980.fit  4.36  1.44 0.042   101.6 from  67 sources of uvex_3147 U
r1168981.fit  3.69  1.22 0.045   118.5 from 176 sources of uvex_3147 g
r1168982.fit  4.33  1.43 0.030   144.3 from 399 sources of uvex_3152 r
r1168983.fit  5.18  1.71 0.094   100.1 from  76 sources of uvex_3152 U
r1168984.fit  4.15  1.37 0.028   103.2 from 293 sources of uvex_3152 g
r1168985.fit  4.17  1.38 0.093   144.4 from 545 sources of uvex_3168 r
r1168986.fit  4.99  1.65 0.042    98.7 from 102 sources of uvex_3168 U
r1168987.fit  4.31  1.42 0.068   106.2 from 340 sources of uvex_3168 g
r1168988.fit  4.71  1.55 0.115   144.3 from 455 sources of uvex_3177 r
r1168989.fit  4.33  1.43 0.055    99.8 from 117 sources of uvex_3177 U
r1168990.fit  3.93  1.30 0.049   103.8 from 408 sources of uvex_3177 g
r1168991.fit  3.78  1.25 0.074   155.3 from 610 sources of uvex_3177o r
r1168992.fit  4.74  1.56 0.082    93.8 from 102 sources of uvex_3177o U
r1168993.fit  3.45  1.14 0.035   108.4 from 462 sources of uvex_3177o g
r1168994.fit  4.56  1.50 0.086   154.8 from 537 sources of uvex_3197o r
r1168995.fit  4.65  1.53 0.048    99.6 from 126 sources of uvex_3197o U
r1168996.fit  4.61  1.52 0.094   106.1 from 397 sources of uvex_3197o g
r1168997.fit  3.36  1.11 0.053   145.8 from 421 sources of uvex_3215 r
r1168998.fit  5.97  1.97 0.077    99.5 from  75 sources of uvex_3215 U
r1168999.fit  4.84  1.60 0.036   105.9 from 191 sources of uvex_3215 g
r1169000.fit  4.30  1.42 0.036   177.9 from 344 sources of uvex_3215o r
r1169001.fit  5.90  1.95 0.039    94.0 from  57 sources of uvex_3215o U
r1169002.fit  5.13  1.69 0.076   122.0 from 195 sources of uvex_3215o g
r1169003.fit  5.82  1.92 0.061   177.3 from 291 sources of uvex_3253o r
r1169004.fit  5.80  1.91 0.040    99.1 from  77 sources of uvex_3253o U
r1169005.fit  5.54  1.83 0.032   114.8 from 205 sources of uvex_3253o g
r1169006.fit  5.32  1.76 0.045   175.3 from 364 sources of uvex_3259 r
r1169007.fit  5.97  1.97 0.058    97.8 from  72 sources of uvex_3259 U
r1169008.fit  5.14  1.70 0.077   119.9 from 278 sources of uvex_3259 g
r1169009.fit  4.81  1.59 0.035   179.8 from 417 sources of uvex_3259o r
r1169010.fit  6.46  2.13 0.034   100.1 from  64 sources of uvex_3259o U
r1169011.fit  4.62  1.52 0.098   117.9 from 306 sources of uvex_3259o g
r1169012.fit  3.51  1.16 0.033   166.8 from 659 sources of uvex_3261 r
r1169013.fit  5.24  1.73 0.111    98.3 from 108 sources of uvex_3261 U
r1169014.fit  4.23  1.40 0.087   111.0 from 409 sources of uvex_3261 g
r1169015.fit  4.32  1.43 0.051   183.6 from 497 sources of uvex_3261o r
r1169016.fit  4.85  1.60 0.077   100.9 from 104 sources of uvex_3261o U
r1169017.fit  3.83  1.26 0.035   115.3 from 425 sources of uvex_3261o g
r1169018.fit  4.46  1.47 0.040   175.6 from 523 sources of uvex_3265 r
r1169019.fit  5.60  1.85 0.095    92.7 from 101 sources of uvex_3265 U
r1169020.fit  4.29  1.42 0.056   104.9 from 442 sources of uvex_3265 g
r1169021.fit  5.00  1.65 0.030    76.4 from  99 sources of RUBIN149B r
r1169022.fit  5.45  1.80 0.052    73.0 from  69 sources of RUBIN149B U
r1169023.fit  5.38  1.78 0.035    60.4 from  89 sources of RUBIN149B g
r1169024.fit  5.76  1.90 0.110    88.9 from  26 sources of GD108 r
r1169025.fit  6.25  2.06 0.041    70.9 from  14 sources of GD108 U
r1169026.fit  5.95  1.96 0.068    67.5 from  18 sources of GD108 g
r1169027.fit  5.63  1.86 0.116   433.2 from  51 sources of P67 r
r1169028.fit  7.46  2.46 0.088   221.6 from  31 sources of P67 B
r1169029.fit  1.08  0.36 0.073  3338.8 from  15 sources of P67 r 460
r1169030.fit  4.20  1.39 0.092  3368.3 from  24 sources of P67 r 460
r1169031.fit  4.21  1.39 0.059  3286.1 from  31 sources of P67 r 460
r1169032.fit  0.75  0.25 0.094  1405.3 from  14 sources of P67 B 460
r1169033.fit  0.97  0.32 0.088  1375.9 from  16 sources of P67 B 460
r1169034.fit  1.25  0.41 0.105  1365.7 from  20 sources of P67 B 460
r1169035.fit  5.50  1.82 0.054   217.5 from  19 sources of SA104 B
r1169036.fit  5.75  1.90 0.094   241.0 from  25 sources of SA104 B
r1169037.fit  4.21  1.39 0.060   289.3 from  49 sources of SA104 r
r1169038.fit  5.31  1.75 0.072   408.3 from  61 sources of SA104 r
