r1098868.fit is not a target (FOCUS)
r1098869.fit is not a target (FOCUS)
r1098870.fit  3.74  1.23 0.049    95.9 from  65 sources of HZ4 r
r1098871.fit  4.51  1.49 0.031    89.4 from  32 sources of HZ4 U
r1098872.fit  4.21  1.39 0.038    77.9 from  50 sources of HZ4 g
r1098873.fit  4.32  1.43 0.044    70.5 from  21 sources of HZ4 r
r1098874.fit  4.58  1.51 0.047    69.1 from   8 sources of HZ4 U
r1098875.fit  4.10  1.35 0.057    62.5 from  24 sources of HZ4 g
r1098876.fit  5.38  1.78 0.024    63.1 from   7 sources of HZ4 r
r1098877.fit  4.29  1.42 0.081    66.8 from   4 sources of HZ4 U
r1098878.fit  7.18  2.37 0.032    88.3 from   1 sources of HZ4 g
r1098879.fit  5.99  1.98 0.031    86.2 from  22 sources of GD50 r
r1098880.fit  6.10  2.01 0.046    69.9 from  12 sources of GD50 U
r1098881.fit  5.37  1.77 0.036    69.6 from  24 sources of GD50 g
r1098882.fit  6.01  1.98 0.068    84.8 from  21 sources of GD50 r
r1098883.fit  6.22  2.05 0.030    65.7 from  12 sources of GD50 U
r1098884.fit  4.36  1.44 0.066    68.1 from  25 sources of GD50 g
r1098885.fit  3.79  1.25 0.050   129.0 from 524 sources of uvex_2553 r
r1098886.fit  5.06  1.67 0.034    85.6 from  58 sources of uvex_2553 U
r1098887.fit  4.93  1.63 0.036   100.1 from 259 sources of uvex_2553 g
r1098888.fit  4.24  1.40 0.032   139.0 from 434 sources of uvex_2553o r
r1098889.fit  5.19  1.71 0.034    83.8 from  64 sources of uvex_2553o U
r1098890.fit  3.23  1.07 0.049   100.2 from 521 sources of uvex_2553o g
r1098891.fit  3.88  1.28 0.086    95.2 from 395 sources of uvex_2556 r
r1098892.fit  4.47  1.48 0.042    76.4 from  85 sources of uvex_2556 U
r1098893.fit  5.21  1.72 0.082    80.0 from 183 sources of uvex_2556 g
r1098894.fit  3.79  1.25 0.078   117.4 from 433 sources of uvex_2556o r
r1098895.fit  4.86  1.60 0.036    74.6 from  70 sources of uvex_2556o U
r1098896.fit  3.94  1.30 0.061    88.0 from 277 sources of uvex_2556o g
r1098897.fit  3.81  1.26 0.066   119.0 from 468 sources of uvex_2558 r
r1098898.fit  4.67  1.54 0.045    84.8 from  83 sources of uvex_2558 U
r1098899.fit  4.54  1.50 0.046    97.6 from 280 sources of uvex_2558 g
r1098900.fit  5.56  1.83 0.029   139.1 from 279 sources of uvex_2558o r
r1098901.fit  5.40  1.78 0.033    86.5 from  57 sources of uvex_2558o U
r1098902.fit  4.38  1.45 0.053   103.9 from 298 sources of uvex_2558o g
r1098903.fit  3.87  1.28 0.053   126.3 from 408 sources of uvex_2560 r
r1098904.fit  4.59  1.51 0.044    91.3 from  84 sources of uvex_2560 U
r1098905.fit  4.08  1.35 0.038   109.2 from 256 sources of uvex_2560 g
r1098906.fit  3.86  1.27 0.059   143.5 from 443 sources of uvex_2560o r
r1098907.fit  4.60  1.52 0.034    86.9 from  84 sources of uvex_2560o U
r1098908.fit  5.85  1.93 0.057    99.0 from 187 sources of uvex_2560o g
r1098909.fit  5.02  1.66 0.029   149.0 from 470 sources of uvex_2561 r
r1098910.fit  4.85  1.60 0.032    94.6 from 112 sources of uvex_2561 U
r1098911.fit  4.78  1.58 0.050   105.2 from 401 sources of uvex_2561 g
r1098912.fit  3.69  1.22 0.044   154.8 from 733 sources of uvex_2561o r
r1098913.fit  4.60  1.52 0.037    92.0 from 113 sources of uvex_2561o U
r1098914.fit  3.85  1.27 0.043   104.3 from 548 sources of uvex_2561o g
r1098915.fit  3.84  1.27 0.050   158.0 from 418 sources of uvex_2564 r
r1098916.fit  5.37  1.77 0.030    93.6 from  55 sources of uvex_2564 U
r1098917.fit  4.47  1.48 0.035   108.5 from 205 sources of uvex_2564 g
r1098918.fit  5.23  1.73 0.063   147.8 from 288 sources of uvex_2564o r
r1098919.fit  5.37  1.77 0.031    83.4 from  71 sources of uvex_2564o U
r1098920.fit  5.54  1.83 0.029   100.6 from 142 sources of uvex_2564o g
r1098921.fit  4.12  1.36 0.057   147.6 from 525 sources of uvex_2569 r
r1098922.fit  7.04  2.32 0.127    92.0 from  94 sources of uvex_2569 U
r1098923.fit  5.11  1.69 0.039   112.2 from 298 sources of uvex_2569 g
r1098924.fit  4.73  1.56 0.029   157.1 from 468 sources of uvex_2569o r
r1098925.fit  5.13  1.69 0.026    91.7 from 141 sources of uvex_2569o U
r1098926.fit  4.71  1.55 0.034   110.3 from 351 sources of uvex_2569o g
r1098927.fit  4.23  1.40 0.034   140.6 from 576 sources of uvex_2570 r
r1098928.fit  6.10  2.01 0.044    93.0 from  57 sources of uvex_2570 U
r1098929.fit  4.84  1.60 0.034    98.9 from 343 sources of uvex_2570 g
r1098930.fit  5.39  1.78 0.046   155.5 from 354 sources of uvex_2570o r
r1098931.fit  5.89  1.94 0.018    89.9 from  66 sources of uvex_2570o U
r1098932.fit  4.50  1.49 0.037   105.8 from 371 sources of uvex_2570o g
r1098933.fit  6.31  2.08 0.040   162.0 from 217 sources of uvex_2572 r
r1098934.fit  6.30  2.08 0.024    93.4 from  51 sources of uvex_2572 U
r1098935.fit  5.70  1.88 0.035   107.9 from 183 sources of uvex_2572 g
r1098936.fit  5.35  1.77 0.046   154.9 from 289 sources of uvex_2572o r
r1098937.fit  5.83  1.92 0.036    91.8 from  57 sources of uvex_2572o U
r1098938.fit  6.72  2.22 0.043   111.6 from 131 sources of uvex_2572o g
r1098939.fit  4.17  1.38 0.049   158.9 from 437 sources of uvex_2575 r
r1098940.fit  6.45  2.13 0.034    91.1 from  47 sources of uvex_2575 U
r1098941.fit  4.55  1.50 0.031   106.5 from 263 sources of uvex_2575 g
r1098942.fit  5.69  1.88 0.049   163.4 from 271 sources of uvex_2575o r
r1098943.fit  5.36  1.77 0.031    94.7 from  60 sources of uvex_2575o U
r1098944.fit  5.86  1.93 0.051   107.3 from 183 sources of uvex_2575o g
r1098945.fit  4.93  1.63 0.034   156.7 from 427 sources of uvex_2577 r
r1098946.fit  5.09  1.68 0.040    88.1 from  88 sources of uvex_2577 U
r1098947.fit  4.05  1.34 0.037   102.9 from 523 sources of uvex_2577 g
r1098948.fit  4.16  1.37 0.042   162.2 from 569 sources of uvex_2577o r
r1098949.fit  5.07  1.67 0.027    89.4 from  85 sources of uvex_2577o U
r1098950.fit  5.32  1.76 0.050   105.4 from 322 sources of uvex_2577o g
r1098951.fit  4.09  1.35 0.039   141.5 from 448 sources of uvex_2578 r
r1098952.fit  6.32  2.09 0.037    92.1 from  40 sources of uvex_2578 U
r1098953.fit  3.86  1.27 0.043   107.8 from 345 sources of uvex_2578 g
r1098954.fit  4.94  1.63 0.048   161.2 from 352 sources of uvex_2578o r
r1098955.fit  5.80  1.91 0.030    88.1 from  48 sources of uvex_2578o U
r1098956.fit  3.99  1.32 0.038   101.6 from 333 sources of uvex_2578o g
r1098957.fit  4.95  1.63 0.028   159.9 from 317 sources of uvex_2583 r
r1098958.fit  5.07  1.67 0.033    90.2 from  92 sources of uvex_2583 U
r1098959.fit  4.31  1.42 0.040   106.3 from 265 sources of uvex_2583 g
r1098960.fit  4.24  1.40 0.041   166.4 from 396 sources of uvex_2583o r
r1098961.fit  5.16  1.70 0.038    90.9 from  90 sources of uvex_2583o U
r1098962.fit  5.17  1.71 0.055   108.2 from 202 sources of uvex_2583o g
r1098963.fit  4.70  1.55 0.054   163.0 from 256 sources of uvex_2586 r
r1098964.fit  5.22  1.72 0.044    88.6 from  51 sources of uvex_2586 U
r1098965.fit  3.96  1.31 0.031    96.7 from 224 sources of uvex_2586 g
r1098966.fit  4.02  1.33 0.023   162.6 from 298 sources of uvex_2586o r
r1098967.fit  5.35  1.77 0.040    90.5 from  52 sources of uvex_2586o U
r1098968.fit  5.17  1.71 0.052    98.5 from 140 sources of uvex_2586o g
r1098969.fit  4.65  1.53 0.051    65.0 from 115 sources of Rubin149B r
r1098970.fit  5.23  1.73 0.023    67.7 from  66 sources of Rubin149B U
r1098971.fit  5.78  1.91 0.045    56.0 from  86 sources of Rubin149B g
r1098972.fit  4.48  1.48 0.049   150.4 from 527 sources of uvex_3555 r
r1098973.fit  4.94  1.63 0.028    84.5 from  78 sources of uvex_3555 U
r1098974.fit  4.43  1.46 0.042   100.0 from 394 sources of uvex_3555 g
r1098975.fit  3.94  1.30 0.063   165.1 from 635 sources of uvex_3555o r
r1098976.fit  4.87  1.61 0.033    87.2 from  78 sources of uvex_3555o U
r1098977.fit  4.67  1.54 0.043   104.6 from 337 sources of uvex_3555o g
r1098978.fit  4.69  1.55 0.042   167.3 from 538 sources of uvex_3556 r
r1098979.fit  5.92  1.95 0.031    91.0 from  70 sources of uvex_3556 U
r1098980.fit  6.12  2.02 0.054   107.8 from 281 sources of uvex_3556 g
r1098981.fit  5.99  1.98 0.034   161.9 from 383 sources of uvex_3556o r
r1098982.fit  6.12  2.02 0.048    89.6 from  69 sources of uvex_3556o U
r1098983.fit  4.62  1.52 0.049    95.2 from 446 sources of uvex_3556o g
r1098984.fit  5.91  1.95 0.080   161.7 from 402 sources of uvex_3558 r
r1098985.fit  6.04  1.99 0.043    91.7 from  68 sources of uvex_3558 U
r1098986.fit  5.38  1.78 0.045   103.3 from 405 sources of uvex_3558 g
r1098987.fit  5.75  1.90 0.076   165.5 from 411 sources of uvex_3558o r
r1098988.fit  5.69  1.88 0.037    87.9 from  77 sources of uvex_3558o U
r1098989.fit  4.26  1.41 0.041   103.8 from 542 sources of uvex_3558o g
r1098990.fit  3.96  1.31 0.045   173.1 from 258 sources of uvex_3562 r
r1098991.fit  6.83  2.25 0.045    88.1 from  39 sources of uvex_3562 U
r1098992.fit  4.71  1.55 0.028   102.3 from 134 sources of uvex_3562 g
r1098993.fit  5.63  1.86 0.065   179.1 from 142 sources of uvex_3562o r
r1098994.fit  6.56  2.16 0.035    90.5 from  29 sources of uvex_3562o U
r1098995.fit  5.82  1.92 0.069   107.7 from  85 sources of uvex_3562o g
r1098996.fit  5.15  1.70 0.064   180.7 from 178 sources of uvex_3564 r
r1098997.fit  5.75  1.90 0.029    92.8 from  28 sources of uvex_3564 U
r1098998.fit  6.04  1.99 0.075   105.1 from  76 sources of uvex_3564 g
r1098999.fit  5.12  1.69 0.053   171.7 from 198 sources of uvex_3564o r
r1099000.fit  4.92  1.62 0.033    92.7 from  40 sources of uvex_3564o U
r1099001.fit  4.61  1.52 0.063    99.2 from 137 sources of uvex_3564o g
r1099002.fit  5.95  1.96 0.065   179.7 from 374 sources of uvex_3565 r
r1099003.fit  5.74  1.89 0.045   100.2 from  74 sources of uvex_3565 U
r1099004.fit  5.26  1.74 0.049   116.9 from 301 sources of uvex_3565 g
r1099005.fit  4.32  1.43 0.052   186.1 from 519 sources of uvex_3565o r
r1099006.fit  5.67  1.87 0.035   106.3 from  80 sources of uvex_3565o U
r1099007.fit  4.85  1.60 0.046   134.0 from 330 sources of uvex_3565o g
r1099008.fit  4.27  1.41 0.044   203.6 from 537 sources of uvex_3566 r
r1099009.fit  5.49  1.81 0.053   122.5 from  88 sources of uvex_3566 U
r1099010.fit  4.84  1.60 0.038   182.7 from 363 sources of uvex_3566 g
r1099011.fit  3.84  1.27 0.070   250.9 from 636 sources of uvex_3566o r
r1099012.fit  5.68  1.87 0.042   167.0 from  93 sources of uvex_3566o U
r1099013.fit  6.51  2.15 0.068   320.3 from 260 sources of uvex_3566o g
r1099014.fit  4.58  1.51 0.060  3477.6 from  33 sources of GD108 r
r1099015.fit  5.21  1.72 0.057  2957.5 from  15 sources of GD108 U
r1099016.fit  4.99  1.65 0.047  5859.7 from  19 sources of GD108 g
r1099017.fit is not a target (SKY)
r1099018.fit is not a target (SKY)
r1099019.fit is not a target (SKY)
r1099020.fit is not a target (SKY)
r1099021.fit is not a target (SKY)
r1099022.fit is not a target (SKY)
r1099023.fit is not a target (SKY)
r1099024.fit is not a target (BIAS)
r1099025.fit is not a target (BIAS)
r1099026.fit is not a target (BIAS)
r1099027.fit is not a target (BIAS)
r1099028.fit is not a target (BIAS)
r1099029.fit is not a target (BIAS)
r1099030.fit is not a target (BIAS)
r1099031.fit is not a target (BIAS)
r1099032.fit is not a target (BIAS)
r1099033.fit is not a target (BIAS)
r1099034.fit is not a target (BIAS)
r1099035.fit is not a target (BIAS)
