r1169434.fit is not a target (BIAS)
r1169435.fit is not a target (BIAS)
r1169436.fit is not a target (BIAS)
r1169437.fit is not a target (BIAS)
r1169438.fit is not a target (BIAS)
r1169439.fit is not a target (BIAS)
r1169440.fit is not a target (BIAS)
r1169441.fit is not a target (BIAS)
r1169442.fit is not a target (BIAS)
r1169443.fit is not a target (BIAS)
r1169444.fit is not a target (BIAS)
r1169445.fit is not a target (BIAS)
r1169446.fit is not a target (BIAS)
r1169447.fit is not a target (BIAS)
r1169448.fit is not a target (BIAS)
r1169449.fit is not a target (BIAS)
r1169450.fit is not a target (BIAS)
r1169451.fit is not a target (BIAS)
r1169452.fit is not a target (BIAS)
r1169453.fit is not a target (BIAS)
r1169454.fit is not a target (BIAS)
r1169455.fit is not a target (BIAS)
r1169456.fit is not a target (BIAS)
r1169457.fit is not a target (BIAS)
r1169458.fit is not a target (BIAS)
r1169459.fit is not a target (BIAS)
r1169460.fit is not a target (BIAS)
r1169461.fit is not a target (BIAS)
r1169462.fit is not a target (BIAS)
r1169463.fit is not a target (BIAS)
r1169464.fit is not a target (BIAS)
r1169465.fit is not a target (BIAS)
r1169466.fit  9.28  3.06 0.031 58066.4 from   1 sources of WFCBLANK2
r1169467.fit no objects found
r1169468.fit  7.37  2.43 0.074 19278.6 from   5 sources of WFCBLANK2
r1169469.fit  7.69  2.54 0.070 20076.5 from   5 sources of WFCBLANK2
r1169470.fit  7.06  2.33 0.053 18679.7 from   9 sources of WFCBLANK2
r1169471.fit  8.39  2.77 0.045 16473.1 from   9 sources of WFCBLANK2
r1169472.fit  8.21  2.71 0.035  9965.3 from  15 sources of WFCBLANK2
r1169473.fit  7.18  2.37 0.033 11735.3 from  39 sources of WFCBLANK2
r1169474.fit  7.78  2.57 0.043 15281.5 from  64 sources of WFCBLANK2
r1169475.fit  8.17  2.70 0.063 15380.3 from  80 sources of WFCBLANK2
r1169476.fit  7.46  2.46 0.064 30515.2 from  79 sources of WFCBLANK2
r1169477.fit  7.29  2.41 0.051 14835.0 from  45 sources of WFCBLANK2
r1169478.fit  6.02  1.99 0.039  7735.0 from  81 sources of WFCBLANK2
r1169479.fit  6.29  2.08 0.043  9229.2 from 111 sources of WFCBLANK2
r1169480.fit is not a target (FOCUS)
r1169481.fit is not a target (FOCUS)
r1169482.fit  5.37  1.77 0.024   356.5 from  79 sources of GD248 r
r1169483.fit  6.37  2.10 0.046   351.4 from  75 sources of GD248 i
r1169484.fit  5.93  1.96 0.031   184.6 from  54 sources of GD248 Ha
r1169485.fit  7.57  2.50 0.043    99.7 from  14 sources of FEIGE22 Ha
r1169486.fit  6.55  2.16 0.027   102.3 from  13 sources of FEIGE22 i
r1169487.fit  6.80  2.24 0.033   126.2 from  11 sources of FEIGE22 r
r1169488.fit  5.96  1.97 0.059   189.5 from 196 sources of NGC7635 r
r1169489.fit  7.76  2.56 0.047    66.7 from  13 sources of NGC7635 Ha
r1169490.fit  6.70  2.21 0.037   140.9 from 114 sources of NGC7635 Ha
r1169491.fit  6.74  2.22 0.062    60.5 from  16 sources of NGC7635off Ha
r1169492.fit  7.63  2.52 0.038   143.3 from  92 sources of NGC7635off Ha
r1169493.fit  5.08  1.68 0.046   189.1 from 227 sources of NGC7635off r
r1169494.fit  4.41  1.46 0.046   160.2 from 313 sources of NGC7635off i
r1169495.fit  4.63  1.53 0.058   141.6 from 315 sources of NGC7635 i
r1169496.fit  4.52  1.49 0.052   153.4 from 289 sources of NGC7635off2 i
r1169497.fit  4.98  1.64 0.072   187.5 from 229 sources of NGC7635off2 r
r1169498.fit  3.81  1.26 0.062    67.5 from  28 sources of NGC7635off2 Ha
r1169499.fit  4.59  1.51 0.061   142.7 from 213 sources of NGC7635off2 Ha
r1169500.fit  4.04  1.33 0.035    64.6 from  33 sources of NGC7635 Ha
r1169501.fit  4.90  1.62 0.041   135.4 from 210 sources of NGC7635 Ha
r1169502.fit  4.73  1.56 0.052  1181.3 from 1428 sources of NGC7635 r
r1169503.fit  4.45  1.47 0.051   184.9 from 297 sources of NGC7635 r
r1169504.fit  4.81  1.59 0.045    61.8 from  24 sources of NGC7635off Ha
r1169505.fit  5.10  1.68 0.038   146.7 from 178 sources of NGC7635off Ha
r1169506.fit  5.56  1.83 0.054    45.0 from  20 sources of SA95-271 Ha
r1169507.fit  4.97  1.64 0.068    58.2 from  26 sources of SA95-271 i
r1169508.fit  4.87  1.61 0.052    73.6 from  23 sources of SA95-271 r
r1169509.fit  5.28  1.74 0.077    79.3 from  94 sources of intphas_1861o Ha
r1169510.fit  5.75  1.90 0.092   263.9 from 187 sources of intphas_1861o r
r1169511.fit  4.35  1.44 0.100   118.0 from 239 sources of intphas_1861o i
r1169512.fit  5.32  1.76 0.056    77.4 from 127 sources of intphas_1863 Ha
r1169513.fit  5.29  1.75 0.072   265.3 from 332 sources of intphas_1863 r
r1169514.fit  5.86  1.93 0.082   154.9 from 222 sources of intphas_1863 i
r1169515.fit  5.72  1.89 0.062    76.8 from 111 sources of intphas_1863o Ha
r1169516.fit  5.50  1.82 0.064   255.9 from 271 sources of intphas_1863o r
r1169517.fit  5.35  1.77 0.099   152.0 from 223 sources of intphas_1863o i
r1169518.fit  4.91  1.62 0.086    65.2 from 116 sources of intphas_1864 Ha
r1169519.fit  4.92  1.62 0.096   258.8 from 246 sources of intphas_1864 r
r1169520.fit  4.06  1.34 0.065   135.0 from 263 sources of intphas_1864 i
r1169521.fit  4.65  1.53 0.085    76.5 from 108 sources of intphas_1864o Ha
r1169522.fit  6.12  2.02 0.066   253.4 from 172 sources of intphas_1864o r
r1169523.fit  5.81  1.92 0.074   148.5 from 143 sources of intphas_1864o i
r1169524.fit  5.67  1.87 0.052    77.9 from  43 sources of intphas_1868 Ha
r1169525.fit  5.58  1.84 0.107   249.4 from 131 sources of intphas_1868 r
r1169526.fit  5.60  1.85 0.113   149.3 from 123 sources of intphas_1868 i
r1169527.fit  5.16  1.70 0.082    82.0 from  59 sources of intphas_1868o Ha
r1169528.fit  5.02  1.66 0.073   245.1 from 152 sources of intphas_1868o r
r1169529.fit  4.16  1.37 0.099   150.4 from 166 sources of intphas_1868o i
r1169530.fit  4.67  1.54 0.068    75.7 from 100 sources of intphas_1869 Ha
r1169531.fit  4.98  1.64 0.036   200.2 from 222 sources of intphas_1869 r
r1169532.fit  5.11  1.69 0.074   144.4 from 179 sources of intphas_1869 i
r1169533.fit  4.84  1.60 0.031    77.1 from  95 sources of intphas_1869o Ha
r1169534.fit  5.16  1.70 0.042   213.3 from 235 sources of intphas_1869o r
r1169535.fit  4.31  1.42 0.075   125.0 from 266 sources of intphas_1869o i
r1169536.fit  4.95  1.63 0.047    76.8 from  85 sources of intphas_1870 Ha
r1169537.fit  5.40  1.78 0.063   241.8 from 187 sources of intphas_1870 r
r1169538.fit  5.10  1.68 0.097   139.2 from 186 sources of intphas_1870 i
r1169539.fit  5.16  1.70 0.031    76.4 from  70 sources of intphas_1870o Ha
r1169540.fit  5.29  1.75 0.051   239.4 from 166 sources of intphas_1870o r
r1169541.fit  4.65  1.53 0.053   138.5 from 184 sources of intphas_1870o i
r1169542.fit  4.96  1.64 0.067    75.3 from 102 sources of intphas_1872 Ha
r1169543.fit  5.04  1.66 0.053   231.4 from 281 sources of intphas_1872 r
r1169544.fit  4.33  1.43 0.074   113.4 from 281 sources of intphas_1872 i
r1169545.fit  4.49  1.48 0.064    69.4 from 130 sources of intphas_1872o Ha
r1169546.fit  4.42  1.46 0.088   238.8 from 323 sources of intphas_1872o r
r1169547.fit  4.51  1.49 0.069   126.7 from 280 sources of intphas_1872o i
r1169548.fit  4.88  1.61 0.052    75.8 from  98 sources of intphas_1874 Ha
r1169549.fit  4.76  1.57 0.038   240.5 from 320 sources of intphas_1874 r
r1169550.fit  4.29  1.42 0.071   133.7 from 331 sources of intphas_1874 i
r1169551.fit  4.62  1.52 0.031   113.4 from 144 sources of intphas_1874o Ha
r1169552.fit  4.78  1.58 0.043   265.8 from 340 sources of intphas_1874o r
r1169553.fit  4.13  1.36 0.043   166.9 from 313 sources of intphas_1874o i
r1169554.fit  4.72  1.56 0.099    76.2 from 174 sources of intphas_2736 Ha
r1169555.fit  5.11  1.69 0.067   235.3 from 442 sources of intphas_2736 r
r1169556.fit  4.45  1.47 0.090   141.2 from 380 sources of intphas_2736 i
r1169557.fit  4.72  1.56 0.066    75.6 from 181 sources of intphas_2736o Ha
r1169558.fit  5.06  1.67 0.081   244.6 from 446 sources of intphas_2736o r
r1169559.fit  4.30  1.42 0.093   135.2 from 394 sources of intphas_2736o i
r1169560.fit  4.68  1.54 0.067    76.3 from 126 sources of intphas_2737 Ha
r1169561.fit  5.00  1.65 0.092   240.8 from 326 sources of intphas_2737 r
r1169562.fit  4.66  1.54 0.105   113.9 from 256 sources of intphas_2737 i
r1169563.fit  4.82  1.59 0.092    77.0 from 138 sources of intphas_2737o Ha
r1169564.fit  4.53  1.49 0.087   184.6 from 354 sources of intphas_2737o r
r1169565.fit  4.40  1.45 0.081   126.1 from 320 sources of intphas_2737o i
r1169566.fit  4.95  1.63 0.080    71.9 from 169 sources of intphas_2738 Ha
r1169567.fit  5.74  1.89 0.109   239.1 from 317 sources of intphas_2738 r
r1169568.fit  4.14  1.37 0.070   130.6 from 397 sources of intphas_2738 i
r1169569.fit  4.95  1.63 0.105    74.6 from 160 sources of intphas_2738o Ha
r1169570.fit  4.92  1.62 0.074   222.7 from 385 sources of intphas_2738o r
r1169571.fit  4.48  1.48 0.069   135.4 from 344 sources of intphas_2738o i
r1169572.fit  4.84  1.60 0.077    87.2 from 152 sources of intphas_2740 Ha
r1169573.fit  5.07  1.67 0.095   232.5 from 333 sources of intphas_2740 r
r1169574.fit  4.45  1.47 0.099   112.5 from 270 sources of intphas_2740 i
r1169575.fit  5.39  1.78 0.078    84.2 from 137 sources of intphas_2740o Ha
r1169576.fit  5.04  1.66 0.073   239.4 from 348 sources of intphas_2740o r
r1169577.fit  4.86  1.60 0.085   133.2 from 283 sources of intphas_2740o i
r1169578.fit  4.97  1.64 0.081    81.8 from 156 sources of intphas_2743 Ha
r1169579.fit  4.73  1.56 0.065   229.1 from 364 sources of intphas_2743 r
r1169580.fit  4.43  1.46 0.087   133.1 from 301 sources of intphas_2743 i
r1169581.fit  4.50  1.49 0.090    77.6 from 214 sources of intphas_2749 Ha
r1169582.fit  4.63  1.53 0.100   187.2 from 455 sources of intphas_2749 r
r1169583.fit  3.85  1.27 0.069   121.3 from 472 sources of intphas_2749 i
r1169584.fit  5.09  1.68 0.128    82.1 from 140 sources of intphas_2760 Ha
r1169585.fit  5.08  1.68 0.080   175.3 from 445 sources of intphas_2760 r
r1169586.fit  4.63  1.53 0.074   114.9 from 380 sources of intphas_2760 i
r1169587.fit  4.42  1.46 0.077    90.6 from 204 sources of intphas_2760o Ha
r1169588.fit  4.18  1.38 0.060   217.7 from 619 sources of intphas_2760o r
r1169589.fit  4.35  1.44 0.097   113.2 from 402 sources of intphas_2760o i
r1169590.fit  4.42  1.46 0.102    71.9 from 162 sources of intphas_2761 Ha
r1169591.fit  4.95  1.63 0.061   243.3 from 339 sources of intphas_2761 r
r1169592.fit  4.20  1.39 0.078   121.2 from 344 sources of intphas_2761 i
r1169593.fit  4.69  1.55 0.062    84.0 from 168 sources of intphas_2761o Ha
r1169594.fit  5.26  1.74 0.091   230.9 from 381 sources of intphas_2761o r
r1169595.fit  5.42  1.79 0.059   128.1 from 253 sources of intphas_2761o i
r1169596.fit  4.98  1.64 0.080    68.6 from 100 sources of intphas_2762 Ha
r1169597.fit  4.27  1.41 0.085   206.0 from 337 sources of intphas_2762 r
r1169598.fit  3.74  1.23 0.070   112.0 from 339 sources of intphas_2762 i
r1169599.fit  4.19  1.38 0.081    77.9 from 130 sources of intphas_2762o Ha
r1169600.fit  3.80  1.25 0.105   178.0 from 322 sources of intphas_2762o r
r1169601.fit  3.95  1.30 0.078   101.0 from 274 sources of intphas_2762o i
r1169602.fit  4.95  1.63 0.116    71.1 from 163 sources of intphas_2763 Ha
r1169603.fit  4.12  1.36 0.086   202.9 from 544 sources of intphas_2763 r
r1169604.fit  4.75  1.57 0.082   120.7 from 331 sources of intphas_2763 i
r1169605.fit  4.43  1.46 0.091    75.2 from 216 sources of intphas_2763o Ha
r1169606.fit  4.32  1.43 0.073   204.5 from 567 sources of intphas_2763o r
r1169607.fit  4.29  1.42 0.056   109.9 from 421 sources of intphas_2763o i
r1169608.fit  5.94  1.96 0.090    81.8 from 101 sources of intphas_3136 Ha
r1169609.fit  5.04  1.66 0.068   219.6 from 282 sources of intphas_3136 r
r1169610.fit  4.59  1.51 0.080   110.7 from 281 sources of intphas_3136 i
r1169611.fit  6.09  2.01 0.043    80.4 from  92 sources of intphas_3136o Ha
r1169612.fit  7.03  2.32 0.055   236.9 from 189 sources of intphas_3136o r
r1169613.fit  4.78  1.58 0.064   150.2 from 246 sources of intphas_3136o i
r1169614.fit  5.29  1.75 0.108    69.5 from 182 sources of intphas_3138 Ha
r1169615.fit  4.34  1.43 0.075   193.4 from 627 sources of intphas_3138 r
r1169616.fit  3.95  1.30 0.097    89.7 from 491 sources of intphas_3138 i
r1169617.fit  4.62  1.52 0.054    72.5 from 143 sources of intphas_3143 Ha
r1169618.fit  4.68  1.54 0.076   220.8 from 279 sources of intphas_3143 r
r1169619.fit  4.19  1.38 0.076   117.0 from 258 sources of intphas_3143 i
r1169620.fit  4.76  1.57 0.091    69.5 from 156 sources of intphas_3143o Ha
r1169621.fit  4.09  1.35 0.088   216.9 from 305 sources of intphas_3143o r
r1169622.fit  4.31  1.42 0.103   101.3 from 247 sources of intphas_3143o i
r1169623.fit  5.28  1.74 0.074    60.9 from 125 sources of intphas_3144 Ha
r1169624.fit  4.55  1.50 0.074   217.5 from 320 sources of intphas_3144 r
r1169625.fit  5.60  1.85 0.045   107.2 from 188 sources of intphas_3144 i
r1169626.fit  5.60  1.85 0.059    70.3 from 114 sources of intphas_3144o Ha
r1169627.fit  5.26  1.74 0.055   210.8 from 247 sources of intphas_3144o r
r1169628.fit  4.68  1.54 0.078   123.5 from 256 sources of intphas_3144o i
r1169629.fit  6.21  2.05 0.038    61.5 from 121 sources of intphas_3145 Ha
r1169630.fit  7.29  2.41 0.047   201.3 from 237 sources of intphas_3145 r
r1169631.fit  6.58  2.17 0.039   110.3 from 189 sources of intphas_3145 i
r1169632.fit  8.87  2.93 0.038    63.0 from  39 sources of intphas_3146 Ha
r1169633.fit  8.23  2.72 0.048   206.3 from 100 sources of intphas_3146 r
r1169634.fit  7.67  2.53 0.031   122.7 from  92 sources of intphas_3146 i
r1169635.fit  8.12  2.68 0.046    61.6 from  46 sources of intphas_3146o Ha
r1169636.fit  6.71  2.21 0.037   205.2 from 132 sources of intphas_3146o r
r1169637.fit  4.72  1.56 0.040    96.8 from 194 sources of intphas_3146o i
r1169638.fit  5.42  1.79 0.043    53.3 from  91 sources of intphas_3147 Ha
r1169639.fit  7.45  2.46 0.039   184.6 from 126 sources of intphas_3147 r
r1169640.fit  5.47  1.81 0.050   100.9 from 173 sources of intphas_3147 i
r1169641.fit  6.88  2.27 0.070    60.8 from  61 sources of intphas_3147o Ha
r1169642.fit  7.65  2.52 0.065   173.0 from 108 sources of intphas_3147o r
r1169643.fit  7.12  2.35 0.022   118.6 from  97 sources of intphas_3147o i
r1169644.fit  6.47  2.14 0.038    49.1 from 230 sources of intphas_3148 Ha
r1169645.fit  6.17  2.04 0.059   191.3 from 472 sources of intphas_3148 r
r1169646.fit  7.53  2.48 0.041    37.7 from 284 sources of intphas_3148 i
r1169647.fit  7.24  2.39 0.038    58.6 from 209 sources of intphas_3148o Ha
r1169648.fit  6.98  2.30 0.030   169.5 from 416 sources of intphas_3148o r
r1169649.fit  7.18  2.37 0.066    99.8 from 316 sources of intphas_3148o i
r1169650.fit  5.87  1.94 0.027    54.7 from 108 sources of intphas_3149 Ha
r1169651.fit  5.23  1.73 0.050   185.4 from 273 sources of intphas_3149 r
r1169652.fit  4.27  1.41 0.039    90.9 from 297 sources of intphas_3149 i
r1169653.fit  5.03  1.66 0.049    60.8 from 133 sources of intphas_3157 Ha
r1169654.fit  4.83  1.59 0.038   156.6 from 297 sources of intphas_3157 r
r1169655.fit  4.76  1.57 0.049    96.4 from 256 sources of intphas_3157 i
r1169656.fit  5.09  1.68 0.042    48.6 from 162 sources of intphas_3157o Ha
r1169657.fit  5.96  1.97 0.055   200.1 from 261 sources of intphas_3157o r
r1169658.fit  5.17  1.71 0.023    90.5 from 244 sources of intphas_3157o i
r1169659.fit  5.40  1.78 0.076    61.0 from  81 sources of intphas_3146 Ha
r1169660.fit  4.70  1.55 0.026   205.3 from 219 sources of intphas_3146 r
r1169661.fit  4.31  1.42 0.048   120.1 from 216 sources of intphas_3146 i
r1169662.fit  4.51  1.49 0.030    66.5 from  99 sources of intphas_3146o Ha
r1169663.fit  4.39  1.45 0.052   188.5 from 254 sources of intphas_3146o r
r1169664.fit  4.55  1.50 0.055   127.8 from 206 sources of intphas_3146o i
r1169665.fit  5.07  1.67 0.023    59.6 from  98 sources of intphas_3147 Ha
r1169666.fit  5.09  1.68 0.035   195.9 from 207 sources of intphas_3147 r
r1169667.fit  5.18  1.71 0.039   122.9 from 182 sources of intphas_3147 i
r1169668.fit  5.26  1.74 0.037    57.6 from  76 sources of intphas_3147o Ha
r1169669.fit  6.27  2.07 0.041   230.7 from 142 sources of intphas_3147o r
r1169670.fit  5.27  1.74 0.032    45.2 from 151 sources of intphas_3147o i
r1169671.fit  5.98  1.97 0.030   106.5 from 271 sources of intphas_3148 Ha
r1169672.fit  5.97  1.97 0.030   233.6 from 495 sources of intphas_3148 r
r1169673.fit  5.09  1.68 0.044   137.7 from 494 sources of intphas_3148 i
r1169674.fit  5.89  1.94 0.027   106.0 from 276 sources of intphas_3148o Ha
r1169675.fit  7.02  2.32 0.029   227.0 from 413 sources of intphas_3148o r
r1169676.fit  6.35  2.10 0.041   142.0 from 374 sources of intphas_3148o i
r1169677.fit  7.43  2.45 0.029   104.5 from  49 sources of intphas_3158 Ha
r1169678.fit  8.22  2.71 0.041   226.8 from  98 sources of intphas_3158 r
r1169679.fit  6.81  2.25 0.043   162.4 from 116 sources of intphas_3158 i
r1169680.fit  6.88  2.27 0.026    97.7 from  68 sources of intphas_3158o Ha
r1169681.fit  5.97  1.97 0.038   218.5 from 187 sources of intphas_3158o r
r1169682.fit  5.96  1.97 0.031   148.1 from 148 sources of intphas_3158o i
r1169683.fit  6.22  2.05 0.028    96.5 from  90 sources of intphas_3159 Ha
r1169684.fit  5.45  1.80 0.023   215.1 from 282 sources of intphas_3159 r
r1169685.fit  4.75  1.57 0.056   150.5 from 256 sources of intphas_3159 i
r1169686.fit  5.19  1.71 0.031    94.0 from 112 sources of intphas_3159o Ha
r1169687.fit  5.40  1.78 0.027   203.1 from 257 sources of intphas_3159o r
r1169688.fit  4.78  1.58 0.025   154.2 from 220 sources of intphas_3159o i
r1169689.fit  4.76  1.57 0.031    90.1 from  92 sources of intphas_3147o Ha
r1169690.fit  5.13  1.69 0.024   190.3 from 170 sources of intphas_3147o r
r1169691.fit  5.12  1.69 0.057   133.1 from 166 sources of intphas_3147o i
r1169692.fit  6.14  2.03 0.044    94.1 from  60 sources of intphas_3158 Ha
r1169693.fit  5.55  1.83 0.030   192.2 from 177 sources of intphas_3158 r
r1169694.fit  5.51  1.82 0.061   156.9 from 148 sources of intphas_3158 i
r1169695.fit  5.81  1.92 0.038    88.8 from  67 sources of intphas_3160 Ha
r1169696.fit  5.84  1.93 0.036   195.9 from 155 sources of intphas_3160 r
r1169697.fit  6.47  2.14 0.042   159.3 from 103 sources of intphas_3160 i
r1169698.fit  6.07  2.00 0.039    62.4 from  56 sources of SA98-650 Ha
r1169699.fit  7.10  2.34 0.029    74.0 from  62 sources of SA98-650 i
r1169700.fit  6.42  2.12 0.052    73.6 from  81 sources of SA98-650 r
r1169701.fit is not a target (FOCUS)
r1169702.fit  5.91  1.95 0.036    87.8 from  71 sources of intphas_3160o Ha
r1169703.fit  5.79  1.91 0.031   167.2 from 172 sources of intphas_3160o r
r1169704.fit  5.96  1.97 0.028   147.6 from 130 sources of intphas_3160o i
r1169705.fit  5.72  1.89 0.034    86.2 from 145 sources of intphas_3161 Ha
r1169706.fit  7.01  2.31 0.041   179.5 from 245 sources of intphas_3161 r
r1169707.fit  6.30  2.08 0.045   160.6 from 177 sources of intphas_3161 i
r1169708.fit  8.53  2.81 0.067    95.3 from  30 sources of intphas_3161o Ha
r1169709.fit  9.10  3.00 0.028   207.3 from 108 sources of intphas_3161o r
r1169710.fit  7.94  2.62 0.044   139.3 from  89 sources of intphas_3161o i
r1169711.fit  7.81  2.58 0.045    93.6 from  25 sources of intphas_3162 Ha
r1169712.fit  6.83  2.25 0.022   185.8 from 180 sources of intphas_3162 r
r1169713.fit  7.61  2.51 0.041   134.3 from 116 sources of intphas_3162 i
