r1082643.fit is not a target (BIAS)
r1082644.fit is not a target (BIAS)
r1082645.fit is not a target (BIAS)
r1082646.fit is not a target (BIAS)
r1082647.fit is not a target (BIAS)
r1082648.fit is not a target (BIAS)
r1082649.fit is not a target (BIAS)
r1082650.fit is not a target (BIAS)
r1082651.fit is not a target (BIAS)
r1082652.fit is not a target (BIAS)
r1082653.fit is not a target (BIAS)
r1082654.fit is not a target (BIAS)
r1082655.fit is not a target (BIAS)
r1082656.fit is not a target (BIAS)
r1082657.fit is not a target (BIAS)
r1082658.fit is not a target (BIAS)
r1082659.fit is not a target (BIAS)
r1082660.fit is not a target (BIAS)
r1082661.fit is not a target (BIAS)
r1082662.fit is not a target (BIAS)
r1082663.fit is not a target (BIAS)
r1082664.fit is not a target (BIAS)
r1082665.fit is not a target (FLAT)
r1082666.fit is not a target (FLAT)
r1082667.fit is not a target (FLAT)
r1082668.fit is not a target (FLAT)
r1082669.fit is not a target (FLAT)
r1082670.fit is not a target (FLAT)
r1082671.fit is not a target (FLAT)
r1082672.fit is not a target (FLAT)
r1082673.fit is not a target (FLAT)
r1082674.fit is not a target (FLAT)
r1082675.fit is not a target (FLAT)
r1082676.fit is not a target (FLAT)
r1082677.fit is not a target (FLAT)
r1082678.fit is not a target (FLAT)
r1082679.fit is not a target (FLAT)
r1082680.fit is not a target (FLAT)
r1082681.fit is not a target (FLAT)
r1082682.fit is not a target (FOCUS)
r1082683.fit is not a target (FOCUS)
r1082684.fit  3.27  1.08 0.056    58.0 from  22 sources of SA110-246 r
r1082685.fit  4.08  1.35 0.101    54.5 from  11 sources of SA110-246 U
r1082686.fit  3.59  1.18 0.050    55.6 from  17 sources of SA110-246 g
r1082687.fit  4.01  1.32 0.127    76.6 from  69 sources of ST_NGC7006 r
r1082688.fit  5.03  1.66 0.090    63.0 from  55 sources of ST_NGC7006 U
r1082689.fit  4.16  1.37 0.129    54.1 from  78 sources of ST_NGC7006 g
r1082690.fit  3.86  1.27 0.117   155.9 from 390 sources of uvex_6052 r
r1082692.fit  3.01  0.99 0.091   127.4 from 899 sources of uvex_5520 r
r1082693.fit  5.00  1.65 0.127    76.3 from  30 sources of uvex_5520 U
r1082694.fit  3.22  1.06 0.104    94.6 from 328 sources of uvex_5520 g
r1082695.fit  3.58  1.18 0.109   134.9 from 552 sources of uvex_5532o r
r1082696.fit  4.97  1.64 0.106    71.2 from  80 sources of uvex_5532o U
r1082697.fit  3.81  1.26 0.112    91.7 from 408 sources of uvex_5532o g
r1082698.fit  3.77  1.24 0.103   128.2 from 703 sources of uvex_5594o r
r1082699.fit  5.76  1.90 0.108    76.8 from  42 sources of uvex_5594o U
r1082700.fit  3.43  1.13 0.107    88.8 from 564 sources of uvex_5594o g
r1082701.fit  3.19  1.05 0.106   143.8 from 1092 sources of uvex_5651 r
r1082702.fit  4.53  1.49 0.113    82.7 from 118 sources of uvex_5651 U
r1082703.fit  3.47  1.15 0.103   100.5 from 517 sources of uvex_5651 g
r1082704.fit  3.52  1.16 0.095   124.2 from 394 sources of uvex_5659 r
r1082705.fit  4.89  1.61 0.094    74.3 from  57 sources of uvex_5659 U
r1082706.fit  3.68  1.21 0.110    94.1 from 173 sources of uvex_5659 g
r1082707.fit  3.42  1.13 0.090   152.8 from 1415 sources of uvex_5660 r
r1082708.fit  4.50  1.49 0.114    83.6 from 169 sources of uvex_5660 U
r1082709.fit  3.43  1.13 0.074    97.3 from 981 sources of uvex_5660 g
r1082710.fit  3.28  1.08 0.105   134.7 from 226 sources of uvex_5661 r
r1082711.fit  5.54  1.83 0.112    75.1 from  53 sources of uvex_5661 U
r1082712.fit  4.16  1.37 0.094    98.1 from 173 sources of uvex_5661 g
r1082713.fit  3.60  1.19 0.103   156.1 from 1209 sources of uvex_5663 r
r1082714.fit  5.27  1.74 0.082    81.5 from 178 sources of uvex_5663 U
r1082715.fit  3.37  1.11 0.070    93.3 from 904 sources of uvex_5663 g
r1082716.fit  3.92  1.29 0.110   127.2 from 801 sources of uvex_5698 r
r1082717.fit  5.50  1.82 0.134    76.2 from  71 sources of uvex_5698 U
r1082718.fit  3.41  1.13 0.084    93.9 from 939 sources of uvex_5698 g
r1082719.fit  4.63  1.53 0.086   150.6 from   7 sources of uvex_5720 r
r1082720.fit  5.09  1.68 0.097    73.0 from  67 sources of uvex_5720 U
r1082721.fit  3.78  1.25 0.092    93.4 from 195 sources of uvex_5720 g
r1082722.fit  4.04  1.33 0.114   145.1 from 284 sources of uvex_5747 r
r1082723.fit  4.93  1.63 0.094    73.6 from  89 sources of uvex_5747 U
r1082724.fit  3.50  1.16 0.078    90.8 from 340 sources of uvex_5747 g
r1082725.fit  3.49  1.15 0.098   103.2 from 782 sources of uvex_5753 r
r1082726.fit  4.99  1.65 0.094    75.6 from 113 sources of uvex_5753 U
r1082727.fit  3.63  1.20 0.089    87.8 from 551 sources of uvex_5753 g
r1082728.fit  4.12  1.36 0.117   151.0 from 151 sources of uvex_5753o r
r1082729.fit  5.16  1.70 0.077    76.4 from 108 sources of uvex_5753o U
r1082730.fit  3.46  1.14 0.074    93.9 from 546 sources of uvex_5753o g
r1082731.fit  3.60  1.19 0.113   127.2 from 584 sources of uvex_5755 r
r1082732.fit  5.01  1.65 0.110    74.4 from  66 sources of uvex_5755 U
r1082733.fit  3.64  1.20 0.117    98.5 from 290 sources of uvex_5755 g
r1082734.fit  3.26  1.08 0.097   121.2 from 773 sources of uvex_5755o r
r1082735.fit  4.92  1.62 0.109    75.0 from  58 sources of uvex_5755o U
r1082736.fit  3.71  1.22 0.076    94.1 from 390 sources of uvex_5755o g
r1082737.fit  3.61  1.19 0.096   136.6 from 424 sources of uvex_5846o r
r1082738.fit  5.14  1.70 0.105    76.6 from  74 sources of uvex_5846o U
r1082739.fit  3.51  1.16 0.087    92.9 from 276 sources of uvex_5846o g
r1082740.fit  3.97  1.31 0.111   148.7 from 292 sources of uvex_5931 r
r1082741.fit  5.16  1.70 0.096    75.1 from  65 sources of uvex_5931 U
r1082742.fit  4.05  1.34 0.100    96.4 from 171 sources of uvex_5931 g
r1082743.fit  3.49  1.15 0.072   127.7 from 1243 sources of uvex_6225 r
r1082744.fit  5.06  1.67 0.111    73.7 from 121 sources of uvex_6225 U
r1082745.fit  3.53  1.16 0.084    90.5 from 810 sources of uvex_6225 g
r1082746.fit  3.54  1.17 0.112   133.2 from 188 sources of uvex_6300o r
r1082747.fit  4.74  1.56 0.083    74.2 from  28 sources of uvex_6300o U
r1082748.fit  3.94  1.30 0.090    92.3 from  81 sources of uvex_6300o g
r1082749.fit  3.49  1.15 0.091   128.2 from 677 sources of uvex_6318 r
r1082750.fit  5.13  1.69 0.091    77.5 from  47 sources of uvex_6318 U
r1082751.fit  4.05  1.34 0.073    94.0 from 298 sources of uvex_6318 g
r1082752.fit  2.97  0.98 0.045    48.8 from  67 sources of SA112-250 r
r1082753.fit  4.45  1.47 0.094    43.5 from  14 sources of SA112-250 U
r1082754.fit  3.01  0.99 0.065    41.5 from  37 sources of SA112-250 g
r1082755.fit  3.44  1.14 0.087   118.0 from 856 sources of uvex_6637 r
r1082756.fit  4.49  1.48 0.088    77.6 from  94 sources of uvex_6637 U
r1082757.fit  3.62  1.19 0.094    81.9 from 607 sources of uvex_6637 g
r1082758.fit  3.17  1.05 0.077   122.7 from 990 sources of uvex_6637o r
r1082759.fit  4.73  1.56 0.091    63.1 from  91 sources of uvex_6637o U
r1082760.fit  3.49  1.15 0.093    94.2 from 590 sources of uvex_6637o g
r1082761.fit  3.02  1.00 0.071   115.6 from 275 sources of uvex_6330 r
r1082762.fit  4.66  1.54 0.103    72.2 from  26 sources of uvex_6330 U
r1082763.fit  3.25  1.07 0.073    87.2 from 118 sources of uvex_6330 g
r1082764.fit  3.19  1.05 0.092   150.4 from 183 sources of uvex_6358o r
r1082765.fit  5.07  1.67 0.118    80.6 from  11 sources of uvex_6358o U
r1082766.fit  3.09  1.02 0.057    96.4 from  96 sources of uvex_6358o g
r1082767.fit  4.07  1.34 0.117   155.8 from  18 sources of uvex_6367o r
r1082768.fit  3.98  1.31 0.059    77.6 from  25 sources of uvex_6367o U
r1082769.fit  3.21  1.06 0.073    98.1 from  79 sources of uvex_6367o g
r1082770.fit  3.18  1.05 0.104   125.8 from 739 sources of uvex_6541o r
r1082771.fit  4.49  1.48 0.089    78.3 from  78 sources of uvex_6541o U
r1082772.fit  3.42  1.13 0.055    85.9 from 562 sources of uvex_6541o g
r1082773.fit  3.21  1.06 0.084   138.2 from 1244 sources of uvex_6543 r
r1082774.fit  4.55  1.50 0.074    82.0 from  96 sources of uvex_6543 U
r1082775.fit  3.28  1.08 0.057    91.7 from 766 sources of uvex_6543 g
r1082776.fit  3.29  1.09 0.099   131.0 from 1022 sources of uvex_6543o r
r1082777.fit  4.18  1.38 0.071    82.9 from 106 sources of uvex_6543o U
r1082778.fit  3.71  1.22 0.082    89.0 from 610 sources of uvex_6543o g
r1082779.fit  3.18  1.05 0.072   148.8 from 556 sources of uvex_6545 r
r1082780.fit  4.44  1.47 0.056    77.3 from  62 sources of uvex_6545 U
r1082781.fit  3.61  1.19 0.057    80.1 from 307 sources of uvex_6545 g
r1082782.fit  4.62  1.52 0.132   123.2 from 122 sources of uvex_6545o r
r1082783.fit  4.44  1.47 0.075    77.3 from  57 sources of uvex_6545o U
r1082784.fit  3.97  1.31 0.072    82.0 from 271 sources of uvex_6545o g
r1082785.fit  3.37  1.11 0.074   148.5 from 570 sources of uvex_6609 r
r1082786.fit  5.04  1.66 0.097    81.2 from  48 sources of uvex_6609 U
r1082787.fit  3.75  1.24 0.070    98.7 from 240 sources of uvex_6609 g
r1082788.fit  3.56  1.17 0.065   142.5 from 449 sources of uvex_6615 r
r1082789.fit  4.52  1.49 0.069    75.7 from  34 sources of uvex_6615 U
r1082790.fit  3.60  1.19 0.067    95.3 from 198 sources of uvex_6615 g
r1082791.fit  3.35  1.11 0.074   123.3 from 488 sources of uvex_6617 r
r1082792.fit  4.39  1.45 0.066    73.8 from  44 sources of uvex_6617 U
r1082793.fit  3.40  1.12 0.049    91.3 from 243 sources of uvex_6617 g
r1082794.fit  3.32  1.10 0.076   130.8 from 587 sources of uvex_6619 r
r1082795.fit  4.31  1.42 0.091    77.5 from  46 sources of uvex_6619 U
r1082796.fit  3.39  1.12 0.084    92.4 from 258 sources of uvex_6619 g
r1082797.fit  3.27  1.08 0.103   130.7 from 397 sources of uvex_6624 r
r1082798.fit  4.46  1.47 0.082    77.5 from  38 sources of uvex_6624 U
r1082799.fit  3.27  1.08 0.059    91.4 from 220 sources of uvex_6624 g
r1082800.fit  3.27  1.08 0.084   117.8 from 566 sources of uvex_6625 r
r1082801.fit  4.43  1.46 0.073    78.6 from  40 sources of uvex_6625 U
r1082802.fit  3.71  1.22 0.050    90.4 from 216 sources of uvex_6625 g
r1082803.fit  4.96  1.64 0.123   145.7 from 170 sources of uvex_6631 r
r1082804.fit  4.65  1.53 0.072    77.2 from  41 sources of uvex_6631 U
r1082805.fit  3.48  1.15 0.064    97.8 from 252 sources of uvex_6631 g
r1082806.fit  3.13  1.03 0.064   148.1 from 431 sources of uvex_6633 r
r1082807.fit  4.27  1.41 0.058    82.4 from  46 sources of uvex_6633 U
r1082808.fit  3.38  1.12 0.052    95.6 from 197 sources of uvex_6633 g
r1082809.fit  3.30  1.09 0.097   142.9 from 489 sources of uvex_6638 r
r1082810.fit  4.42  1.46 0.084    76.3 from  52 sources of uvex_6638 U
r1082811.fit  3.37  1.11 0.054    94.6 from 311 sources of uvex_6638 g
r1082812.fit  3.22  1.06 0.085   146.5 from 636 sources of uvex_6639 r
r1082813.fit  4.28  1.41 0.080    70.1 from  41 sources of uvex_6639 U
r1082814.fit  3.29  1.09 0.053    92.3 from 313 sources of uvex_6639 g
r1082815.fit  3.41  1.13 0.113   138.9 from 371 sources of uvex_6644 r
r1082816.fit  3.80  1.25 0.071    75.2 from  32 sources of uvex_6644 U
r1082817.fit  3.28  1.08 0.069    90.8 from 222 sources of uvex_6644 g
r1082818.fit  3.15  1.04 0.075   120.2 from 697 sources of uvex_6645 r
r1082819.fit  4.00  1.32 0.073    75.0 from  64 sources of uvex_6645 U
r1082820.fit  3.41  1.13 0.064    81.3 from 331 sources of uvex_6645 g
r1082821.fit  3.22  1.06 0.064   141.6 from 506 sources of uvex_6648 r
r1082822.fit  4.35  1.44 0.087    73.3 from  37 sources of uvex_6648 U
r1082823.fit  3.29  1.09 0.078    95.3 from 207 sources of uvex_6648 g
r1082824.fit  2.91  0.96 0.068   134.7 from 837 sources of uvex_6649 r
r1082825.fit  3.87  1.28 0.070    39.0 from  76 sources of uvex_6649 U
r1082826.fit  3.75  1.24 0.067    90.7 from 333 sources of uvex_6649 g
r1082827.fit  3.50  1.16 0.058   137.0 from 433 sources of uvex_6652 r
r1082828.fit  4.37  1.44 0.085    75.7 from  25 sources of uvex_6652 U
r1082829.fit  2.97  0.98 0.062    97.8 from 246 sources of uvex_6652 g
r1082830.fit  2.35  0.78 0.065    45.9 from  58 sources of BD+284211 r
r1082831.fit  3.96  1.31 0.086    87.4 from   1 sources of BD+284211 U
r1082832.fit  2.92  0.96 0.065    41.4 from  16 sources of BD+284211 g
r1082833.fit  3.06  1.01 0.069    75.4 from 161 sources of ST_NGC7006 r
r1082834.fit  4.15  1.37 0.121    73.7 from  17 sources of ST_NGC7006 U
r1082835.fit  3.31  1.09 0.094    53.6 from 111 sources of ST_NGC7006 g
r1082836.fit  3.65  1.20 0.109   134.1 from 373 sources of uvex_7579o r
r1082837.fit  4.69  1.55 0.086    73.0 from  78 sources of uvex_7579o U
r1082838.fit  3.63  1.20 0.087    96.3 from 515 sources of uvex_7579o g
r1082839.fit  3.12  1.03 0.089   126.3 from 1057 sources of uvex_7287o r
r1082840.fit  4.16  1.37 0.087    69.8 from 120 sources of uvex_7287o U
r1082841.fit  3.32  1.10 0.083    84.2 from 619 sources of uvex_7287o g
r1082842.fit  3.11  1.03 0.088   146.1 from 412 sources of uvex_7318o r
r1082843.fit  4.12  1.36 0.096    78.7 from  60 sources of uvex_7318o U
r1082844.fit  3.18  1.05 0.073    98.2 from 227 sources of uvex_7318o g
r1082845.fit  3.05  1.01 0.070   142.2 from 350 sources of uvex_7321o r
r1082846.fit  3.99  1.32 0.047    71.1 from  37 sources of uvex_7321o U
r1082847.fit  3.12  1.03 0.057    96.6 from 136 sources of uvex_7321o g
r1082848.fit  2.99  0.99 0.079   134.4 from 1118 sources of uvex_7323 r
r1082849.fit  4.32  1.43 0.094    78.2 from  83 sources of uvex_7323 U
r1082850.fit  6.06  2.00 0.106   102.4 from  25 sources of uvex_7323 g
r1082851.fit  3.11  1.03 0.074   137.0 from 768 sources of uvex_7349o r
r1082852.fit  5.03  1.66 0.133    76.3 from  37 sources of uvex_7349o U
r1082853.fit  3.57  1.18 0.097    85.6 from 369 sources of uvex_7349o g
r1082854.fit  3.09  1.02 0.085   147.4 from 376 sources of uvex_7350 r
r1082855.fit  4.04  1.33 0.072    79.6 from  67 sources of uvex_7350 U
r1082856.fit  3.08  1.02 0.053    96.1 from 233 sources of uvex_7350 g
r1082857.fit  7.11  2.35 0.110   160.3 from   6 sources of uvex_7350o r
r1082858.fit  3.86  1.27 0.064    77.4 from  67 sources of uvex_7350o U
r1082859.fit  3.08  1.02 0.056    90.8 from 203 sources of uvex_7350o g
r1082860.fit  2.93  0.97 0.089   123.0 from 560 sources of uvex_7404o r
r1082861.fit  3.92  1.29 0.065    71.3 from  59 sources of uvex_7404o U
r1082862.fit  2.97  0.98 0.058    83.7 from 353 sources of uvex_7404o g
r1082863.fit  3.65  1.20 0.109   115.8 from 211 sources of uvex_1471 r
r1082864.fit  5.38  1.78 0.129    54.9 from  23 sources of uvex_1471 U
r1082865.fit  4.09  1.35 0.115    74.0 from 136 sources of uvex_1471 g
r1082866.fit  3.73  1.23 0.117   124.3 from 145 sources of uvex_1541 r
r1082867.fit  4.93  1.63 0.121    59.4 from   8 sources of uvex_1541 U
r1082868.fit  4.04  1.33 0.114    76.4 from  98 sources of uvex_1541 g
r1082869.fit  3.88  1.28 0.125   115.0 from 243 sources of uvex_1664 r
r1082870.fit  5.20  1.72 0.129    48.4 from  23 sources of uvex_1664 U
r1082871.fit  4.31  1.42 0.116    81.2 from  79 sources of uvex_1664 g
r1082872.fit  4.45  1.47 0.134   136.9 from  58 sources of uvex_1692 r
r1082873.fit  5.66  1.87 0.123    52.4 from  16 sources of uvex_1692 U
r1082874.fit  4.22  1.39 0.117    70.5 from 148 sources of uvex_1692 g
r1082875.fit  3.75  1.24 0.122   138.8 from 286 sources of uvex_1692o r
r1082876.fit  5.65  1.86 0.114    53.4 from  22 sources of uvex_1692o U
r1082877.fit  4.42  1.46 0.121    80.3 from 129 sources of uvex_1692o g
r1082878.fit  4.00  1.32 0.113   140.3 from 169 sources of uvex_1696 r
r1082879.fit  5.13  1.69 0.114    52.6 from  14 sources of uvex_1696 U
r1082880.fit  4.37  1.44 0.120    80.5 from  38 sources of uvex_1696 g
r1082881.fit  4.29  1.42 0.136   140.0 from  16 sources of uvex_1696o r
r1082882.fit  4.23  1.40 0.105    49.9 from   9 sources of uvex_1696o U
r1082883.fit  4.19  1.38 0.121    78.3 from  77 sources of uvex_1696o g
r1082884.fit  4.03  1.33 0.120   130.2 from 151 sources of uvex_1699o r
r1082885.fit  5.11  1.69 0.121    53.3 from  20 sources of uvex_1699o U
r1082886.fit  4.28  1.41 0.120    80.6 from 144 sources of uvex_1699o g
r1082887.fit  3.97  1.31 0.110   135.2 from 192 sources of uvex_1708 r
r1082888.fit  5.02  1.66 0.110    52.9 from  13 sources of uvex_1708 U
r1082889.fit  4.30  1.42 0.114    74.9 from 100 sources of uvex_1708 g
r1082890.fit  4.14  1.37 0.124   114.8 from  71 sources of uvex_1710 r
r1082891.fit  5.14  1.70 0.134    49.4 from  17 sources of uvex_1710 U
r1082892.fit  4.24  1.40 0.113    62.6 from 138 sources of uvex_1710 g
r1082893.fit  3.90  1.29 0.102   111.1 from 426 sources of uvex_1714 r
r1082894.fit  5.25  1.73 0.126    52.1 from  18 sources of uvex_1714 U
r1082895.fit  4.29  1.42 0.118    76.9 from 185 sources of uvex_1714 g
r1082896.fit  4.14  1.37 0.106   115.1 from 263 sources of uvex_1718 r
r1082897.fit  4.93  1.63 0.131    54.0 from  29 sources of uvex_1718 U
r1082898.fit  4.24  1.40 0.105    67.3 from 134 sources of uvex_1718 g
r1082899.fit  4.79  1.58 0.121   135.2 from  13 sources of uvex_1718o r
r1082900.fit  4.95  1.63 0.121    43.2 from  39 sources of uvex_1718o U
r1082901.fit  4.38  1.45 0.113    63.6 from 127 sources of uvex_1718o g
r1082902.fit  4.03  1.33 0.110   110.5 from 152 sources of uvex_1719 r
r1082903.fit  5.21  1.72 0.133    49.2 from  26 sources of uvex_1719 U
r1082904.fit  4.36  1.44 0.121    78.5 from 186 sources of uvex_1719 g
r1082905.fit  4.24  1.40 0.115   126.5 from 317 sources of uvex_1722 r
r1082906.fit  5.01  1.65 0.122    46.6 from  48 sources of uvex_1722 U
r1082907.fit  4.14  1.37 0.085    70.3 from 229 sources of uvex_1722 g
r1082908.fit  3.82  1.26 0.101   106.0 from 353 sources of uvex_1724 r
r1082909.fit  5.03  1.66 0.118    44.2 from  39 sources of uvex_1724 U
r1082910.fit  4.18  1.38 0.123    60.9 from 150 sources of uvex_1724 g
r1082911.fit  4.49  1.48 0.051   131.7 from 327 sources of uvex_1724o r
r1082912.fit  5.10  1.68 0.122    47.7 from  29 sources of uvex_1724o U
r1082913.fit  4.02  1.33 0.090    75.1 from 239 sources of uvex_1724o g
r1082914.fit  4.11  1.36 0.118   125.4 from 259 sources of uvex_1725 r
r1082915.fit  4.74  1.56 0.127    53.3 from  35 sources of uvex_1725 U
r1082916.fit  4.02  1.33 0.096    78.0 from 281 sources of uvex_1725 g
r1082917.fit  4.33  1.43 0.117   135.4 from 306 sources of uvex_1725o r
r1082918.fit  5.02  1.66 0.122    55.7 from  36 sources of uvex_1725o U
r1082919.fit  4.21  1.39 0.112    78.5 from 211 sources of uvex_1725o g
r1082920.fit is not a target (BIAS)
r1082921.fit is not a target (BIAS)
r1082922.fit is not a target (FLAT)
r1082923.fit is not a target (FLAT)
r1082924.fit is not a target (FLAT)
r1082925.fit is not a target (FLAT)
r1082926.fit is not a target (FLAT)
r1082927.fit is not a target (FLAT)
r1082928.fit is not a target (FLAT)
r1082929.fit is not a target (FLAT)
r1082930.fit is not a target (FLAT)
r1082931.fit is not a target (FLAT)
r1082932.fit is not a target (FLAT)
r1082933.fit is not a target (FLAT)
r1082934.fit is not a target (FLAT)
r1082935.fit is not a target (FLAT)
r1082936.fit is not a target (FLAT)
