r1168195.fit is not a target (BIAS)
r1168196.fit is not a target (BIAS)
r1168197.fit is not a target (BIAS)
r1168198.fit is not a target (BIAS)
r1168199.fit is not a target (BIAS)
r1168200.fit is not a target (BIAS)
r1168201.fit is not a target (BIAS)
r1168203.fit is not a target (BIAS)
r1168205.fit is not a target (BIAS)
r1168206.fit is not a target (BIAS)
r1168207.fit is not a target (BIAS)
r1168208.fit is not a target (BIAS)
r1168209.fit is not a target (BIAS)
r1168210.fit is not a target (BIAS)
r1168211.fit is not a target (BIAS)
r1168212.fit is not a target (BIAS)
r1168213.fit is not a target (BIAS)
r1168214.fit is not a target (BIAS)
r1168215.fit is not a target (BIAS)
r1168216.fit is not a target (BIAS)
r1168217.fit is not a target (BIAS)
r1168218.fit is not a target (BIAS)
r1168219.fit is not a target (BIAS)
r1168220.fit is not a target (BIAS)
r1168221.fit is not a target (BIAS)
r1168222.fit is not a target (BIAS)
r1168223.fit is not a target (BIAS)
r1168224.fit is not a target (BIAS)
r1168225.fit is not a target (BIAS)
r1168226.fit is not a target (FOCUS)
r1168227.fit is not a target (FOCUS)
r1168228.fit  5.47  1.81 0.046   288.9 from  95 sources of GD248 r
r1168229.fit  6.70  2.21 0.040   167.3 from  32 sources of GD248 U
r1168230.fit  5.98  1.97 0.037   233.9 from  70 sources of GD248 g
r1168231.fit  5.37  1.77 0.065   364.0 from  89 sources of GD248 i
r1168232.fit  5.82  1.92 0.025   141.8 from  53 sources of GD248 Ha
r1168233.fit  5.61  1.85 0.046    41.2 from  40 sources of intphas_1323 Ha
r1168234.fit  5.58  1.84 0.086   137.8 from 107 sources of intphas_1323 r
r1168235.fit  5.62  1.85 0.087   106.0 from 106 sources of intphas_1323 i
r1168236.fit  6.07  2.00 0.060    43.2 from  40 sources of intphas_1323o Ha
r1168237.fit  6.27  2.07 0.056   133.8 from  89 sources of intphas_1323o r
r1168238.fit  6.10  2.01 0.047   109.0 from  87 sources of intphas_1323o i
r1168239.fit  5.67  1.87 0.048    45.4 from  61 sources of intphas_1324 Ha
r1168240.fit  6.05  2.00 0.084   146.0 from 115 sources of intphas_1324 r
r1168241.fit  5.37  1.77 0.073   136.6 from 115 sources of intphas_1324 i
r1168242.fit  5.88  1.94 0.064    50.7 from  64 sources of intphas_1324o Ha
r1168243.fit  6.61  2.18 0.072   146.0 from 106 sources of intphas_1324o r
r1168244.fit  6.10  2.01 0.072   123.9 from 106 sources of intphas_1324o i
r1168245.fit  5.66  1.87 0.059    53.7 from  68 sources of intphas_1325 Ha
r1168246.fit  6.22  2.05 0.081   195.6 from 132 sources of intphas_1325 r
r1168247.fit  6.69  2.21 0.103   130.7 from  81 sources of intphas_1325 i
r1168248.fit  5.16  1.70 0.053    68.1 from  51 sources of intphas_1325o Ha
r1168249.fit  5.79  1.91 0.050   340.0 from  46 sources of intphas_1325o r
r1168250.fit  5.00  1.65 0.072   162.4 from 128 sources of intphas_1325o i
r1168251.fit  5.96  1.97 0.070    71.3 from  48 sources of intphas_1326 Ha
r1168252.fit  6.13  2.02 0.049   191.2 from 125 sources of intphas_1326 r
r1168253.fit  5.86  1.93 0.055   196.7 from  67 sources of intphas_1326 i
r1168254.fit  6.02  1.99 0.061    72.1 from  53 sources of intphas_1326o Ha
r1168255.fit  6.49  2.14 0.042   207.2 from 112 sources of intphas_1326o r
r1168256.fit  5.69  1.88 0.067   143.7 from 130 sources of intphas_1326o i
r1168257.fit  5.49  1.81 0.046    62.5 from  66 sources of intphas_1331 Ha
r1168258.fit  6.98  2.30 0.057   152.6 from 136 sources of intphas_1331 r
r1168259.fit  6.16  2.03 0.044   116.2 from 125 sources of intphas_1331 i
r1168260.fit  5.76  1.90 0.048    51.3 from  71 sources of intphas_1331o Ha
r1168261.fit  6.06  2.00 0.044   149.3 from 174 sources of intphas_1331o r
r1168262.fit  5.40  1.78 0.063   121.5 from 171 sources of intphas_1331o i
r1168263.fit  5.80  1.91 0.071    46.2 from 112 sources of intphas_1333 Ha
r1168264.fit  5.45  1.80 0.045   147.5 from 259 sources of intphas_1333 r
r1168265.fit  4.94  1.63 0.049   111.4 from 239 sources of intphas_1333 i
r1168266.fit  5.56  1.83 0.065    48.3 from 101 sources of intphas_1333o Ha
r1168267.fit  6.11  2.02 0.081   156.9 from 208 sources of intphas_1333o r
r1168268.fit  5.09  1.68 0.073   117.7 from 246 sources of intphas_1333o i
r1168269.fit  5.23  1.73 0.047    54.6 from  75 sources of intphas_1335 Ha
r1168270.fit  5.45  1.80 0.054   138.3 from 169 sources of intphas_1335 r
r1168271.fit  5.75  1.90 0.055   114.1 from 131 sources of intphas_1335 i
r1168272.fit  5.53  1.82 0.041    53.9 from  65 sources of intphas_1335o Ha
r1168273.fit  5.96  1.97 0.067   167.2 from 101 sources of intphas_1335o r
r1168274.fit  5.43  1.79 0.067   175.2 from  81 sources of intphas_1335o i
r1168275.fit  5.71  1.88 0.027    66.1 from   9 sources of intphas_1336 Ha
r1168276.fit  5.37  1.77 0.050   175.6 from 105 sources of intphas_1336 r
r1168277.fit  4.75  1.57 0.083   142.7 from 148 sources of intphas_1336 i
r1168278.fit  5.15  1.70 0.049   103.6 from  52 sources of intphas_1336o Ha
r1168279.fit  5.28  1.74 0.070   231.4 from 103 sources of intphas_1336o r
r1168280.fit  4.90  1.62 0.067   201.0 from 111 sources of intphas_1336o i
r1168281.fit  5.02  1.66 0.041   116.6 from  45 sources of intphas_1336 Ha
r1168282.fit  6.13  2.02 0.075   205.6 from  95 sources of intphas_1336 r
r1168283.fit  4.85  1.60 0.079   136.5 from 142 sources of intphas_1336 i
r1168284.fit  5.82  1.92 0.072   105.6 from  42 sources of intphas_1336o Ha
r1168285.fit  5.97  1.97 0.057   211.2 from 101 sources of intphas_1336o r
r1168286.fit  4.85  1.60 0.105   159.2 from 141 sources of intphas_1336o i
r1168287.fit  4.87  1.61 0.069    96.5 from  98 sources of intphas_1337 Ha
r1168288.fit  4.93  1.63 0.067   206.9 from 241 sources of intphas_1337 r
r1168289.fit  4.99  1.65 0.072   163.7 from 192 sources of intphas_1337 i
r1168290.fit  4.63  1.53 0.068    88.8 from 135 sources of intphas_1337o Ha
r1168291.fit  5.11  1.69 0.078   188.5 from 267 sources of intphas_1337o r
r1168292.fit  4.43  1.46 0.057   146.2 from 243 sources of intphas_1337o i
r1168293.fit  4.87  1.61 0.077    91.2 from 118 sources of intphas_1338 Ha
r1168294.fit  5.20  1.72 0.048   195.8 from 228 sources of intphas_1338 r
r1168295.fit  4.91  1.62 0.055   139.6 from 194 sources of intphas_1338 i
r1168296.fit  4.52  1.49 0.070    88.1 from 132 sources of intphas_1338o Ha
r1168297.fit  4.64  1.53 0.078   177.1 from 300 sources of intphas_1338o r
r1168298.fit  4.76  1.57 0.060   134.3 from 232 sources of intphas_1338o i
r1168299.fit  4.52  1.49 0.055    84.5 from  52 sources of intphas_1339 Ha
r1168300.fit  4.81  1.59 0.058   163.7 from 121 sources of intphas_1339 r
r1168301.fit  4.23  1.40 0.054   133.9 from 138 sources of intphas_1339 i
r1168302.fit  4.59  1.51 0.039    89.6 from  44 sources of intphas_1339o Ha
r1168303.fit  4.94  1.63 0.060   181.6 from 103 sources of intphas_1339o r
r1168304.fit  4.34  1.43 0.071   148.5 from 125 sources of intphas_1339o i
r1168305.fit  4.87  1.61 0.082    91.7 from  52 sources of intphas_1340 Ha
r1168306.fit  4.63  1.53 0.081   191.3 from 120 sources of intphas_1340 r
r1168307.fit  4.37  1.44 0.065   159.3 from  67 sources of intphas_1340 i
r1168308.fit  4.40  1.45 0.051   147.9 from  17 sources of intphas_1340o Ha
r1168309.fit  4.42  1.46 0.059   297.2 from  62 sources of intphas_1340o r
r1168310.fit  4.36  1.44 0.064   207.1 from  46 sources of intphas_1340o i
r1168311.fit  4.16  1.37 0.068   137.9 from  12 sources of FEIGE22 i
r1168312.fit  4.26  1.41 0.046   114.0 from  14 sources of FEIGE22 Ha
r1168313.fit  3.66  1.21 0.040   132.8 from  11 sources of FEIGE22 i
r1168314.fit  4.43  1.46 0.082    98.2 from  41 sources of intphas_1340 Ha
r1168315.fit  4.06  1.34 0.061   208.2 from 128 sources of intphas_1340 r
r1168316.fit  3.93  1.30 0.084   147.8 from 146 sources of intphas_1340 i
r1168317.fit  4.35  1.44 0.096    79.0 from  61 sources of intphas_1340o Ha
r1168318.fit  4.61  1.52 0.067   182.1 from 127 sources of intphas_1340o r
r1168319.fit  4.04  1.33 0.071   121.3 from 143 sources of intphas_1340o i
r1168320.fit  4.01  1.32 0.066    87.1 from 124 sources of intphas_1356 Ha
r1168321.fit  5.19  1.71 0.102   197.9 from 195 sources of intphas_1356 r
r1168322.fit  4.00  1.32 0.066   139.5 from 266 sources of intphas_1356 i
r1168323.fit  4.90  1.62 0.053    84.1 from 122 sources of intphas_1358 Ha
r1168324.fit  4.61  1.52 0.059   125.1 from 390 sources of intphas_1358 r
r1168325.fit  4.89  1.61 0.088   136.2 from 261 sources of intphas_1358 i
r1168326.fit  4.88  1.61 0.059    76.5 from 158 sources of intphas_1358o Ha
r1168327.fit  4.86  1.60 0.052   146.5 from 437 sources of intphas_1358o r
r1168328.fit  4.74  1.56 0.074   120.6 from 334 sources of intphas_1358o i
r1168329.fit  4.55  1.50 0.066    84.3 from 115 sources of intphas_1445 Ha
r1168330.fit  4.17  1.38 0.061   143.0 from 330 sources of intphas_1445 r
r1168331.fit  6.38  2.11 0.074   114.3 from 139 sources of intphas_1445 i
r1168332.fit  5.28  1.74 0.046    85.3 from 101 sources of intphas_1445o Ha
r1168333.fit  5.38  1.78 0.059   165.9 from 224 sources of intphas_1445o r
r1168334.fit  6.08  2.01 0.047   122.6 from 155 sources of intphas_1445o i
r1168335.fit  4.95  1.63 0.100    67.0 from  26 sources of FEIGE22 Ha
r1168336.fit  3.86  1.27 0.100    77.4 from  25 sources of FEIGE22 i
r1168337.fit  4.24  1.40 0.060    73.0 from  19 sources of FEIGE22 r
r1168338.fit  5.89  1.94 0.038    58.4 from  13 sources of FEIGE22 U
r1168339.fit  4.47  1.48 0.042    58.1 from  16 sources of FEIGE22 g
r1168340.fit  5.41  1.79 0.072    68.7 from  21 sources of SA95-271 r
r1168341.fit  5.86  1.93 0.025    76.8 from  15 sources of SA95-271 U
r1168342.fit  5.29  1.75 0.053    60.9 from  26 sources of SA95-271 g
r1168343.fit  4.90  1.62 0.038    72.0 from  27 sources of SA95-271 i
r1168344.fit  4.78  1.58 0.053    62.4 from  32 sources of SA95-271 Ha
r1168345.fit  5.43  1.79 0.096    12.0 from  52 sources of SA98-650 Ha
r1168346.fit  6.29  2.08 0.060    20.6 from  57 sources of SA98-650 i
r1168347.fit  6.39  2.11 0.095    38.5 from  88 sources of SA98-650 r
r1168348.fit  7.05  2.33 0.123    22.4 from  54 sources of SA98-650 U
r1168349.fit  5.68  1.87 0.057    15.9 from  86 sources of SA98-650 g
r1168350.fit  5.18  1.71 0.091   123.7 from 306 sources of uvex_3031 r
r1168351.fit  6.11  2.02 0.087    34.7 from  60 sources of uvex_3031 U
r1168352.fit  5.19  1.71 0.084    62.9 from 204 sources of uvex_3031 g
r1168353.fit  4.65  1.53 0.089    97.5 from 351 sources of uvex_3031o r
r1168354.fit  5.97  1.97 0.068    33.6 from  63 sources of uvex_3031o U
r1168355.fit  5.18  1.71 0.067    60.5 from 220 sources of uvex_3031o g
r1168356.fit  5.51  1.82 0.072   120.5 from 442 sources of uvex_3034 r
r1168357.fit  6.71  2.21 0.053    35.6 from 106 sources of uvex_3034 U
r1168358.fit  5.72  1.89 0.058    64.3 from 322 sources of uvex_3034 g
r1168359.fit  5.04  1.66 0.086   116.0 from 571 sources of uvex_3034o r
r1168360.fit  5.82  1.92 0.057    31.0 from 139 sources of uvex_3034o U
r1168361.fit  5.45  1.80 0.046    58.9 from 407 sources of uvex_3034o g
r1168362.fit  5.26  1.74 0.049   108.1 from 286 sources of uvex_3035 r
r1168363.fit  5.99  1.98 0.060    39.3 from  79 sources of uvex_3035 U
r1168364.fit  5.51  1.82 0.052    56.9 from 200 sources of uvex_3035 g
r1168365.fit  4.72  1.56 0.059   125.8 from 345 sources of uvex_3035o r
r1168366.fit  6.92  2.28 0.040    41.2 from  67 sources of uvex_3035o U
r1168367.fit  5.84  1.93 0.057    63.1 from 193 sources of uvex_3035o g
r1168368.fit  5.23  1.73 0.056   101.6 from 524 sources of uvex_3037 r
r1168369.fit  5.53  1.82 0.055    30.1 from 121 sources of uvex_3037 U
r1168370.fit  5.13  1.69 0.065    47.7 from 442 sources of uvex_3037 g
r1168371.fit  4.27  1.41 0.095   119.1 from 610 sources of uvex_3037o r
r1168372.fit  5.98  1.97 0.050    37.3 from 102 sources of uvex_3037o U
r1168373.fit  5.17  1.71 0.065    55.1 from 393 sources of uvex_3037o g
r1168374.fit  5.41  1.79 0.078   106.3 from 548 sources of uvex_3040 r
r1168375.fit  6.31  2.08 0.062    37.9 from 119 sources of uvex_3040 U
r1168376.fit  5.86  1.93 0.051    62.0 from 371 sources of uvex_3040 g
r1168377.fit  5.11  1.69 0.078   120.0 from 561 sources of uvex_3040o r
r1168378.fit  6.16  2.03 0.052    43.8 from 103 sources of uvex_3040o U
r1168379.fit  5.41  1.79 0.054    69.8 from 403 sources of uvex_3040o g
r1168380.fit  4.98  1.64 0.060   100.3 from 363 sources of uvex_3041o r
r1168381.fit  6.36  2.10 0.051    37.5 from  82 sources of uvex_3041o U
r1168382.fit  5.83  1.92 0.082    57.6 from 190 sources of uvex_3041o g
r1168383.fit  5.70  1.88 0.050   151.7 from 447 sources of uvex_3040 r
r1168384.fit  5.49  1.81 0.054    66.3 from 153 sources of uvex_3040 U
r1168385.fit  4.97  1.64 0.052   103.6 from 522 sources of uvex_3040 g
r1168386.fit  4.71  1.55 0.074   129.1 from 684 sources of uvex_3040o r
r1168387.fit  5.56  1.83 0.053    91.4 from 149 sources of uvex_3040o U
r1168388.fit  4.80  1.58 0.055   110.8 from 523 sources of uvex_3040o g
r1168389.fit  4.96  1.64 0.087   142.8 from 340 sources of uvex_3046 r
r1168390.fit  6.68  2.20 0.047    41.0 from  39 sources of uvex_3046 U
r1168391.fit  4.51  1.49 0.059   104.0 from 254 sources of uvex_3046 g
r1168392.fit  5.55  1.83 0.065   141.4 from 292 sources of uvex_3046 r
r1168393.fit  6.33  2.09 0.051    87.2 from  73 sources of uvex_3046 U
r1168394.fit  5.75  1.90 0.059   113.2 from 188 sources of uvex_3046 g
r1168395.fit  5.43  1.79 0.052   160.9 from 293 sources of uvex_3046o r
r1168396.fit  6.13  2.02 0.059    92.7 from  69 sources of uvex_3046o U
r1168397.fit  5.09  1.68 0.037   119.1 from 232 sources of uvex_3046o g
r1168398.fit  5.25  1.73 0.051   154.9 from 369 sources of uvex_3047 r
r1168399.fit  5.49  1.81 0.047    91.9 from  83 sources of uvex_3047 U
r1168400.fit  5.01  1.65 0.057   120.9 from 246 sources of uvex_3047 g
r1168401.fit  4.84  1.60 0.046   170.9 from 322 sources of uvex_3047o r
r1168402.fit  6.18  2.04 0.037    95.0 from  46 sources of uvex_3047o U
r1168403.fit  5.02  1.66 0.048   118.1 from 188 sources of uvex_3047o g
r1168404.fit  4.99  1.65 0.051   145.0 from 140 sources of uvex_3048 r
r1168405.fit  5.42  1.79 0.037    61.4 from  49 sources of uvex_3048 U
r1168406.fit  4.91  1.62 0.054    87.8 from  81 sources of uvex_3048 g
r1168407.fit  5.58  1.84 0.047   162.2 from  96 sources of uvex_3049 r
r1168408.fit  5.32  1.76 0.026    43.6 from  35 sources of uvex_3049 U
r1168409.fit  4.80  1.58 0.055    72.4 from 139 sources of uvex_3049 g
r1168410.fit  4.74  1.56 0.057   116.2 from 284 sources of uvex_3049o r
r1168411.fit  5.69  1.88 0.035    88.6 from  79 sources of uvex_3049o U
r1168412.fit  5.05  1.67 0.047   111.4 from 230 sources of uvex_3049o g
r1168413.fit  4.88  1.61 0.050   153.1 from 310 sources of uvex_3049o r
r1168414.fit  4.35  1.44 0.064   135.5 from 633 sources of uvex_3050 r
r1168415.fit  5.65  1.86 0.040    95.7 from 108 sources of uvex_3050 U
r1168416.fit  5.37  1.77 0.057   116.1 from 328 sources of uvex_3050 g
r1168417.fit  5.10  1.68 0.041   163.5 from 440 sources of uvex_3050o r
r1168418.fit  5.54  1.83 0.034    88.2 from 117 sources of uvex_3050o U
r1168419.fit  5.61  1.85 0.034   121.5 from 272 sources of uvex_3050o g
r1168420.fit  4.47  1.48 0.039   152.2 from 508 sources of uvex_3052 r
r1168421.fit  5.04  1.66 0.031    81.6 from 125 sources of uvex_3052 U
r1168422.fit  4.63  1.53 0.037   105.2 from 458 sources of uvex_3052 g
r1168423.fit  3.94  1.30 0.055   161.9 from 697 sources of uvex_3052o r
r1168424.fit  5.14  1.70 0.048    97.0 from  98 sources of uvex_3052o U
r1168425.fit  5.58  1.84 0.048   128.2 from 240 sources of uvex_3052o g
r1168426.fit  4.69  1.55 0.059   155.4 from 499 sources of uvex_3056 r
r1168427.fit  6.34  2.09 0.039    90.3 from  86 sources of uvex_3056 U
r1168428.fit  4.19  1.38 0.042   105.0 from 617 sources of uvex_3056 g
r1168429.fit  4.22  1.39 0.054   153.2 from 676 sources of uvex_3056o r
r1168430.fit  5.59  1.84 0.039    98.5 from  57 sources of uvex_3056o U
r1168431.fit  4.03  1.33 0.042   122.4 from 419 sources of uvex_3056o g
r1168432.fit  4.44  1.47 0.055   183.2 from 339 sources of uvex_3059 r
r1168433.fit  5.09  1.68 0.032    97.9 from  54 sources of uvex_3059 U
r1168434.fit  4.94  1.63 0.028   126.9 from 194 sources of uvex_3059 g
r1168435.fit  4.43  1.46 0.031   172.2 from 290 sources of uvex_3059o r
r1168436.fit  4.98  1.64 0.035    98.9 from  71 sources of uvex_3059o U
r1168437.fit  4.82  1.59 0.029   110.5 from 161 sources of uvex_3059o g
r1168438.fit  5.07  1.67 0.027   170.2 from 284 sources of uvex_3060 r
r1168439.fit  5.82  1.92 0.031   100.8 from  49 sources of uvex_3060 U
r1168440.fit  4.09  1.35 0.040   124.6 from 227 sources of uvex_3060 g
r1168441.fit  4.75  1.57 0.038   162.3 from 311 sources of uvex_3060o r
r1168442.fit  5.01  1.65 0.038    98.0 from  73 sources of uvex_3060o U
r1168443.fit  4.37  1.44 0.046   115.5 from 239 sources of uvex_3060o g
r1168444.fit  3.51  1.16 0.051   151.9 from 928 sources of uvex_3063 r
r1168445.fit  4.79  1.58 0.034    97.9 from 153 sources of uvex_3063 U
r1168446.fit  3.85  1.27 0.042   108.6 from 632 sources of uvex_3063 g
r1168447.fit  3.95  1.30 0.060   142.8 from 787 sources of uvex_3063o r
r1168448.fit  4.63  1.53 0.088    91.7 from 153 sources of uvex_3063o U
r1168449.fit  3.68  1.21 0.047   116.8 from 630 sources of uvex_3063o g
r1168450.fit  4.07  1.34 0.057   143.1 from 572 sources of uvex_3065 r
r1168451.fit  4.51  1.49 0.060   100.5 from  11 sources of uvex_3065 U
r1168452.fit  4.15  1.37 0.041    98.9 from 464 sources of uvex_3065 g
r1168453.fit  3.42  1.13 0.072   150.2 from 811 sources of uvex_3065o r
r1168454.fit  5.34  1.76 0.134    92.9 from 100 sources of uvex_3065o U
r1168455.fit  4.30  1.42 0.047   104.9 from 499 sources of uvex_3065o g
r1168456.fit  3.93  1.30 0.072   147.5 from 464 sources of uvex_3072 r
r1168457.fit  4.24  1.40 0.026   100.4 from   6 sources of uvex_3072 U
r1168458.fit  3.96  1.31 0.047   112.5 from 248 sources of uvex_3072 g
r1168459.fit  3.26  1.08 0.086   170.3 from 460 sources of uvex_3078 r
r1168460.fit  4.66  1.54 0.036   100.5 from 119 sources of uvex_3078 U
r1168461.fit  3.63  1.20 0.047   115.0 from 683 sources of uvex_3078 g
r1168462.fit  3.95  1.30 0.042   162.6 from 534 sources of uvex_3078o r
r1168463.fit  4.33  1.43 0.036   100.0 from  91 sources of uvex_3078o U
r1168464.fit  3.53  1.16 0.042   105.7 from 396 sources of uvex_3078o g
r1168465.fit  4.63  1.53 0.043   168.4 from 253 sources of uvex_3080 r
r1168466.fit  4.69  1.55 0.046   100.0 from  66 sources of uvex_3080 U
r1168467.fit  4.01  1.32 0.028   108.1 from 171 sources of uvex_3080 g
r1168468.fit  3.49  1.15 0.037   135.0 from 393 sources of uvex_3080o r
r1168469.fit  5.06  1.67 0.065   101.8 from  48 sources of uvex_3080o U
r1168470.fit  4.44  1.47 0.071   115.3 from 182 sources of uvex_3080o g
r1168471.fit  3.84  1.27 0.034   150.2 from 734 sources of uvex_3081 r
r1168472.fit  5.04  1.66 0.079   100.9 from 145 sources of uvex_3081 U
r1168473.fit  3.69  1.22 0.042   125.3 from 443 sources of uvex_3081 g
r1168474.fit  3.45  1.14 0.041   187.8 from 573 sources of uvex_3081o r
r1168475.fit  4.06  1.34 0.041   102.0 from 145 sources of uvex_3081o U
r1168476.fit  3.32  1.10 0.064   124.3 from 627 sources of uvex_3081o g
r1168477.fit  3.34  1.10 0.050   177.8 from 578 sources of uvex_3084 r
r1168478.fit  4.13  1.36 0.038    89.2 from 167 sources of uvex_3084 U
r1168479.fit  3.62  1.19 0.067   110.5 from 661 sources of uvex_3084 g
r1168480.fit  3.39  1.12 0.061   169.2 from 867 sources of uvex_3084o r
r1168481.fit  4.05  1.34 0.058    94.4 from 198 sources of uvex_3084o U
r1168482.fit  3.42  1.13 0.063   117.5 from 718 sources of uvex_3084o g
r1168483.fit  3.20  1.06 0.050   155.6 from 451 sources of uvex_3086 r
r1168484.fit  4.24  1.40 0.073   102.8 from  59 sources of uvex_3086 U
r1168485.fit  3.47  1.15 0.040   121.6 from 255 sources of uvex_3086 g
r1168486.fit  3.61  1.19 0.062   175.9 from 458 sources of uvex_3086o r
r1168487.fit  4.23  1.40 0.088   102.4 from  64 sources of uvex_3086o U
r1168488.fit  3.34  1.10 0.053   122.4 from 320 sources of uvex_3086o g
r1168489.fit  2.98  0.98 0.046   162.8 from 829 sources of uvex_3087 r
r1168490.fit  4.34  1.43 0.064   102.5 from  90 sources of uvex_3087 U
r1168491.fit  4.16  1.37 0.083   100.5 from 194 sources of uvex_3087 g
r1168492.fit  3.22  1.06 0.061   155.5 from 473 sources of uvex_3087o r
r1168493.fit  4.67  1.54 0.070    91.0 from  83 sources of uvex_3087o U
r1168494.fit  3.71  1.22 0.035   128.7 from 313 sources of uvex_3087o g
r1168495.fit  3.60  1.19 0.070   189.2 from 343 sources of uvex_3088 r
r1168496.fit  4.83  1.59 0.079    40.8 from  92 sources of uvex_3088 U
r1168497.fit  3.81  1.26 0.023   120.7 from 169 sources of uvex_3088 g
r1168498.fit  3.11  1.03 0.035   167.2 from 432 sources of uvex_3088o r
r1168499.fit  4.31  1.42 0.075    87.6 from  89 sources of uvex_3088o U
r1168500.fit  3.82  1.26 0.080   111.9 from 247 sources of uvex_3088o g
r1168501.fit  3.11  1.03 0.043   181.8 from 842 sources of uvex_3089 r
r1168502.fit  4.66  1.54 0.134   102.2 from  86 sources of uvex_3089 U
r1168503.fit  3.40  1.12 0.049   115.9 from 516 sources of uvex_3089 g
r1168504.fit  3.50  1.16 0.069   175.6 from 733 sources of uvex_3089o r
r1168505.fit  4.26  1.41 0.073   101.7 from 135 sources of uvex_3089o U
r1168506.fit  3.06  1.01 0.052   106.8 from 596 sources of uvex_3089o g
r1168507.fit  2.99  0.99 0.120   191.5 from 366 sources of uvex_3093 r
r1168508.fit  4.44  1.47 0.094    86.0 from  72 sources of uvex_3093 U
r1168509.fit  3.61  1.19 0.086   113.8 from 206 sources of uvex_3093 g
r1168510.fit  3.53  1.16 0.081   172.5 from 341 sources of uvex_3093o r
r1168511.fit  4.91  1.62 0.133   101.5 from  43 sources of uvex_3093o U
r1168512.fit  3.52  1.16 0.047   102.9 from 213 sources of uvex_3093o g
r1168513.fit  3.47  1.15 0.099   176.6 from 885 sources of uvex_3094 r
r1168514.fit  3.96  1.31 0.116   102.7 from 178 sources of uvex_3094 U
r1168515.fit  3.43  1.13 0.084   102.0 from 737 sources of uvex_3094 g
r1168516.fit  3.21  1.06 0.052   166.1 from 890 sources of uvex_3094o r
r1168517.fit  3.79  1.25 0.065   103.8 from 182 sources of uvex_3094o U
r1168518.fit  3.30  1.09 0.056   115.4 from 668 sources of uvex_3094o g
r1168519.fit  2.87  0.95 0.041   183.3 from 1179 sources of uvex_3097 r
r1168520.fit  4.04  1.33 0.091    96.2 from 232 sources of uvex_3097 U
r1168521.fit  3.35  1.11 0.047   111.4 from 843 sources of uvex_3097 g
r1168522.fit  3.18  1.05 0.064   184.7 from 1057 sources of uvex_3097o r
r1168523.fit  4.30  1.42 0.094   101.6 from 193 sources of uvex_3097o U
r1168524.fit  3.82  1.26 0.040   103.6 from 703 sources of uvex_3097o g
r1168525.fit  3.51  1.16 0.059   189.7 from 585 sources of uvex_3099 r
r1168526.fit  4.17  1.38 0.092   100.9 from 114 sources of uvex_3099 U
r1168527.fit  3.28  1.08 0.044   104.6 from 489 sources of uvex_3099 g
r1168528.fit  2.97  0.98 0.056   181.9 from 624 sources of uvex_3099o r
r1168529.fit  4.52  1.49 0.099   100.6 from  86 sources of uvex_3099o U
r1168530.fit  3.44  1.14 0.068   106.5 from 361 sources of uvex_3099o g
r1168531.fit  3.52  1.16 0.078   208.9 from 216 sources of uvex_3103 r
r1168532.fit  4.68  1.54 0.125   102.2 from  58 sources of uvex_3103 U
r1168533.fit  3.80  1.25 0.132   126.1 from 151 sources of uvex_3103 g
r1168534.fit  3.40  1.12 0.039    80.5 from 254 sources of SA98-650 r
r1168535.fit  4.29  1.42 0.070    76.3 from  93 sources of SA98-650 U
r1168536.fit  3.55  1.17 0.057    63.1 from 116 sources of SA98-650 g
r1168537.fit  4.30  1.42 0.068    89.0 from  39 sources of GD108 r
r1168538.fit  4.82  1.59 0.015    69.7 from  13 sources of GD108 U
r1168539.fit  3.87  1.28 0.047    63.8 from  34 sources of GD108 g
r1168540.fit  4.54  1.50 0.105   272.1 from  46 sources of 67P
r1168541.fit  4.31  1.42 0.115   471.2 from  45 sources of 67P
r1168542.fit  0.99  0.33 0.094  1403.1 from  24 sources of 67P
r1168543.fit  4.19  1.38 0.083  1344.9 from  17 sources of 67P
r1168544.fit  0.85  0.28 0.090  1381.4 from  18 sources of 67P
r1168546.fit  5.35  1.77 0.116  3975.3 from  82 sources of 67P
r1168547.fit  4.90  1.62 0.093  2272.4 from  77 sources of 67P
r1168548.fit  4.20  1.39 0.102  3015.0 from  19 sources of 67P
r1168549.fit  1.37  0.45 0.080  1949.6 from  14 sources of 67P
r1168550.fit is not a target (BIAS)
r1168551.fit is not a target (BIAS)
r1168552.fit is not a target (BIAS)
r1168553.fit is not a target (BIAS)
r1168554.fit is not a target (BIAS)
r1168555.fit is not a target (BIAS)
r1168556.fit is not a target (BIAS)
r1168557.fit is not a target (BIAS)
r1168558.fit is not a target (BIAS)
r1168559.fit is not a target (BIAS)
r1168560.fit is not a target (BIAS)
r1168561.fit is not a target (BIAS)
r1168562.fit  4.94  1.63 0.070  1140.9 from  71 sources of MABLANK8
r1168563.fit  3.98  1.31 0.090  1478.7 from  81 sources of MABLANK8
r1168564.fit  3.94  1.30 0.114  1914.7 from  87 sources of MABLANK8
r1168565.fit  3.70  1.22 0.101  2942.6 from  77 sources of MABLANK8
r1168566.fit  3.49  1.15 0.090  3817.7 from  86 sources of MABLANK8
r1168567.fit  3.76  1.24 0.100  5497.4 from  76 sources of MABLANK8
r1168568.fit  4.64  1.53 0.063 16681.4 from  47 sources of MABLANK8
r1168569.fit  3.88  1.28 0.110  6771.7 from  15 sources of MABLANK8
r1168570.fit  4.06  1.34 0.122  5903.5 from  15 sources of MABLANK8
r1168571.fit  4.43  1.46 0.085  8227.1 from  24 sources of MABLANK8
r1168572.fit  3.21  1.06 0.080 10156.2 from  26 sources of MABLANK8
r1168573.fit  4.06  1.34 0.081 12079.0 from  22 sources of MABLANK8
r1168574.fit  3.99  1.32 0.081 16849.0 from  16 sources of MABLANK8
r1168575.fit  5.14  1.70 0.079 16602.8 from   9 sources of MABLANK8
r1168576.fit  3.96  1.31 0.098 16971.7 from  19 sources of MABLANK8
