                                                                                                                                                                                                                                                               
Delivered-To: geert.barentsen@gmail.com
Received: by 10.107.27.143 with SMTP id b137csp930380iob;
        Mon, 9 Nov 2015 22:57:43 -0800 (PST)
X-Received: by 10.28.93.145 with SMTP id r139mr29332962wmb.20.1447138663343;
        Mon, 09 Nov 2015 22:57:43 -0800 (PST)
Return-Path: <intguest@intdrpc1.ing.iac.es>
Received: from relay5-d.mail.gandi.net (relay5-d.mail.gandi.net. [2001:4b98:c:538::197])
        by mx.google.com with ESMTPS id 1si2530664wjw.32.2015.11.09.22.57.42
        for <geert.barentsen@gmail.com>
        (version=TLSv1 cipher=RC4-SHA bits=128/128);
        Mon, 09 Nov 2015 22:57:43 -0800 (PST)
Received-SPF: neutral (google.com: 2001:4b98:c:538::197 is neither permitted nor denied by best guess record for domain of intguest@intdrpc1.ing.iac.es) client-ip=2001:4b98:c:538::197;
Authentication-Results: mx.google.com;
       spf=neutral (google.com: 2001:4b98:c:538::197 is neither permitted nor denied by best guess record for domain of intguest@intdrpc1.ing.iac.es) smtp.mailfrom=intguest@intdrpc1.ing.iac.es
Received: from spool.mail.gandi.net (mspool4-d.mgt.gandi.net [10.0.21.135])
    by relay5-d.mail.gandi.net (Postfix) with ESMTP id C13C241C053
    for <geert.barentsen@gmail.com>; Tue, 10 Nov 2015 07:57:42 +0100 (CET)
Received: from mfilter16-d.gandi.net (mfilter16-d.gandi.net [217.70.178.144])
    by spool.mail.gandi.net (Postfix) with ESMTP id 934911421FA
    for <geert.barentsen@gmail.com>; Tue, 10 Nov 2015 07:57:42 +0100 (CET)
X-Virus-Scanned: Debian amavisd-new at mfilter16-d.gandi.net
Received: from spool.mail.gandi.net ([IPv6:::ffff:10.0.21.135])
    by mfilter16-d.gandi.net (mfilter16-d.gandi.net [::ffff:10.0.15.180]) (amavisd-new, port 10024)
    with ESMTP id CjNSLA0LrpPA for <geert.barentsen@gmail.com>;
    Tue, 10 Nov 2015 07:57:37 +0100 (CET)
Received: from apus.ing.iac.es (apus.ing.iac.es [161.72.6.2])
    by spool.mail.gandi.net (Postfix) with ESMTPS id 9B482142254
    for <hello@geert.io>; Tue, 10 Nov 2015 07:57:23 +0100 (CET)
Received: from saturn.ing.iac.es (saturn.ing.iac.es [161.72.6.46])
    by apus.ing.iac.es (8.13.8+Sun/8.13.8) with ESMTP id tAA6vMcp004805
    for <hello@geert.io>; Tue, 10 Nov 2015 06:57:22 GMT
Received: from localhost (localhost [127.0.0.1])
    by saturn.ing.iac.es (Postfix) with ESMTP id F241923E0839
    for <hello@geert.io>; Tue, 10 Nov 2015 06:57:42 +0000 (GMT)
Received: from saturn.ing.iac.es ([127.0.0.1])
    by localhost (saturn.ing.iac.es [127.0.0.1]) (amavisd-new, port 10032)
    with ESMTP id uE5w5L9zRhFG for <hello@geert.io>;
    Tue, 10 Nov 2015 06:57:39 +0000 (GMT)
Received: from localhost (localhost [127.0.0.1])
    by saturn.ing.iac.es (Postfix) with ESMTP id 427D123E12A2
    for <hello@geert.io>; Tue, 10 Nov 2015 06:57:39 +0000 (GMT)
X-Amavis-Modified: Mail body modified (using disclaimer) - saturn.ing.iac.es
X-Virus-Scanned: amavisd-new at saturn.ing.iac.es
Received: from saturn.ing.iac.es ([127.0.0.1])
    by localhost (saturn.ing.iac.es [127.0.0.1]) (amavisd-new, port 10026)
    with ESMTP id Qgy6ppOMZ0sY for <hello@geert.io>;
    Tue, 10 Nov 2015 06:57:39 +0000 (GMT)
Received: from intdrpc1.ing.iac.es (intdrpc1.ing.iac.es [161.72.6.233])
    by saturn.ing.iac.es (Postfix) with ESMTPS id 23C1A23E0839
    for <hello@geert.io>; Tue, 10 Nov 2015 06:57:39 +0000 (GMT)
Received: from intdrpc1.ing.iac.es (localhost.localdomain [127.0.0.1])
    by intdrpc1.ing.iac.es (8.14.4/8.14.4) with ESMTP id tAA6vI1Z009587
    for <hello@geert.io>; Tue, 10 Nov 2015 06:57:18 GMT
Received: (from intguest@localhost)
    by intdrpc1.ing.iac.es (8.14.4/8.14.4/Submit) id tAA6vH9r009586
    for hello@geert.io; Tue, 10 Nov 2015 06:57:17 GMT
Date: Tue, 10 Nov 2015 06:57:17 GMT
From: INT Data Reduction <intguest@ing.iac.es>
Message-Id: <201511100657.tAA6vH9r009586@intdrpc1.ing.iac.es>

r1157995.fit is not a target (BIAS)
r1157996.fit is not a target (BIAS)
r1157997.fit is not a target (BIAS)
r1157998.fit is not a target (BIAS)
r1157999.fit is not a target (BIAS)
r1158000.fit is not a target (BIAS)
r1158001.fit is not a target (BIAS)
r1158002.fit is not a target (BIAS)
r1158003.fit is not a target (BIAS)
r1158004.fit is not a target (BIAS)
r1158005.fit is not a target (BIAS)
r1158006.fit is not a target (BIAS)
r1158007.fit is not a target (BIAS)
r1158008.fit is not a target (BIAS)
r1158009.fit is not a target (BIAS)
r1158010.fit is not a target (SKY)
r1158011.fit is not a target (SKY)
r1158012.fit is not a target (SKY)
r1158013.fit is not a target (SKY)
r1158014.fit is not a target (SKY)
r1158015.fit is not a target (SKY)
r1158016.fit is not a target (SKY)
r1158017.fit is not a target (SKY)
r1158018.fit is not a target (SKY)
r1158019.fit is not a target (SKY)
r1158020.fit is not a target (SKY)
r1158021.fit is not a target (SKY)
r1158022.fit is not a target (SKY)
r1158023.fit is not a target (SKY)
r1158024.fit is not a target (SKY)
r1158025.fit is not a target (SKY)
r1158026.fit is not a target (SKY)
r1158027.fit is not a target (SKY)
r1158028.fit is not a target (SKY)
r1158029.fit is not a target (SKY)
r1158030.fit is not a target (SKY)
r1158031.fit is not a target (SKY)
r1158032.fit is not a target (SKY)
r1158033.fit is not a target (SKY)
r1158034.fit is not a target (SKY)
r1158035.fit is not a target (SKY)
r1158036.fit is not a target (SKY)
r1158037.fit is not a target (SKY)
r1158038.fit  3.97  1.31 0.028   393.8 from  26 sources of SA112-250 Ha
r1158039.fit  4.96  1.64 0.037   504.9 from  28 sources of SA112-250 r
r1158040.fit  4.00  1.32 0.046   483.8 from  35 sources of SA112-250 i
r1158041.fit  5.53  1.82 0.103   204.9 from  24 sources of SA112-250 r
r1158042.fit  4.77  1.57 0.069   487.2 from  15 sources of SA112-250 U
r1158043.fit  4.62  1.52 0.043   251.4 from  23 sources of SA112-250 g
r1158044.fit  4.24  1.40 0.055   285.2 from 541 sources of uvex_6050o r
r1158045.fit  4.99  1.65 0.054   208.1 from  90 sources of uvex_6050o U
r1158046.fit  4.57  1.51 0.038   213.8 from 315 sources of uvex_6050o g
r1158047.fit  4.28  1.41 0.064   203.9 from 681 sources of uvex_6061 r
r1158048.fit  4.90  1.62 0.067   120.3 from 119 sources of uvex_6061 U
r1158049.fit  4.00  1.32 0.039   140.3 from 400 sources of uvex_6061 g
r1158050.fit  4.73  1.56 0.107   148.5 from 555 sources of uvex_6061o r
r1158051.fit  4.66  1.54 0.030    51.8 from 138 sources of uvex_6061o U
r1158052.fit  4.41  1.46 0.054    59.9 from 483 sources of uvex_6061o g
r1158053.fit  4.21  1.39 0.043   108.9 from 671 sources of uvex_6070 r
r1158054.fit  5.08  1.68 0.052    35.1 from 117 sources of uvex_6070 U
r1158055.fit  4.74  1.56 0.049    44.6 from 382 sources of uvex_6070 g
r1158056.fit  4.02  1.33 0.052    98.6 from 646 sources of uvex_6070o r
r1158057.fit  5.02  1.66 0.033    20.6 from 108 sources of uvex_6070o U
r1158058.fit  4.37  1.44 0.045    22.7 from 375 sources of uvex_6070o g
r1158059.fit  4.06  1.34 0.050   106.2 from 753 sources of uvex_6077 r
r1158060.fit  5.16  1.70 0.037    15.3 from  95 sources of uvex_6077 U
r1158061.fit  4.12  1.36 0.053    31.9 from 471 sources of uvex_6077 g
r1158062.fit  4.61  1.52 0.040   109.8 from 595 sources of uvex_6077o r
r1158063.fit  5.05  1.67 0.041    17.9 from 101 sources of uvex_6077o U
r1158064.fit  4.32  1.43 0.044    25.9 from 469 sources of uvex_6077o g
r1158065.fit  4.32  1.43 0.041   120.0 from 554 sources of uvex_6078 r
r1158066.fit  4.72  1.56 0.046    16.9 from 107 sources of uvex_6078 U
r1158067.fit  4.94  1.63 0.049    29.8 from 295 sources of uvex_6078 g
r1158068.fit  4.49  1.48 0.042   128.7 from 534 sources of uvex_6078o r
r1158069.fit  5.61  1.85 0.043    19.5 from  88 sources of uvex_6078o U
r1158070.fit  5.33  1.76 0.031    35.6 from 294 sources of uvex_6078o g
r1158071.fit  5.01  1.65 0.067   133.0 from 397 sources of uvex_6082o r
r1158072.fit  5.46  1.80 0.045    17.5 from  92 sources of uvex_6082o U
r1158073.fit  4.67  1.54 0.057    37.7 from 263 sources of uvex_6082o g
r1158074.fit  4.72  1.56 0.070   108.3 from 481 sources of uvex_6084 r
r1158075.fit  5.20  1.72 0.039    16.9 from  81 sources of uvex_6084 U
r1158076.fit  4.74  1.56 0.032    37.9 from 304 sources of uvex_6084 g
r1158077.fit  4.76  1.57 0.051   131.1 from 472 sources of uvex_6084o r
r1158078.fit  5.09  1.68 0.021    24.8 from  80 sources of uvex_6084o U
r1158079.fit  4.93  1.63 0.037    45.7 from 266 sources of uvex_6084o g
r1158080.fit  4.02  1.33 0.071    51.4 from 425 sources of uvex_6086 r
r1158081.fit  4.97  1.64 0.033    26.5 from 117 sources of uvex_6086 U
r1158082.fit  4.78  1.58 0.044    40.0 from 381 sources of uvex_6086 g
r1158083.fit  4.00  1.32 0.056   113.9 from 799 sources of uvex_6086o r
r1158084.fit  5.05  1.67 0.030    14.9 from 128 sources of uvex_6086o U
r1158085.fit  4.89  1.61 0.046    39.6 from 408 sources of uvex_6086o g
r1158086.fit  4.24  1.40 0.061   135.9 from 158 sources of uvex_6088 r
r1158087.fit  5.20  1.72 0.031    20.5 from  47 sources of uvex_6088 U
r1158088.fit  5.25  1.73 0.044    35.2 from  84 sources of uvex_6088 g
r1158089.fit  4.57  1.51 0.038   129.6 from 148 sources of uvex_6088o r
r1158090.fit  5.28  1.74 0.037    23.9 from  53 sources of uvex_6088o U
r1158091.fit  5.09  1.68 0.027    38.9 from  83 sources of uvex_6088o g
r1158092.fit  4.26  1.41 0.033   104.5 from 235 sources of uvex_6089 r
r1158093.fit  4.93  1.63 0.030    19.3 from  73 sources of uvex_6089 U
r1158094.fit  4.50  1.49 0.036    36.6 from 152 sources of uvex_6089 g
r1158095.fit  3.88  1.28 0.052   115.6 from 569 sources of uvex_6094 r
r1158096.fit  4.83  1.59 0.023    27.0 from  80 sources of uvex_6094 U
r1158097.fit  4.32  1.43 0.035    36.9 from 312 sources of uvex_6094 g
r1158098.fit  4.38  1.45 0.058   134.7 from 553 sources of uvex_6094o r
r1158099.fit  4.87  1.61 0.035    25.1 from  87 sources of uvex_6094o U
r1158100.fit  5.12  1.69 0.042    47.5 from 275 sources of uvex_6094o g
r1158101.fit  4.58  1.51 0.042   135.2 from 427 sources of uvex_6096 r
r1158102.fit  5.15  1.70 0.031    27.2 from  87 sources of uvex_6096 U
r1158103.fit  4.42  1.46 0.046    42.7 from 393 sources of uvex_6096 g
r1158104.fit  4.24  1.40 0.044   121.5 from 523 sources of uvex_6096o r
r1158105.fit  5.04  1.66 0.029    29.4 from  95 sources of uvex_6096o U
r1158106.fit  4.66  1.54 0.034    46.1 from 379 sources of uvex_6096o g
r1158107.fit  4.22  1.39 0.047   133.7 from 579 sources of uvex_6105 r
r1158108.fit  5.56  1.83 0.037    27.2 from  78 sources of uvex_6105 U
r1158109.fit  4.99  1.65 0.037    38.4 from 293 sources of uvex_6105 g
r1158110.fit  4.65  1.53 0.064   123.0 from 429 sources of uvex_6105o r
r1158111.fit  5.47  1.81 0.042    27.9 from  74 sources of uvex_6105o U
r1158112.fit  4.58  1.51 0.039    44.6 from 298 sources of uvex_6105o g
r1158113.fit  4.96  1.64 0.037   129.3 from 483 sources of uvex_6113 r
r1158114.fit  5.55  1.83 0.052    32.1 from  66 sources of uvex_6113 U
r1158115.fit  5.68  1.87 0.057    56.1 from 197 sources of uvex_6113 g
r1158116.fit  5.26  1.74 0.083   138.8 from 302 sources of uvex_6113o r
r1158117.fit  5.45  1.80 0.040    22.5 from  61 sources of uvex_6113o U
r1158118.fit  4.53  1.49 0.043    58.7 from 320 sources of uvex_6113o g
r1158119.fit  4.23  1.40 0.053   116.0 from 498 sources of uvex_6114 r
r1158120.fit  5.33  1.76 0.051    30.0 from  66 sources of uvex_6114 U
r1158121.fit  4.89  1.61 0.048    51.4 from 274 sources of uvex_6114 g
r1158122.fit  4.55  1.50 0.051   123.8 from 469 sources of uvex_6114o r
r1158123.fit  5.17  1.71 0.028    31.1 from  85 sources of uvex_6114o U
r1158124.fit  5.16  1.70 0.039    50.1 from 236 sources of uvex_6114o g
r1158125.fit  4.60  1.52 0.052   118.0 from 480 sources of uvex_6119 r
r1158126.fit  5.67  1.87 0.072    24.6 from  72 sources of uvex_6119 U
r1158127.fit  4.41  1.46 0.037    48.9 from 345 sources of uvex_6119 g
r1158128.fit  4.58  1.51 0.062   144.5 from 479 sources of uvex_6184 r
r1158129.fit  5.03  1.66 0.044    34.9 from  84 sources of uvex_6184 U
r1158130.fit  4.88  1.61 0.034    60.0 from 258 sources of uvex_6184 g
r1158131.fit  4.91  1.62 0.035   132.4 from 335 sources of uvex_6191 r
r1158132.fit  5.23  1.73 0.022    30.4 from  41 sources of uvex_6191 U
r1158133.fit  5.30  1.75 0.031    23.1 from 189 sources of uvex_6191 g
r1158134.fit  4.40  1.45 0.036   100.5 from 178 sources of uvex_6259 r
r1158135.fit  5.76  1.90 0.035    30.8 from  22 sources of uvex_6259 U
r1158136.fit  5.06  1.67 0.030    48.1 from  76 sources of uvex_6259 g
r1158137.fit  4.19  1.38 0.006   363.7 from   2 sources of GD40 g
r1158138.fit -53.20 -17.56 0.003   372.5 from   1 sources of GD40 g
r1158141.fit  6.12  2.02 0.049    41.0 from  10 sources of GD40
r1158142.fit  4.94  1.63 0.056    98.5 from   4 sources of GD40
r1158145.fit  5.32  1.76 0.050   100.0 from   1 sources of GD40
r1158146.fit  1.74  0.57 0.041   264.4 from   2 sources of GD40
r1158147.fit  2.12  0.70 0.048   263.1 from   2 sources of GD40
r1158148.fit  1.98  0.65 0.067    67.0 from   1 sources of GD40
r1158149.fit  1.68  0.55 0.047   241.9 from   3 sources of GD40 2hr
r1158150.fit  1.55  0.51 0.033   243.5 from   3 sources of GD40 2hr
r1158151.fit  1.68  0.55 0.038   243.0 from   3 sources of GD40 2hr
r1158152.fit  1.77  0.58 0.062   244.4 from   3 sources of GD40 2hr
r1158153.fit  1.70  0.56 0.064   245.4 from   3 sources of GD40 2hr
r1158154.fit  1.66  0.55 0.039   245.0 from   3 sources of GD40 2hr
r1158155.fit  1.75  0.58 0.021   244.1 from   3 sources of GD40 2hr
r1158156.fit  1.67  0.55 0.054   244.2 from   3 sources of GD40 2hr
r1158157.fit  1.72  0.57 0.042   245.8 from   3 sources of GD40 2hr
r1158158.fit  1.71  0.56 0.045   245.6 from   2 sources of GD40 2hr
r1158159.fit  1.66  0.55 0.035   245.1 from   3 sources of GD40 2hr
r1158160.fit  1.85  0.61 0.018   245.4 from   2 sources of GD40 2hr
r1158161.fit  1.71  0.56 0.035   244.4 from   3 sources of GD40 2hr
r1158162.fit  1.90  0.63 0.036   244.1 from   2 sources of GD40 2hr
r1158163.fit  1.77  0.58 0.026   243.0 from   3 sources of GD40 2hr
r1158164.fit  1.94  0.64 0.078   243.4 from   2 sources of GD40 2hr
r1158165.fit  1.76  0.58 0.025   245.2 from   2 sources of GD40 2hr
r1158166.fit  2.00  0.66 0.046   245.2 from   2 sources of GD40 2hr
r1158167.fit  1.87  0.62 0.029   245.1 from   3 sources of GD40 2hr
r1158168.fit  1.91  0.63 0.046   245.4 from   2 sources of GD40 2hr
r1158169.fit  1.83  0.60 0.020   244.2 from   3 sources of GD40 2hr
r1158170.fit  1.90  0.63 0.033   245.4 from   2 sources of GD40 2hr
r1158171.fit  2.00  0.66 0.030   245.8 from   2 sources of GD40 2hr
r1158172.fit  2.10  0.69 0.023   244.7 from   2 sources of GD40 2hr
r1158173.fit  2.16  0.71 0.016   244.2 from   2 sources of GD40 2hr
r1158174.fit  2.00  0.66 0.028   243.2 from   2 sources of GD40 2hr
r1158175.fit  2.02  0.67 0.049   244.4 from   2 sources of GD40 2hr
r1158176.fit  2.30  0.76 0.053   244.8 from   2 sources of GD40 2hr
r1158177.fit  1.82  0.60 0.018   244.0 from   3 sources of GD40 2hr
r1158178.fit  1.74  0.57 0.043   243.1 from   3 sources of GD40 2hr
r1158179.fit  1.71  0.56 0.029   244.2 from   3 sources of GD40 2hr
r1158180.fit  1.75  0.58 0.048   244.1 from   3 sources of GD40 2hr
r1158181.fit  1.69  0.56 0.051   241.8 from   3 sources of GD40 2hr
r1158182.fit  1.81  0.60 0.054   246.5 from   3 sources of GD40 2hr
r1158183.fit  1.71  0.56 0.030   245.3 from   3 sources of GD40 2hr
r1158184.fit  1.74  0.57 0.032   240.5 from   3 sources of GD40 2hr
r1158185.fit  1.90  0.63 0.055   245.2 from   2 sources of GD40 2hr
r1158186.fit  2.44  0.81 0.037   240.6 from   2 sources of GD40 2hr
r1158187.fit  2.30  0.76 0.055   245.9 from   2 sources of GD40 2hr
r1158188.fit  1.92  0.63 0.033   247.6 from   2 sources of GD40 2hr
r1158189.fit  1.94  0.64 0.053   247.8 from   2 sources of GD40 2hr
r1158190.fit  1.91  0.63 0.036   246.5 from   2 sources of GD40 2hr
r1158191.fit  1.95  0.64 0.026   247.0 from   2 sources of GD40 2hr
r1158192.fit  1.81  0.60 0.038   246.1 from   3 sources of GD40 2hr
r1158193.fit  1.81  0.60 0.043   246.7 from   2 sources of GD40 2hr
r1158194.fit  1.98  0.65 0.044   247.1 from   2 sources of GD40 2hr
r1158195.fit  2.05  0.68 0.029   247.1 from   2 sources of GD40 2hr
r1158196.fit  1.97  0.65 0.147   247.0 from   2 sources of GD40 2hr
r1158197.fit  1.87  0.62 0.059   247.4 from   2 sources of GD40 2hr
r1158198.fit  1.65  0.54 0.045   247.3 from   2 sources of GD40 2hr
r1158199.fit  1.69  0.56 0.027   247.0 from   3 sources of GD40 2hr
r1158200.fit  1.89  0.62 0.041   248.6 from   2 sources of GD40 2hr
r1158201.fit  1.75  0.58 0.020   248.4 from   3 sources of GD40 2hr
r1158202.fit  2.25  0.74 0.005   249.2 from   2 sources of GD40 2hr
r1158203.fit  1.92  0.63 0.060   251.5 from   2 sources of GD40 2hr
r1158204.fit  1.81  0.60 0.029   255.0 from   2 sources of GD40 2hr
r1158205.fit  1.73  0.57 0.055   258.0 from   2 sources of GD40 2hr
r1158206.fit  1.73  0.57 0.034   258.5 from   2 sources of GD40 2hr
r1158207.fit  1.86  0.61 0.052   259.9 from   2 sources of GD40 2hr
r1158208.fit  2.33  0.77 0.029   258.9 from   2 sources of GD40 2hr
r1158209.fit  1.98  0.65 0.041   261.6 from   2 sources of GD40 2hr
r1158210.fit  1.70  0.56 0.027   259.7 from   3 sources of GD40 2hr
r1158211.fit  1.75  0.58 0.036   262.6 from   2 sources of GD40 2hr
r1158212.fit  2.58  0.85 0.046   257.7 from   2 sources of GD40 2hr
r1158213.fit  2.19  0.72 0.021   257.3 from   2 sources of GD40 2hr
r1158214.fit  2.36  0.78 0.037   254.7 from   2 sources of GD40 2hr
r1158215.fit  1.67  0.55 0.024   246.8 from   3 sources of GD40 2hr
r1158216.fit  1.82  0.60 0.014   255.2 from   2 sources of GD40 2hr
r1158217.fit  1.89  0.62 0.014   254.4 from   2 sources of GD40 2hr
r1158218.fit  2.00  0.66 0.028   255.3 from   2 sources of GD40 2hr
r1158219.fit  2.26  0.75 0.035   256.3 from   2 sources of GD40 2hr
r1158220.fit  2.12  0.70 0.055   258.4 from   2 sources of GD40 2hr
r1158221.fit  1.93  0.64 0.021   259.8 from   2 sources of GD40 2hr
r1158222.fit  1.96  0.65 0.059   260.1 from   2 sources of GD40 2hr
r1158223.fit  1.88  0.62 0.052   258.1 from   2 sources of GD40 2hr
r1158224.fit  2.20  0.73 0.053   259.0 from   2 sources of GD40 2hr
r1158225.fit  2.51  0.83 0.037   256.2 from   2 sources of GD40 2hr
r1158226.fit  2.87  0.95 0.061   256.1 from   2 sources of GD40 2hr
r1158227.fit  1.95  0.64 0.035   256.2 from   2 sources of GD40 2hr
r1158228.fit  2.27  0.75 0.016   256.2 from   2 sources of GD40 2hr
r1158229.fit  2.20  0.73 0.026   259.5 from   2 sources of GD40 2hr
r1158230.fit  1.88  0.62 0.015   259.7 from   2 sources of GD40 2hr
r1158231.fit  2.66  0.88 0.027   257.4 from   2 sources of GD40 2hr
r1158232.fit  2.79  0.92 0.034   255.0 from   2 sources of GD40 2hr
r1158233.fit  2.39  0.79 0.038   253.7 from   2 sources of GD40 2hr
r1158234.fit  2.06  0.68 0.040   254.6 from   2 sources of GD40 2hr
r1158235.fit  2.28  0.75 0.029   254.9 from   2 sources of GD40 2hr
r1158236.fit  2.19  0.72 0.023   256.1 from   2 sources of GD40 2hr
r1158237.fit  2.53  0.83 0.017   257.0 from   2 sources of GD40 2hr
r1158238.fit  2.14  0.71 0.038   260.0 from   2 sources of GD40 2hr
r1158239.fit  2.47  0.82 0.045   256.9 from   2 sources of GD40 2hr
r1158240.fit  2.61  0.86 0.014   256.5 from   2 sources of GD40 2hr
r1158241.fit  2.33  0.77 0.038   258.2 from   2 sources of GD40 2hr
r1158242.fit  2.19  0.72 0.031   259.1 from   2 sources of GD40 2hr
r1158243.fit  2.21  0.73 0.022   258.0 from   2 sources of GD40 2hr
r1158244.fit  2.38  0.79 0.021   251.6 from   2 sources of GD40 2hr
r1158245.fit  2.32  0.77 0.018   258.1 from   2 sources of GD40 2hr
r1158246.fit no objects found
r1158247.fit  2.40  0.79 0.014   261.2 from   1 sources of GD40 2hr
r1158248.fit no objects found
r1158249.fit  2.65  0.87 0.046   265.7 from   1 sources of GD40 2hr
r1158250.fit  2.87  0.95 0.019   262.6 from   1 sources of GD40 2hr
r1158251.fit no objects found
r1158252.fit  2.65  0.87 0.028   261.5 from   1 sources of GD40 2hr
r1158253.fit  2.81  0.93 0.058   260.4 from   1 sources of GD40 2hr
r1158254.fit  2.51  0.83 0.022   259.2 from   2 sources of GD40 2hr
r1158255.fit  2.57  0.85 0.016   261.7 from   1 sources of GD40 2hr
r1158256.fit no objects found
r1158257.fit no objects found
r1158258.fit no objects found
r1158259.fit no objects found
r1158260.fit  2.82  0.93 0.041   272.6 from   1 sources of GD40 2hr
r1158261.fit  2.97  0.98 0.039   271.8 from   1 sources of GD40 2hr
r1158262.fit  2.82  0.93 0.043   267.0 from   1 sources of GD40 2hr
r1158263.fit  2.28  0.75 0.017   264.9 from   1 sources of GD40 2hr
r1158264.fit  2.78  0.92 0.024   269.9 from   1 sources of GD40 2hr
r1158265.fit no objects found
r1158266.fit no objects found
r1158267.fit no objects found
r1158268.fit  3.20  1.06 0.034   262.5 from   1 sources of GD40 2hr
r1158269.fit no objects found
r1158270.fit no objects found
r1158271.fit  2.56  0.84 0.006   258.4 from   2 sources of GD40 2hr
r1158272.fit  2.67  0.88 0.006   261.0 from   1 sources of GD40 2hr
r1158273.fit  3.85  1.27 0.037   260.0 from   1 sources of GD40 2hr
r1158274.fit  3.25  1.07 0.029   254.5 from   1 sources of GD40 2hr
r1158275.fit  3.28  1.08 0.015   261.9 from   1 sources of GD40 2hr
r1158276.fit  2.35  0.78 0.018   263.2 from   1 sources of GD40 2hr
r1158277.fit  2.46  0.81 0.027   263.0 from   1 sources of GD40 2hr
r1158278.fit  2.44  0.81 0.018   261.6 from   1 sources of GD40 2hr
r1158279.fit  3.75  1.24 0.039   258.4 from   1 sources of GD40 2hr
r1158280.fit  3.33  1.10 0.022   257.4 from   1 sources of GD40 2hr
r1158281.fit  2.66  0.88 0.022   259.1 from   1 sources of GD40 2hr
r1158282.fit  3.31  1.09 0.023   261.0 from   1 sources of GD40 2hr
r1158283.fit no objects found
r1158284.fit  2.35  0.78 0.043   262.1 from   2 sources of GD40 2hr
r1158285.fit  3.22  1.06 0.068   265.8 from   1 sources of GD40 2hr
r1158286.fit  2.51  0.83 0.016   265.3 from   1 sources of GD40 2hr
r1158287.fit  3.24  1.07 0.039   263.0 from   1 sources of GD40 2hr
r1158288.fit  3.21  1.06 0.031   262.5 from   1 sources of GD40 2hr
r1158289.fit  3.33  1.10 0.047   260.6 from   1 sources of GD40 2hr
r1158290.fit  2.62  0.86 0.028   256.6 from   2 sources of GD40 2hr
r1158291.fit no objects found
r1158292.fit  2.54  0.84 0.015   259.7 from   1 sources of GD40 2hr
r1158293.fit  2.51  0.83 0.028   256.1 from   2 sources of GD40 2hr
r1158294.fit  2.44  0.81 0.033   261.0 from   2 sources of GD40 2hr
r1158295.fit no objects found
r1158296.fit  2.36  0.78 0.023   263.0 from   2 sources of GD40 2hr
r1158297.fit  2.54  0.84 0.020   260.2 from   2 sources of GD40 2hr
r1158298.fit  2.30  0.76 0.042   265.9 from   2 sources of GD40 2hr
r1158299.fit  2.32  0.77 0.024   267.0 from   2 sources of GD40 2hr
r1158300.fit  3.05  1.01 0.031   270.6 from   1 sources of GD40 2hr
r1158301.fit  2.91  0.96 0.042   268.7 from   1 sources of GD40 2hr
r1158302.fit  3.06  1.01 0.053   268.6 from   1 sources of GD40 2hr
r1158303.fit no objects found
r1158304.fit  3.30  1.09 0.033   263.6 from   1 sources of GD40 2hr
r1158305.fit  2.42  0.80 0.034   260.1 from   2 sources of GD40 2hr
r1158306.fit  2.56  0.84 0.027   259.1 from   2 sources of GD40 2hr
r1158307.fit  3.50  1.16 0.029   261.2 from   1 sources of GD40 2hr
r1158308.fit no objects found
r1158309.fit  2.95  0.97 0.037   262.2 from   2 sources of GD40 2hr
r1158310.fit  2.86  0.94 0.051   271.4 from   2 sources of GD40 2hr
r1158311.fit  2.88  0.95 0.027   271.1 from   2 sources of GD40 2hr
r1158312.fit  3.64  1.20 0.034   273.4 from   1 sources of GD40 2hr
r1158313.fit no objects found
r1158314.fit no objects found
r1158315.fit  2.77  0.91 0.045   276.2 from   1 sources of GD40 2hr
r1158316.fit no objects found
r1158317.fit  4.01  1.32 0.017   268.8 from   1 sources of GD40 2hr
r1158318.fit  3.10  1.02 0.024   270.4 from   1 sources of GD40 2hr
r1158319.fit  2.62  0.86 0.033   266.4 from   2 sources of GD40 2hr
r1158320.fit  2.75  0.91 0.014   266.0 from   2 sources of GD40 2hr
r1158321.fit  3.90  1.29 0.007   261.4 from   1 sources of GD40 2hr
r1158322.fit  3.23  1.07 0.013   266.2 from   1 sources of GD40 2hr
r1158323.fit  2.79  0.92 0.034   262.6 from   2 sources of GD40 2hr
r1158324.fit  2.62  0.86 0.026   254.8 from   2 sources of GD40 2hr
r1158325.fit  3.34  1.10 0.032   262.8 from   1 sources of GD40 2hr
r1158326.fit  2.99  0.99 0.015   258.4 from   2 sources of GD40 2hr
r1158327.fit  2.63  0.87 0.007   257.8 from   2 sources of GD40 2hr
r1158328.fit  3.14  1.04 0.026   257.8 from   2 sources of GD40 2hr
r1158329.fit  2.80  0.92 0.034   256.4 from   2 sources of GD40 2hr
r1158330.fit  2.55  0.84 0.028   255.7 from   2 sources of GD40 2hr
r1158331.fit  2.64  0.87 0.044   255.1 from   2 sources of GD40 2hr
r1158332.fit  2.65  0.87 0.026   254.3 from   2 sources of GD40 2hr
r1158333.fit  3.03  1.00 0.045   248.9 from   2 sources of GD40 2hr
r1158334.fit  2.81  0.93 0.024   257.0 from   2 sources of GD40 2hr
r1158335.fit  2.62  0.86 0.049   258.2 from   2 sources of GD40 2hr
r1158336.fit  3.09  1.02 0.008   260.4 from   2 sources of GD40 2hr
r1158337.fit  2.27  0.75 0.029   260.0 from   3 sources of GD40 2hr
r1158338.fit  2.33  0.77 0.027   262.0 from   2 sources of GD40 2hr
r1158339.fit  2.24  0.74 0.043   250.7 from   3 sources of GD40 2hr
r1158340.fit  2.33  0.77 0.016   251.3 from   2 sources of GD40 2hr
r1158341.fit  2.15  0.71 0.022   254.4 from   2 sources of GD40 2hr
r1158342.fit  2.11  0.70 0.018   256.6 from   2 sources of GD40 2hr
r1158343.fit  2.18  0.72 0.026   257.7 from   2 sources of GD40 2hr
r1158344.fit  2.01  0.66 0.036   260.7 from   2 sources of GD40 2hr
r1158345.fit  2.75  0.91 0.023   258.0 from   2 sources of GD40 2hr
r1158346.fit  2.30  0.76 0.029   253.2 from   2 sources of GD40 2hr
r1158347.fit  2.02  0.67 0.022   251.3 from   2 sources of GD40 2hr
r1158348.fit  2.39  0.79 0.034   249.2 from   2 sources of GD40 2hr
r1158349.fit  2.11  0.70 0.018   248.9 from   2 sources of GD40 2hr
r1158350.fit  1.88  0.62 0.012   252.6 from   3 sources of GD40 2hr
r1158351.fit  1.90  0.63 0.020   254.6 from   3 sources of GD40 2hr
r1158352.fit  1.92  0.63 0.028   247.9 from   3 sources of GD40 2hr
r1158353.fit  2.38  0.79 0.047   265.7 from   2 sources of GD40 2hr
r1158354.fit  1.84  0.61 0.020   262.2 from   2 sources of GD40 2hr
r1158355.fit  1.92  0.63 0.017   258.1 from   3 sources of GD40 2hr
r1158356.fit  2.07  0.68 0.025   256.3 from   2 sources of GD40 2hr
r1158357.fit  1.96  0.65 0.023   256.5 from   3 sources of GD40 2hr
r1158358.fit  1.99  0.66 0.008   254.7 from   3 sources of GD40 2hr
r1158359.fit  2.05  0.68 0.026   255.6 from   3 sources of GD40 2hr
r1158360.fit  2.55  0.84 0.017   256.6 from   2 sources of GD40 2hr
r1158361.fit  2.29  0.76 0.031   255.0 from   2 sources of GD40 2hr
r1158362.fit  2.88  0.95 0.039   253.7 from   2 sources of GD40 2hr
r1158363.fit  2.28  0.75 0.025   253.9 from   2 sources of GD40 2hr
r1158364.fit  2.38  0.79 0.055   254.2 from   2 sources of GD40 2hr
r1158365.fit  2.25  0.74 0.030   256.5 from   2 sources of GD40 2hr
r1158366.fit  2.47  0.82 0.066   257.6 from   2 sources of GD40 2hr
r1158367.fit  2.26  0.75 0.024   250.8 from   2 sources of GD40 2hr
r1158368.fit  2.29  0.76 0.032   256.2 from   2 sources of GD40 2hr
r1158369.fit  2.21  0.73 0.022   254.3 from   2 sources of GD40 2hr
r1158370.fit  2.40  0.79 0.007   253.9 from   2 sources of GD40 2hr
r1158371.fit  2.84  0.94 0.013   253.5 from   2 sources of GD40 2hr
r1158372.fit  3.44  1.14 0.024   255.1 from   1 sources of GD40 2hr
r1158373.fit  2.57  0.85 0.040   254.1 from   2 sources of GD40 2hr
r1158374.fit  2.44  0.81 0.021   254.3 from   2 sources of GD40 2hr
r1158375.fit  2.72  0.90 0.014   255.9 from   2 sources of GD40 2hr
r1158376.fit  2.35  0.78 0.020   255.5 from   2 sources of GD40 2hr
r1158377.fit  2.80  0.92 0.022   254.9 from   2 sources of GD40 2hr
r1158378.fit  2.62  0.86 0.035   248.1 from   2 sources of GD40 2hr
r1158379.fit  2.51  0.83 0.039   254.4 from   2 sources of GD40 2hr
r1158380.fit  2.31  0.76 0.011   255.9 from   3 sources of GD40 2hr
r1158381.fit  2.27  0.75 0.022   255.3 from   3 sources of GD40 2hr
r1158382.fit  2.12  0.70 0.012   256.1 from   3 sources of GD40 2hr
r1158383.fit  1.98  0.65 0.030   254.9 from   3 sources of GD40 2hr
r1158384.fit  2.39  0.79 0.026   255.4 from   2 sources of GD40 2hr
r1158385.fit  2.02  0.67 0.002   249.2 from   3 sources of GD40 2hr
r1158386.fit  2.34  0.77 0.036   255.5 from   2 sources of GD40 2hr
r1158387.fit  2.11  0.70 0.010   255.6 from   3 sources of GD40 2hr
r1158388.fit  2.46  0.81 0.020   248.2 from   2 sources of GD40 2hr
r1158389.fit  2.06  0.68 0.014    64.0 from   2 sources of FEIGE22 Ha
r1158390.fit  1.83  0.60 0.014    83.9 from   2 sources of FEIGE22 r
r1158391.fit  1.89  0.62 0.048   110.4 from   1 sources of FEIGE22 i
r1158392.fit  1.63  0.54 0.042   119.4 from   2 sources of FEIGE22 r
r1158393.fit  2.36  0.78 0.016    42.8 from   1 sources of FEIGE22 U
r1158394.fit  2.20  0.73 0.046    58.0 from   1 sources of FEIGE22 g
r1158395.fit  1.88  0.62 0.043   261.7 from   3 sources of GD40 2hr
r1158396.fit  1.64  0.54 0.039   263.9 from   4 sources of GD40 2hr
r1158397.fit  1.73  0.57 0.019   258.5 from   3 sources of GD40 2hr
r1158398.fit  1.91  0.63 0.026   268.8 from   3 sources of GD40 2hr
r1158399.fit  1.90  0.63 0.016   269.8 from   3 sources of GD40 2hr
r1158400.fit  1.67  0.55 0.032   266.4 from   4 sources of GD40 2hr
r1158401.fit  2.33  0.77 0.030   258.4 from   2 sources of GD40 2hr
r1158402.fit  1.72  0.57 0.014   267.5 from   3 sources of GD40 2hr
r1158403.fit  1.73  0.57 0.045   264.2 from   3 sources of GD40 2hr
r1158404.fit  1.79  0.59 0.033   258.3 from   2 sources of GD40 2hr
r1158405.fit  1.99  0.66 0.029   269.6 from   1 sources of GD40 2hr
r1158406.fit  2.25  0.74 0.049   260.2 from   2 sources of GD40 2hr
r1158407.fit  1.80  0.59 0.029   253.2 from   3 sources of GD40 2hr
r1158408.fit  1.91  0.63 0.024   250.6 from   3 sources of GD40 2hr
r1158409.fit  1.88  0.62 0.029   252.1 from   3 sources of GD40 2hr
r1158410.fit  1.66  0.55 0.023   252.4 from   3 sources of GD40 2hr
r1158411.fit  1.69  0.56 0.026   252.1 from   3 sources of GD40 2hr
r1158412.fit  1.74  0.57 0.017   252.5 from   3 sources of GD40 2hr
r1158413.fit  1.73  0.57 0.029   253.5 from   3 sources of GD40 2hr
r1158414.fit  1.86  0.61 0.015   263.9 from   3 sources of GD40 2hr
r1158415.fit  1.63  0.54 0.016   274.9 from   3 sources of GD40 2hr
r1158416.fit  1.76  0.58 0.029   277.7 from   3 sources of GD40 2hr
r1158417.fit  1.96  0.65 0.018   282.0 from   2 sources of GD40 2hr
r1158418.fit  1.85  0.61 0.030   281.5 from   2 sources of GD40 2hr
r1158419.fit  2.05  0.68 0.025   279.7 from   2 sources of GD40 2hr
r1158420.fit  2.12  0.70 0.031   264.2 from   3 sources of GD40 2hr
r1158421.fit  1.82  0.60 0.031   261.9 from   3 sources of GD40 2hr
r1158422.fit  1.89  0.62 0.038   263.7 from   3 sources of GD40 2hr
r1158423.fit  2.05  0.68 0.018   256.7 from   2 sources of GD40 2hr
r1158424.fit  2.05  0.68 0.050   266.5 from   2 sources of GD40 2hr
r1158425.fit  1.69  0.56 0.019   263.0 from   3 sources of GD40 2hr
r1158426.fit  1.70  0.56 0.027   265.8 from   2 sources of GD40 2hr
r1158427.fit  1.88  0.62 0.018   264.7 from   2 sources of GD40 2hr
r1158428.fit  1.92  0.63 0.029   263.3 from   2 sources of GD40 2hr
r1158429.fit  1.75  0.58 0.013   258.6 from   3 sources of GD40 2hr
r1158430.fit  1.99  0.66 0.022   260.9 from   2 sources of GD40 2hr
r1158431.fit  2.03  0.67 0.017   258.3 from   2 sources of GD40 2hr
r1158432.fit  2.13  0.70 0.033   258.4 from   2 sources of GD40 2hr
r1158433.fit  1.98  0.65 0.096   257.7 from   2 sources of GD40 2hr
r1158434.fit  2.44  0.81 0.025   256.4 from   2 sources of GD40 2hr
r1158435.fit  2.50  0.83 0.026   284.5 from   2 sources of GD40 2hr
r1158436.fit  2.31  0.76 0.033   282.8 from   2 sources of GD40 2hr
r1158437.fit  2.32  0.77 0.042   282.4 from   2 sources of GD40 2hr
r1158438.fit  2.21  0.73 0.029   275.4 from   2 sources of GD40 2hr
r1158439.fit  2.03  0.67 0.014   282.3 from   3 sources of GD40 2hr
r1158440.fit  2.24  0.74 0.026   283.5 from   2 sources of GD40 2hr
r1158441.fit  2.19  0.72 0.069   282.6 from   2 sources of GD40 2hr
r1158442.fit  2.09  0.69 0.065   281.9 from   2 sources of GD40 2hr
r1158443.fit  1.77  0.58 0.012   260.0 from   3 sources of GD40 2hr
r1158444.fit  1.78  0.59 0.021   276.6 from   3 sources of GD40 2hr
r1158445.fit  1.77  0.58 0.022   276.2 from   3 sources of GD40 2hr
r1158446.fit  1.87  0.62 0.034   282.1 from   3 sources of GD40 2hr
r1158447.fit  1.90  0.63 0.019   281.2 from   3 sources of GD40 2hr
r1158448.fit  1.76  0.58 0.032   281.7 from   3 sources of GD40 2hr
r1158449.fit  2.07  0.68 0.022   281.3 from   3 sources of GD40 2hr
r1158450.fit  2.10  0.69 0.024   277.3 from   3 sources of GD40 2hr
r1158451.fit  2.02  0.67 0.021   281.8 from   3 sources of GD40 2hr
r1158452.fit  2.10  0.69 0.039   281.9 from   3 sources of GD40 2hr
r1158453.fit  1.99  0.66 0.032   280.6 from   3 sources of GD40 2hr
r1158454.fit  1.93  0.64 0.015   279.2 from   3 sources of GD40 2hr
r1158455.fit  2.30  0.76 0.102   467.9 from   3 sources of EUHV001N2
r1158456.fit  1.98  0.65 0.038   470.7 from   4 sources of EUHV001N2
r1158457.fit  2.06  0.68 0.069   473.3 from   3 sources of EUHV001N2
r1158458.fit  2.14  0.71 0.101   473.3 from   4 sources of EUHV001N2
r1158459.fit  2.01  0.66 0.037   476.5 from   4 sources of EUHV001N2
r1158460.fit  2.01  0.66 0.047   476.5 from   4 sources of EUHV001N2
r1158461.fit  2.32  0.77 0.022   213.8 from   1 sources of EUHV001N2
r1158462.fit  2.13  0.70 0.035   244.4 from   2 sources of EUHV001N2
r1158463.fit  2.02  0.67 0.024    94.8 from   1 sources of EUHV001N2
r1158465.fit  5.48  1.81 0.069   150.4 from  41 sources of EUHV001N2
r1158466.fit  5.72  1.89 0.107   150.3 from  38 sources of EUHV001N2
r1158467.fit  5.42  1.79 0.076   150.0 from  42 sources of EUHV001N2
r1158468.fit  5.29  1.75 0.035   149.2 from  45 sources of EUHV001N2
r1158469.fit  5.55  1.83 0.060   149.3 from  42 sources of EUHV001N2
r1158470.fit  5.65  1.86 0.083   150.6 from  46 sources of EUHV001N2
r1158471.fit  5.01  1.65 0.066   141.3 from  54 sources of EUHV001N2
r1158472.fit  5.08  1.68 0.110   150.8 from  51 sources of EUHV001N2
r1158473.fit  4.98  1.64 0.062   151.0 from  56 sources of EUHV001N2
r1158474.fit  5.11  1.69 0.085   151.8 from  54 sources of EUHV001N2
r1158475.fit  4.95  1.63 0.035   250.6 from  52 sources of EUHV002
r1158476.fit  5.16  1.70 0.035   254.5 from  52 sources of EUHV002
r1158477.fit  5.64  1.86 0.047   252.6 from  47 sources of EUHV002
r1158478.fit  5.13  1.69 0.053   253.8 from  56 sources of EUHV002
r1158479.fit  5.16  1.70 0.053   253.5 from  53 sources of EUHV002
r1158480.fit  4.82  1.59 0.066   259.1 from  53 sources of EUHV002
r1158481.fit  4.39  1.45 0.090   255.6 from  65 sources of EUHV002
r1158482.fit  4.92  1.62 0.075   257.7 from  56 sources of EUHV002
r1158483.fit  1.85  0.61 0.045   304.9 from   3 sources of GD40 2hr
r1158484.fit  1.89  0.62 0.028   306.5 from   3 sources of GD40 2hr
r1158485.fit  1.76  0.58 0.009   308.1 from   3 sources of GD40 2hr
r1158486.fit  1.73  0.57 0.012   307.2 from   3 sources of GD40 2hr
r1158487.fit  1.88  0.62 0.017   308.1 from   3 sources of GD40 2hr
r1158488.fit  1.89  0.62 0.050   308.6 from   3 sources of GD40 2hr
r1158489.fit  1.85  0.61 0.025   307.8 from   3 sources of GD40 2hr
r1158490.fit  1.79  0.59 0.046   307.3 from   3 sources of GD40 2hr
r1158491.fit  1.95  0.64 0.005   307.6 from   3 sources of GD40 2hr
r1158492.fit  2.16  0.71 0.031   307.5 from   3 sources of GD40 2hr
r1158493.fit  2.05  0.68 0.030   307.4 from   3 sources of GD40 2hr
r1158494.fit  1.96  0.65 0.022   307.6 from   3 sources of GD40 2hr
r1158495.fit  2.26  0.75 0.012   309.0 from   2 sources of GD40 2hr
r1158496.fit  2.34  0.77 0.033   307.1 from   2 sources of GD40 2hr
r1158497.fit  2.00  0.66 0.020   307.4 from   3 sources of GD40 2hr
r1158498.fit  1.84  0.61 0.026   307.3 from   3 sources of GD40 2hr
r1158499.fit  1.94  0.64 0.028   308.1 from   3 sources of GD40 2hr
r1158500.fit  2.04  0.67 0.024   308.7 from   3 sources of GD40 2hr
r1158501.fit  1.82  0.60 0.019   310.3 from   3 sources of GD40 2hr
r1158502.fit  1.92  0.63 0.022   309.8 from   3 sources of GD40 2hr
r1158503.fit  1.99  0.66 0.015   311.2 from   3 sources of GD40 2hr
r1158504.fit  1.90  0.63 0.015   304.2 from   3 sources of GD40 2hr
r1158505.fit  2.15  0.71 0.037   311.7 from   2 sources of GD40 2hr
r1158506.fit  2.37  0.78 0.033   312.0 from   2 sources of GD40 2hr
r1158507.fit  2.33  0.77 0.019   313.0 from   2 sources of GD40 2hr
r1158508.fit  1.89  0.62 0.017   313.3 from   3 sources of GD40 2hr
r1158509.fit  1.67  0.55 0.010   316.3 from   3 sources of GD40 2hr
r1158510.fit  1.97  0.65 0.043   317.0 from   3 sources of GD40 2hr
r1158511.fit  1.84  0.61 0.021   318.5 from   3 sources of GD40 2hr
r1158512.fit  1.76  0.58 0.005   318.5 from   3 sources of GD40 2hr
r1158513.fit  1.88  0.62 0.034   318.6 from   2 sources of GD40 2hr
r1158514.fit  1.88  0.62 0.029   317.7 from   2 sources of GD40 2hr
r1158515.fit  2.06  0.68 0.024   316.6 from   2 sources of GD40 2hr
r1158516.fit  2.06  0.68 0.016   316.6 from   2 sources of GD40 2hr
r1158517.fit  1.84  0.61 0.038   316.9 from   3 sources of GD40 2hr
r1158518.fit  1.97  0.65 0.010   316.2 from   3 sources of GD40 2hr
r1158519.fit  2.21  0.73 0.042   317.6 from   2 sources of GD40 2hr
r1158520.fit  2.35  0.78 0.034   318.8 from   2 sources of GD40 2hr
r1158521.fit  2.36  0.78 0.018   318.9 from   2 sources of GD40 2hr
r1158522.fit  2.18  0.72 0.041   318.3 from   2 sources of GD40 2hr
r1158523.fit  2.00  0.66 0.013   312.3 from   2 sources of GD40 2hr
r1158524.fit  2.15  0.71 0.039   318.3 from   2 sources of GD40 2hr
r1158525.fit  2.06  0.68 0.036   318.6 from   2 sources of GD40 2hr
r1158526.fit  1.84  0.61 0.039   318.4 from   3 sources of GD40 2hr
r1158527.fit  2.10  0.69 0.042   318.2 from   2 sources of GD40 2hr
r1158528.fit  2.22  0.73 0.032   318.7 from   2 sources of GD40 2hr
r1158529.fit  2.17  0.72 0.048   318.7 from   2 sources of GD40 2hr
r1158530.fit  1.94  0.64 0.024   311.8 from   3 sources of GD40 2hr
r1158531.fit  2.42  0.80 0.023   317.8 from   2 sources of GD40 2hr
r1158532.fit  1.95  0.64 0.026   316.8 from   3 sources of GD40 2hr
r1158533.fit  1.91  0.63 0.014   315.2 from   3 sources of GD40 2hr
r1158534.fit  1.93  0.64 0.023   314.9 from   3 sources of GD40 2hr
r1158535.fit  2.05  0.68 0.011   314.4 from   3 sources of GD40 2hr
r1158536.fit  1.88  0.62 0.014   313.5 from   3 sources of GD40 2hr
r1158537.fit  2.67  0.88 0.038   312.6 from   2 sources of GD40 2hr
r1158538.fit  2.45  0.81 0.044   313.8 from   2 sources of GD40 2hr
r1158539.fit  2.44  0.81 0.014   312.4 from   2 sources of GD40 2hr
r1158540.fit  2.53  0.83 0.033   313.6 from   2 sources of GD40 2hr
r1158541.fit  3.23  1.07 0.067   313.8 from   2 sources of GD40 2hr
r1158542.fit  2.67  0.88 0.086   313.8 from   2 sources of GD40 2hr
r1158543.fit  3.06  1.01 0.046   314.4 from   2 sources of GD40 2hr
r1158544.fit  2.59  0.85 0.037   315.3 from   2 sources of GD40 2hr
r1158545.fit  2.46  0.81 0.006   316.3 from   2 sources of GD40 2hr
r1158546.fit  2.25  0.74 0.008   316.8 from   2 sources of GD40 2hr
r1158547.fit  2.28  0.75 0.022   317.4 from   2 sources of GD40 2hr
r1158548.fit  2.50  0.83 0.021   318.3 from   2 sources of GD40 2hr
r1158549.fit  2.32  0.77 0.014   318.2 from   2 sources of GD40 2hr
r1158550.fit  2.11  0.70 0.029   319.6 from   2 sources of GD40 2hr
r1158551.fit  2.24  0.74 0.043   320.0 from   2 sources of GD40 2hr
r1158552.fit  2.29  0.76 0.011   319.3 from   2 sources of GD40 2hr
r1158553.fit  2.67  0.88 0.041   320.8 from   2 sources of GD40 2hr
r1158554.fit  2.48  0.82 0.042   314.6 from   2 sources of GD40 2hr
r1158555.fit  2.73  0.90 0.047   320.6 from   2 sources of GD40 2hr
r1158556.fit  2.53  0.83 0.023   322.5 from   2 sources of GD40 2hr
r1158557.fit  2.29  0.76 0.017   322.6 from   2 sources of GD40 2hr
r1158558.fit  2.64  0.87 0.028   322.5 from   2 sources of GD40 2hr
r1158559.fit  3.25  1.07 0.045   326.2 from   1 sources of GD40 2hr
r1158560.fit  3.12  1.03 0.046   324.1 from   2 sources of GD40 2hr
r1158561.fit  2.96  0.98 0.044   322.6 from   2 sources of GD40 2hr
r1158562.fit  2.52  0.83 0.009   322.7 from   2 sources of GD40 2hr
r1158563.fit  2.65  0.87 0.019   323.9 from   2 sources of GD40 2hr
r1158564.fit  2.57  0.85 0.035   324.7 from   2 sources of GD40 2hr
r1158565.fit  2.72  0.90 0.014   324.5 from   2 sources of GD40 2hr
r1158566.fit  3.03  1.00 0.019   325.8 from   2 sources of GD40 2hr
r1158567.fit  3.64  1.20 0.013   323.5 from   1 sources of GD40 2hr
r1158568.fit  2.68  0.88 0.044   319.8 from   2 sources of GD40 2hr
r1158569.fit  2.38  0.79 0.008   319.4 from   2 sources of GD40 2hr
r1158570.fit  2.56  0.84 0.017   326.4 from   2 sources of GD40 2hr
r1158571.fit  2.70  0.89 0.020   328.5 from   2 sources of GD40 2hr
r1158572.fit no objects found
r1158573.fit  2.65  0.87 0.030   333.1 from   1 sources of GD40 2hr
r1158574.fit no objects found
r1158575.fit no objects found
r1158576.fit no objects found
r1158577.fit no objects found
r1158578.fit  2.70  0.89 0.032   335.3 from   1 sources of GD40 2hr
r1158579.fit  2.50  0.83 0.026   335.8 from   1 sources of GD40 2hr
r1158580.fit  3.55  1.17 0.028   336.8 from   1 sources of GD40 2hr
r1158581.fit  3.52  1.16 0.018   328.7 from   1 sources of GD40 2hr
r1158582.fit  3.47  1.15 0.030   336.4 from   2 sources of GD40 2hr
r1158583.fit  3.07  1.01 0.021   337.1 from   1 sources of GD40 2hr
r1158584.fit  2.62  0.86 0.033   337.3 from   1 sources of GD40 2hr
r1158585.fit no objects found
r1158586.fit  2.75  0.91 0.021   339.2 from   1 sources of GD40 2hr
r1158587.fit no objects found
r1158588.fit  3.27  1.08 0.040   339.3 from   1 sources of GD40 2hr
r1158589.fit no objects found
r1158590.fit  3.49  1.15 0.028   335.5 from   1 sources of GD40 2hr
r1158591.fit  3.51  1.16 0.018   336.5 from   1 sources of GD40 2hr
r1158592.fit no objects found
r1158593.fit  2.61  0.86 0.041   333.5 from   2 sources of GD40 2hr
r1158594.fit  3.57  1.18 0.026   336.2 from   1 sources of GD40 2hr
r1158595.fit  2.74  0.90 0.009   337.8 from   1 sources of GD40 2hr
r1158596.fit no objects found
r1158597.fit  3.39  1.12 0.037   342.6 from   1 sources of GD40 2hr
r1158598.fit no objects found
r1158599.fit  3.56  1.17 0.025   339.5 from   1 sources of GD40 2hr
r1158600.fit  3.77  1.24 0.035   338.1 from   1 sources of GD40 2hr
r1158601.fit  3.36  1.11 0.048   340.2 from   1 sources of GD40 2hr
r1158602.fit  3.57  1.18 0.050   335.7 from   1 sources of GD40 2hr
r1158603.fit  2.80  0.92 0.032   334.3 from   2 sources of GD40 2hr
r1158604.fit no objects found
r1158605.fit  3.08  1.02 0.029   337.8 from   1 sources of GD40 2hr
r1158606.fit  2.83  0.93 0.022   336.2 from   2 sources of GD40 2hr
r1158607.fit  2.84  0.94 0.016   334.6 from   2 sources of GD40 2hr
r1158608.fit  2.74  0.90 0.011   334.9 from   2 sources of GD40 2hr
r1158609.fit  3.15  1.04 0.016   338.6 from   1 sources of GD40 2hr
r1158610.fit  2.84  0.94 0.033   335.5 from   2 sources of GD40 2hr
r1158611.fit  3.16  1.04 0.009   339.8 from   1 sources of GD40 2hr
r1158612.fit no objects found
r1158613.fit  2.55  0.84 0.033   338.4 from   2 sources of GD40 2hr
r1158614.fit no objects found
r1158615.fit  3.13  1.03 0.011   340.4 from   1 sources of GD40 2hr
r1158616.fit  3.05  1.01 0.010   339.9 from   1 sources of GD40 2hr
r1158617.fit no objects found
r1158618.fit  3.02  1.00 0.030   336.4 from   2 sources of GD40 2hr
r1158619.fit  3.24  1.07 0.008   340.1 from   1 sources of GD40 2hr
r1158620.fit  2.92  0.96 0.021   337.5 from   2 sources of GD40 2hr
r1158621.fit  2.88  0.95 0.018   335.2 from   2 sources of GD40 2hr
r1158622.fit  2.98  0.98 0.030   337.3 from   2 sources of GD40 2hr
r1158623.fit  4.13  1.36 0.053   340.5 from   1 sources of GD40 2hr
r1158624.fit no objects found
r1158625.fit no objects found
r1158626.fit no objects found
r1158627.fit  2.80  0.92 0.045   340.4 from   2 sources of GD40 2hr
r1158628.fit no objects found
r1158629.fit no objects found
r1158630.fit no objects found
r1158631.fit  3.05  1.01 0.012   335.6 from   2 sources of GD40 2hr
r1158632.fit  3.10  1.02 0.026   340.0 from   1 sources of GD40 2hr
r1158633.fit no objects found
r1158634.fit  3.13  1.03 0.017   332.4 from   1 sources of GD40 2hr
r1158635.fit  2.68  0.88 0.038   338.8 from   2 sources of GD40 2hr
r1158636.fit  2.82  0.93 0.031   339.4 from   2 sources of GD40 2hr
r1158637.fit  2.63  0.87 0.032   339.4 from   2 sources of GD40 2hr
r1158638.fit  2.32  0.77 0.026   340.4 from   2 sources of GD40 2hr
r1158639.fit  2.39  0.79 0.045   343.1 from   2 sources of GD40 2hr
r1158640.fit no objects found
r1158641.fit  2.76  0.91 0.029   341.2 from   2 sources of GD40 2hr
r1158642.fit  2.94  0.97 0.011   345.1 from   1 sources of GD40 2hr
r1158643.fit  2.90  0.96 0.006   346.0 from   1 sources of GD40 2hr
r1158644.fit  2.74  0.90 0.027   343.5 from   2 sources of GD40 2hr
r1158645.fit  4.03  1.33 0.093   347.4 from   1 sources of GD40 2hr
r1158646.fit  2.83  0.93 0.053   344.6 from   2 sources of GD40 2hr
r1158647.fit no objects found
r1158648.fit  2.59  0.85 0.036   347.3 from   1 sources of GD40 2hr
r1158649.fit  2.72  0.90 0.037   348.6 from   1 sources of GD40 2hr
r1158650.fit  2.68  0.88 0.026   350.6 from   1 sources of GD40 2hr
r1158651.fit  3.23  1.07 0.022   352.3 from   1 sources of GD40 2hr
r1158652.fit no objects found
r1158653.fit  3.39  1.12 0.055   352.8 from   1 sources of GD40 2hr
r1158654.fit no objects found
r1158655.fit  3.61  1.19 0.070   343.5 from   1 sources of GD40 2hr
r1158656.fit  3.37  1.11 0.017   349.8 from   1 sources of GD40 2hr
r1158657.fit  3.50  1.16 0.049   349.6 from   1 sources of GD40 2hr
r1158658.fit no objects found
r1158659.fit  3.99  1.32 0.054   348.0 from   1 sources of GD40 2hr
r1158660.fit  3.63  1.20 0.046   348.3 from   1 sources of GD40 2hr
r1158661.fit  3.69  1.22 0.041   347.4 from   1 sources of GD40 2hr
r1158662.fit  3.75  1.24 0.031   346.7 from   1 sources of GD40 2hr
r1158663.fit  2.56  0.84 0.012   124.7 from   3 sources of G191B2B
r1158664.fit no objects found
r1158665.fit no objects found
r1158666.fit  3.98  1.31 0.016   350.5 from   1 sources of GD40 2hr
r1158667.fit  3.24  1.07 0.032   346.5 from   2 sources of GD40 2hr
r1158668.fit  2.86  0.94 0.015   346.4 from   2 sources of GD40 2hr
r1158669.fit no objects found
r1158670.fit  3.25  1.07 0.019   348.4 from   2 sources of GD40 2hr
r1158671.fit  2.96  0.98 0.029   346.3 from   2 sources of GD40 2hr
r1158672.fit  3.39  1.12 0.009   345.1 from   2 sources of GD40 2hr
r1158673.fit no objects found
r1158674.fit no objects found
r1158675.fit  3.12  1.03 0.037   336.3 from   2 sources of GD40 2hr
r1158676.fit  2.95  0.97 0.016   336.6 from   2 sources of GD40 2hr
r1158677.fit  3.52  1.16 0.018   348.2 from   1 sources of GD40 2hr
r1158678.fit  3.08  1.02 0.016   344.9 from   2 sources of GD40 2hr
r1158679.fit  4.25  1.40 0.070   347.9 from   1 sources of GD40 2hr
r1158680.fit  3.36  1.11 0.051   345.3 from   2 sources of GD40 2hr
r1158681.fit  3.49  1.15 0.055   347.7 from   1 sources of GD40 2hr
r1158682.fit  2.94  0.97 0.022   344.8 from   2 sources of GD40 2hr
r1158683.fit  3.01  0.99 0.013   344.2 from   2 sources of GD40 2hr
r1158684.fit  2.67  0.88 0.045   343.5 from   2 sources of GD40 2hr
r1158685.fit  2.73  0.90 0.038   342.2 from   2 sources of GD40 2hr
r1158686.fit  2.88  0.95 0.033   342.8 from   2 sources of GD40 2hr
r1158687.fit  2.98  0.98 0.018   344.3 from   2 sources of GD40 2hr
r1158688.fit  3.49  1.15 0.020   347.0 from   1 sources of GD40 2hr
r1158689.fit  3.04  1.00 0.020   345.9 from   2 sources of GD40 2hr
r1158690.fit  3.30  1.09 0.054   347.0 from   2 sources of GD40 2hr
r1158691.fit  2.74  0.90 0.023   346.2 from   2 sources of GD40 2hr
r1158692.fit  2.92  0.96 0.034   347.3 from   2 sources of GD40 2hr
r1158693.fit  3.11  1.03 0.026   346.4 from   2 sources of GD40 2hr
r1158694.fit  3.18  1.05 0.033   347.9 from   2 sources of GD40 2hr
r1158695.fit  5.12  1.69 0.032   352.2 from   1 sources of GD40 2hr
r1158696.fit  3.52  1.16 0.056   348.5 from   2 sources of GD40 2hr
r1158697.fit no objects found
r1158698.fit  3.37  1.11 0.043   348.4 from   2 sources of GD40 2hr
r1158699.fit  2.85  0.94 0.017   348.4 from   2 sources of GD40 2hr
r1158700.fit  3.54  1.17 0.055   349.2 from   2 sources of GD40 2hr
r1158701.fit  3.33  1.10 0.042   350.3 from   2 sources of GD40 2hr
r1158702.fit  3.12  1.03 0.023   350.5 from   2 sources of GD40 2hr
r1158703.fit  3.33  1.10 0.016   349.8 from   2 sources of GD40 2hr
r1158704.fit  3.54  1.17 0.017   351.6 from   1 sources of GD40 2hr
r1158705.fit  3.46  1.14 0.036   351.7 from   1 sources of GD40 2hr
r1158706.fit  3.23  1.07 0.035   348.2 from   2 sources of GD40 2hr
r1158707.fit  3.51  1.16 0.014   345.6 from   2 sources of GD40 2hr
r1158708.fit  3.01  0.99 0.008   346.7 from   2 sources of GD40 2hr
r1158709.fit  3.01  0.99 0.036   346.3 from   2 sources of GD40 2hr
r1158710.fit  3.19  1.05 0.021   345.3 from   2 sources of GD40 2hr
r1158711.fit  2.86  0.94 0.037   336.4 from   2 sources of GD40 2hr
r1158712.fit  3.23  1.07 0.051   344.7 from   2 sources of GD40 2hr
r1158713.fit  3.19  1.05 0.038   346.4 from   2 sources of GD40 2hr
r1158714.fit  3.06  1.01 0.042   347.7 from   2 sources of GD40 2hr
r1158715.fit no objects found
r1158716.fit  3.50  1.16 0.037   352.5 from   1 sources of GD40 2hr
r1158717.fit  3.36  1.11 0.023   349.6 from   2 sources of GD40 2hr
r1158718.fit no objects found
r1158719.fit  2.96  0.98 0.046   343.4 from   2 sources of GD40 2hr
r1158720.fit  3.41  1.13 0.054   352.3 from   2 sources of GD40 2hr
r1158721.fit no objects found
r1158722.fit  3.10  1.02 0.043   349.3 from   2 sources of GD40 2hr
r1158723.fit  2.92  0.96 0.035   348.3 from   2 sources of GD40 2hr
r1158724.fit  2.41  0.80 0.027   351.7 from   2 sources of GD40 2hr
r1158725.fit  2.57  0.85 0.014   353.6 from   2 sources of GD40 2hr
r1158726.fit  2.79  0.92 0.039   355.6 from   2 sources of GD40 2hr
r1158727.fit  2.59  0.85 0.025   350.0 from   2 sources of GD40 2hr
r1158728.fit  2.38  0.79 0.033   356.2 from   2 sources of GD40 2hr
r1158729.fit  2.65  0.87 0.012   355.6 from   2 sources of GD40 2hr
r1158730.fit  2.56  0.84 0.043   354.5 from   2 sources of GD40 2hr
r1158731.fit  3.16  1.04 0.051   354.4 from   2 sources of GD40 2hr
r1158732.fit  2.76  0.91 0.037   353.4 from   2 sources of GD40 2hr
r1158733.fit  2.48  0.82 0.039   353.5 from   2 sources of GD40 2hr
r1158734.fit  2.82  0.93 0.035   354.9 from   2 sources of GD40 2hr
r1158735.fit  2.60  0.86 0.029   355.4 from   2 sources of GD40 2hr
r1158736.fit  2.63  0.87 0.035   355.5 from   2 sources of GD40 2hr
r1158737.fit  2.77  0.91 0.034   347.6 from   2 sources of GD40 2hr
r1158738.fit  2.63  0.87 0.008   356.5 from   2 sources of GD40 2hr
r1158739.fit  2.81  0.93 0.018   357.9 from   2 sources of GD40 2hr
r1158740.fit  2.72  0.90 0.021   357.5 from   2 sources of GD40 2hr
r1158741.fit  2.94  0.97 0.045   356.3 from   2 sources of GD40 2hr
r1158742.fit  2.71  0.89 0.029   356.7 from   2 sources of GD40 2hr
r1158743.fit  2.25  0.74 0.039   356.4 from   3 sources of GD40 2hr
r1158744.fit  2.66  0.88 0.030   358.0 from   2 sources of GD40 2hr
r1158745.fit  2.61  0.86 0.021   348.8 from   2 sources of GD40 2hr
r1158746.fit  2.22  0.73 0.016   354.2 from   3 sources of GD40 2hr
r1158747.fit  2.72  0.90 0.046   352.4 from   2 sources of GD40 2hr
r1158748.fit  2.23  0.74 0.017   353.5 from   3 sources of GD40 2hr
r1158749.fit  2.39  0.79 0.029   353.7 from   3 sources of GD40 2hr
r1158750.fit  2.16  0.71 0.016   353.7 from   3 sources of GD40 2hr
r1158751.fit  2.18  0.72 0.027   353.5 from   3 sources of GD40 2hr
r1158752.fit  2.24  0.74 0.020   355.7 from   3 sources of GD40 2hr
r1158753.fit  2.58  0.85 0.040   356.3 from   2 sources of GD40 2hr
r1158754.fit  2.70  0.89 0.034   354.4 from   2 sources of GD40 2hr
r1158755.fit  2.51  0.83 0.035   356.4 from   2 sources of GD40 2hr
r1158756.fit  2.57  0.85 0.024   358.4 from   2 sources of GD40 2hr
r1158757.fit  2.88  0.95 0.012   358.4 from   2 sources of GD40 2hr
r1158758.fit  3.18  1.05 0.029   358.2 from   2 sources of GD40 2hr
r1158759.fit  2.85  0.94 0.024   358.2 from   2 sources of GD40 2hr
r1158760.fit  2.63  0.87 0.055   359.3 from   2 sources of GD40 2hr
r1158761.fit  2.93  0.97 0.020   358.8 from   2 sources of GD40 2hr
r1158762.fit  3.03  1.00 0.011   359.3 from   2 sources of GD40 2hr
r1158763.fit  2.62  0.86 0.018   360.0 from   2 sources of GD40 2hr
r1158764.fit  2.73  0.90 0.051   359.8 from   2 sources of GD40 2hr
r1158765.fit  2.25  0.74 0.013   358.4 from   3 sources of GD40 2hr
r1158766.fit  2.57  0.85 0.068   358.4 from   2 sources of GD40 2hr
r1158767.fit  2.49  0.82 0.041   357.5 from   2 sources of GD40 2hr
r1158768.fit  1.96  0.65 0.017   356.3 from   3 sources of GD40 2hr
r1158769.fit  2.01  0.66 0.034   357.3 from   3 sources of GD40 2hr
r1158770.fit  2.01  0.66 0.024   357.5 from   3 sources of GD40 2hr
r1158771.fit  2.20  0.73 0.031   358.2 from   3 sources of GD40 2hr
r1158772.fit  2.29  0.76 0.030   358.3 from   3 sources of GD40 2hr
r1158773.fit  2.09  0.69 0.034   359.5 from   3 sources of GD40 2hr
r1158774.fit  2.11  0.70 0.020   359.2 from   3 sources of GD40 2hr
r1158775.fit  2.27  0.75 0.018   359.3 from   3 sources of GD40 2hr
r1158776.fit  2.51  0.83 0.023   359.4 from   2 sources of GD40 2hr
r1158777.fit  2.45  0.81 0.025   358.7 from   2 sources of GD40 2hr
r1158778.fit  2.56  0.84 0.036   359.5 from   2 sources of GD40 2hr
r1158779.fit  2.14  0.71 0.032   359.6 from   3 sources of GD40 2hr
r1158780.fit  2.32  0.77 0.031   358.7 from   2 sources of GD40 2hr
r1158781.fit  2.01  0.66 0.030   358.2 from   3 sources of GD40 2hr
r1158782.fit  1.70  0.56 0.028   358.4 from   4 sources of GD40 2hr
r1158783.fit  1.79  0.59 0.015   356.6 from   4 sources of GD40 2hr
r1158784.fit  2.41  0.80 0.015   356.7 from   2 sources of GD40 2hr
r1158785.fit  2.71  0.89 0.010   358.1 from   2 sources of GD40 2hr
r1158786.fit  2.10  0.69 0.038   359.0 from   3 sources of GD40 2hr
r1158787.fit  2.10  0.69 0.028   362.2 from   3 sources of GD40 2hr
r1158788.fit  2.18  0.72 0.020   364.4 from   3 sources of GD40 2hr
r1158789.fit  2.19  0.72 0.015   363.2 from   3 sources of GD40 2hr
r1158790.fit  2.32  0.77 0.021   356.6 from   3 sources of GD40 2hr
r1158791.fit  2.28  0.75 0.035   363.7 from   3 sources of GD40 2hr
r1158792.fit  2.26  0.75 0.027   364.3 from   3 sources of GD40 2hr
r1158793.fit  2.15  0.71 0.026   364.6 from   3 sources of GD40 2hr
r1158794.fit  2.24  0.74 0.035   362.5 from   3 sources of GD40 2hr
r1158795.fit  2.88  0.95 0.027   354.0 from   2 sources of GD40 2hr
r1158796.fit  2.77  0.91 0.044   362.9 from   2 sources of GD40 2hr
r1158797.fit  3.14  1.04 0.096   361.1 from   2 sources of GD40 2hr
r1158798.fit  2.73  0.90 0.018   361.7 from   2 sources of GD40 2hr
r1158799.fit  2.66  0.88 0.032   362.3 from   2 sources of GD40 2hr
r1158800.fit  2.20  0.73 0.014   362.3 from   3 sources of GD40 2hr
r1158801.fit  2.19  0.72 0.015   352.9 from   3 sources of GD40 2hr
r1158802.fit  2.85  0.94 0.048   354.1 from   2 sources of GD40 2hr
r1158803.fit  2.14  0.71 0.018   361.9 from   2 sources of GD40 2hr
r1158804.fit  2.35  0.78 0.057   362.5 from   2 sources of GD40 2hr
r1158805.fit  2.06  0.68 0.043   362.2 from   3 sources of GD40 2hr
r1158806.fit  2.90  0.96 0.045   361.6 from   2 sources of GD40 2hr
r1158807.fit  2.09  0.69 0.041   361.2 from   3 sources of GD40 2hr
r1158808.fit  2.08  0.69 0.029   360.2 from   3 sources of GD40 2hr
r1158809.fit  2.41  0.80 0.018   362.4 from   2 sources of GD40 2hr
r1158810.fit  2.18  0.72 0.030   360.6 from   3 sources of GD40 2hr
r1158811.fit  1.96  0.65 0.043   359.3 from   3 sources of GD40 2hr
r1158812.fit  2.16  0.71 0.059   360.3 from   3 sources of GD40 2hr
r1158813.fit  2.50  0.83 0.032   361.5 from   2 sources of GD40 2hr
r1158814.fit  2.42  0.80 0.044   361.3 from   2 sources of GD40 2hr
r1158815.fit  2.42  0.80 0.048   360.6 from   2 sources of GD40 2hr
r1158816.fit  2.55  0.84 0.025   360.5 from   2 sources of GD40 2hr
r1158817.fit  2.26  0.75 0.022   359.1 from   2 sources of GD40 2hr
r1158818.fit  2.32  0.77 0.038   359.8 from   2 sources of GD40 2hr
r1158819.fit  2.46  0.81 0.046   361.1 from   2 sources of GD40 2hr
r1158820.fit  2.61  0.86 0.042   361.7 from   2 sources of GD40 2hr
r1158821.fit  2.56  0.84 0.038   360.8 from   2 sources of GD40 2hr
r1158822.fit  2.48  0.82 0.030   359.4 from   2 sources of GD40 2hr
r1158823.fit  2.43  0.80 0.023   357.5 from   2 sources of GD40 2hr
r1158824.fit  2.51  0.83 0.057   349.2 from   2 sources of GD40 2hr
r1158825.fit  2.73  0.90 0.044   355.3 from   2 sources of GD40 2hr
r1158826.fit  2.46  0.81 0.051   353.2 from   2 sources of GD40 2hr
r1158827.fit  2.43  0.80 0.041   352.7 from   2 sources of GD40 2hr
r1158828.fit  2.33  0.77 0.033   351.9 from   2 sources of GD40 2hr
r1158829.fit  2.25  0.74 0.057   350.9 from   2 sources of GD40 2hr
r1158830.fit  2.46  0.81 0.028   351.2 from   2 sources of GD40 2hr
r1158831.fit  2.66  0.88 0.048   350.3 from   2 sources of GD40 2hr
r1158832.fit  2.56  0.84 0.048   350.3 from   2 sources of GD40 2hr
r1158833.fit  2.34  0.77 0.059   351.0 from   2 sources of GD40 2hr
r1158834.fit  2.45  0.81 0.046   351.3 from   2 sources of GD40 2hr
r1158835.fit  2.68  0.88 0.041   350.7 from   2 sources of GD40 2hr
r1158836.fit  2.91  0.96 0.059   350.5 from   2 sources of GD40 2hr
r1158837.fit  3.03  1.00 0.029   348.2 from   2 sources of GD40 2hr
r1158838.fit  2.78  0.92 0.044   346.2 from   2 sources of GD40 2hr
r1158839.fit  2.43  0.80 0.051   345.6 from   2 sources of GD40 2hr
r1158840.fit  2.43  0.80 0.068   342.5 from   2 sources of GD40 2hr
r1158841.fit  2.50  0.83 0.035   341.1 from   2 sources of GD40 2hr
r1158842.fit  2.44  0.81 0.052   338.0 from   2 sources of GD40 2hr
r1158843.fit  2.67  0.88 0.047   337.2 from   2 sources of GD40 2hr
r1158844.fit no objects found
r1158845.fit no objects found
r1158846.fit no objects found
r1158847.fit no objects found
r1158848.fit  2.98  0.98 0.018   326.8 from   1 sources of GD40 2hr
r1158849.fit  2.75  0.91 0.007   322.5 from   2 sources of GD40 2hr
r1158850.fit  2.50  0.83 0.022   321.6 from   2 sources of GD40 2hr
r1158851.fit  2.73  0.90 0.043   320.8 from   2 sources of GD40 2hr
r1158852.fit no objects found
r1158853.fit  3.43  1.13 0.048   321.6 from   1 sources of GD40 2hr
r1158854.fit  3.56  1.17 0.039   319.3 from   1 sources of GD40 2hr
r1158855.fit  3.34  1.10 0.051   316.5 from   1 sources of GD40 2hr
r1158856.fit no objects found
r1158857.fit  3.02  1.00 0.059   305.9 from   1 sources of GD40 2hr
r1158858.fit  3.27  1.08 0.031   310.9 from   1 sources of GD40 2hr
r1158859.fit no objects found
r1158860.fit  2.38  0.79 0.040   306.4 from   1 sources of GD40 2hr
r1158861.fit  2.29  0.76 0.019   303.1 from   2 sources of GD40 2hr
r1158862.fit  2.40  0.79 0.032   304.7 from   1 sources of GD40 2hr
r1158863.fit no objects found
r1158864.fit  3.24  1.07 0.073   300.0 from   1 sources of GD40 2hr
r1158865.fit  3.05  1.01 0.023   297.5 from   1 sources of GD40 2hr
r1158866.fit  3.58  1.18 0.036   294.6 from   1 sources of GD40 2hr
r1158867.fit  3.20  1.06 0.061   292.8 from   1 sources of GD40 2hr
r1158868.fit  3.00  0.99 0.034   291.0 from   1 sources of GD40 2hr
r1158869.fit  2.35  0.78 0.054   287.2 from   2 sources of GD40 2hr
r1158870.fit  2.87  0.95 0.050   288.0 from   1 sources of GD40 2hr
r1158871.fit no objects found
r1158872.fit no objects found
r1158873.fit no objects found
r1158874.fit  3.04  1.00 0.040   279.7 from   1 sources of GD40 2hr
r1158875.fit  3.33  1.10 0.040   278.3 from   1 sources of GD40 2hr
r1158876.fit  3.42  1.13 0.071   272.1 from   1 sources of GD40 2hr
r1158877.fit  3.00  0.99 0.011   271.5 from   1 sources of GD40 2hr
r1158878.fit  3.27  1.08 0.045   270.0 from   1 sources of GD40 2hr
r1158879.fit  2.96  0.98 0.041   274.5 from   1 sources of GD40 2hr
r1158880.fit  2.85  0.94 0.053   273.2 from   1 sources of GD40 2hr
r1158881.fit  2.51  0.83 0.060   265.2 from   1 sources of GD40 2hr
r1158882.fit  2.85  0.94 0.032   264.5 from   1 sources of GD40 2hr
r1158883.fit  2.84  0.94 0.011   269.2 from   1 sources of GD40 2hr
r1158884.fit  2.78  0.92 0.032   267.8 from   1 sources of GD40 2hr
r1158885.fit  2.98  0.98 0.022   265.6 from   1 sources of GD40 2hr
r1158886.fit  3.29  1.09 0.023   263.4 from   1 sources of GD40 2hr
r1158887.fit  3.57  1.18 0.043   256.5 from   1 sources of GD40 2hr
r1158888.fit  4.07  1.34 0.023   259.2 from   1 sources of GD40 2hr
r1158889.fit  4.26  1.41 0.035   257.1 from   1 sources of GD40 2hr
r1158890.fit  3.18  1.05 0.065   255.7 from   1 sources of GD40 2hr
r1158891.fit  2.68  0.88 0.078   252.3 from   1 sources of GD40 2hr
r1158892.fit  2.77  0.91 0.057   250.2 from   1 sources of GD40 2hr
r1158893.fit  2.98  0.98 0.029   248.1 from   1 sources of GD40 2hr
r1158894.fit  2.59  0.85 0.060   246.7 from   1 sources of GD40 2hr
r1158895.fit  2.74  0.90 0.044   238.4 from   1 sources of GD40 2hr
r1158896.fit  2.50  0.83 0.022   242.6 from   1 sources of GD40 2hr
r1158897.fit  2.99  0.99 0.055   240.4 from   1 sources of GD40 2hr
r1158898.fit  3.04  1.00 0.047   238.0 from   1 sources of GD40 2hr
r1158899.fit  3.47  1.15 0.075   236.9 from   1 sources of GD40 2hr
r1158900.fit  3.93  1.30 0.065   234.2 from   1 sources of GD40 2hr
r1158901.fit  2.80  0.92 0.090   232.2 from   1 sources of GD40 2hr
r1158902.fit  2.79  0.92 0.066   231.1 from   1 sources of GD40 2hr
r1158903.fit  3.12  1.03 0.053   228.8 from   1 sources of GD40 2hr
r1158904.fit  3.36  1.11 0.050   226.8 from   1 sources of GD40 2hr
r1158905.fit  3.15  1.04 0.087   225.0 from   1 sources of GD40 2hr
r1158906.fit  2.94  0.97 0.042   222.7 from   1 sources of GD40 2hr
r1158907.fit  3.23  1.07 0.036   226.4 from   1 sources of GD40 2hr
r1158908.fit  2.68  0.88 0.040   220.4 from   1 sources of GD40 2hr
r1158909.fit  2.69  0.89 0.061   218.3 from   1 sources of GD40 2hr
r1158910.fit  2.93  0.97 0.010   215.7 from   1 sources of GD40 2hr
r1158911.fit  2.77  0.91 0.028   214.3 from   1 sources of GD40 2hr
r1158912.fit  2.74  0.90 0.032   212.4 from   1 sources of GD40 2hr
r1158913.fit  3.03  1.00 0.075   210.5 from   1 sources of GD40 2hr
r1158914.fit  2.94  0.97 0.048   208.1 from   1 sources of GD40 2hr
r1158915.fit  2.72  0.90 0.018   206.3 from   1 sources of GD40 2hr
r1158916.fit  3.22  1.06 0.045   204.0 from   1 sources of GD40 2hr
r1158917.fit  2.93  0.97 0.012   202.5 from   1 sources of GD40 2hr
r1158918.fit  3.35  1.11 0.061   199.8 from   1 sources of GD40 2hr
r1158919.fit  3.66  1.21 0.126   193.8 from   1 sources of GD40 2hr
r1158920.fit no objects found
r1158921.fit  3.67  1.21 0.124   194.4 from   1 sources of GD40 2hr
r1158922.fit  3.94  1.30 0.144   192.1 from   1 sources of GD40 2hr
r1158923.fit  3.38  1.12 0.082   190.5 from   1 sources of GD40 2hr
r1158924.fit  2.85  0.94 0.040   188.1 from   1 sources of GD40 2hr
r1158925.fit  2.91  0.96 0.047   186.4 from   1 sources of GD40 2hr
r1158926.fit  3.52  1.16 0.087   184.0 from   1 sources of GD40 2hr
r1158927.fit  3.50  1.16 0.067   182.2 from   1 sources of GD40 2hr
r1158928.fit  3.41  1.13 0.059   180.4 from   1 sources of GD40 2hr
r1158929.fit  3.27  1.08 0.111   178.4 from   1 sources of GD40 2hr
r1158930.fit  2.77  0.91 0.072   176.0 from   1 sources of GD40 2hr
r1158931.fit  3.05  1.01 0.070   173.3 from   1 sources of GD40 2hr
r1158932.fit  3.30  1.09 0.051   171.0 from   1 sources of GD40 2hr
r1158933.fit  3.79  1.25 0.038   168.4 from   1 sources of GD40 2hr
r1158934.fit  3.80  1.25 0.120   165.5 from   1 sources of GD40 2hr
r1158935.fit  3.56  1.17 0.060   163.1 from   1 sources of GD40 2hr
r1158936.fit  3.63  1.20 0.044   159.8 from   1 sources of GD40 2hr
r1158937.fit  3.37  1.11 0.067   157.0 from   1 sources of GD40 2hr
r1158938.fit  2.98  0.98 0.067   154.9 from   1 sources of GD40 2hr
r1158939.fit  3.07  1.01 0.105   148.4 from   1 sources of GD40 2hr
r1158940.fit  3.39  1.12 0.052   149.2 from   1 sources of GD40 2hr
r1158941.fit  3.12  1.03 0.077   147.2 from   1 sources of GD40 2hr
r1158942.fit  3.07  1.01 0.086   144.8 from   1 sources of GD40 2hr
r1158943.fit  3.13  1.03 0.115   143.2 from   1 sources of GD40 2hr
r1158944.fit  2.98  0.98 0.099   140.4 from   1 sources of GD40 2hr
r1158945.fit  3.06  1.01 0.115   137.8 from   1 sources of GD40 2hr
r1158946.fit  3.35  1.11 0.072   136.3 from   1 sources of GD40 2hr
r1158947.fit  3.23  1.07 0.054   133.2 from   1 sources of GD40 2hr
r1158948.fit  3.10  1.02 0.045   131.2 from   1 sources of GD40 2hr
r1158949.fit  2.91  0.96 0.049   129.7 from   1 sources of GD40 2hr
r1158950.fit  2.62  0.86 0.046   127.0 from   1 sources of GD40 2hr
r1158951.fit  2.56  0.84 0.074   124.5 from   1 sources of GD40 2hr
r1158952.fit  3.02  1.00 0.064   122.6 from   1 sources of GD40 2hr
r1158953.fit  2.77  0.91 0.119   120.1 from   1 sources of GD40 2hr
r1158954.fit  2.46  0.81 0.092   117.9 from   1 sources of GD40 2hr
r1158955.fit  2.87  0.95 0.045   115.2 from   1 sources of GD40 2hr
r1158956.fit no objects found
r1158957.fit no objects found
r1158958.fit no objects found
r1158959.fit no objects found
r1158960.fit no objects found
r1158961.fit no objects found
r1158962.fit no objects found
r1158963.fit no objects found
r1158964.fit  1.83  0.60 0.092   643.0 from  14 sources of SDSS0738+1835
r1158965.fit  1.66  0.55 0.050  1234.6 from  19 sources of SDSS0738+1835
r1158966.fit  1.90  0.63 0.056  1220.0 from  18 sources of SDSS 1hr
r1158967.fit  1.75  0.58 0.043  1210.4 from  19 sources of SDSS 1hr
r1158968.fit  1.74  0.57 0.044  1207.5 from  19 sources of SDSS 1hr
r1158969.fit  1.74  0.57 0.046  1210.6 from  19 sources of SDSS 1hr
r1158970.fit  1.60  0.53 0.040  1201.5 from  18 sources of SDSS 1hr
r1158971.fit  1.71  0.56 0.058  1198.8 from  19 sources of SDSS 1hr
r1158972.fit  1.70  0.56 0.032  1196.0 from  20 sources of SDSS 1hr
r1158973.fit  1.75  0.58 0.047  1189.9 from  20 sources of SDSS 1hr
r1158974.fit  1.67  0.55 0.043  1187.4 from  19 sources of SDSS 1hr
r1158975.fit  1.75  0.58 0.048  1190.3 from  19 sources of SDSS 1hr
r1158976.fit  1.53  0.50 0.053  1189.5 from  21 sources of SDSS 1hr
r1158977.fit  1.72  0.57 0.045  1190.8 from  19 sources of SDSS 1hr
r1158978.fit  1.59  0.52 0.050  1194.6 from  18 sources of SDSS 1hr
r1158979.fit  1.76  0.58 0.051  1195.3 from  19 sources of SDSS 1hr
r1158980.fit  1.88  0.62 0.063  1192.9 from  21 sources of SDSS 1hr
r1158981.fit  1.77  0.58 0.044  1195.1 from  20 sources of SDSS 1hr
r1158982.fit  1.71  0.56 0.046  1201.9 from  20 sources of SDSS 1hr
r1158983.fit  1.86  0.61 0.044  1221.5 from  20 sources of SDSS 1hr
r1158984.fit  1.85  0.61 0.051  1237.7 from  18 sources of SDSS 1hr
r1158985.fit  2.06  0.68 0.037  1248.1 from  18 sources of SDSS 1hr
r1158986.fit  1.75  0.58 0.039  1265.8 from  20 sources of SDSS 1hr
r1158987.fit  1.82  0.60 0.037  1284.8 from  19 sources of SDSS 1hr
r1158988.fit  1.76  0.58 0.037  1315.8 from  18 sources of SDSS 1hr
r1158989.fit  2.03  0.67 0.040  1301.2 from  16 sources of SDSS 1hr
r1158990.fit  2.03  0.67 0.021  1320.0 from  17 sources of SDSS 1hr
r1158991.fit  2.02  0.67 0.036  1338.0 from  17 sources of SDSS 1hr
r1158992.fit  1.86  0.61 0.020  1381.3 from  19 sources of SDSS 1hr
r1158993.fit  1.91  0.63 0.031  1434.8 from  18 sources of SDSS 1hr
r1158994.fit  1.94  0.64 0.027  1483.9 from  17 sources of SDSS 1hr
r1158995.fit  2.16  0.71 0.040  1556.1 from  17 sources of SDSS 1hr
r1158996.fit  2.41  0.80 0.044  2254.7 from  15 sources of SDSS 1hr
r1158997.fit  1.99  0.66 0.031  3007.7 from  17 sources of SDSS 1hr
r1158998.fit  1.78  0.59 0.041  3680.6 from  20 sources of SDSS 1hr
r1158999.fit  1.70  0.56 0.061  4697.6 from  22 sources of SDSS 1hr
r1159000.fit  1.68  0.55 0.064  5892.9 from  19 sources of SDSS 1hr
r1159001.fit is not a target (SKY)
r1159002.fit is not a target (SKY)
r1159003.fit is not a target (SKY)
r1159004.fit is not a target (SKY)
r1159005.fit is not a target (SKY)
r1159006.fit is not a target (SKY)
r1159007.fit is not a target (BIAS)
r1159008.fit is not a target (BIAS)
r1159009.fit is not a target (BIAS)
r1159010.fit is not a target (BIAS)
r1159011.fit is not a target (BIAS)
r1159012.fit is not a target (BIAS)
r1159013.fit is not a target (BIAS)
r1159014.fit is not a target (BIAS)
r1159015.fit is not a target (BIAS)
r1159016.fit is not a target (BIAS)
r1159017.fit is not a target (BIAS)

Sobre la privacidad y el tratamiento de Datos de Carcter Personal /
Disclaimer on privacy and the treatment of sensitive personal information:
http://www.ing.iac.es/PR/LOPD/LOPD.html


